drews 1.0
12 1435
0.555516 0 0
0.628635 -0.777572 0.0141035
-0.77767 -0.628348 0.0202073
-0.00685079 -0.0236709 -0.999696
-4.3433 -12.5592 198.309
0.555516 0 0
0.775437 -0.631326 -0.0112224
-0.631376 -0.775032 -0.0262692
0.00788668 0.0274556 -0.999592
29.6182 -11.7785 198.883
0.555516 0 0
0.688314 -0.725323 -0.0114119
-0.725136 -0.688401 0.0168023
-0.0200431 -0.00329011 -0.999794
-23.2809 -35.8765 198.195
0.555516 0 0
0.738388 -0.67433 -0.00783772
-0.674246 -0.737968 -0.0282093
0.0132384 0.026114 -0.999572
27.2769 14.0587 198.203
0.555516 0 0
0.783391 -0.621324 -0.015968
-0.621519 -0.782969 -0.0259422
0.00361608 0.0302473 -0.999536
-20.7764 -3.3838 199.248
0.555516 0 0
0.736821 -0.676081 -0.00303481
-0.675979 -0.736615 -0.0212618
0.0121392 0.0177176 -0.999769
25.6781 26.2685 197.978
0.555516 0 0
0.626901 -0.778997 0.0125731
-0.779065 -0.626641 0.0194708
-0.00728889 -0.0220015 -0.999731
-2.90248 1.16981 198.691
0.555516 0 0
0.643801 -0.765034 0.0155945
-0.765192 -0.643649 0.0140475
-0.000709459 -0.0209766 -0.99978
-6.73476 -37.9876 197.757
0.555516 0 0
0.776285 -0.630175 -0.0161568
-0.63038 -0.776098 -0.0171297
-0.00174456 0.0234824 -0.999723
-19.6678 -18.317 199.56
0.555516 0 0
0.750589 -0.660704 -0.00930985
-0.660674 -0.750169 -0.0275042
0.0111882 0.0267951 -0.999578
27.8325 0.969809 198.466
0.555516 0 0
0.726697 -0.686905 -0.00851988
-0.686935 -0.726516 -0.0171592
0.0055969 0.0183221 -0.999817
28.7758 -29.1591 198.455
0.555516 0 0
0.665454 -0.746292 0.0148411
-0.74643 -0.665216 0.018168
-0.00368605 -0.0231678 -0.999725
-4.72376 -25.55 198.081
-6.62057 -38.4353 160.4
171 158 176
2 2 723 0 7 1079 0
-23.4654 -12.6671 162.399
181 170 187
2 8 98 0 2 100 0
-12.8035 -4.12677 162.391
181 176 183
3 0 1210 0 6 1243 0 4 1176 0
-15.4667 -14.4711 162.103
143 155 89
6 0 1196 0 2 1115 0 7 1126 0 8 1066 0 10 1156 0 11 1210 0
-15.2347 -20.0999 162.031
116 134 76
2 11 1347 0 7 1339 0
18.7986 -56.2695 156.789
97 100 83
2 8 590 0 2 614 0
13.7899 2.05498 161.599
47 65 103
2 6 875 0 4 805 0
-5.80112 -23.4399 160.518
150 163 94
4 0 817 0 11 850 0 2 917 0 7 1054 0
-11.4717 -9.50604 161.506
76 88 42
2 8 646 0 4 456 0
-34.8615 -20.0271 162.085
194 186 175
2 11 599 0 7 738 0
-15.9156 -25.2727 161.74
99 122 50
3 8 947 0 11 1069 0 2 1075 0
-2.62416 0.972954 162.208
192 203 143
3 1 107 0 9 351 0 3 633 0
-9.81739 1.47462 162.352
76 77 108
4 0 762 0 8 623 0 11 784 0 4 706 0
-21.9514 -51.2055 160.194
188 173 192
2 2 616 0 7 722 0
-17.772 -31.2146 161.587
136 148 100
2 8 546 0 11 487 0
-12.8198 -26.8343 161.154
103 124 59
2 11 1047 0 7 1168 0
-2.36183 11.2788 162.437
33 46 80
2 0 559 0 6 653 0
-25.0886 -19.8167 162.236
222 206 216
6 1 1019 0 2 998 0 7 993 0 8 868 0 10 1038 0 11 954 0
25.0162 -49.31 157.425
180 165 172
2 8 303 0 2 387 0
-24.017 -24.5083 162.215
120 131 75
5 8 867 0 11 1152 0 2 952 0 7 1237 0 10 1403 0
17.3914 -27.9694 161.24
34 39 61
3 0 210 0 8 310 0 11 983 0
4.36045 -0.0501374 161.948
106 134 73
2 6 11 0 3 207 0
-13.4631 -16.7653 161.661
99 118 52
2 8 622 0 4 774 0
17.677 -24.4503 160.301
226 214 218
3 0 1494 0 8 1414 0 4 1514 0
-14.8389 -16.4641 161.798
139 154 95
2 11 937 0 2 827 0
-13.8595 -11.782 162.046
99 112 58
6 0 1100 0 1 986 0 2 1118 0 9 1074 0 10 920 0 11 1114 0
-58.623 15.1192 164.902
120 140 77
2 1 232 0 10 448 0
-7.86407 -19.2113 160.518
99 105 59
2 11 936 0 2 715 0
11.4673 -33.9548 160.159
120 151 75
3 0 234 0 11 160 0 4 239 0
-22.0318 -15.542 162.388
202 192 200
2 11 186 0 7 321 0
-16.9272 -28.671 161.608
108 134 63
2 11 461 0 7 186 0
-22.3149 -13.4639 162.447
176 168 181
5 0 1394 0 11 1497 0 1 1643 0 7 1490 0 10 1569 0
11.6329 1.91967 161.616
47 61 96
2 6 645 0 4 620 0
16.9967 -24.0462 160.337
209 197 209
3 8 486 0 6 510 0 4 541 0
-4.87988 -4.7804 162.148
120 145 105
2 9 37 0 3 230 0
17.8107 -31.3026 160.441
41 42 63
2 8 756 0 4 1054 0
13.3777 7.10261 161.814
182 199 128
2 5 1122 0 3 1226 0
15.6085 -18.4731 160.685
80 86 118
4 0 806 0 8 755 0 6 756 0 4 810 0
6.39048 11.0755 162.295
211 207 160
3 5 805 0 9 1048 0 3 959 0
-11.9268 -24.8278 160.937
109 121 57
4 8 805 0 11 680 0 2 923 0 7 884 0
-20.9641 -26.1459 161.899
112 135 53
2 8 457 0 2 528 0
-15.9709 -47.4955 160.292
156 142 165
2 2 372 0 7 574 0
-19.0037 -14.8383 162.379
131 146 91
7 0 459 0 1 649 0 2 456 0 4 169 0 8 331 0 10 717 0 11 508 0
-9.86314 -1.31948 162.353
161 150 167
4 8 1193 0 11 1209 0 6 1265 0 4 1285 0
6.771 -12.5153 161.368
201 195 183
3 0 549 0 8 470 0 6 566 0
15.5738 -32.4663 160.407
42 42 66
2 0 1053 0 11 833 0
-2.58158 -40.0854 160.044
154 147 163
3 8 7 0 11 201 0 7 179 0
-23.5033 -31.4624 162.041
124 151 74
2 11 614 0 7 629 0
-15.0053 -2.83705 162.407
185 175 186
2 0 290 0 11 230 0
-52.7818 13.7517 164.397
89 110 41
2 1 772 0 10 938 0
19.8373 17.1985 162.124
93 102 143
2 5 225 0 3 302 0
-8.37421 -40.7367 160.353
175 164 181
3 8 582 0 2 684 0 7 568 0
-29.4482 -25.4894 162.16
190 177 194
4 8 323 0 2 451 0 7 133 0 10 51 0
-17.1973 -8.30506 162.367
170 162 173
6 0 150 0 1 739 0 2 498 0 7 350 0 10 306 0 11 493 0
-0.527228 -31.3488 160.367
185 174 191
2 2 1279 0 7 1378 0
11.4972 8.87883 162.092
231 219 205
2 9 1145 0 3 1270 0
-14.4409 -0.166883 162.237
199 189 198
3 0 780 0 11 790 0 6 749 0
-21.6073 -41.9098 161.012
175 164 142
2 2 355 0 7 214 0
-1.71695 -44.5556 157.493
38 55 21
2 11 1619 0 7 1598 0
-8.6814 -37.8682 160.39
180 163 169
3 8 498 0 11 736 0 2 808 0
-21.7632 -23.1913 162.344
204 195 186
4 8 189 0 11 387 0 2 362 0 7 525 0
-36.9892 -22.9875 162.24
45 51 87
2 7 939 0 10 926 0
-31.9688 -21.2403 162.345
189 181 194
3 11 676 0 2 679 0 10 898 0
-15.7312 -26.8328 161.576
99 113 54
2 2 366 0 7 310 0
-10.2267 -5.09627 162.229
114 136 74
4 11 1374 0 1 1506 0 9 1514 0 6 1362 0
-2.40564 -42.9112 162.238
142 160 112
2 8 665 0 2 849 0
13.0904 -21.5383 160.536
62 76 123
4 0 1268 0 8 1206 0 6 1282 0 4 1263 0
12.9751 -2.92867 161.514
182 180 183
2 6 506 0 4 460 0
-8.67597 -41.1096 160.245
180 172 183
2 11 453 0 2 544 0
-1.71695 -44.5556 157.493
38 55 21
2 11 1618 0 7 1597 0
-11.1761 -21.4009 161.021
110 127 56
4 0 1161 0 11 1172 0 2 1132 0 7 1181 0
10.3517 -17.7566 160.867
177 165 175
2 8 1202 0 4 1268 0
8.82689 0.147802 161.631
181 176 183
2 6 1354 0 4 1315 0
-3.08848 -21.5702 160.857
147 158 98
4 0 648 0 8 510 0 11 645 0 2 642 0
-2.50774 -25.9423 160.432
113 142 58
2 0 673 0 11 786 0
3.59512 -17.4916 161.267
145 160 93
2 0 175 0 11 120 0
-7.68544 4.23759 162.337
43 52 85
2 0 1094 0 6 1103 0
-4.63942 -2.18954 162.181
146 162 87
2 9 1156 0 3 1317 0
-3.92509 -38.2816 160.261
137 124 131
3 0 526 0 2 502 0 7 875 0
12.2068 12.6252 162.419
207 200 182
2 5 470 0 3 223 0
28.2015 -54.8254 157.008
78 73 80
2 8 50 0 4 531 0
21.6967 -57.6661 156.658
98 101 84
2 8 463 0 2 466 0
-25.0711 -39.4867 161.875
111 107 80
2 2 389 0 7 199 0
-3.94863 -25.2529 160.587
143 159 88
3 0 933 0 11 1030 0 2 994 0
-20.0919 -18.2166 162.345
115 133 71
4 8 994 0 11 1231 0 2 1098 0 7 1255 0
10.7819 13.8594 162.307
147 174 97
3 5 1563 0 6 1387 0 3 1596 0
-0.647702 9.16315 162.334
90 88 109
3 0 587 0 5 740 0 6 575 0
-12.1746 -49.0132 160.166
212 199 217
2 2 1414 0 7 1530 0
-8.44279 -46.9691 161.178
38 61 33
2 11 1391 0 7 1439 0
-13.9046 -14.4671 161.912
158 160 123
7 0 1214 0 1 1439 0 2 1242 0 4 1182 0 7 1325 0 8 1172 0 11 1324 0
-20.7706 -24.3048 161.934
128 158 86
2 1 1430 0 7 894 0
-10.5552 -26.7484 160.585
110 118 58
3 8 1087 0 2 1180 0 7 1256 0
10.4245 0.0322795 161.649
37 53 89
2 6 1348 0 4 1309 0
14.5394 -0.724786 161.556
45 60 99
2 6 1414 0 4 1387 0
-24.1744 -18.8273 162.243
227 214 224
6 1 963 0 2 927 0 7 889 0 8 883 0 10 850 0 11 878 0
0.290785 1.0241 162.023
189 209 138
2 1 949 0 9 955 0
4.12295 -31.8674 164.323
216 212 229
3 8 475 0 2 400 0 4 645 0
-6.45216 -36.5463 160.372
202 191 207
4 8 1357 0 11 1524 0 2 1417 0 7 1521 0
13.1116 -17.9302 160.784
93 102 141
2 0 1079 0 6 1092 0
-32.5557 -21.8537 162.361
182 176 186
4 11 822 0 2 830 0 7 780 0 10 1025 0
7.31195 4.47592 161.843
229 221 210
5 5 663 0 9 652 0 4 585 0 3 732 0 6 644 0
-8.78134 -26.413 160.447
115 140 57
2 0 1167 0 11 1200 0
-14.5279 -15.8546 161.929
138 146 95
4 0 462 0 8 566 0 2 701 0 4 696 0
-8.47036 -4.3361 162.063
182 192 132
2 1 1767 0 9 1774 0
16.9543 -17.8877 160.795
194 186 197
4 0 845 0 8 960 0 6 594 0 4 781 0
-27.9559 -41.322 161.939
141 143 104
2 2 1099 0 7 1123 0
-4.4377 -4.03194 161.86
138 149 91
5 0 1105 0 8 1013 0 9 1143 0 11 1153 0 3 1173 0
-7.16126 -15.257 160.673
141 157 94
2 1 1596 0 9 1585 0
-14.7343 -4.69158 162.305
107 108 126
4 0 1227 0 8 1148 0 1 1400 0 11 1309 0
-9.02037 -14.1597 160.69
158 153 115
2 1 491 0 10 933 0
-10.9604 -8.50796 161.914
150 166 103
2 1 41 0 9 316 0
-2.78002 0.57462 161.739
180 200 129
2 1 1719 0 9 1746 0
-20.3805 -19.7421 162.259
136 157 98
6 1 1528 0 2 1290 0 7 1431 0 8 1216 0 10 1463 0 11 1402 0
17.2362 19.3346 162.25
243 231 241
2 5 691 0 3 648 0
3.05207 -11.1099 161.628
156 166 105
2 0 850 0 11 938 0
-7.07347 -11.8523 161.239
163 171 120
3 0 1043 0 9 1290 0 6 964 0
-22.2713 -43.445 161.188
113 120 69
2 2 1369 0 7 1458 0
11.9282 -4.67247 161.443
179 171 184
3 0 1011 0 6 1157 0 4 1049 0
-34.0019 -31.1367 162.134
182 165 183
2 2 739 0 7 776 0
-8.73592 -30.0579 160.325
122 143 64
4 0 1007 0 11 1178 0 2 790 0 7 960 0
7.60331 -18.2705 160.955
115 143 66
2 6 931 0 4 900 0
10.994 -1.4102 161.55
67 72 101
2 0 219 0 6 81 0
-54.5413 16.038 164.886
55 73 31
2 1 106 0 10 426 0
-25.7194 -12.0709 162.233
145 141 155
2 11 793 0 7 804 0
-24.4953 -22.3153 162.157
206 190 203
3 8 400 0 11 509 0 2 421 0
6.34649 3.59453 161.906
214 206 221
3 9 465 0 6 844 0 4 785 0
14.1593 -18.9201 160.705
72 81 122
3 0 503 0 8 207 0 4 214 0
-4.00214 -13.8505 161.391
56 72 46
2 6 882 0 4 888 0
-12.9658 -9.66814 162.041
167 187 116
2 1 707 0 9 723 0
20.5878 -4.90734 161.583
156 180 96
2 6 1077 0 4 906 0
9.99499 1.9177 161.683
66 80 115
2 6 1239 0 4 1150 0
-24.1824 -26.0228 162.179
104 127 49
2 8 792 0 2 887 0
7.77807 -3.18435 161.525
35 53 39
2 6 1158 0 4 997 0
-17.2418 -13.5132 162.326
131 144 74
2 8 493 0 2 209 0
-16.6531 -20.5731 161.87
109 129 60
2 8 663 0 2 839 0
-12.8431 -29.971 160.857
106 122 59
2 8 632 0 2 683 0
4.2849 11.8101 162.271
185 180 184
2 6 1467 0 3 1689 0
11.8293 -21.3893 160.518
111 118 147
2 11 146 0 4 173 0
7.77296 -22.2134 160.557
41 54 96
4 0 443 0 8 451 0 6 381 0 4 280 0
-5.84875 -22.5127 160.568
146 156 93
3 11 111 0 2 158 0 7 121 0
-27.1013 -28.3267 162.248
176 180 155
3 11 57 0 7 151 0 10 324 0
10.8237 11.6563 162.323
219 215 188
3 5 690 0 6 614 0 3 609 0
4.93953 -53.3278 157.299
98 78 90
2 8 969 0 2 1105 0
-6.76125 -10.4024 161.377
154 159 103
2 8 653 0 4 699 0
-1.27407 -32.6973 160.464
181 173 188
4 8 537 0 11 590 0 2 776 0 7 497 0
15.4677 -13.2739 160.967
189 181 192
2 0 51 0 6 57 0
11.064 4.30043 161.713
59 72 88
2 6 1389 0 4 1355 0
17.0476 -24.9101 160.323
211 200 206
3 0 1061 0 8 948 0 6 1054 0
6.01178 -21.0951 160.827
23 45 24
2 6 1067 0 4 1077 0
-21.1309 -30.8394 161.86
99 121 48
3 8 618 0 11 598 0 2 471 0
1.00191 -39.9339 160.319
66 92 53
2 0 1075 0 11 981 0
14.3654 -3.45828 161.488
180 173 180
2 6 1220 0 4 1156 0
-8.72709 6.68285 162.547
17 29 25
2 0 826 0 6 817 0
-24.062 -15.4868 162.357
161 152 171
4 8 1228 0 11 1403 0 7 1354 0 10 1469 0
-18.1036 -9.39022 162.501
173 160 180
2 2 1396 0 4 1385 0
-13.7933 -52.1875 160.075
213 199 216
2 2 1190 0 7 1293 0
-17.9571 -6.13517 162.274
65 68 99
3 0 85 0 1 184 0 9 212 0
-21.1907 -15.5426 162.337
177 161 162
3 0 1181 0 8 1150 0 11 1283 0
-15.4095 -24.4939 161.699
138 149 91
2 0 623 0 8 686 0
-7.80353 0.373213 162.308
173 167 177
3 0 11 0 8 78 0 4 19 0
-2.41264 -21.9397 160.859
104 120 57
2 8 260 0 2 425 0
-12.238 -30.5698 160.896
102 116 57
2 8 194 0 2 139 0
-1.52132 -34.0632 160.402
193 185 200
4 8 1140 0 11 1286 0 2 1218 0 7 1341 0
1.33375 -49.3623 157.862
164 142 163
2 8 1329 0 2 1397 0
-13.7741 -32.8478 160.855
130 140 87
3 8 619 0 11 752 0 2 673 0
10.7462 8.89308 162.228
162 159 142
2 5 328 0 3 292 0
-7.00893 -3.04061 162.279
123 139 74
5 0 929 0 1 805 0 9 1078 0 11 740 0 3 1231 0
6.46547 2.60889 161.809
41 56 89
2 6 1457 0 4 1445 0
-9.21019 -16.9006 160.834
183 194 128
3 1 514 0 9 300 0 10 499 0
-11.561 -6.58714 162.237
118 137 73
4 0 1291 0 8 1222 0 11 1331 0 4 1354 0
15.4105 -6.15038 161.181
186 179 187
2 0 664 0 4 555 0
-1.13583 -12.9557 161.388
147 161 100
3 0 951 0 8 1164 0 11 1275 0
-23.3739 -37.6357 161.65
218 209 192
2 2 350 0 7 252 0
-5.63425 4.22987 162.298
60 64 93
5 0 449 0 1 441 0 9 498 0 6 401 0 3 537 0
-20.9641 -26.1459 161.899
112 135 53
2 8 458 0 2 527 0
-13.0224 -27.6763 160.91
138 136 98
2 2 1136 0 7 1195 0
-7.56093 -39.7156 160.314
178 170 181
3 11 1233 0 2 1168 0 7 1233 0
-3.28582 -18.0027 161.094
136 145 88
2 8 641 0 4 636 0
-17.573 -20.5428 162.097
134 157 87
3 1 631 0 7 908 0 10 815 0
-26.2799 -17.4277 162.362
197 189 204
3 1 373 0 7 59 0 10 286 0
-2.74358 -4.85367 161.788
73 87 51
5 0 851 0 8 723 0 9 968 0 4 848 0 3 1041 0
-28.7421 -29.7056 162.283
197 191 193
2 2 206 0 7 415 0
-19.4296 -7.0451 162.254
50 58 95
3 0 1118 0 1 1300 0 9 1298 0
-31.0733 -30.8326 162.125
99 115 68
2 7 745 0 10 1013 0
-33.8224 -26.8682 162.286
168 164 181
2 7 1271 0 10 1309 0
-25.4044 -13.3636 162.364
178 171 179
2 11 1592 0 7 1576 0
0.342519 -6.89553 161.802
135 147 75
2 8 512 0 4 534 0
10.5379 -34.8 160.119
52 84 81
4 0 1171 0 8 1094 0 6 1279 0 4 1274 0
3.1013 11.5928 162.313
205 199 213
4 5 604 0 9 337 0 6 97 0 3 198 0
-6.95634 -5.54039 161.861
132 147 80
5 11 1092 0 8 1106 0 1 1058 0 9 813 0 4 1087 0
-10.6549 -46.5472 160.215
211 203 200
3 11 1061 0 2 1031 0 7 1134 0
-17.7617 -22.8757 162.058
161 179 105
2 1 806 0 10 726 0
-4.23939 -12.6698 161.297
52 78 30
2 6 1056 0 4 1007 0
-9.07506 -14.8067 161.184
112 113 69
2 8 1142 0 4 1235 0
-8.7916 -27.4471 160.381
153 160 108
3 11 1243 0 2 1174 0 7 1250 0
-31.1976 -20.1441 162.356
185 179 189
4 11 469 0 2 611 0 7 668 0 10 525 0
-12.1945 -16.0387 161.581
130 136 92
3 8 1035 0 2 1138 0 4 1078 0
-6.26672 -41.7686 160.469
113 142 75
2 11 1349 0 7 1370 0
-21.4233 -6.32767 162.399
19 34 29
2 0 493 0 7 537 0
-28.2513 -28.2091 162.159
119 132 88
2 7 82 0 10 165 0
15.9842 -26.8754 160.23
201 188 195
5 0 537 0 8 518 0 11 429 0 6 573 0 4 668 0
-13.8678 -14.4547 161.88
192 192 158
2 1 1438 0 10 1347 0
6.65014 -16.336 161.085
137 155 79
3 0 540 0 8 675 0 11 603 0
-6.56144 -11.0501 161.482
127 143 81
2 11 1166 0 1 1315 0
-3.17345 -38.2459 160.232
195 181 178
4 0 750 0 8 803 0 11 889 0 7 985 0
19.5481 -11.8953 161.034
152 173 104
2 0 588 0 6 515 0
13.375 -1.42015 161.616
52 67 100
2 6 893 0 4 858 0
-20.886 -14.8309 162.355
182 171 177
3 0 61 0 8 218 0 4 382 0
16.264 -0.0185456 161.54
58 71 105
2 6 1250 0 4 1177 0
0.961494 -28.4896 160.498
205 195 203
3 11 840 0 7 854 0 4 883 0
-4.48103 -40.6341 160.221
81 109 48
3 8 797 0 11 732 0 7 883 0
-25.6878 -16.1592 162.348
161 149 169
2 2 242 0 10 236 0
-12.5535 -13.4612 161.678
155 173 99
3 1 1488 0 9 1530 0 10 1356 0
10.0209 -12.9843 161.154
134 155 80
3 0 712 0 8 754 0 4 812 0
10.5723 -23.5939 160.505
187 178 195
3 8 851 0 6 955 0 4 971 0
-4.59195 -3.33161 161.918
105 125 53
4 0 647 0 1 549 0 9 342 0 3 206 0
-5.83338 -6.26581 161.774
184 184 148
6 0 760 0 1 621 0 4 602 0 8 522 0 9 318 0 11 606 0
-6.17065 3.92874 162.313
183 175 186
4 0 909 0 1 985 0 9 1042 0 3 1098 0
-29.9744 -30.7153 162.097
135 136 96
3 2 603 0 7 551 0 10 440 0
-36.3077 -22.6273 162.238
178 171 189
2 7 582 0 10 628 0
-5.60207 -18.3097 160.99
152 158 98
2 0 83 0 8 26 0
8.98866 -23.1641 160.548
45 56 101
3 8 1175 0 6 1266 0 4 1275 0
-1.61107 3.74192 162.248
210 202 215
2 9 1513 0 3 1526 0
-12.6438 -11.4198 161.707
132 154 89
2 1 841 0 9 959 0
-2.5267 -28.3735 160.438
122 144 69
3 8 80 0 7 411 0 4 43 0
17.2246 -28.1841 160.216
210 200 209
2 0 916 0 6 837 0
-1.21326 9.6501 162.336
173 170 181
2 0 1038 0 6 1035 0
17.8236 -54.9712 156.892
100 101 87
2 8 178 0 2 48 0
-17.0152 -5.06967 162.222
61 70 103
4 0 1130 0 8 1008 0 11 1183 0 10 1265 0
9.36574 -0.0372726 161.667
193 188 208
3 5 967 0 6 766 0 4 800 0
18.7437 -31.5177 160.59
199 183 193
2 8 1299 0 4 1369 0
-28.9636 -26.271 162.171
190 179 187
2 11 1189 0 2 1110 0
-11.9231 1.03551 162.321
64 67 102
3 8 1227 0 11 1377 0 6 1321 0
-6.31363 -29.4711 160.278
136 135 79
2 0 1146 0 11 1260 0
13.7743 -2.54252 161.477
176 169 176
2 6 1393 0 4 1360 0
-2.07693 -7.2168 161.786
119 139 68
6 0 1174 0 1 1376 0 4 1147 0 8 1096 0 9 1345 0 11 1274 0
-1.03588 -31.6234 160.406
189 179 188
3 0 659 0 11 482 0 2 487 0
-8.38291 -25.5046 160.306
151 161 101
2 0 796 0 11 1027 0
-35.7999 -21.1394 162.277
198 192 202
2 7 293 0 10 72 0
-16.8066 -14.4169 162.181
112 134 62
3 11 641 0 1 851 0 7 628 0
-31.378 -38.2308 162.17
30 44 31
2 2 898 0 7 899 0
-5.73919 -7.59771 162.228
191 200 133
2 1 1797 0 9 1803 0
2.66237 -31.8567 160.317
167 159 148
3 0 486 0 11 64 0 7 292 0
-8.09765 -11.0453 161.207
163 167 106
4 0 314 0 1 764 0 9 730 0 11 695 0
-15.1571 -46.0071 160.261
190 175 196
2 2 1197 0 7 1258 0
2.08065 -21.2413 160.854
119 145 72
2 0 162 0 11 424 0
-2.38547 -35.2406 160.095
198 191 199
2 11 1117 0 7 1124 0
-32.7931 -22.8954 162.334
162 156 168
4 11 341 0 2 238 0 7 44 0 10 182 0
6.95763 10.3635 162.36
205 205 155
2 5 365 0 3 452 0
16.8195 -23.0743 160.357
216 204 218
2 8 801 0 4 871 0
-5.74004 -27.9001 160.298
115 134 68
2 11 1065 0 7 1014 0
-1.02976 -8.35295 161.627
145 157 95
4 0 1302 0 8 1143 0 11 1304 0 4 1223 0
8.85841 -56.5366 157.282
48 51 68
2 8 1155 0 2 1079 0
5.96339 -27.1218 160.544
170 159 176
2 8 1135 0 4 1242 0
-5.40793 -5.6813 161.708
84 105 64
2 8 963 0 11 958 0
-31.378 -38.2308 162.17
30 44 31
2 2 897 0 7 900 0
-10.2208 -22.2161 160.755
151 156 102
2 0 1093 0 8 1118 0
-31.7556 -29.885 162.191
178 157 172
3 2 117 0 7 588 0 10 780 0
-20.2683 -18.0516 162.29
116 135 80
3 11 406 0 1 550 0 10 579 0
-16.0812 -26.0717 161.764
124 135 75
4 8 494 0 11 772 0 2 493 0 7 871 0
5.64655 -27.5729 160.766
167 156 173
2 8 690 0 4 560 0
-29.4364 -29.4943 162.122
123 134 94
2 7 944 0 10 1170 0
9.1636 4.79171 161.841
76 93 59
5 5 987 0 9 974 0 4 1060 0 3 984 0 6 1004 0
-19.659 -5.35815 162.245
34 43 72
3 0 203 0 11 142 0 7 366 0
-12.7744 -21.6097 161.365
105 123 61
3 11 1126 0 2 1193 0 7 1208 0
6.52688 1.39643 161.767
56 63 107
2 5 23 0 6 14 0
-35.7125 -25.0093 162.328
178 171 187
2 7 1301 0 10 1368 0
17.554 -18.2069 160.723
205 195 206
2 0 324 0 8 162 0
-9.21685 -8.72627 161.474
128 140 74
2 0 1230 0 11 1276 0
-57.4492 15.4453 164.703
156 182 81
2 1 984 0 10 1074 0
22.173 -4.53051 161.414
138 163 79
2 6 504 0 4 273 0
-0.218552 -24.1555 160.551
95 118 48
2 8 58 0 2 351 0
-31.6668 -25.5922 162.237
92 86 98
4 11 353 0 2 488 0 7 405 0 10 135 0
-32.2824 -22.8584 162.362
175 169 181
2 11 510 0 2 531 0
-30.3093 -22.1011 162.347
158 149 170
3 2 1094 0 7 1172 0 10 1261 0
-17.612 -4.10331 162.223
47 57 93
3 0 53 0 1 136 0 11 301 0
15.173 -1.60952 161.52
174 172 183
2 6 591 0 4 544 0
-28.1618 -12.4692 163.629
27 39 29
2 11 1603 0 7 1587 0
4.97187 14.5081 162.277
196 188 203
2 9 1082 0 3 1128 0
-20.8861 -5.41564 161.784
23 38 33
2 0 538 0 11 797 0
-19.7554 -12.7943 162.263
203 191 205
3 8 929 0 2 1039 0 4 1046 0
9.83426 -14.024 160.905
137 149 85
2 8 743 0 4 466 0
18.2856 -60.9866 156.639
85 93 78
2 8 453 0 2 692 0
-18.478 -6.78731 162.263
63 71 107
5 0 1019 0 1 1175 0 9 1217 0 11 1098 0 10 1189 0
18.9647 -49.399 157.572
143 129 142
2 8 1009 0 4 1043 0
2.36252 -32.6248 160.343
186 173 180
2 11 668 0 7 752 0
-6.31633 2.49987 162.306
65 69 98
5 0 1109 0 1 1094 0 9 935 0 6 1076 0 3 1093 0
6.17176 11.8413 162.212
170 187 116
3 5 1372 0 6 1227 0 3 1374 0
9.90421 -18.4394 160.667
42 49 77
4 0 741 0 11 727 0 6 824 0 4 290 0
-32.2126 -31.6965 162.122
104 114 62
3 2 819 0 7 848 0 10 997 0
12.0348 -5.29157 161.358
187 182 188
2 6 1565 0 4 1522 0
6.18731 -13.1674 161.178
136 158 83
4 0 1039 0 8 838 0 6 1046 0 4 921 0
-21.4332 -28.6003 161.966
104 129 45
3 8 898 0 11 1078 0 2 1007 0
-23.5232 -19.566 162.059
195 175 187
2 8 561 0 2 662 0
21.1132 -60.5503 156.665
94 96 82
2 8 1134 0 2 1073 0
16.9514 -17.9007 160.77
192 186 190
2 6 593 0 4 782 0
19.725 -47.5838 157.517
48 40 51
2 8 196 0 2 468 0
-31.3223 -23.1748 162.334
147 138 157
5 8 919 0 11 1073 0 2 943 0 7 978 0 10 1066 0
-4.63942 -2.18954 162.181
146 162 87
2 9 1157 0 3 1318 0
-16.1609 -10.7794 162.384
131 138 84
2 8 104 0 2 251 0
-4.07412 -17.7193 161.072
131 146 81
3 0 174 0 11 246 0 2 633 0
11.7624 19.5185 162.256
221 211 222
2 5 1708 0 3 1747 0
-8.44279 -46.9691 161.178
38 61 33
2 11 1390 0 7 1440 0
14.7718 -20.6138 160.532
54 68 113
4 0 1009 0 8 942 0 6 975 0 4 1047 0
6.61908 4.14673 161.881
199 189 200
3 5 1669 0 6 1487 0 3 1720 0
6.69546 -16.3224 161.049
122 138 65
2 8 674 0 11 602 0
-24.8544 -42.0366 161.633
106 112 64
2 2 1121 0 7 1138 0
34.0049 -48.7357 157.6
163 154 171
2 8 1001 0 4 965 0
-12.781 -3.09094 162.4
182 169 186
2 8 2 0 4 192 0
-13.8024 -0.00336717 162.184
190 183 191
3 0 1369 0 11 1451 0 6 1411 0
-3.27713 -8.39332 161.722
199 196 165
4 0 334 0 1 251 0 9 539 0 6 195 0
-9.1033 -23.8531 160.504
141 142 102
2 2 1269 0 7 1352 0
-13.6864 -31.7923 160.8
93 124 46
3 11 1034 0 2 1058 0 7 1106 0
-3.96984 -17.6974 161.027
121 135 73
2 8 600 0 4 684 0
1.41881 5.30476 162.279
216 208 221
2 9 1539 0 3 1572 0
8.35111 13.9357 162.23
172 193 118
3 5 1561 0 6 1432 0 3 1638 0
-3.861 -28.5319 160.283
142 162 93
2 11 53 0 7 66 0
-15.1325 -23.9106 161.913
104 120 55
2 8 107 0 2 49 0
-5.07586 28.7461 173.224
33 58 28
2 5 1711 0 3 1768 0
-4.28284 -31.951 160.334
127 148 83
5 0 515 0 8 271 0 11 389 0 2 422 0 7 509 0
-13.2969 -47.8788 160.238
193 187 199
2 11 561 0 2 574 0
-19.139 -15.566 162.352
123 142 76
2 0 1063 0 1 1275 0
-10.7275 14.4969 172.481
122 147 90
2 0 626 0 6 697 0
-10.9586 -8.5568 162.122
96 118 54
3 0 607 0 11 474 0 4 786 0
-6.51624 -54.2269 159.207
163 149 149
2 11 7 0 7 34 0
15.9181 18.9296 162.198
238 219 225
2 5 1274 0 3 1314 0
-21.9019 -24.4605 162.284
101 122 53
2 8 693 0 2 818 0
-14.6751 -19.3769 161.945
151 156 115
2 7 996 0 10 1031 0
10.1404 -12.3766 161.181
30 46 19
3 8 967 0 6 915 0 4 964 0
27.4871 -50.1343 157.462
239 231 244
3 8 434 0 2 588 0 4 422 0
15.6012 -28.9583 161.199
243 255 255
2 0 120 0 11 188 0
-12.8307 -29.9801 160.894
106 122 59
3 8 633 0 2 682 0 7 643 0
-4.80899 8.77502 162.346
43 56 91
2 0 1037 0 6 1064 0
-18.5928 -38.5644 161.046
111 124 70
2 2 870 0 7 607 0
11.8293 -21.3893 160.518
111 118 147
2 11 145 0 4 172 0
2.62471 4.34734 162.155
184 179 183
2 6 364 0 3 373 0
14.9309 9.74316 162.233
207 201 177
2 6 801 0 3 385 0
4.93953 -53.3278 157.299
98 78 90
2 8 970 0 2 1104 0
-6.51797 -4.79253 161.773
145 154 99
2 11 270 0 6 178 0
5.52203 -50.3048 157.657
162 140 163
2 8 1229 0 2 1303 0
19.3925 -21.1508 160.403
149 167 107
2 0 1207 0 6 1274 0
-12.8516 -19.8208 161.531
98 123 58
3 11 1336 0 1 1406 0 7 1313 0
-19.129 -6.30663 162.242
144 141 160
5 0 410 0 11 360 0 1 469 0 7 492 0 10 409 0
4.82807 6.97928 162.13
182 190 133
3 9 1250 0 6 1120 0 4 801 0
-2.99721 0.0392147 162.007
158 182 104
3 1 931 0 9 950 0 3 1075 0
-26.0092 -25.577 162.147
206 199 193
2 7 306 0 10 210 0
-31.2135 -30.23 162.117
198 187 193
3 2 142 0 7 478 0 10 664 0
-18.6881 -17.9717 161.937
112 137 69
4 11 1591 0 2 1459 0 7 1574 0 10 1674 0
-5.27331 -3.49347 161.879
156 165 100
2 1 1183 0 9 1192 0
13.1078 -49.949 157.841
94 81 88
2 8 647 0 2 920 0
-14.2171 -27.8629 161.23
126 133 92
4 8 575 0 11 757 0 2 821 0 7 994 0
-16.0241 -48.1505 160.254
197 185 207
2 2 392 0 7 378 0
9.1648 -33.7759 160.9
141 190 197
2 8 1169 0 4 1321 0
10.8559 -16.4058 160.898
202 193 194
4 0 837 0 8 765 0 6 826 0 4 795 0
9.83426 -14.024 160.905
137 149 85
2 8 742 0 4 467 0
-11.9116 -24.8389 160.934
112 130 56
2 0 702 0 11 681 0
-9.46942 -7.94985 161.596
119 132 63
2 8 822 0 4 874 0
-17.0267 -6.33966 162.273
191 183 194
3 0 1416 0 1 1680 0 11 1519 0
-3.90532 -51.7234 158.046
84 88 115
2 11 979 0 7 742 0
-13.9141 -9.09515 162.207
105 133 58
3 0 1390 0 8 1342 0 11 1477 0
10.9692 2.82742 161.645
49 64 103
2 6 1085 0 4 996 0
8.64395 8.54741 162.051
86 113 72
2 5 1651 0 6 1491 0
-27.3313 -19.1751 162.358
159 156 167
5 11 1161 0 8 1026 0 1 1248 0 2 1050 0 10 1226 0
-8.92939 7.67554 162.792
13 24 18
2 0 457 0 6 511 0
-20.9461 -16.7546 162.281
207 185 187
3 1 753 0 7 606 0 10 1034 0
11.6435 14.9097 162.373
170 182 108
2 5 603 0 3 272 0
-22.4857 -24.8064 162.218
127 145 83
2 11 178 0 7 376 0
0.363657 -33.0226 160.263
182 169 186
2 2 763 0 7 704 0
12.2843 -9.17419 161.178
196 191 195
2 6 254 0 4 479 0
-10.2639 -5.18212 162.326
104 124 55
2 8 1223 0 4 1333 0
-31.382 -20.4245 162.378
179 173 187
2 7 1275 0 10 1351 0
8.5653 -7.74159 161.564
88 110 64
2 0 1392 0 4 1412 0
-9.24382 -57.2546 158.749
188 167 182
2 2 540 0 7 624 0
2.77962 -20.1923 160.864
119 146 69
3 0 547 0 11 569 0 6 595 0
16.5843 -11.5081 161.094
186 178 189
2 0 1157 0 4 1135 0
11.8665 -17.762 160.732
190 182 193
2 0 1308 0 6 1345 0
-20.7996 -12.5102 162.359
176 168 179
7 0 1329 0 1 1565 0 2 1339 0 7 1407 0 8 1240 0 10 1495 0 11 1406 0
7.27037 7.04961 162.272
201 204 161
3 5 421 0 6 604 0 3 459 0
-5.73919 -7.59771 162.228
191 200 133
2 1 1796 0 9 1804 0
12.3754 -2.40889 161.533
39 57 93
2 6 1379 0 4 1358 0
-21.713 -46.6731 160.629
128 127 79
2 2 1161 0 7 1230 0
-4.32952 4.73596 162.205
98 100 121
3 0 1274 0 1 1455 0 6 1315 0
18.282 -27.6046 161.143
153 168 165
2 0 1143 0 6 1154 0
-10.1848 -13.83 161.018
135 155 86
3 0 236 0 11 283 0 2 375 0
-11.1419 -27.7306 160.466
144 139 107
3 8 1098 0 2 1213 0 7 1280 0
3.68533 -11.6228 161.614
123 145 63
2 6 1148 0 4 1125 0
-9.62065 -15.3762 160.846
142 152 89
4 11 181 0 1 874 0 9 672 0 10 742 0
-9.89081 -33.9368 160.33
138 155 84
2 11 1395 0 7 1418 0
-15.3023 -7.39731 162.343
170 167 176
4 11 521 0 8 393 0 1 672 0 2 525 0
12.14 -26.0997 160.366
202 191 199
4 0 388 0 8 361 0 6 457 0 4 358 0
21.5468 -16.0515 160.915
181 174 182
2 0 653 0 6 829 0
-8.33723 -14.9597 160.888
148 157 104
3 11 1317 0 1 1381 0 10 1300 0
-6.7965 -27.0813 159.441
157 156 100
3 11 1596 0 2 1449 0 7 1569 0
15.0604 -21.1038 160.241
54 68 107
2 0 1498 0 6 1560 0
12.9833 -14.6851 160.981
194 187 195
3 0 974 0 8 816 0 6 921 0
-9.43834 -18.5802 160.866
148 156 107
3 11 1303 0 2 1231 0 7 1308 0
-29.4429 -25.5038 162.131
193 176 195
3 2 450 0 7 132 0 10 52 0
-21.9209 -16.2157 162.396
167 151 161
3 8 1138 0 11 1344 0 2 1273 0
-14.2269 -10.3384 162.273
129 146 78
3 0 516 0 11 410 0 10 454 0
-14.7244 -4.69056 162.289
107 108 126
2 0 1225 0 1 1399 0
-6.3067 -38.1639 160.27
172 161 177
3 8 1157 0 11 1316 0 7 1344 0
-3.27251 -17.9766 161.135
148 160 98
2 0 661 0 6 498 0
-13.9584 -29.7172 161.056
156 155 125
4 8 692 0 11 689 0 2 858 0 7 660 0
-1.40897 7.13749 162.4
172 164 175
3 0 230 0 9 529 0 3 656 0
1.7445 6.81111 162.309
177 171 175
2 6 1385 0 3 1547 0
15.9181 18.9296 162.198
238 219 225
2 5 1276 0 3 1313 0
1.20816 -25.6888 160.395
121 136 79
2 8 1162 0 2 1274 0
-3.08577 1.26854 162.165
164 181 129
3 1 586 0 9 550 0 3 703 0
-30.5092 -19.0983 162.357
167 161 173
3 11 597 0 7 673 0 10 534 0
-1.96756 2.46589 162.172
235 224 232
2 1 1378 0 9 1432 0
15.9222 -6.58111 161.385
163 157 159
2 6 999 0 4 876 0
-4.86796 -10.7873 161.232
122 133 57
2 8 1057 0 4 1104 0
-35.1102 -26.3934 162.319
167 155 177
3 2 231 0 7 327 0 10 325 0
5.78117 -11.2802 161.568
122 132 71
2 8 316 0 4 120 0
27.0497 -48.1149 157.677
27 20 38
2 8 57 0 4 450 0
6.82043 14.0824 162.364
213 203 214
2 5 478 0 6 405 0
-36.3193 -33.5707 162.203
192 182 183
2 2 961 0 7 992 0
12.6253 -6.64871 161.26
193 185 196
2 0 676 0 4 569 0
-7.23787 -15.089 160.863
105 126 61
2 11 1443 0 9 1584 0
5.68926 -19.2957 161.13
131 153 80
2 6 622 0 4 942 0
7.76976 2.82861 161.775
54 67 119
4 9 1271 0 4 1161 0 3 1347 0 6 1165 0
-29.0373 -22.0692 162.223
178 174 188
3 11 1249 0 2 1093 0 10 1296 0
14.7036 -5.351 161.399
179 173 183
3 0 546 0 6 490 0 4 648 0
-30.5311 -38.0512 162.101
102 116 54
2 2 1252 0 7 1390 0
-11.8612 -1.08555 162.299
85 82 109
4 8 912 0 11 1056 0 6 903 0 4 902 0
16.4151 -48.3951 157.595
176 164 178
2 8 937 0 2 1061 0
-6.17658 3.54779 162.177
211 203 216
2 1 1555 0 9 1540 0
14.3942 -17.9022 160.679
197 190 198
4 0 1389 0 8 1316 0 6 1433 0 4 1416 0
15.2223 -17.2341 161.1
186 175 191
2 8 634 0 4 617 0
-14.679 -13.7101 162.045
113 132 66
5 11 1213 0 1 1285 0 9 1322 0 7 1205 0 10 1197 0
-5.07586 28.7461 173.224
33 58 28
2 5 1712 0 3 1769 0
-6.26427 -9.61475 161.454
121 140 61
3 0 318 0 9 86 0 11 71 0
11.6435 14.9097 162.373
170 182 108
2 5 602 0 3 271 0
-36.9055 -33.8795 162.146
192 181 185
2 2 852 0 7 815 0
10.0144 4.80627 161.767
192 203 137
2 9 1323 0 3 1378 0
-26.4129 -19.5515 162.25
175 169 181
3 11 1043 0 1 1077 0 10 1067 0
-4.44207 -18.1315 160.951
149 162 93
4 0 683 0 8 500 0 2 782 0 4 688 0
13.7183 -34.608 160.119
43 60 41
3 0 431 0 8 379 0 11 456 0
-20.7882 -42.9588 160.832
126 128 79
2 2 1244 0 7 1278 0
-6.19959 -0.668535 162.312
109 137 78
4 0 502 0 1 368 0 9 288 0 3 600 0
-9.10343 -48.3868 160.458
125 154 90
2 11 1370 0 7 1389 0
16.5458 -2.13862 161.478
181 175 179
2 6 1364 0 4 1344 0
-23.5012 -31.4612 162.041
124 151 74
3 11 615 0 2 538 0 7 630 0
-22.032 -18.8222 162.322
191 179 181
4 11 1203 0 1 1148 0 2 1101 0 7 1020 0
-2.83252 -27.5513 160.494
104 144 55
5 0 1294 0 8 1107 0 11 1355 0 2 1243 0 7 1356 0
12.1376 -20.7614 160.492
53 67 112
2 0 1192 0 6 1173 0
-7.48317 -23.6134 160.487
150 149 101
2 11 1225 0 2 1119 0
21.9284 16.675 162.056
105 110 142
2 5 1242 0 3 1239 0
-2.53952 4.58063 162.333
226 218 231
3 1 1226 0 9 1158 0 3 1046 0
15.8749 -24.8356 160.261
187 176 182
3 0 406 0 6 527 0 4 567 0
3.16151 -41.9253 160.158
172 152 161
2 8 856 0 2 1033 0
-12.1508 -19.9921 161.402
116 132 67
2 0 401 0 11 77 0
-7.3599 -7.04698 161.632
171 184 114
2 1 571 0 9 665 0
-3.04827 4.99437 162.315
130 128 142
3 0 594 0 9 591 0 3 751 0
-15.7045 -18.5631 162.014
149 158 105
8 0 1177 0 1 928 0 2 1014 0 4 1138 0 7 872 0 8 1102 0 10 878 0 11 1182 0
-3.9532 -33.8228 160.379
189 184 191
3 11 1565 0 2 1429 0 7 1541 0
-10.534 -17.5249 161.226
113 130 62
2 11 203 0 7 79 0
-15.1224 8.14862 170.366
38 61 35
2 0 1449 0 6 1488 0
11.1351 -3.11556 161.451
61 72 100
2 6 855 0 4 820 0
-28.8952 -28.3349 162.138
187 188 174
3 11 2 0 2 82 0 10 273 0
4.51086 -34.7429 162.676
173 166 174
2 8 1205 0 4 1219 0
15.173 -1.60952 161.52
174 172 183
2 6 590 0 4 543 0
-49.1666 -0.859588 163.688
33 51 29
2 1 98 0 10 493 0
-7.37344 -25.3485 160.306
149 161 97
2 11 1350 0 7 1322 0
13.3582 -31.0525 160.059
199 189 190
2 6 1430 0 4 1417 0
-9.69606 -20.3174 160.789
144 152 95
4 0 1142 0 11 1212 0 2 992 0 7 1214 0
3.76473 -11.667 161.48
131 148 80
2 0 1151 0 8 1083 0
-0.633684 -31.072 159.951
193 185 196
2 0 62 0 11 527 0
8.40145 -24.4257 160.519
88 88 124
3 8 615 0 6 669 0 4 672 0
-11.2241 -10.2554 161.148
45 55 31
3 0 597 0 11 439 0 4 692 0
-4.65994 -36.1043 160.382
146 131 152
2 2 1154 0 7 1267 0
-13.3285 -2.99632 162.334
176 168 179
3 0 275 0 6 28 0 4 219 0
-7.10073 -12.7171 161.102
123 143 72
3 0 930 0 11 977 0 6 860 0
-7.3599 -7.04698 161.632
171 184 114
2 1 572 0 9 664 0
-7.96328 -36.9046 160.355
195 176 182
2 2 113 0 7 506 0
-25.902 -35.6345 162.058
86 101 42
2 2 1263 0 7 1347 0
14.0392 -50.7508 156.883
44 43 61
2 8 371 0 2 834 0
2.48181 -16.9609 161.223
127 156 76
4 0 1132 0 11 1175 0 6 1022 0 4 1040 0
-58.2186 18.2373 165.144
134 172 63
2 1 688 0 10 770 0
-25.8312 -17.2801 162.398
161 149 169
2 2 53 0 7 147 0
-1.34358 -16.2934 161.355
152 162 101
2 0 1193 0 11 1325 0
-30.3988 -28.2337 162.139
195 178 196
3 2 308 0 7 435 0 10 217 0
21.2005 -48.4809 157.652
172 159 176
2 2 957 0 4 834 0
-14.2715 -20.1364 161.757
103 121 61
4 11 644 0 1 773 0 7 918 0 10 837 0
-22.313 -21.9016 162.207
220 206 195
3 1 1469 0 7 1296 0 10 1385 0
18.4 -61.671 156.757
90 97 81
2 8 481 0 2 356 0
-1.05622 -39.144 160.288
83 112 66
2 0 1218 0 11 1273 0
-22.8208 -37.7074 161.673
118 126 75
2 2 477 0 7 255 0
-4.66373 -7.91751 161.801
142 149 79
2 0 1212 0 9 1224 0
8.17942 0.481432 161.684
63 72 115
4 5 161 0 4 171 0 3 126 0 6 189 0
10.0056 -4.21343 161.233
184 178 182
2 6 1520 0 4 1493 0
17.4548 -49.7301 157.545
71 67 82
2 8 1331 0 2 1400 0
-10.1646 -13.8597 161.025
135 155 86
6 0 237 0 1 622 0 4 389 0 9 685 0 10 854 0 11 282 0
-2.44935 -33.6327 160.318
186 179 187
3 0 1278 0 2 1282 0 7 1380 0
18.468 18.1567 162.17
111 110 142
2 5 1251 0 3 1279 0
11.1267 -29.4579 160.232
190 178 182
2 6 1019 0 4 972 0
19.8522 -15.79 160.857
196 189 197
2 0 668 0 6 751 0
10.9867 4.28192 161.767
77 92 111
3 5 1522 0 9 1544 0 3 1562 0
-17.8596 -8.22361 162.356
181 174 182
4 0 409 0 1 640 0 9 602 0 11 664 0
-24.1828 -42.1582 161.566
182 171 165
2 2 330 0 7 280 0
3.25218 -21.0805 160.953
22 35 17
2 0 726 0 11 450 0
-28.1939 -26.2171 162.198
181 165 178
5 8 701 0 11 761 0 2 716 0 7 737 0 10 469 0
8.18563 -25.9608 160.463
169 157 171
2 8 696 0 4 686 0
-15.8893 -28.8255 161.649
95 116 49
2 8 1147 0 2 1239 0
-12.5602 -17.2666 161.49
125 136 80
2 8 223 0 2 179 0
-7.15834 -20.8665 160.441
110 112 65
3 0 1098 0 11 1255 0 2 1097 0
0.966112 -28.4961 160.486
205 195 203
4 11 841 0 2 861 0 7 855 0 4 882 0
-1.78645 -36.0074 160.367
203 192 190
5 0 527 0 8 40 0 11 342 0 2 181 0 7 503 0
-30.1812 -38.636 162.153
30 45 38
2 2 292 0 7 203 0
-15.14 -22.707 161.854
138 148 96
2 11 989 0 2 879 0
-18.7707 -18.8365 162.249
37 48 42
4 0 973 0 1 673 0 11 849 0 7 603 0
-25.6878 -16.1592 162.348
161 149 169
2 2 241 0 10 235 0
20.8887 -47.3998 157.691
160 148 160
2 8 452 0 4 406 0
11.1267 -29.4579 160.232
190 178 182
2 6 1018 0 4 973 0
-3.81395 -5.15377 162.052
64 85 46
2 11 1525 0 1 1678 0
10.7598 7.22151 162.377
140 152 112
2 5 809 0 3 1070 0
-11.1008 1.85793 162.203
56 63 92
2 11 780 0 6 870 0
-8.60332 -42.3032 160.046
190 184 194
2 11 334 0 7 402 0
9.20793 -8.02174 161.532
134 154 82
2 6 346 0 4 59 0
-8.92939 7.67554 162.792
13 24 18
2 0 456 0 6 512 0
-9.81905 1.48175 162.343
76 77 108
5 0 761 0 8 624 0 11 785 0 6 745 0 4 705 0
-26.8448 -42.813 161.65
134 137 84
2 2 762 0 7 728 0
-0.474051 -34.9444 160.342
195 184 182
5 0 995 0 8 944 0 11 950 0 2 1015 0 7 979 0
15.6213 -32.4892 160.454
30 26 53
2 8 23 0 4 911 0
9.79721 -9.79465 161.372
138 153 84
2 0 358 0 4 229 0
11.7492 6.78611 162.041
211 209 186
3 9 826 0 6 787 0 3 210 0
14.4242 -19.054 160.685
60 72 114
3 0 1257 0 8 1191 0 4 1213 0
-9.74811 -18.0458 160.882
108 127 61
3 0 357 0 8 308 0 9 415 0
-3.84716 -18.5576 160.922
138 155 84
2 11 362 0 2 312 0
14.7505 -14.1786 161.023
198 193 200
2 0 1375 0 4 1403 0
-22.0697 -9.55422 162.34
51 57 91
2 11 1388 0 7 1396 0
-8.27017 -8.30044 161.528
119 136 68
3 0 665 0 9 849 0 11 828 0
3.61685 -14.0985 161.239
142 158 95
3 0 1229 0 8 1199 0 11 1329 0
-12.2373 -15.9444 161.516
144 152 105
3 11 1196 0 9 1287 0 7 1193 0
-29.677 -35.5793 162.202
128 141 72
2 2 1204 0 7 1391 0
-53.583 13.7382 164.324
175 179 128
2 1 981 0 10 1070 0
-5.15659 -40.5107 160.29
158 152 126
3 8 402 0 2 252 0 7 229 0
16.9288 -0.961836 161.508
60 70 105
2 6 962 0 4 932 0
11.3823 -21.0749 160.58
51 63 101
3 11 66 0 6 18 0 4 361 0
11.4665 -32.7727 160.252
139 153 102
5 0 1176 0 8 1125 0 11 1284 0 6 1209 0 4 1160 0
-27.9559 -41.322 161.939
141 143 104
2 2 1100 0 7 1122 0
-5.33211 0.132317 162.232
124 144 81
4 0 773 0 1 742 0 9 709 0 3 829 0
-17.6932 -21.9489 161.9
141 163 88
2 1 979 0 10 801 0
-9.50291 -8.24672 161.713
181 193 127
2 1 1411 0 9 1504 0
-13.5177 -13.3616 161.819
158 171 102
2 1 1269 0 7 1061 0
19.1828 -23.9397 160.332
148 160 112
2 0 884 0 6 851 0
14.563 -33.8454 160.662
247 253 255
2 0 491 0 11 826 0
-1.08163 -6.01857 161.981
153 158 91
2 8 1071 0 4 1291 0
-14.7342 -4.69387 162.308
107 108 126
3 0 1226 0 8 1149 0 11 1310 0
10.8446 9.39182 162.129
192 199 148
3 9 340 0 6 816 0 3 332 0
-17.6888 -22.9449 161.937
133 152 86
2 7 619 0 10 727 0
-1.8048 -1.22305 161.946
150 170 98
2 1 341 0 9 348 0
-11.6776 -20.6542 161.256
125 126 84
2 8 1127 0 2 1201 0
-14.2759 -32.383 160.975
99 118 52
2 8 253 0 2 129 0
16.0056 -23.7966 160.321
214 207 215
4 0 774 0 8 604 0 6 718 0 4 769 0
-58.623 15.1192 164.902
120 140 77
2 1 233 0 10 449 0
15.6668 -19.7502 160.586
56 70 115
4 0 812 0 8 730 0 6 758 0 4 766 0
-8.17189 -24.4121 160.881
119 146 69
2 0 1136 0 11 1068 0
2.00635 -17.7244 161.115
140 160 88
3 0 756 0 11 1120 0 4 345 0
-7.26015 -21.7918 160.43
146 137 98
4 0 1149 0 11 1199 0 2 1091 0 7 1018 0
4.66363 -10.7878 161.585
147 157 97
2 0 1260 0 8 1198 0
-20.1754 -18.9077 162.317
101 124 54
4 8 772 0 11 1028 0 2 896 0 7 1094 0
-8.65084 -35.7489 160.458
85 113 39
3 8 1400 0 11 1585 0 7 1560 0
15.9582 -13.5337 161.012
188 180 191
3 0 1317 0 6 1382 0 4 1346 0
-36.1827 -27.9268 162.315
160 148 172
2 2 1179 0 7 1259 0
-3.07625 8.81853 162.285
49 55 91
2 0 1458 0 6 1515 0
-10.949 -19.6308 161.153
106 122 60
4 11 1337 0 1 1421 0 2 1245 0 7 1327 0
-22.628 -18.7128 162.251
215 195 207
3 2 103 0 7 115 0 10 258 0
-23.6866 -37.0037 161.857
97 104 62
2 2 1145 0 7 936 0
5.90041 -14.3696 161.149
136 153 82
2 0 1405 0 6 1435 0
-14.8075 -25.3382 161.486
94 112 50
3 8 923 0 11 1174 0 2 1030 0
1.38615 -48.6845 158.017
158 142 155
2 11 806 0 7 880 0
-14.7382 -17.2468 161.944
112 130 56
3 0 211 0 11 87 0 2 341 0
-4.94533 -34.9565 160.349
198 186 196
5 0 1004 0 8 1012 0 11 1048 0 2 1003 0 7 1000 0
14.5383 -25.842 160.32
196 185 189
2 6 303 0 4 284 0
-25.1161 -41.1231 161.764
160 150 138
2 2 905 0 7 842 0
-29.2346 -19.7311 162.325
174 162 186
2 2 702 0 7 840 0
-2.47482 -24.4227 160.583
106 135 51
2 0 119 0 11 404 0
-18.4527 -15.0632 162.494
212 203 196
6 0 581 0 4 594 0 7 902 0 8 426 0 10 800 0 11 683 0
-15.3069 -7.39676 162.354
170 167 176
3 11 522 0 1 671 0 2 526 0
6.06505 -32.8684 162.612
164 149 154
2 8 1338 0 2 1398 0
-6.01718 -21.6947 160.506
151 160 95
2 0 567 0 7 750 0
-31.1111 -22.0418 162.362
173 161 183
3 2 829 0 7 933 0 10 995 0
-34.5548 -30.8334 162.043
185 172 181
2 7 647 0 10 640 0
-11.8916 -38.3388 160.336
97 132 50
3 11 1366 0 2 1089 0 7 1302 0
8.34605 -18.3007 160.954
37 57 22
3 11 330 0 6 245 0 4 295 0
-11.1489 -27.8154 160.54
154 155 113
2 0 1162 0 8 1097 0
-34.6368 -26.5941 162.287
152 140 164
3 2 911 0 7 937 0 10 952 0
-40.3231 -7.35115 163.483
28 53 21
2 11 622 0 7 786 0
-17.1158 -23.6883 161.961
114 137 67
3 11 1265 0 1 1408 0 7 1224 0
-17.7443 -12.9343 162.312
110 133 63
6 0 964 0 2 951 0 7 865 0 8 854 0 10 1023 0 11 768 0
-18.7138 -37.9305 160.972
141 156 91
2 11 427 0 2 685 0
-14.9383 0.971265 162.494
23 42 23
2 0 76 0 11 357 0
-9.47891 -22.8636 160.626
115 139 63
5 0 1122 0 8 790 0 11 1090 0 2 868 0 4 1082 0
11.2764 -25.4664 160.313
214 198 209
3 8 932 0 6 1014 0 4 1005 0
-18.1653 -13.5506 162.342
117 139 75
3 11 520 0 2 788 0 10 610 0
4.23964 -17.1572 161.325
113 142 60
2 6 147 0 4 794 0
-2.44935 -33.6327 160.318
186 179 187
3 0 1277 0 2 1281 0 7 1379 0
-30.6979 -30.4598 162.114
104 117 64
3 2 474 0 7 712 0 10 713 0
-5.30626 -13.0561 161.845
98 121 69
2 0 430 0 11 84 0
-25.9747 -22.2406 162.196
214 200 215
5 8 700 0 11 862 0 2 791 0 7 923 0 10 1137 0
-5.69407 -15.7706 161.138
108 125 47
2 8 1211 0 4 1201 0
-52.1724 14.8557 164.536
55 79 29
2 1 1156 0 10 1069 0
-10.6519 -29.219 160.426
157 160 115
4 0 1055 0 11 1208 0 2 1223 0 7 1252 0
-41.4164 -27.4587 162.2
45 50 82
2 7 885 0 10 1000 0
3.30655 -49.402 157.868
180 172 185
3 8 614 0 2 730 0 7 756 0
-18.8761 -5.58479 162.22
60 68 104
4 0 691 0 1 784 0 9 760 0 11 721 0
-52.5741 13.2967 164.124
181 178 135
2 1 1028 0 10 940 0
-9.07676 -0.402499 162.347
174 166 177
4 0 1076 0 4 1144 0 3 1390 0 6 1228 0
0.0340163 -26.3606 160.582
118 144 71
2 0 341 0 11 339 0
7.26908 -20.1794 160.762
25 43 31
3 0 1240 0 6 1174 0 4 1227 0
-25.2956 -21.5626 162.221
208 199 204
5 11 295 0 1 423 0 2 294 0 7 397 0 10 318 0
17.677 -24.4503 160.301
226 214 218
4 0 1493 0 8 1413 0 6 1557 0 4 1513 0
13.3853 2.95977 161.568
72 78 102
2 6 133 0 4 147 0
-5.22611 -30.0503 160.345
136 143 91
2 2 806 0 7 856 0
20.2032 -16.9807 160.696
201 194 202
2 0 981 0 6 927 0
-3.58669 -37.789 160.323
139 127 131
3 0 355 0 11 485 0 2 417 0
-7.2567 2.52861 162.294
55 58 89
5 0 801 0 9 772 0 4 660 0 3 974 0 6 763 0
10.887 -0.392237 161.653
39 49 85
3 0 297 0 6 416 0 4 314 0
2.81882 -12.4815 161.544
146 153 99
3 0 1020 0 8 922 0 11 1026 0
-21.1912 -20.9705 162.275
125 135 83
4 11 382 0 1 754 0 7 664 0 10 679 0
13.6384 9.43869 161.975
140 161 86
2 6 881 0 3 1016 0
-15.919 -21.1028 162.021
173 184 126
2 1 200 0 10 606 0
-16.3675 -11.5376 162.21
116 133 63
9 0 1395 0 1 1647 0 2 1388 0 4 1430 0 7 1493 0 8 1320 0 9 1659 0 10 1565 0 11 1496 0
-22.0122 -28.1546 162.001
142 153 93
3 11 869 0 7 904 0 10 1089 0
14.0962 -23.6263 160.167
206 196 204
2 0 1068 0 4 1204 0
-12.6686 -28.4513 160.837
105 125 56
2 0 811 0 11 714 0
-34.5068 -25.4426 162.281
166 162 177
2 7 440 0 10 961 0
-13.8449 -46.901 160.238
173 167 179
2 11 1036 0 2 1041 0
17.278 -26.7025 161.004
65 56 73
2 0 460 0 11 376 0
-37.6508 -30.0146 162.25
149 139 163
3 2 163 0 7 222 0 10 468 0
-19.9159 -13.8548 162.349
173 157 160
4 0 331 0 11 243 0 2 361 0 10 155 0
18.9647 -49.399 157.572
143 129 142
2 8 1010 0 4 1044 0
11.1131 -17.1775 161.031
191 184 191
4 0 1457 0 8 1360 0 6 1504 0 4 1468 0
19.6752 -19.2767 160.667
191 185 171
2 0 734 0 6 809 0
-54.2782 15.4204 164.615
61 85 51
2 1 1584 0 10 1520 0
3.21938 13.9654 162.315
53 64 94
2 6 667 0 3 698 0
-28.3058 -33.6922 162.09
116 140 64
2 7 24 0 10 256 0
16.2571 19.749 162.192
183 170 179
2 5 962 0 3 883 0
-8.5669 -11.5928 161.172
116 133 63
5 0 993 0 1 1203 0 9 1146 0 11 1165 0 10 1219 0
2.70303 8.59004 162.334
181 174 182
4 0 408 0 9 301 0 6 418 0 3 260 0
-3.25017 -34.9502 160.282
186 178 189
3 11 992 0 2 869 0 7 930 0
-6.7965 -27.0813 159.441
157 156 100
3 11 1595 0 2 1448 0 7 1570 0
-23.9101 -23.4543 162.222
200 183 189
4 8 1267 0 11 1415 0 2 1336 0 7 1416 0
-12.2447 -15.9555 161.587
144 152 105
2 11 1195 0 7 1191 0
-9.82957 -28.2257 160.491
108 117 60
2 2 1238 0 7 1272 0
14.0392 -50.7508 156.883
44 43 61
2 8 372 0 2 835 0
5.20827 1.25785 161.856
47 55 94
2 9 943 0 6 894 0
-29.5115 -16.6747 162.381
177 171 181
2 11 251 0 7 245 0
-24.4182 -37.0578 161.912
168 162 136
2 2 414 0 7 443 0
16.5458 -2.13862 161.478
181 175 179
2 6 1365 0 4 1345 0
31.1503 -49.4892 157.472
192 181 195
2 8 511 0 4 491 0
2.79366 -39.3554 160.32
57 86 32
2 8 295 0 2 270 0
11.3019 -50.4592 156.974
105 86 88
2 8 1100 0 2 1264 0
-7.08115 -27.0768 160.166
146 144 87
3 0 952 0 11 1125 0 2 1046 0
-19.9093 -15.113 162.331
209 193 196
8 0 1359 0 1 1564 0 2 1347 0 4 1384 0 7 1408 0 8 1277 0 10 1451 0 11 1434 0
-31.8359 -17.0779 162.251
185 181 180
2 11 1007 0 7 1078 0
-21.5949 -15.6361 162.331
168 153 158
2 0 182 0 8 286 0
27.1434 -50.792 157.293
58 47 61
2 8 843 0 2 985 0
-31.22 -21.2372 162.362
163 157 169
4 11 592 0 2 304 0 7 682 0 10 798 0
15.2893 0.585003 161.563
193 191 196
2 6 1110 0 4 1066 0
13.1144 -23.1587 160.413
68 68 102
3 8 1112 0 6 1170 0 4 1157 0
-19.3918 -20.5045 162.315
96 123 52
4 11 587 0 1 660 0 7 731 0 10 734 0
-26.123 -26.4362 162.069
120 141 76
3 11 656 0 7 709 0 10 316 0
8.15687 3.25169 161.786
61 69 115
2 5 230 0 3 94 0
-0.530622 -32.9152 160.355
200 193 201
5 0 1367 0 8 1281 0 11 1435 0 2 1346 0 7 1456 0
1.90988 7.26805 162.293
199 188 202
4 5 974 0 9 779 0 6 1028 0 3 1135 0
-2.34148 -14.2239 161.427
145 162 94
2 11 1121 0 6 1126 0
-8.3878 -27.1465 160.404
142 153 95
2 11 624 0 2 695 0
13.1241 8.00793 162.059
35 54 22
2 6 1139 0 3 1094 0
8.16233 3.22914 161.756
61 69 115
5 5 229 0 9 98 0 4 210 0 3 95 0 6 221 0
-20.1481 -13.408 162.361
210 203 211
8 0 681 0 1 812 0 2 787 0 4 695 0 7 793 0 8 658 0 10 891 0 11 754 0
10.1404 -12.3766 161.181
30 46 19
3 8 968 0 6 916 0 4 963 0
-0.998614 3.44289 161.192
216 206 217
3 1 1384 0 9 1512 0 3 1527 0
-33.9798 -21.6903 162.289
171 165 175
3 11 975 0 7 1024 0 10 1035 0
-34.095 -28.7343 162.224
191 178 196
2 2 437 0 7 86 0
-10.3384 -47.3913 160.101
112 136 74
2 11 895 0 2 1025 0
-9.17873 0.953798 162.328
180 173 181
5 0 1252 0 8 1165 0 11 1334 0 6 1273 0 4 1233 0
-26.148 -41.8589 161.774
163 153 144
2 2 888 0 7 794 0
8.2033 12.4687 162.343
212 210 162
2 5 1081 0 3 925 0
10.2681 -1.05613 161.617
50 64 93
2 6 123 0 4 262 0
-8.23637 -35.2695 160.262
121 153 68
5 0 595 0 8 369 0 11 677 0 2 638 0 7 617 0
10.2106 6.2798 162.027
148 157 94
2 6 392 0 3 192 0
14.797 -20.966 160.549
54 68 107
4 0 1499 0 8 1419 0 6 1561 0 4 1520 0
-16.7467 -31.9274 161.35
103 122 66
2 2 950 0 7 910 0
-7.81722 -4.70471 162.057
89 101 53
5 0 982 0 8 998 0 11 1109 0 9 978 0 6 941 0
-16.4961 -3.96834 162.145
81 81 105
2 11 130 0 10 15 0
17.6977 -17.6213 160.752
185 174 190
3 8 167 0 6 253 0 4 359 0
17.4548 -49.7301 157.545
71 67 82
2 8 1330 0 2 1399 0
-17.3751 -3.54737 162.258
141 141 167
2 1 226 0 10 322 0
-5.30151 -3.48164 161.917
107 118 58
5 0 1112 0 1 1182 0 9 1193 0 11 1253 0 3 1187 0
-20.1174 -25.8471 162.134
94 117 47
2 2 1198 0 7 1217 0
-28.0038 -14.3085 162.264
186 179 187
2 11 1511 0 7 1491 0
17.1593 -9.35568 161.244
155 164 109
3 0 405 0 6 58 0 4 5 0
12.747 -24.9797 160.356
211 201 210
3 0 593 0 6 673 0 4 624 0
-3.17467 -51.619 157.816
177 163 180
2 11 931 0 7 961 0
-21.9254 -21.1291 162.224
193 185 174
2 11 1016 0 2 986 0
7.08761 -1.21569 161.628
35 49 78
2 6 462 0 4 426 0
-13.4661 -16.6983 161.713
146 166 97
2 1 421 0 10 296 0
-14.7707 -16.3262 161.969
173 184 126
3 1 1236 0 7 1143 0 10 1148 0
19.1531 -23.9067 160.388
148 160 112
3 0 883 0 8 841 0 4 918 0
-28.8957 -18.1507 162.356
182 179 190
5 11 744 0 1 815 0 2 753 0 7 716 0 10 855 0
-23.3286 -24.7434 162.197
150 145 142
2 7 370 0 10 492 0
-13.0509 -27.696 161.011
145 151 103
2 11 1159 0 7 1194 0
-19.1364 -6.30983 162.251
144 141 160
6 0 411 0 1 468 0 7 494 0 9 462 0 10 408 0 11 361 0
-21.2915 -6.74823 162.377
47 58 86
2 0 82 0 11 174 0
-9.14123 -3.74536 162.284
108 135 68
6 0 1208 0 1 1446 0 6 1304 0 8 1080 0 9 1470 0 11 1281 0
-11.2027 -24.2176 160.766
164 167 114
4 0 939 0 11 1226 0 2 1082 0 7 1261 0
-15.3526 -24.55 161.81
131 136 95
2 2 465 0 7 508 0
-14.9383 0.971265 162.494
23 42 23
2 0 77 0 11 356 0
-5.03695 -19.3079 160.89
128 146 72
2 0 1233 0 11 1297 0
6.17938 -28.8122 160.462
183 180 175
2 11 567 0 4 891 0
13.3214 -58.082 156.805
106 107 93
2 8 55 0 2 143 0
-13.8569 -5.29735 162.296
189 181 192
3 0 637 0 11 650 0 4 502 0
-10.64 1.00905 162.334
185 178 186
4 0 1298 0 8 1208 0 11 1392 0 6 1328 0
-22.8702 -16.0781 162.308
184 171 191
2 2 491 0 7 542 0
15.2572 18.8591 162.177
186 165 170
2 5 160 0 3 205 0
-25.24 -16.2188 162.336
169 160 177
4 8 72 0 1 359 0 2 297 0 10 159 0
13.2551 -19.972 160.613
61 75 120
3 0 899 0 6 891 0 4 914 0
-19.7966 -15.6879 162.332
196 182 173
4 11 881 0 8 639 0 1 686 0 4 724 0
24.509 -15.9624 160.81
97 96 114
2 0 298 0 6 290 0
19.461 -22.2233 160.405
135 153 95
2 8 1209 0 6 1269 0
-9.4711 -22.8204 160.579
98 116 54
2 8 791 0 2 867 0
-5.86712 1.90609 162.223
210 204 218
2 1 846 0 9 895 0
-34.4957 -32.0339 162.168
183 166 184
3 2 283 0 7 336 0 10 229 0
-8.79898 -27.4605 160.364
153 160 108
2 11 1242 0 2 1175 0
-1.837 -9.39043 161.439
46 61 28
2 0 1456 0 9 1728 0
2.20242 -34.5975 162.378
215 201 201
2 0 1224 0 11 1298 0
-14.8163 -31.0707 161.045
153 160 116
2 11 1076 0 7 1164 0
-18.3648 -12.3743 162.391
178 161 167
3 8 241 0 2 205 0 4 470 0
21.2012 -12.2039 161.081
135 158 78
2 6 662 0 4 773 0
15.5655 1.20254 161.534
63 72 101
2 6 478 0 4 484 0
-3.11566 -6.47351 161.669
161 168 98
3 0 1204 0 9 1467 0 11 1360 0
-21.0622 -27.9358 162.02
137 148 92
2 7 915 0 10 1120 0
-16.6617 -15.221 162.143
129 139 79
2 8 1151 0 2 1258 0
0.70643 -31.4261 160.488
196 191 198
2 0 1305 0 11 1380 0
-15.349 -15.4683 162.074
112 125 56
2 8 1262 0 2 1307 0
-25.4247 -25.5754 162.146
116 126 76
2 8 689 0 2 735 0
10.4039 4.85237 161.802
178 191 122
3 5 433 0 9 600 0 3 170 0
3.62954 -15.81 161.296
143 162 80
2 6 811 0 4 793 0
30.5696 -51.6422 157.561
169 165 182
2 8 587 0 4 674 0
-18.8094 -49.4112 160.162
195 183 203
2 2 1425 0 7 1539 0
6.39106 11.0801 162.32
211 207 160
2 5 804 0 3 960 0
-1.6577 -24.0932 160.687
99 122 52
3 8 828 0 11 1058 0 2 1028 0
5.33957 6.26587 162.206
199 198 144
3 5 251 0 9 363 0 3 156 0
9.50611 -8.30856 161.46
135 154 73
2 6 1305 0 4 1279 0
22.0208 16.9002 162.09
124 122 143
2 5 479 0 3 285 0
20.468 -46.593 157.528
45 34 48
3 8 762 0 2 742 0 4 889 0
19.5278 -48.0913 157.537
174 162 174
3 8 141 0 2 291 0 4 301 0
-12.6926 -28.3809 160.897
87 102 45
3 8 336 0 2 431 0 7 555 0
1.36818 -9.40485 161.779
142 145 90
4 8 476 0 11 274 0 6 414 0 4 666 0
-22.0122 -28.1546 162.001
142 153 93
3 11 868 0 7 905 0 10 1087 0
-6.66383 -24.3579 160.375
119 132 62
3 0 1128 0 11 1146 0 7 1282 0
1.3431 9.80934 162.376
181 176 180
2 6 34 0 4 125 0
-23.1779 -14.4602 162.388
162 159 170
4 11 1515 0 1 1654 0 7 1500 0 10 1589 0
-7.25557 2.532 162.288
55 58 89
4 0 802 0 9 771 0 6 762 0 4 661 0
-35.7007 -11.0301 162.569
108 125 71
2 1 944 0 10 859 0
-26.5054 -21.0227 162.128
189 175 192
4 8 688 0 11 530 0 2 658 0 7 286 0
-25.2402 3.47613 169.622
108 143 79
2 0 894 0 11 1289 0
5.69132 -11.7581 161.536
131 148 80
3 0 1378 0 8 1302 0 4 1395 0
0.48186 -21.742 160.681
111 143 60
2 0 721 0 6 764 0
10.0867 -33.374 160.15
48 80 69
2 11 956 0 6 815 0
9.77226 -37.7125 159.847
144 162 104
2 0 432 0 4 196 0
-10.7887 -25.5205 160.582
110 117 66
2 8 390 0 2 1 0
-17.3547 -30.5877 161.555
102 129 58
3 11 1082 0 2 1009 0 7 1101 0
-4.40639 -8.923 161.539
220 218 195
2 1 391 0 9 473 0
10.4981 6.17661 161.651
193 201 144
2 9 1764 0 3 1775 0
9.31945 1.66003 161.709
50 59 92
6 0 407 0 3 538 0 4 242 0 6 412 0 5 601 0 9 426 0
-21.138 -30.8319 161.872
102 121 57
2 2 470 0 7 433 0
-18.0536 -9.70926 162.415
173 168 175
2 11 279 0 10 581 0
-28.2615 -17.466 162.388
184 178 190
4 11 858 0 1 838 0 7 834 0 10 841 0
-15.7315 -18.5931 162.061
179 185 137
2 1 929 0 7 873 0
-37.4086 -12.0088 162.819
94 121 68
2 1 81 0 10 5 0
19.725 -47.5838 157.517
48 40 51
2 8 197 0 2 467 0
-53.3375 12.9736 164.328
57 65 28
2 1 919 0 10 900 0
-28.4322 -39.8358 162.04
44 56 68
2 2 68 0 7 228 0
-25.2392 -16.5417 162.554
162 156 168
3 11 1572 0 1 1750 0 10 1681 0
13.3857 18.2011 162.304
194 201 149
2 5 407 0 3 691 0
2.36366 -47.2781 158.09
172 156 169
2 11 564 0 7 611 0
8.21279 12.4297 162.282
212 210 162
3 5 1080 0 6 713 0 3 926 0
-23.5232 -19.566 162.059
195 175 187
2 8 562 0 2 663 0
14.8732 -10.718 161.104
199 193 203
3 0 1133 0 6 1155 0 4 1100 0
-17.2964 -46.818 160.232
125 103 106
2 2 833 0 7 858 0
-0.952888 -21.4939 160.747
137 157 88
2 0 854 0 11 778 0
-10.6422 1.01355 162.292
185 178 186
3 0 1299 0 11 1393 0 6 1329 0
-39.9812 -28.5379 162.256
162 155 171
2 7 739 0 10 1015 0
2.98504 -45.9138 158.24
167 151 164
3 0 536 0 8 456 0 11 227 0
6.22884 -24.1795 160.639
74 71 102
2 8 182 0 4 231 0
0.912533 -20.3941 160.925
116 140 66
2 0 857 0 6 793 0
12.5999 -33.9966 160.159
126 150 88
4 0 798 0 8 769 0 6 827 0 4 824 0
-12.7836 -26.8601 161.012
103 124 59
3 11 1046 0 2 1034 0 7 1169 0
-4.22868 -27.8825 160.365
114 144 58
4 0 910 0 8 831 0 11 1004 0 7 966 0
-33.5494 -24.6715 162.313
143 139 156
2 7 1487 0 10 1566 0
-13.3979 -3.55129 162.358
185 180 187
2 0 525 0 4 194 0
-12.3549 -33.3698 161.023
115 143 68
2 11 1375 0 7 1429 0
-13.9047 -14.4628 161.908
158 160 123
8 0 1215 0 1 1440 0 2 1241 0 4 1183 0 7 1326 0 8 1170 0 9 1399 0 10 1346 0
-4.68742 -32.5369 160.345
126 143 88
4 0 1184 0 8 1000 0 11 1214 0 2 1116 0
10.3264 -30.7111 160.194
196 184 196
3 8 1373 0 6 1510 0 4 1481 0
1.0187 -17.1192 161.109
123 148 67
2 0 1071 0 6 987 0
-13.7505 -25.9041 161.343
144 152 101
2 0 1058 0 8 927 0
10.417 -9.90974 161.347
159 172 102
2 0 786 0 4 884 0
27.5604 -50.1638 157.358
239 231 244
2 8 435 0 2 589 0
-53.4423 12.2864 164.317
136 160 72
2 1 833 0 10 513 0
-12.5042 -13.7767 161.629
101 124 54
5 11 818 0 1 665 0 9 995 0 7 678 0 10 259 0
-17.6118 -4.10933 162.21
47 57 93
2 0 52 0 1 137 0
9.3259 -12.4893 161.275
40 54 29
3 8 1273 0 6 1383 0 4 1352 0
-8.14824 -14.686 160.737
190 192 143
2 1 584 0 9 15 0
-17.9089 -26.1928 161.871
166 180 121
2 1 1072 0 7 953 0
-11.7019 -20.6285 161.205
125 126 84
4 8 1128 0 2 1199 0 7 1242 0 4 1173 0
-25.8312 -17.2801 162.398
161 149 169
2 2 52 0 7 148 0
-25.2569 -20.9096 162.303
215 202 212
4 1 869 0 2 551 0 7 684 0 10 693 0
-7.35052 -0.824732 162.532
209 200 201
2 9 1016 0 3 492 0
-1.83864 -37.0448 160.336
130 145 86
4 0 320 0 8 322 0 11 126 0 7 382 0
11.3506 3.61419 161.643
77 84 126
3 5 397 0 6 263 0 3 41 0
-15.7312 -26.8328 161.576
99 113 54
2 2 365 0 7 309 0
18.5757 -25.8097 160.258
223 212 216
2 0 1324 0 6 1417 0
14.3335 -23.7161 160.393
214 204 212
3 0 1368 0 8 1289 0 6 1404 0
-22.7342 -22.3114 162.241
191 183 164
4 11 308 0 8 313 0 1 456 0 10 146 0
9.93191 1.09416 161.679
168 166 177
2 6 1090 0 4 1011 0
6.31749 -19.2528 160.981
34 45 37
4 0 483 0 11 495 0 6 483 0 4 615 0
-12.2551 -45.0416 160.265
177 165 187
2 2 508 0 7 711 0
-16.6014 -22.8483 161.929
167 179 117
3 1 803 0 7 787 0 10 804 0
-7.29031 -21.8106 160.503
151 144 102
3 11 1198 0 2 1090 0 7 1017 0
4.5689 -51.807 157.243
41 37 62
2 8 399 0 2 513 0
-6.18077 -16.992 160.796
114 126 62
2 8 359 0 4 356 0
-8.71783 -9.77267 161.325
191 195 136
6 1 696 0 4 638 0 6 773 0 8 503 0 9 762 0 11 570 0
6.40104 -38.9989 160.261
88 123 69
2 0 1469 0 11 1577 0
-9.99601 -6.1307 162.093
146 148 99
4 0 1187 0 11 1293 0 1 1321 0 6 1223 0
-8.58265 -4.24504 162.32
148 160 94
2 11 503 0 6 384 0
16.3554 -18.3284 160.683
183 174 191
2 8 627 0 4 701 0
-24.927 -25.238 162.177
115 132 77
2 11 261 0 2 123 0
-12.093 -23.4486 161.007
98 110 48
2 8 682 0 11 1005 0
-5.96798 -4.8834 161.786
210 212 173
2 1 927 0 9 915 0
-7.92759 -2.84903 162.213
170 190 127
2 1 1566 0 9 1611 0
7.23469 -17.3484 161.058
134 156 83
2 0 1461 0 4 1485 0
8.05727 3.9392 161.778
67 71 108
3 5 518 0 9 489 0 3 390 0
-8.01605 -38.8739 160.313
203 192 208
4 8 915 0 11 943 0 2 977 0 7 853 0
-29.5076 -20.993 162.323
160 151 170
5 8 1174 0 11 1361 0 2 1251 0 7 1328 0 10 1359 0
-20.3515 -50.7851 160.25
194 181 201
2 2 1412 0 7 1457 0
13.7838 -13.6539 161.042
193 187 191
2 6 1278 0 4 1199 0
-0.629965 -28.4712 160.48
195 188 178
4 0 994 0 11 1138 0 7 1147 0 4 1019 0
-28.5686 -38.2256 162.055
132 135 80
2 2 1185 0 7 1362 0
-13.5056 -25.1647 161.332
103 123 62
2 11 1105 0 7 1154 0
4.4111 -13.2837 161.76
127 152 68
2 6 1398 0 4 1388 0
-7.2662 -14.7477 160.893
100 117 49
2 8 1190 0 4 1190 0
9.84366 -27.719 160.292
194 182 182
2 6 1042 0 4 1102 0
-14.597 -20.7235 161.973
129 142 88
2 11 904 0 1 1201 0
1.72209 5.73549 162.266
185 180 184
2 6 167 0 3 5 0
-30.2649 -29.4225 162.122
187 176 184
2 2 816 0 7 852 0
-19.3255 -7.64136 162.293
204 198 212
2 1 0 0 9 125 0
-5.11283 -36.7939 160.346
158 148 159
5 0 813 0 8 749 0 11 779 0 2 778 0 7 802 0
4.005 -31.8973 164.249
216 206 214
2 0 563 0 11 552 0
14.9698 -19.3377 160.654
78 91 125
2 6 1469 0 4 1454 0
25.9665 -49.942 157.328
114 100 97
2 8 35 0 4 80 0
10.8854 -28.2397 160.284
197 186 190
2 6 35 0 4 168 0
12.8442 -13.6812 160.86
195 192 199
4 0 708 0 8 734 0 6 991 0 4 743 0
31.2001 -51.0721 157.71
180 170 181
2 8 1298 0 4 1375 0
-18.8545 -18.9017 162.307
37 43 39
2 8 982 0 2 979 0
-1.91109 -25.0436 160.584
157 172 105
3 0 1103 0 8 1058 0 11 1193 0
14.5871 -31.4156 160.077
198 186 190
2 0 603 0 6 553 0
19.5469 -11.9046 161.023
152 173 104
3 0 589 0 6 516 0 4 626 0
19.0682 -22.4451 160.485
171 165 141
2 8 296 0 6 87 0
-1.31906 -16.3648 161.385
139 148 91
2 8 1210 0 4 1239 0
-0.878697 -9.32852 161.626
48 63 34
2 8 1203 0 4 1282 0
-8.51214 -19.605 160.465
83 91 44
2 8 377 0 4 436 0
-6.75167 -8.30996 161.545
123 141 59
2 8 788 0 6 579 0
13.1056 -35.4074 160.079
123 144 87
3 8 347 0 11 315 0 4 293 0
-17.3374 -3.55561 162.192
124 126 147
3 11 351 0 1 227 0 10 323 0
-2.62416 0.972954 162.208
192 203 143
3 1 108 0 9 350 0 3 632 0
-17.2774 -26.3556 161.751
164 183 119
2 1 393 0 7 57 0
-8.65378 3.25744 162.346
180 176 190
3 0 1095 0 6 1071 0 4 974 0
-7.33554 -29.6241 160.183
132 129 78
4 0 450 0 11 454 0 2 313 0 7 614 0
22.9676 -12.6649 161.005
165 176 107
2 6 196 0 4 213 0
-14.5774 -19.5791 161.734
142 151 94
5 0 752 0 8 527 0 1 1042 0 11 1042 0 4 893 0
-9.17647 -5.1978 162.128
152 150 102
4 0 1135 0 8 1036 0 11 1229 0 4 1051 0
0.200014 -38.1941 160.356
109 134 69
2 8 1268 0 2 1335 0
-18.0436 -29.8079 161.677
147 160 106
2 11 440 0 2 328 0
6.20153 5.95177 162.079
160 174 97
4 5 1562 0 9 1650 0 6 1460 0 3 1636 0
-0.705684 -34.1538 160.245
175 161 174
2 2 514 0 7 442 0
-11.9609 -21.6899 161.22
113 127 65
2 0 68 0 1 428 0
0.841409 10.7468 162.349
183 176 184
2 0 1351 0 6 1406 0
-2.80331 -8.38187 161.875
184 185 153
2 0 658 0 6 380 0
1.72209 5.73549 162.266
185 180 184
2 6 168 0 3 7 0
-27.6344 -44.472 161.57
115 124 69
2 2 89 0 7 414 0
-19.2936 -28.9998 161.823
107 128 53
4 8 1092 0 11 1238 0 2 1139 0 7 1251 0
7.73554 11.532 162.371
191 191 137
2 6 23 0 3 310 0
-12.5953 -17.4255 161.567
148 156 109
2 7 924 0 10 1051 0
-25.4827 -38.0873 162.051
118 122 71
2 2 748 0 7 638 0
-55.1734 16.241 164.732
159 171 125
2 1 1009 0 10 1040 0
-14.1302 -28.7236 161.221
105 133 59
3 11 1306 0 2 1288 0 7 1351 0
10.9968 9.66877 162.339
165 176 110
2 5 1116 0 3 1121 0
1.51028 3.23551 162.148
207 199 210
2 9 1087 0 3 1160 0
-32.8955 -31.6225 162.141
188 183 179
2 7 789 0 10 927 0
-31.8384 -26.4742 162.253
176 164 178
2 7 305 0 10 100 0
16.1218 -28.2137 160.635
48 49 77
2 0 1244 0 11 1055 0
9.86965 -27.7231 160.268
189 173 184
2 8 1022 0 6 1041 0
-28.2615 -17.466 162.388
184 178 190
4 11 857 0 1 839 0 7 833 0 10 842 0
18.6023 -60.33 156.327
99 101 80
2 8 1047 0 2 1159 0
0.152436 -38.2349 160.193
121 149 74
3 0 1372 0 11 1441 0 7 1444 0
-36.4659 -32.073 162.182
190 173 191
2 2 429 0 7 456 0
-13.0401 -8.07496 162.165
116 142 77
4 0 1388 0 8 1301 0 9 1658 0 11 1487 0
18.2786 -21.203 160.453
229 218 226
4 0 1347 0 8 1279 0 6 1380 0 4 1290 0
-8.27593 -8.29706 161.462
119 136 68
2 0 666 0 11 827 0
9.17058 4.79115 161.836
76 93 59
4 5 988 0 9 973 0 6 1003 0 3 983 0
-21.889 -13.6774 162.127
195 187 202
2 1 78 0 10 157 0
-13.4346 -20.9056 161.519
135 143 96
2 11 1262 0 2 1194 0
-29.684 -18.8995 162.343
186 174 196
3 2 1096 0 7 1163 0 10 1253 0
-16.1024 -17.0251 161.885
107 128 61
2 11 1411 0 7 1410 0
-30.7492 -18.4866 162.157
172 166 176
2 11 9 0 7 296 0
-8.77714 -26.4379 160.399
115 140 57
3 0 1166 0 11 1201 0 7 1218 0
-25.0711 -39.4867 161.875
111 107 80
2 2 388 0 7 201 0
0.67692 -30.4655 160.484
184 173 187
2 8 127 0 11 129 0
-21.2372 -3.24702 164.267
19 29 20
2 0 1323 0 11 1478 0
-31.9431 -18.3692 162.304
188 180 191
3 11 741 0 7 741 0 10 799 0
15.8202 -22.5078 160.322
64 76 116
2 0 1429 0 6 1466 0
-10.6471 -25.0665 160.776
126 138 72
4 0 921 0 11 944 0 2 975 0 7 935 0
10.1614 -11.8363 161.228
131 152 85
3 0 255 0 8 354 0 4 423 0
5.90208 -38.1484 160.234
25 44 12
2 0 492 0 11 150 0
-34.8671 -23.2167 162.335
168 161 177
2 7 803 0 10 962 0
-4.62101 -38.6369 160.366
204 194 193
4 0 758 0 8 870 0 11 901 0 2 1017 0
13.3186 -30.3397 160.186
202 190 194
3 0 1106 0 8 1032 0 6 1128 0
-30.2082 -18.3001 162.398
180 172 183
3 11 365 0 7 56 0 10 515 0
13.1116 -17.9302 160.784
93 102 141
2 0 1080 0 6 1091 0
-12.5984 -11.4556 161.611
132 154 89
2 1 840 0 10 998 0
-23.6956 -7.12402 168.056
20 36 25
2 11 791 0 7 851 0
-4.41494 5.96213 162.391
176 166 175
2 0 1379 0 6 1421 0
-4.14999 -30.9905 160.294
116 145 61
5 0 1464 0 8 1372 0 11 1566 0 2 1422 0 7 1542 0
-5.76912 -23.4299 160.544
150 163 94
2 0 816 0 11 851 0
8.537 2.71796 161.739
168 163 193
2 5 681 0 9 486 0
13.4966 -18.8435 160.69
195 191 205
4 0 1089 0 8 1046 0 6 1097 0 4 1093 0
-3.89153 -25.3098 160.725
129 141 77
2 8 751 0 4 944 0
3.773 -11.6595 161.612
119 134 69
2 8 1082 0 4 1124 0
-15.404 -15.4106 162.14
117 137 65
5 0 1301 0 11 1376 0 1 1362 0 7 1374 0 10 1411 0
-33.5682 -20.0862 162.718
183 176 184
2 11 358 0 7 816 0
5.20044 14.6584 162.245
212 205 221
2 9 384 0 6 236 0
-22.2426 -18.896 162.246
193 177 188
2 8 1415 0 2 1463 0
6.20562 11.8141 162.191
192 208 143
2 9 1162 0 3 1365 0
7.7864 9.03542 162.902
140 170 118
2 5 245 0 3 27 0
-18.8762 -17.5701 162.197
141 164 96
2 1 932 0 10 870 0
-22.2242 -42.1812 161.208
102 110 61
2 2 1080 0 7 1060 0
-14.7537 -32.9348 161.082
125 135 82
2 8 1023 0 2 1087 0
-10.8079 -43.7071 160.228
177 169 180
3 11 1290 0 2 1225 0 7 1310 0
-5.14545 -28.7598 160.346
157 165 108
5 0 1213 0 8 1167 0 11 1122 0 2 1280 0 7 1297 0
1.39344 -43.7322 158.234
187 166 185
3 8 571 0 11 345 0 2 627 0
-14.6064 -31.5606 161.036
97 113 51
2 8 206 0 2 144 0
-29.238 -16.9673 162.342
173 167 177
2 11 1228 0 7 1211 0
-26.852 -40.1729 162.086
197 191 195
2 2 516 0 7 458 0
-3.41855 -19.8015 160.971
145 159 98
5 0 1050 0 8 893 0 11 1099 0 2 1038 0 4 939 0
3.68681 -32.1708 164.249
4 3 21
2 8 256 0 2 234 0
-14.7836 -25.3365 161.512
105 131 57
3 0 978 0 8 924 0 11 1173 0
4.81741 -33.4894 162.891
163 147 150
2 8 442 0 2 433 0
-15.7313 -23.2343 161.721
101 121 50
2 8 217 0 2 590 0
-22.0122 -28.1546 162.001
142 153 93
3 11 867 0 7 903 0 10 1088 0
-2.20924 -13.373 161.386
72 94 56
4 0 1288 0 8 1212 0 6 1308 0 4 1300 0
-27.3372 -19.1848 162.356
177 170 186
3 1 1249 0 2 1049 0 10 1225 0
-16.1742 -15.9804 162.027
129 149 78
2 11 611 0 10 982 0
5.42542 -52.8948 157.322
92 78 93
2 8 676 0 2 636 0
0.915764 -29.9293 160.469
194 182 194
4 8 306 0 11 1 0 2 47 0 7 42 0
-27.5243 -22.0057 162.243
188 175 192
3 8 248 0 11 144 0 2 185 0
8.69384 -22.3102 160.594
108 109 137
3 0 674 0 6 772 0 4 727 0
-26.556 -27.848 162.165
107 133 62
2 11 1498 0 2 1378 0
-8.63718 3.25786 162.395
180 176 190
2 0 1096 0 6 1070 0
-9.40985 -59.1042 158.425
37 25 49
2 2 65 0 7 51 0
9.31715 -23.3415 160.562
68 74 108
2 0 208 0 8 364 0
-12.1023 -18.1562 161.42
110 131 66
4 0 957 0 1 1101 0 11 972 0 10 1133 0
-16.71 -20.5914 162.027
106 129 61
4 11 492 0 1 494 0 7 352 0 10 812 0
-12.87 -45.3604 160.652
180 174 188
2 11 139 0 7 227 0
-6.51565 5.71265 162.356
42 52 88
2 0 1121 0 6 1125 0
-4.95613 -38.4865 160.312
197 186 202
3 8 1290 0 2 1350 0 7 1425 0
17.7459 18.2687 162.176
238 224 237
2 5 1041 0 3 1000 0
3.17859 8.27588 162.241
135 125 136
4 0 1015 0 5 737 0 9 203 0 6 1040 0
-19.404 -18.8885 162.544
187 180 174
3 8 668 0 11 984 0 7 1115 0
-12.4447 -13.4528 161.593
104 127 55
2 0 1342 0 11 1372 0
4.37473 0.602494 161.927
33 37 62
3 4 938 0 3 1296 0 6 1109 0
9.18806 2.72508 161.714
75 83 129
3 9 522 0 6 438 0 3 601 0
-26.6458 -15.7752 162.342
183 177 187
3 11 801 0 1 925 0 7 911 0
-27.4341 -27.7585 162.176
117 135 73
3 11 762 0 7 832 0 10 1047 0
16.5189 -49.825 156.998
84 81 88
2 8 94 0 2 168 0
-25.2146 -29.8677 161.927
94 127 48
4 11 917 0 2 853 0 7 1121 0 10 1019 0
4.49604 -44.5417 158.1
176 157 177
2 8 570 0 2 646 0
5.03531 -28.3513 160.492
152 144 157
3 8 205 0 2 227 0 4 579 0
8.42345 -8.23037 161.574
53 71 31
2 0 429 0 6 454 0
-59.3093 13.3861 164.721
80 94 32
2 1 713 0 10 630 0
-0.536035 1.72377 162.184
168 183 128
2 1 1380 0 9 1397 0
8.55742 -18.7058 160.751
26 48 35
4 0 1265 0 8 1309 0 6 1267 0 4 1386 0
0.327859 6.64311 162.304
198 192 202
2 0 241 0 9 6 0
-8.33944 -50.1977 160.805
144 161 117
2 11 446 0 7 385 0
-18.6918 -30.5786 161.701
106 127 58
4 8 731 0 11 887 0 2 854 0 7 801 0
-2.64025 -18.361 161.176
120 148 61
2 6 919 0 4 583 0
-26.5346 -23.5723 162.199
174 160 173
2 7 50 0 10 32 0
15.2094 -0.802411 161.474
66 80 115
2 6 1034 0 4 1002 0
-2.21597 -13.3717 161.39
72 94 56
3 0 1287 0 6 1309 0 4 1301 0
-0.818297 8.51512 162.297
151 145 157
4 0 821 0 5 982 0 9 818 0 6 840 0
-13.4357 -16.7562 161.886
102 123 54
2 0 686 0 2 418 0
-29.1868 -40.3585 162.065
28 42 43
2 2 278 0 7 187 0
27.618 -51.501 157.48
71 65 79
2 8 1042 0 2 1113 0
-21.3227 -8.93383 162.294
190 184 198
4 0 414 0 9 802 0 11 415 0 7 641 0
-19.7935 -16.9741 162.298
152 161 114
6 1 127 0 2 98 0 7 17 0 8 81 0 10 484 0 11 373 0
-3.45114 -18.8967 161.02
146 159 90
4 0 265 0 8 280 0 11 183 0 4 243 0
-9.68081 -9.75551 161.286
111 129 53
2 8 1104 0 4 1097 0
11.6924 -28.5538 160.168
196 182 197
3 8 842 0 6 1104 0 4 1029 0
-37.5299 -27.1297 162.235
174 167 183
2 7 1462 0 10 1494 0
4.08873 -47.846 157.818
148 129 149
2 8 1237 0 2 1329 0
7.39666 -49.5081 157.599
180 176 193
2 8 502 0 2 560 0
-6.47156 -54.1191 159.024
168 154 154
2 11 1541 0 7 1538 0
-22.1533 -20.6748 162.214
182 165 173
2 7 251 0 10 37 0
-17.3597 -30.6411 161.481
96 119 51
3 8 745 0 11 1081 0 2 1010 0
6.44776 -14.2133 161.413
160 170 101
3 0 941 0 8 697 0 4 651 0
-5.8418 -23.4207 160.535
136 144 87
2 8 773 0 4 849 0
16.3588 -26.1866 160.243
217 207 216
2 11 173 0 4 175 0
16.3309 -19.3556 160.608
178 175 192
4 0 714 0 8 695 0 6 712 0 4 768 0
3.54917 6.94448 162.134
183 167 178
3 5 844 0 6 706 0 4 611 0
16.3938 -25.0518 160.296
219 209 218
4 0 446 0 8 408 0 11 431 0 4 362 0
-20.4022 -44.5342 160.657
195 186 171
2 2 758 0 7 578 0
-18.6472 -26.4511 161.902
123 144 79
2 11 233 0 1 667 0
24.509 -15.9624 160.81
97 96 114
2 0 299 0 6 288 0
-9.15514 -2.42024 162.3
177 170 177
7 0 1413 0 1 1617 0 4 1434 0 6 1450 0 8 1332 0 9 1670 0 11 1499 0
-2.52345 -28.3773 160.433
122 144 69
2 8 79 0 7 410 0
13.1056 -35.4074 160.079
123 144 87
3 8 348 0 11 316 0 4 292 0
-16.9345 -18.9618 162.135
104 124 52
3 8 1248 0 11 1389 0 2 1334 0
-34.6512 -19.3219 162.239
58 61 44
2 11 639 0 7 799 0
-23.9058 -22.6452 162.176
185 168 178
4 8 702 0 11 789 0 2 760 0 7 782 0
6.24105 5.9397 162.062
180 191 123
3 9 1649 0 6 1461 0 3 1637 0
6.96449 5.0287 162.03
166 174 123
4 5 19 0 9 187 0 6 812 0 4 903 0
-37.4086 -12.0088 162.819
94 121 68
2 1 82 0 10 6 0
-20.0106 -16.3271 162.287
204 198 182
7 0 470 0 1 648 0 2 515 0 7 650 0 8 443 0 10 789 0 11 551 0
-9.09112 -21.4341 160.621
113 123 73
3 0 574 0 11 379 0 7 353 0
-8.10431 -3.90115 162.214
153 159 97
5 11 1023 0 8 911 0 1 1017 0 6 887 0 4 892 0
-10.0964 -16.2475 160.9
143 165 93
4 0 159 0 8 482 0 2 565 0 4 606 0
11.2999 -29.2791 160.046
185 173 187
2 8 1303 0 4 1401 0
-2.04113 -19.7635 160.966
143 158 93
5 0 541 0 8 603 0 11 811 0 2 757 0 6 9 0
4.85303 -46.529 157.891
179 165 182
2 11 1481 0 7 1489 0
21.4874 -10.7231 161.129
139 162 80
2 6 1100 0 4 904 0
6.22884 -24.1795 160.639
74 71 102
2 8 183 0 4 230 0
-16.3728 -29.6281 161.463
148 157 112
2 11 1185 0 7 1145 0
-21.3168 -11.1422 162.367
188 180 191
4 0 565 0 8 380 0 11 708 0 7 627 0
-13.2251 -31.1174 160.843
135 138 93
4 8 780 0 11 835 0 2 840 0 7 759 0
2.31226 -18.4657 161.019
128 155 78
2 0 1044 0 11 1104 0
-20.8224 -29.6793 161.861
115 132 61
2 8 714 0 2 717 0
-7.13395 -28.7836 160.188
166 160 110
3 0 1153 0 2 1178 0 7 1198 0
-22.301 -11.1734 162.261
190 182 193
4 0 413 0 1 386 0 7 654 0 10 466 0
1.33966 -29.24 160.438
187 180 188
3 11 1222 0 2 1173 0 7 1244 0
-35.5584 -21.4982 162.224
59 58 89
2 7 22 0 10 75 0
-18.483 -6.78387 162.266
63 71 107
2 0 1018 0 10 1188 0
6.92959 -15.7375 161.194
152 175 97
4 0 504 0 11 711 0 6 733 0 4 755 0
9.61106 -7.36305 161.491
43 66 24
3 0 266 0 6 215 0 4 322 0
12.9542 -31.5879 160.161
187 171 184
2 8 117 0 11 166 0
2.01267 -20.8619 160.918
123 151 77
3 0 651 0 11 794 0 6 581 0
-40.9155 -26.9476 162.208
46 49 84
2 7 809 0 10 871 0
-14.103 -26.9405 161.388
103 117 58
2 2 1124 0 7 940 0
7.91447 10.7191 162.46
164 174 101
2 5 1344 0 3 1388 0
6.39371 -38.7337 160.589
89 123 72
2 0 860 0 11 634 0
-2.4423 -37.2888 160.327
133 147 94
3 0 209 0 2 472 0 7 113 0
15.9783 -14.8727 160.842
186 178 189
2 0 522 0 6 1102 0
-34.5469 -32.609 162.122
188 181 188
2 7 1199 0 10 1326 0
7.25783 -26.5344 160.597
168 157 173
2 8 1020 0 4 1050 0
-23.1585 -21.7983 162.157
186 164 177
2 2 46 0 7 381 0
-9.53806 -42.1333 160.262
176 168 179
3 11 1219 0 2 1156 0 7 1212 0
-25.8645 -22.9879 162.024
182 165 181
2 8 712 0 11 673 0
-10.9322 -4.8567 162.325
171 176 144
4 0 67 0 8 191 0 6 423 0 4 537 0
-22.5684 -27.6167 162.058
102 127 44
2 8 770 0 11 739 0
-10.3333 -25.0862 160.817
110 120 60
2 8 1407 0 2 1455 0
-23.7773 -29.4339 161.979
132 156 82
3 11 240 0 2 197 0 7 153 0
-33.3932 -29.9437 162.098
175 161 174
2 7 485 0 10 685 0
-57.2135 16.0314 164.745
147 176 70
2 1 1676 0 10 1575 0
-7.14973 3.35438 162.408
183 176 184
4 0 1286 0 9 1411 0 6 1319 0 3 1505 0
8.55409 -16.7578 161.072
129 153 77
4 0 913 0 8 965 0 11 1041 0 4 1021 0
-0.647702 9.16315 162.334
90 88 109
3 0 586 0 5 741 0 6 576 0
-18.0276 -9.24072 162.344
175 167 180
5 0 1373 0 1 1605 0 9 1620 0 11 1471 0 7 1466 0
16.8619 -26.3771 160.215
196 184 188
4 0 124 0 8 212 0 11 663 0 6 447 0
-10.9618 -8.56855 162.006
96 118 54
2 0 606 0 11 473 0
-25.8504 -41.3245 161.84
118 116 91
2 2 85 0 7 6 0
-22.8886 -39.8392 161.412
172 160 164
2 2 664 0 7 560 0
-15.2908 -11.9181 162.207
137 140 85
2 2 1170 0 4 1117 0
5.35671 7.21099 162.251
164 176 100
4 5 1540 0 9 1655 0 6 1429 0 3 1642 0
15.9199 -8.55157 161.275
159 153 155
2 6 1082 0 4 1016 0
-11.7597 -12.8851 161.146
97 116 52
2 8 1368 0 2 1409 0
-10.4776 0.39296 162.302
188 181 189
2 0 1460 0 11 1573 0
2.26155 -39.6337 159.959
148 175 104
2 0 759 0 11 907 0
17.554 -18.2069 160.723
205 195 206
2 0 325 0 8 163 0
-21.3631 -16.0524 162.417
183 162 159
5 11 1488 0 1 1646 0 2 1380 0 7 1498 0 10 1568 0
-17.4707 -15.1896 162.267
28 40 26
6 0 616 0 1 607 0 2 714 0 4 919 0 8 761 0 11 327 0
12.2423 -22.858 160.494
194 189 212
2 8 70 0 4 77 0
9.99203 4.78437 161.741
176 188 126
2 9 1304 0 6 1121 0
10.6798 7.88993 162.417
171 190 145
2 5 913 0 3 939 0
-8.36349 -25.4681 160.306
151 161 101
3 0 797 0 8 602 0 4 220 0
-24.1533 -3.32304 169.594
112 140 89
2 0 1158 0 11 1051 0
20.6847 -26.7341 160.805
157 170 114
2 0 1434 0 6 1422 0
-23.2807 -39.2071 161.514
112 116 66
2 2 1206 0 7 1159 0
8.56547 1.274 161.735
62 72 121
5 5 79 0 9 192 0 4 388 0 3 407 0 6 261 0
-20.5739 -16.3039 162.275
175 152 158
5 8 101 0 1 481 0 2 348 0 7 496 0 10 677 0
-28.1925 -25.8608 162.12
184 171 181
2 7 1595 0 10 1722 0
-3.91291 -38.0201 160.285
143 132 140
2 11 1215 0 7 1222 0
17.2206 -11.3654 161.012
183 175 186
2 0 189 0 6 200 0
16.264 -0.0185456 161.54
58 71 105
2 6 1251 0 4 1178 0
-10.5213 -48.0618 160.505
108 136 75
2 11 1446 0 7 1455 0
-4.15947 -36.8992 160.33
183 173 182
4 0 1041 0 8 1016 0 11 1075 0 7 1083 0
-20.3279 -49.9006 160.205
152 134 150
2 2 6 0 7 254 0
10.2634 -15.4276 160.624
121 141 70
2 8 106 0 4 37 0
-23.7133 -28.9328 162.056
127 151 65
3 8 315 0 11 109 0 2 61 0
2.81029 -37.4112 161.104
132 155 75
3 0 1016 0 11 1282 0 7 1316 0
-53.3375 12.9736 164.328
57 65 28
2 1 921 0 10 901 0
2.96593 -30.9881 160.454
189 178 184
4 0 135 0 11 420 0 2 535 0 7 360 0
-12.2933 -10.1118 162.656
97 117 54
4 0 1506 0 1 1800 0 9 1806 0 11 1611 0
24.3585 -16.5654 160.828
182 171 175
2 0 829 0 6 861 0
8.00565 12.0935 162.259
175 173 125
2 6 1425 0 3 1633 0
19.0682 -22.4451 160.485
171 165 141
2 8 297 0 6 86 0
-12.8736 -29.9828 161.109
109 130 65
2 11 997 0 7 644 0
-13.8436 -46.905 160.269
171 162 183
2 2 1040 0 7 1039 0
22.2939 -45.7884 157.544
114 89 93
2 8 999 0 2 1024 0
-12.8457 -12.3266 161.714
124 133 78
4 0 1190 0 8 1215 0 2 1298 0 4 1208 0
-15.9001 -21.1192 161.948
137 151 92
2 0 125 0 8 261 0
-5.24993 -34.1661 160.376
141 127 142
4 8 882 0 11 964 0 2 976 0 7 1003 0
16.3073 -14.8747 160.803
185 179 183
2 6 1501 0 4 1472 0
-36.1415 -27.0099 162.329
173 161 183
3 2 523 0 7 730 0 10 890 0
-7.6716 -26.2624 160.503
93 104 46
2 11 1060 0 7 1207 0
9.92347 -16.9847 160.81
123 148 80
2 0 965 0 8 889 0
-3.95648 -25.2552 160.599
144 159 92
2 11 1029 0 2 995 0
-12.6974 10.799 172.128
41 67 38
2 0 1504 0 6 1562 0
14.6869 -33.6007 161.28
69 84 125
2 8 91 0 11 675 0
-20.872 -9.34157 162.282
186 176 187
3 0 1409 0 11 1506 0 7 1502 0
-12.5654 -13.4575 161.697
155 173 99
2 1 1489 0 10 1355 0
-1.28185 -38.5043 160.258
99 119 56
2 8 515 0 2 539 0
18.2764 -12.8276 161.012
185 178 185
2 6 949 0 4 875 0
-13.6683 -19.286 161.714
143 151 102
5 0 646 0 11 655 0 1 788 0 7 679 0 10 503 0
-14.1588 -17.446 161.809
140 156 91
3 0 327 0 2 250 0 7 142 0
-25.8169 -20.4391 162.237
199 187 201
5 8 535 0 11 256 0 2 655 0 7 262 0 10 59 0
-32.8913 -37.6038 162.052
116 124 49
2 2 1394 0 7 1513 0
0.258099 -35.5286 160.378
107 139 63
3 0 1325 0 11 1439 0 7 1453 0
-12.7875 -4.25966 162.472
181 176 183
5 0 1209 0 8 1123 0 1 1357 0 11 1292 0 4 1175 0
-6.23408 -35.2544 160.354
153 140 149
5 0 800 0 8 683 0 11 861 0 2 649 0 7 988 0
-28.9475 -37.1306 162.226
109 127 51
2 2 394 0 7 828 0
-22.814 -42.754 161.243
164 155 150
2 2 573 0 7 549 0
-9.80693 -45.5033 160.539
114 140 77
2 11 42 0 7 130 0
21.0353 15.696 162.074
242 235 253
2 5 240 0 3 267 0
9.8756 -14.0818 161.1
137 149 85
3 8 741 0 6 298 0 4 465 0
0.51723 -39.2018 160.154
89 119 57
3 0 386 0 11 314 0 7 275 0
8.53726 2.7231 161.743
168 163 193
5 5 682 0 9 487 0 4 324 0 3 585 0 6 425 0
-26.4803 -18.8958 162.178
168 165 176
3 11 1598 0 7 1583 0 10 1702 0
-1.47237 8.81445 162.324
75 81 115
2 0 1273 0 6 1300 0
-27.5979 -42.3065 161.676
63 72 43
2 2 1331 0 7 1368 0
-19.2369 -10.8184 162.363
172 166 178
6 0 1352 0 1 1590 0 7 1448 0 8 1283 0 10 1526 0 11 1444 0
6.95874 -50.3312 157.792
96 72 88
2 8 1177 0 2 1153 0
-31.11 -22.0368 162.357
174 168 178
4 11 885 0 2 828 0 7 934 0 10 996 0
-11.0204 -18.1795 161.176
101 112 52
2 8 228 0 2 490 0
-11.6649 -41.5728 160.87
179 171 182
3 11 654 0 2 391 0 7 63 0
3.29418 -37.9367 160.396
114 130 67
2 8 1085 0 2 1142 0
12.1396 -23.6367 160.434
198 186 196
4 0 1231 0 8 1129 0 6 1318 0 4 1221 0
6.39106 11.0801 162.32
211 207 160
2 5 803 0 3 961 0
-5.43338 -8.08262 161.602
126 143 65
2 0 747 0 11 734 0
20.5646 -45.873 157.501
187 170 178
3 8 826 0 2 860 0 4 865 0
-0.35404 10.6659 162.379
162 158 173
2 0 173 0 6 45 0
-19.1172 -6.29792 162.217
141 142 162
3 11 359 0 7 493 0 10 407 0
10.4353 -53.3721 156.733
73 77 86
2 8 1235 0 2 1302 0
9.21719 -20.7579 161.164
45 58 100
2 0 1320 0 6 1246 0
-7.64432 -3.43816 162.399
104 130 56
4 0 687 0 8 539 0 11 543 0 4 846 0
-8.08252 -18.5556 160.664
128 144 81
3 11 914 0 2 866 0 7 1059 0
-10.6773 -30.0961 160.495
113 134 59
5 0 1119 0 8 989 0 11 1154 0 2 996 0 7 1111 0
-16.6791 -20.6151 161.876
112 136 60
2 0 370 0 11 491 0
-22.7409 -30.764 161.668
115 127 63
2 2 1134 0 7 926 0
8.28785 -53.6929 157.392
96 85 89
2 8 1382 0 2 1430 0
-2.64371 -16.7793 161.382
136 154 80
2 0 865 0 11 698 0
-4.15947 -36.8992 160.33
183 173 182
4 0 1040 0 8 1015 0 11 1074 0 7 1082 0
9.69529 -49.9588 157.335
102 82 91
2 8 232 0 2 363 0
-12.1233 -41.4299 160.489
190 179 173
2 11 526 0 7 736 0
-19.8176 -20.018 162.383
126 143 73
2 8 68 0 2 277 0
5.22858 -23.593 171.956
42 56 41
2 8 389 0 4 625 0
2.29818 -28.374 160.47
186 178 189
2 11 1251 0 2 1181 0
-19.7525 -33.253 161.682
115 134 68
2 8 544 0 2 691 0
-27.7983 -40.0965 162.065
29 43 46
2 2 1367 0 7 1452 0
-12.9391 -51.1489 160.127
204 191 201
2 2 800 0 7 849 0
-24.8571 -25.9029 162.16
131 141 78
5 8 1350 0 11 1530 0 2 1410 0 7 1522 0 10 1609 0
-0.374901 4.8768 162.427
212 204 217
2 9 876 0 3 1089 0
-23.4693 -21.4736 162.18
197 182 187
2 11 73 0 2 269 0
-10.8278 -9.95578 161.189
187 196 141
2 1 765 0 9 579 0
-29.9079 -13.7928 164.956
83 100 56
2 11 1472 0 7 1481 0
-26.02 -15.0469 162.331
182 177 184
3 11 923 0 1 1088 0 7 957 0
8.51332 5.13314 161.932
127 137 77
3 4 717 0 3 718 0 6 725 0
8.48086 -3.44911 161.436
188 183 177
2 6 399 0 4 150 0
19.6206 -4.67016 161.516
139 164 81
2 6 1289 0 4 1151 0
-33.3932 -29.9437 162.098
175 161 174
2 7 486 0 10 684 0
1.99465 -34.678 161.389
209 194 199
2 8 956 0 2 1312 0
20.5878 -4.90734 161.583
156 180 96
2 6 1078 0 4 907 0
-10.2863 -2.06664 162.276
167 156 173
2 8 391 0 11 669 0
13.3753 17.5179 162.212
165 186 111
2 5 1124 0 3 1045 0
-15.1338 -18.7649 161.914
116 132 67
3 0 305 0 2 134 0 7 45 0
-6.18077 -16.992 160.796
114 126 62
2 8 360 0 4 355 0
-19.4909 -14.3739 162.319
204 185 187
4 0 1108 0 8 1037 0 11 1103 0 4 1075 0
-3.40892 6.43342 162.406
180 173 181
2 0 1472 0 6 1525 0
-9.02648 -6.77654 161.708
157 173 108
2 1 414 0 9 227 0
-0.228153 -24.1467 160.507
108 137 57
4 0 924 0 8 59 0 11 796 0 2 352 0
2.29995 -28.3669 160.478
177 169 184
2 8 1116 0 2 1182 0
-12.7303 -34.3708 160.573
139 160 91
2 11 478 0 7 545 0
-15.4835 -30.3585 161.238
96 105 58
2 2 899 0 7 864 0
-0.161369 -29.3715 160.504
201 196 203
4 0 739 0 8 485 0 11 517 0 2 479 0
-14.7895 -32.8933 160.963
125 135 82
4 8 1024 0 11 965 0 2 1086 0 7 1064 0
-32.5892 -18.4577 162.317
61 65 92
2 11 465 0 7 470 0
-6.05588 -2.07699 162.314
100 119 53
7 0 1485 0 1 1770 0 3 1788 0 6 1558 0 8 1401 0 9 1776 0 11 1597 0
7.38033 3.50796 161.839
204 197 215
5 5 1065 0 9 927 0 4 680 0 3 1049 0 6 795 0
6.33438 -19.2709 160.935
34 45 37
2 0 484 0 6 482 0
-3.93858 -10.2434 161.121
173 180 136
2 0 1027 0 1 1391 0
-12.934 -15.2866 161.689
109 129 57
7 0 1235 0 2 1164 0 4 1224 0 8 1119 0 9 1330 0 10 1095 0 11 1285 0
-4.1068 -39.0543 160.299
137 133 108
4 8 738 0 11 374 0 2 458 0 7 566 0
6.61058 3.06545 161.888
40 51 96
3 4 962 0 3 1399 0 6 1124 0
-23.3739 -37.6357 161.65
218 209 192
2 2 349 0 7 253 0
-3.48385 -31.9371 160.422
183 173 181
2 8 650 0 2 813 0
-1.31798 -1.37237 162.035
181 201 129
2 9 60 0 3 238 0
-14.7821 -32.8978 160.984
125 135 82
3 8 1025 0 2 1088 0 7 1065 0
-5.83705 -10.8526 161.194
140 148 75
2 8 405 0 4 591 0
15.3987 -35.6896 160.569
38 52 55
2 8 802 0 4 734 0
-18.012 -14.788 162.523
32 44 44
2 0 272 0 1 420 0
6.89159 -22.6282 160.606
46 60 97
3 0 1021 0 6 1117 0 4 1096 0
-2.38547 -35.2406 160.095
198 191 199
2 11 1116 0 7 1125 0
-22.3989 -22.8508 162.241
110 120 68
2 2 837 0 7 947 0
-33.7523 -23.9475 162.284
149 137 161
2 2 268 0 7 71 0
-1.60258 -22.5383 160.821
107 136 54
2 0 834 0 2 980 0
-23.6644 -42.9027 161.294
184 172 172
2 2 1395 0 7 1471 0
-23.4533 -43.5729 161.206
174 166 153
2 2 645 0 7 699 0
9.06261 -0.524772 161.626
53 66 100
2 6 711 0 4 676 0
1.51028 3.23551 162.148
207 199 210
2 9 1086 0 3 1159 0
-14.301 -20.122 161.794
149 165 100
3 1 774 0 7 917 0 10 836 0
-21.9209 -16.2157 162.396
167 151 161
3 8 1137 0 11 1343 0 2 1272 0
-8.58206 -38.595 160.379
174 163 177
3 8 257 0 2 166 0 7 30 0
-5.5276 -35.9198 160.339
188 175 193
2 2 1209 0 7 1254 0
13.1124 -17.9773 160.733
80 87 129
2 8 1059 0 4 1110 0
-22.2075 -18.9126 162.3
195 180 185
4 11 1609 0 1 1804 0 7 1593 0 10 1715 0
-5.87097 -53.3094 159.257
198 183 186
2 11 39 0 2 749 0
15.3361 7.48108 161.967
165 181 108
2 5 1220 0 6 1053 0
10.7965 -22.8602 160.538
52 65 107
3 0 1139 0 8 1053 0 6 1144 0
-4.77584 -37.4126 160.294
186 176 185
2 0 259 0 8 231 0
-19.9849 -34.5156 161.558
128 148 79
2 11 1141 0 7 1099 0
-15.8567 -19.4764 162.049
168 179 119
3 1 244 0 7 810 0 10 187 0
-2.88227 -39.1301 160.178
176 161 168
2 8 1306 0 2 1375 0
12.4714 -7.32317 161.217
197 191 201
3 0 722 0 6 408 0 4 335 0
12.946 -26.2169 160.39
214 204 213
3 0 1271 0 8 1184 0 6 1312 0
15.8026 -29.8993 161.431
180 204 248
2 8 1217 0 4 1332 0
-7.82983 -4.72149 161.986
89 101 53
2 0 983 0 6 939 0
-6.31363 -29.4711 160.278
136 135 79
2 0 1145 0 11 1259 0
-12.4903 -42.0333 160.195
189 179 177
2 11 305 0 7 289 0
8.30193 -21.3042 160.768
41 50 93
2 8 990 0 4 1086 0
-12.2664 -29.3635 160.776
144 139 107
4 8 974 0 11 1006 0 2 1022 0 7 1055 0
-24.219 -27.0678 162.051
125 146 77
3 11 660 0 7 719 0 10 1049 0
-5.15391 3.69101 162.251
183 176 184
3 0 1170 0 9 1318 0 6 1191 0
-11.9442 -15.2459 161.488
106 123 55
2 8 203 0 4 454 0
-5.66601 -35.6527 160.297
191 181 190
2 0 808 0 7 657 0
-12.5776 -8.20488 162.156
97 122 57
4 11 132 0 1 94 0 9 73 0 4 81 0
-7.11223 -20.9104 160.281
110 112 65
2 0 1099 0 11 1254 0
-40.8553 -12.0019 163.048
101 123 61
2 11 1067 0 7 1066 0
-5.80198 -40.8621 160.293
126 130 93
3 8 598 0 2 618 0 7 656 0
13.7144 -29.4201 160.551
225 213 225
2 8 1030 0 4 758 0
-11.1994 -42.3127 160.3
203 192 209
2 2 378 0 7 580 0
-5.17495 -8.55774 161.58
178 181 124
3 11 101 0 1 210 0 9 310 0
-18.4322 -24.4607 161.96
129 140 72
3 8 507 0 11 595 0 2 448 0
10.3517 -17.7566 160.867
177 165 175
2 8 1201 0 4 1267 0
-4.29385 0.619348 162.169
115 145 73
3 0 1152 0 1 1191 0 9 1256 0
7.43301 -33.8233 160.392
23 35 31
2 8 1339 0 4 1465 0
-15.2317 -20.1025 161.944
116 134 76
4 11 1348 0 1 1445 0 7 1338 0 10 1362 0
-9.15359 -5.21633 162.16
152 150 102
4 0 1134 0 1 1277 0 9 1258 0 6 988 0
-3.61488 -0.944048 162.02
175 196 119
2 9 1621 0 3 1617 0
-27.1357 -39.0935 162.13
193 182 180
2 2 480 0 7 621 0
-18.7708 -12.2084 162.332
202 190 202
3 8 1374 0 7 1544 0 10 1624 0
-16.6531 -20.5731 161.87
109 129 60
2 8 662 0 2 838 0
-16.9363 -31.3167 161.409
141 154 101
2 11 549 0 7 775 0
-15.4835 -30.3585 161.238
96 105 58
2 2 900 0 7 863 0
11.3751 -21.0761 160.587
51 63 105
5 0 30 0 8 31 0 11 67 0 6 19 0 4 360 0
20.9373 -18.6291 160.568
179 178 158
2 0 392 0 6 374 0
-15.3173 -15.5005 162.075
112 125 56
2 8 1261 0 4 1361 0
-14.8373 -17.2143 161.819
112 125 55
2 8 580 0 4 507 0
-39.9812 -28.5379 162.256
162 155 171
2 7 740 0 10 1016 0
-15.6211 -6.91394 162.237
179 171 182
4 0 1316 0 8 1230 0 9 1523 0 11 1413 0
21.6593 -4.24941 161.413
163 187 103
2 6 458 0 4 372 0
-15.0101 -43.5912 160.385
113 139 65
2 11 202 0 7 145 0
-17.1816 -17.4914 162.048
99 126 47
6 0 71 0 2 281 0 4 642 0 7 348 0 8 759 0 10 594 0
-6.7326 -10.3614 161.377
165 174 117
5 0 316 0 11 882 0 1 1047 0 9 924 0 6 479 0
-3.1726 -38.2499 160.273
188 172 172
2 8 804 0 7 986 0
7.6236 -24.6141 160.588
194 183 197
2 8 957 0 4 1045 0
-23.4962 -12.6724 162.403
190 184 194
4 0 157 0 1 526 0 7 398 0 10 266 0
-15.3173 -15.5005 162.075
112 125 56
2 8 1260 0 4 1362 0
-11.9672 -15.1617 161.453
104 125 58
2 0 239 0 11 486 0
-13.5964 -13.2959 161.89
158 171 102
2 1 1270 0 10 1175 0
-22.6724 -10.8755 162.249
94 96 119
4 11 25 0 1 24 0 7 92 0 10 107 0
0.290785 1.0241 162.023
189 209 138
2 1 948 0 9 954 0
-4.65801 -36.1025 160.37
147 137 146
3 11 1264 0 2 1155 0 7 1266 0
15.027 -27.2505 160.185
205 194 200
2 0 270 0 8 148 0
-34.7496 -33.2141 162.154
107 121 72
2 7 368 0 10 162 0
-16.8153 -37.8208 160.739
151 165 104
3 11 277 0 2 600 0 7 318 0
-7.11495 -31.3732 160.398
131 132 75
3 0 1383 0 11 1489 0 7 1501 0
15.6968 -2.16183 161.49
67 77 104
2 6 746 0 4 754 0
7.321 11.5921 162.214
170 177 110
2 5 78 0 9 794 0
8.72004 4.22726 161.799
63 71 94
2 9 1633 0 3 1622 0
13.2268 -13.6308 161.197
194 186 197
2 0 168 0 6 331 0
-33.4525 -26.9025 162.262
173 161 185
2 2 177 0 10 244 0
12.596 -28.4199 160.173
215 203 215
3 8 1207 0 6 1313 0 4 1289 0
-12.6686 -28.4513 160.837
105 125 56
2 0 810 0 11 713 0
-23.6949 -38.4834 161.678
191 179 165
2 2 509 0 7 367 0
1.90996 7.30594 162.304
199 188 202
2 5 973 0 9 778 0
-2.04062 10.5376 162.334
53 59 91
2 0 458 0 6 450 0
8.18614 -23.6974 160.608
52 59 101
2 8 1336 0 4 1431 0
17.2361 -28.2107 160.389
210 200 209
2 0 915 0 11 1093 0
-28.7116 -28.9103 162.186
106 120 67
2 2 815 0 7 938 0
13.4172 -25.4457 160.367
188 172 185
2 8 616 0 4 721 0
26.0307 -48.6496 157.457
182 169 179
3 8 250 0 2 170 0 4 428 0
-34.2652 -23.62 162.336
177 170 188
2 7 1206 0 10 1288 0
-14.6198 0.291813 162.34
44 48 51
2 0 513 0 6 488 0
-34.5059 -25.4278 162.323
167 155 177
3 2 522 0 7 441 0 10 960 0
-11.7946 -20.6598 161.084
154 158 107
2 0 1156 0 4 1171 0
-20.4505 -17.2262 162.344
201 192 187
5 11 1422 0 8 1293 0 1 1561 0 2 1354 0 7 1397 0
-18.5109 -5.99546 162.248
155 154 172
4 11 197 0 1 266 0 9 439 0 10 491 0
-9.60008 -35.0299 160.506
120 147 68
2 11 1458 0 7 1405 0
-1.93461 -17.982 161.144
142 154 90
4 0 844 0 8 621 0 6 741 0 4 860 0
-0.534133 -31.3543 160.391
191 181 192
3 0 1270 0 2 1278 0 7 1377 0
0.994608 -32.3208 160.362
183 171 183
4 0 448 0 8 332 0 2 184 0 7 602 0
-2.66232 -8.36782 161.734
160 168 131
2 11 593 0 1 756 0
-24.2056 -29.2232 161.97
80 109 43
2 7 831 0 10 1003 0
-27.1171 -24.5349 162.081
183 166 184
2 2 924 0 7 761 0
-8.40676 -2.06314 162.267
176 174 162
2 11 459 0 1 343 0
-4.55672 -9.15542 161.596
207 206 176
3 11 285 0 1 363 0 9 175 0
-30.5974 -20.2082 162.324
159 152 168
2 7 511 0 10 423 0
-4.62812 -38.6486 160.34
204 194 193
5 0 757 0 8 871 0 11 900 0 2 1018 0 7 964 0
2.49602 -48.245 157.913
179 161 183
3 8 1038 0 11 970 0 2 1005 0
-23.5187 -12.6701 162.358
190 184 194
2 0 158 0 7 399 0
-11.8734 -18.8659 161.337
139 149 96
7 0 767 0 1 941 0 2 1006 0 4 616 0 7 1170 0 8 732 0 11 915 0
-19.5733 -30.6401 161.774
121 141 72
2 11 1115 0 7 1142 0
-19.1102 -41.1644 160.879
120 130 70
2 2 115 0 7 206 0
2.73279 -13.2537 161.635
132 144 78
2 0 566 0 11 719 0
11.4857 12.3658 162.345
230 219 201
2 5 1253 0 6 1219 0
-13.017 -9.64561 162.099
125 147 75
7 0 815 0 1 706 0 2 926 0 4 885 0 8 779 0 9 724 0 10 603 0
-22.8126 -24.1284 162.11
118 130 80
4 8 1344 0 2 1411 0 7 1516 0 10 1594 0
-15.4929 -14.3656 162.045
130 142 78
2 8 1064 0 4 1236 0
-5.65467 -4.51468 161.733
211 211 177
2 9 528 0 3 672 0
3.16091 -17.5772 161.074
149 169 98
4 0 763 0 11 1096 0 6 668 0 4 719 0
-1.306 -35.0085 160.32
166 154 164
2 8 480 0 7 524 0
-12.774 -17.8615 161.698
169 180 122
2 1 548 0 10 139 0
-8.90931 2.12408 162.403
49 63 102
2 0 1408 0 6 1446 0
13.6702 -22.0392 160.55
50 61 106
3 8 46 0 11 65 0 4 101 0
-24.014 -16.5441 162.356
196 189 205
3 1 567 0 2 329 0 7 190 0
32.5692 -50.3377 157.623
167 156 173
2 8 1028 0 4 1001 0
-6.30649 -38.1629 160.265
172 161 177
2 8 1156 0 7 1345 0
-20.0482 -31.5087 161.695
145 158 104
2 11 1012 0 7 1135 0
12.0243 4.02519 161.617
182 177 183
2 6 974 0 4 926 0
-3.61034 -27.0471 160.457
155 169 107
4 0 833 0 8 656 0 11 1194 0 2 1133 0
-57.8473 14.8807 164.615
55 65 28
2 1 1184 0 10 851 0
19.7755 -45.8905 157.572
80 66 81
3 8 659 0 2 693 0 4 593 0
-14.1516 -18.9968 161.799
112 121 64
2 8 667 0 4 573 0
37.5212 -44.8139 157.514
168 162 176
2 8 685 0 4 740 0
-21.3316 -8.4609 162.262
60 66 92
2 11 269 0 9 401 0
-36.4232 -31.0391 162.172
177 163 180
2 2 694 0 7 517 0
-7.10988 -13.9546 160.932
155 170 105
3 1 971 0 9 833 0 10 852 0
-15.589 -6.9471 162.486
179 171 182
2 0 1315 0 1 1542 0
-22.6805 -17.6284 162.248
205 191 206
5 8 1224 0 11 1363 0 2 1294 0 7 1288 0 10 1394 0
18.6912 -46.1053 157.608
104 83 92
3 8 981 0 2 1044 0 4 1071 0
-29.6364 -24.363 162.291
182 172 180
2 11 986 0 7 980 0
-25.7194 -12.0709 162.233
145 141 155
2 11 792 0 7 805 0
8.53726 2.7231 161.743
168 163 193
5 5 683 0 9 488 0 4 325 0 3 586 0 6 426 0
-24.4808 -22.3485 162.117
224 211 221
2 1 661 0 10 599 0
12.4714 -7.32317 161.217
197 191 201
3 0 724 0 6 407 0 4 334 0
-11.8612 -1.08555 162.299
85 82 109
4 8 913 0 11 1057 0 6 902 0 4 901 0
10.9825 4.27778 161.767
77 92 111
2 5 1523 0 9 1543 0
1.31883 -29.2449 160.477
179 168 184
5 8 1095 0 11 1223 0 2 1172 0 7 1243 0 4 1129 0
-17.7043 -50.4011 160.215
175 165 189
2 2 1167 0 7 1321 0
-11.4089 -16.4204 161.38
107 129 65
2 11 1207 0 9 1360 0
-28.9636 -26.271 162.171
190 179 187
2 11 1188 0 2 1111 0
-16.0786 -20.1707 161.969
137 150 96
2 7 122 0 10 203 0
-14.1529 -17.4574 161.811
140 156 91
5 0 326 0 8 220 0 2 249 0 7 141 0 4 714 0
-8.63619 -9.83388 161.21
191 195 136
2 1 697 0 9 761 0
-13.0403 -12.1158 161.766
122 131 78
2 8 90 0 4 369 0
-7.73941 -20.11 160.836
180 175 137
2 11 1001 0 7 1117 0
7.8405 -34.7476 160.208
123 146 74
2 8 719 0 4 575 0
-8.275 -14.9168 160.861
143 145 95
2 8 1180 0 4 1251 0
-53.7098 14.3279 164.178
184 185 145
2 1 1599 0 10 1498 0
7.17777 -14.6307 161.29
115 137 54
2 0 871 0 8 979 0
10.1469 -33.4846 160.015
36 60 62
3 8 1051 0 11 955 0 4 1180 0
13.2298 -7.76116 161.091
191 185 195
2 0 1123 0 6 1156 0
-36.0325 -29.4422 162.253
172 168 183
2 7 706 0 10 947 0
-6.53978 -11.0513 161.298
113 129 58
2 8 768 0 4 857 0
4.11664 4.71189 162.15
203 195 208
2 9 1378 0 3 1357 0
-8.69027 -20.1944 160.724
135 147 83
3 0 670 0 11 973 0 7 1157 0
-20.6914 -6.32231 162.225
53 62 103
2 0 1006 0 11 1072 0
7.27823 -0.232737 161.683
41 55 90
2 6 520 0 3 425 0
14.28 -16.2373 160.925
197 193 194
2 6 434 0 4 36 0
-4.62569 -34.3754 160.365
194 182 196
3 8 462 0 2 326 0 7 301 0
-3.73374 -53.6773 157.691
57 71 110
2 11 1130 0 2 1148 0
-11.567 -0.177375 162.34
189 182 190
2 0 1312 0 6 1336 0
0.718294 -45.8063 158.177
69 67 104
3 0 866 0 8 827 0 2 954 0
7.11806 -45.8484 157.811
172 156 169
2 11 531 0 7 747 0
-9.56936 -3.3532 162.338
173 169 158
2 8 125 0 6 198 0
-29.5932 -15.858 162.389
186 179 186
2 11 1508 0 7 1495 0
-2.87384 -39.1463 160.35
176 161 168
4 8 1307 0 11 1463 0 2 1374 0 7 1475 0
-25.0711 -39.4867 161.875
111 107 80
2 2 390 0 7 200 0
-3.6653 6.63942 162.328
216 205 219
2 9 707 0 6 536 0
-9.15585 -23.8844 160.598
147 154 100
4 0 1205 0 11 1311 0 2 1268 0 7 1353 0
-38.5512 -27.8693 162.301
178 171 187
2 7 584 0 10 728 0
10.22 -25.2414 160.373
208 192 202
3 8 188 0 6 141 0 4 188 0
-20.5016 -35.1932 161.582
90 116 51
2 2 795 0 7 758 0
-4.98552 -22.3233 160.692
157 161 100
5 0 779 0 8 760 0 11 700 0 2 876 0 7 837 0
10.0878 -17.9143 160.787
185 180 174
3 0 628 0 6 654 0 4 664 0
-27.1356 -35.5033 161.995
177 162 169
2 2 1343 0 7 1449 0
1.1086 -40.0814 160.187
40 58 36
2 8 986 0 2 938 0
-19.4579 -15.0539 162.374
200 187 181
4 8 109 0 2 15 0 7 204 0 10 188 0
-21.0705 -8.18606 162.263
40 52 90
3 0 1211 0 11 1296 0 7 1292 0
-15.3089 -1.73701 162.299
88 90 115
2 0 654 0 11 623 0
3.69499 -32.3134 164.309
24 22 36
2 0 383 0 11 425 0
16.2999 -28.4097 160.378
48 49 77
4 0 1243 0 8 1029 0 6 1357 0 4 1296 0
-4.92156 -51.0072 158.156
48 46 70
2 2 1002 0 7 999 0
17.0588 -31.2957 160.942
133 155 205
2 8 636 0 4 870 0
-25.4883 -40.6869 161.845
145 143 118
2 2 237 0 7 102 0
-23.4968 -11.6479 162.272
197 193 210
3 1 178 0 7 354 0 10 288 0
-24.9585 -36.6691 161.993
99 107 58
2 2 641 0 7 593 0
-13.676 -18.3513 161.759
112 132 69
2 11 1338 0 7 1349 0
8.70059 -22.3104 160.594
108 109 137
4 0 675 0 8 521 0 6 771 0 4 728 0
-7.56345 -11.3536 161.305
144 154 93
2 0 655 0 11 620 0
-3.94574 -20.1719 160.874
118 125 71
2 8 140 0 4 20 0
12.8932 -16.5745 160.765
191 183 194
2 0 684 0 6 661 0
1.07919 -48.2573 157.92
179 160 180
2 8 578 0 2 793 0
-11.2988 -25.7209 160.707
160 159 115
2 0 1088 0 7 1209 0
-12.2392 -8.8712 162.078
128 136 79
3 8 729 0 11 609 0 4 790 0
-8.54365 -53.1411 159.832
138 145 129
2 11 91 0 7 447 0
21.1308 -49.8207 157.611
151 138 148
2 8 1019 0 4 1037 0
-21.7689 -9.18626 162.285
55 60 92
3 0 72 0 11 136 0 7 135 0
14.4844 -25.8937 160.468
201 190 198
2 0 1188 0 4 1299 0
8.18614 -23.6974 160.608
52 59 101
2 8 1337 0 4 1432 0
-18.8755 -27.9942 161.82
133 153 84
3 11 489 0 2 595 0 7 662 0
-25.0428 -37.6907 162.014
194 185 178
2 2 385 0 7 450 0
-26.7892 -29.9072 162.169
112 138 65
2 11 874 0 7 972 0
-14.1467 -3.04634 162.309
192 185 193
2 0 418 0 8 309 0
-27.0421 -26.7195 162.109
194 190 181
4 11 377 0 2 424 0 7 538 0 10 669 0
-12.2397 -15.9777 161.487
144 152 105
2 11 1197 0 10 1190 0
-3.27053 -17.9824 161.129
148 160 98
3 0 662 0 11 782 0 6 499 0
-26.1485 -24.0964 162.213
174 162 172
2 7 52 0 10 166 0
-33.7523 -23.9475 162.284
149 137 161
2 2 267 0 7 72 0
-21.8578 -34.3119 161.936
104 132 57
2 11 1107 0 7 1166 0
0.985531 -19.7466 160.896
136 156 85
2 0 335 0 11 416 0
21.1748 -3.05054 161.381
171 187 112
2 6 700 0 4 775 0
-6.82012 -1.13998 162.327
109 137 76
3 0 118 0 9 7 0 3 354 0
4.47784 6.50925 162.091
222 209 193
5 0 571 0 5 82 0 9 272 0 4 154 0 3 440 0
