drews 1.0
12 1415
0.555492 0 0
0.747178 -0.664204 -0.0236238
-0.66461 -0.746919 -0.0201429
-0.00426609 0.0307509 -0.999518
-21.478 23.7824 198.647
0.555492 0 0
0.62858 -0.777662 0.0113917
-0.777669 -0.628246 0.0232135
-0.0108954 -0.0234505 -0.999666
-3.9146 -13.0371 198.305
0.555492 0 0
0.640424 -0.767957 0.00998333
-0.76802 -0.640344 0.010255
-0.00148261 -0.0142349 -0.999898
-1.76369 16.3981 198.665
0.555492 0 0
0.75163 -0.659557 -0.00606626
-0.659577 -0.751544 -0.0118468
0.00325459 0.0129056 -0.999911
24.4672 38.9347 197.668
0.555492 0 0
0.733213 -0.679856 -0.0139312
-0.679989 -0.732934 -0.0205571
0.00376524 0.0245458 -0.999692
28.3666 12.8314 198.284
0.555492 0 0
0.783826 -0.620646 -0.0203683
-0.620978 -0.783493 -0.0229029
-0.00174386 0.0306001 -0.99953
-20.0681 -3.87887 199.289
0.555492 0 0
0.734402 -0.678644 -0.00979625
-0.678692 -0.734184 -0.0187569
0.00553703 0.0204238 -0.999776
26.8115 25.8659 197.994
0.555492 0 0
0.737309 -0.675158 -0.0231752
-0.675536 -0.737116 -0.017647
-0.00516826 0.028667 -0.999576
-21.7892 37.2755 198.34
0.555492 0 0
0.626214 -0.77958 0.0105059
-0.779584 -0.625928 0.0215151
-0.0101968 -0.0216633 -0.999713
-2.57007 0.857018 198.708
0.555492 0 0
0.776844 -0.629356 -0.0206003
-0.629666 -0.7767 -0.016073
-0.00588458 0.0254575 -0.999659
-18.9528 -18.4954 199.603
0.555492 0 0
0.77145 -0.635927 -0.0214782
-0.636289 -0.771067 -0.0243152
-0.00109846 0.0324243 -0.999474
-21.4617 10.1306 199.02
0.555492 0 0
0.787871 -0.615629 0.0161077
-0.615362 -0.788021 -0.0187802
0.0242548 0.00488431 -0.999694
-8.42564 36.1075 197.604
-4.75803 -37.4215 160.311
186 176 185
2 1 259 0 9 231 0
15.3395 7.47625 161.981
165 181 108
2 6 1220 0 8 1053 0
4.45667 2.56911 161.942
43 50 69
3 0 1150 0 2 1287 0 10 1249 0
12.4534 -7.32114 161.213
197 191 201
4 1 722 0 2 245 0 8 408 0 5 335 0
9.2941 -12.5032 161.244
29 40 24
2 10 1334 0 8 1384 0
4.7698 17.8426 162.288
31 43 65
3 2 627 0 8 683 0 11 638 0
23.1656 32.3698 161.995
85 96 141
3 3 1425 0 7 1175 0 11 1252 0
15.9977 -23.793 160.336
214 207 215
4 1 774 0 9 604 0 8 718 0 5 769 0
20.4855 8.29525 161.642
179 174 171
2 2 156 0 10 510 0
10.9923 4.26192 161.761
77 92 111
2 6 1522 0 4 1562 0
17.2444 18.294 162.125
169 158 154
5 0 1309 0 6 1655 0 2 1444 0 3 1609 0 11 1414 0
2.74298 6.5588 162.257
152 146 148
3 0 1042 0 2 1164 0 10 1117 0
22.1131 -3.8584 161.46
109 133 49
3 0 675 0 10 707 0 8 846 0
31.7956 33.1211 161.957
193 196 143
2 3 547 0 11 577 0
37.0914 -10.1042 160.6
164 158 158
3 0 1202 0 2 1346 0 10 1315 0
36.2461 2.3646 160.91
189 183 183
2 0 894 0 2 1125 0
50.3817 -15.6042 159.917
31 46 25
3 0 926 0 10 931 0 7 1051 0
17.3911 -27.9651 161.252
34 39 61
2 1 210 0 9 310 0
32.5926 -50.2925 157.549
167 156 173
2 9 1028 0 5 1001 0
6.54208 -3.97722 161.79
98 123 57
2 10 902 0 5 922 0
25.1089 36.8113 162.089
32 40 76
2 7 543 0 11 136 0
57.1436 -4.66864 160.164
197 188 173
2 0 1194 0 7 1227 0
16.8135 -23.0687 160.349
216 204 218
2 9 801 0 5 871 0
19.4301 9.95234 161.772
87 107 44
6 0 855 0 2 672 0 7 868 0 8 682 0 10 891 0 11 880 0
22.1487 16.82 161.964
124 122 143
4 6 479 0 2 21 0 3 117 0 4 285 0
17.913 8.95604 161.933
119 126 59
5 7 1205 0 2 1194 0 10 1267 0 8 1233 0 11 1220 0
5.96559 -27.1243 160.525
170 159 176
2 9 1135 0 5 1242 0
16.76 15.4049 162.215
34 49 30
3 10 868 0 7 886 0 11 860 0
15.5401 23.3594 162.28
41 55 84
4 0 1125 0 2 1188 0 7 1174 0 11 1217 0
21.5639 -16.0655 160.892
181 174 182
3 1 653 0 2 888 0 8 829 0
14.7645 -20.6219 160.544
54 68 113
5 1 1009 0 9 942 0 10 1061 0 8 975 0 5 1047 0
52.7954 -16.0269 159.732
68 96 47
3 0 695 0 10 608 0 7 629 0
32.4989 31.5691 161.993
187 192 134
2 3 1179 0 7 1004 0
4.34749 -0.0443461 161.946
75 97 51
3 0 13 0 8 11 0 4 207 0
9.31947 -12.4905 161.272
40 54 29
4 9 1273 0 10 1335 0 8 1383 0 5 1352 0
17.817 -31.2926 160.404
41 42 63
2 9 756 0 5 1054 0
15.3992 10.4572 161.979
202 195 169
3 2 1315 0 4 1582 0 11 1251 0
26.891 30.0322 162.213
190 191 134
3 3 539 0 7 439 0 11 345 0
13.8524 2.69432 161.609
120 119 135
4 0 128 0 2 162 0 10 270 0 5 289 0
13.0216 16.1368 162.445
215 208 180
2 6 900 0 3 698 0
14.4483 7.25985 161.755
108 130 48
2 0 68 0 10 161 0
20.6539 -4.79095 161.412
105 135 47
5 0 527 0 2 494 0 10 615 0 8 1078 0 5 907 0
27.4717 -50.0385 157.496
239 231 244
2 9 434 0 5 422 0
10.0734 7.85457 162.182
191 192 158
2 2 500 0 8 546 0
12.3771 -7.25697 161.351
197 191 201
2 1 723 0 10 606 0
18.2543 21.3955 162.592
168 162 164
2 0 493 0 7 446 0
18.4157 7.29108 161.668
92 112 49
6 0 1155 0 2 1345 0 7 1187 0 8 1358 0 10 1296 0 11 1271 0
16.7736 15.4026 162.349
27 42 23
2 2 911 0 11 859 0
34.9791 4.80491 161.208
184 177 158
2 0 811 0 11 855 0
25.2799 10.3738 161.705
176 170 172
3 0 459 0 2 464 0 7 96 0
45.383 8.89159 160.709
70 77 70
2 7 661 0 11 734 0
52.4062 -0.140743 160.11
146 154 103
2 0 611 0 7 416 0
24.2672 11.5502 161.746
189 178 182
2 0 809 0 2 932 0
19.5186 -11.9064 161.06
152 173 104
5 1 589 0 2 274 0 10 583 0 8 516 0 5 626 0
29.3257 35.4199 162.039
199 196 161
2 3 669 0 11 539 0
-1.91979 -25.0624 160.559
157 172 105
2 1 1103 0 9 1058 0
21.3367 20.5863 162.133
98 122 38
6 0 1034 0 2 1171 0 3 1363 0 7 1136 0 11 1146 0 6 1403 0
43.3575 9.19275 160.794
52 64 78
2 0 938 0 7 988 0
19.5424 -11.8986 161.043
152 173 104
2 1 588 0 8 515 0
25.2385 31.4033 162.165
210 211 177
4 6 862 0 3 772 0 7 621 0 11 757 0
46.1796 -14.875 160.393
46 52 84
3 0 1158 0 10 1110 0 7 1160 0
12.3878 3.00543 161.69
162 158 159
3 2 1410 0 10 1405 0 8 1456 0
30.3848 6.2922 161.42
210 204 204
3 0 909 0 10 932 0 7 964 0
11.1313 -3.13326 161.466
52 60 83
5 0 740 0 2 755 0 10 837 0 8 855 0 5 820 0
30.1304 10.6617 161.588
197 191 191
3 0 1130 0 2 1280 0 11 1243 0
17.3256 19.2657 162.209
243 231 241
3 6 691 0 3 653 0 4 648 0
16.1594 24.7896 162.042
46 56 81
3 0 545 0 2 999 0 11 850 0
14.3834 -17.9053 160.695
197 190 198
5 1 1389 0 9 1316 0 10 1390 0 8 1433 0 5 1416 0
22.1974 -4.54342 161.401
110 141 47
3 2 443 0 8 504 0 5 273 0
23.5195 14.4774 161.855
205 196 191
2 0 990 0 7 1034 0
-7.98465 -2.29911 162.241
115 131 69
3 5 398 0 4 872 0 8 542 0
27.8511 35.8312 161.885
228 218 229
3 3 1562 0 7 1278 0 11 1347 0
13.0888 7.98352 162.085
27 43 14
5 0 1086 0 2 1285 0 10 1220 0 8 1139 0 4 1094 0
8.16178 3.2271 161.753
39 46 72
6 0 379 0 4 95 0 5 210 0 8 221 0 6 229 0 10 326 0
26.2024 34.8979 161.994
115 121 155
3 3 1374 0 7 1133 0 11 1202 0
40.2531 -6.09233 160.493
143 144 162
5 0 279 0 2 290 0 10 307 0 7 268 0 11 251 0
19.7342 8.15148 161.732
189 184 181
5 0 1040 0 7 1097 0 2 1237 0 8 1302 0 11 1124 0
30.0778 15.0756 161.615
212 207 178
2 2 1127 0 11 1066 0
40.1769 -44.788 157.342
65 62 73
2 10 513 0 5 486 0
1.89594 7.27878 162.323
142 137 141
6 0 845 0 2 995 0 4 1135 0 8 1028 0 6 974 0 10 915 0
8.16593 3.22223 161.75
61 69 115
2 6 230 0 4 94 0
8.16762 3.22539 161.763
39 46 72
2 0 380 0 10 327 0
1.07486 9.17616 162.889
152 146 150
3 0 680 0 2 623 0 10 651 0
28.3684 24.0541 161.793
73 85 39
2 0 781 0 11 881 0
13.4194 18.1841 162.333
194 201 149
2 6 407 0 4 691 0
50.8094 -27.7747 158.5
84 79 102
2 0 682 0 10 742 0
13.7878 12.1449 162.185
71 83 45
2 10 1106 0 8 1208 0
18.6827 15.1614 162.026
39 53 80
4 0 77 0 6 190 0 3 373 0 11 35 0
7.07202 -1.20581 161.6
35 47 71
3 2 219 0 8 462 0 5 426 0
17.8248 18.2098 162.117
189 183 185
7 0 718 0 2 859 0 3 949 0 4 1000 0 7 707 0 11 822 0 6 1041 0
-3.94668 -20.1811 160.873
118 125 71
2 9 140 0 5 20 0
5.05798 -28.3463 160.612
152 144 157
2 9 205 0 5 579 0
41.8805 -6.01566 160.437
84 89 119
3 10 530 0 7 444 0 11 399 0
7.28622 -4.5705 161.75
51 73 24
3 2 915 0 10 912 0 5 853 0
14.534 -0.728454 161.539
39 50 80
5 0 1263 0 2 1373 0 10 1352 0 8 1414 0 5 1387 0
8.17283 19.7824 162.335
37 46 77
2 10 678 0 11 591 0
36.9986 1.74053 160.922
188 182 182
3 0 610 0 2 852 0 11 743 0
-7.84065 -4.71511 161.962
89 101 53
2 1 983 0 8 939 0
-17.496 -15.2067 162.306
28 40 26
3 1 616 0 9 761 0 5 919 0
27.7003 29.6858 162.091
184 188 127
3 3 1487 0 7 1194 0 11 1312 0
-8.74417 -9.76918 161.282
155 157 94
2 9 503 0 5 638 0
43.2448 7.48853 160.791
36 57 14
2 0 444 0 7 474 0
13.6543 9.50299 161.993
92 119 40
5 0 751 0 2 826 0 10 782 0 8 881 0 4 1016 0
25.6509 8.21883 161.65
184 178 182
2 0 123 0 10 111 0
-9.07566 -14.8171 161.194
112 113 69
2 9 1142 0 5 1235 0
-9.79589 -18.0504 160.782
108 127 61
2 1 357 0 9 308 0
12.8425 -13.6823 160.863
195 192 199
4 1 708 0 9 734 0 8 991 0 5 743 0
8.02469 12.082 162.275
151 151 91
3 2 1388 0 8 1425 0 4 1633 0
11.6616 14.9081 162.414
170 182 108
2 6 602 0 4 271 0
-15.1126 -10.1675 162.189
123 144 77
3 1 1255 0 9 1073 0 5 1207 0
15.4599 -13.274 160.979
189 181 192
2 1 51 0 8 57 0
-8.65571 -4.34135 162.13
115 128 59
2 10 2 0 8 384 0
20.33 12.3821 161.922
175 166 183
2 7 357 0 11 524 0
17.9188 1.22525 161.499
164 158 160
4 0 1370 0 2 1486 0 10 1485 0 8 1548 0
13.0697 4.31459 161.709
166 160 146
3 0 463 0 2 800 0 10 550 0
10.8257 11.6476 162.356
219 215 188
4 6 690 0 2 228 0 8 614 0 4 609 0
33.9999 -13.5278 160.641
52 63 85
2 0 1324 0 10 1444 0
10.2582 -15.4337 160.639
121 141 70
2 9 106 0 5 37 0
22.6323 5.39822 161.592
165 160 164
6 0 1072 0 2 1242 0 7 1055 0 8 1331 0 10 1170 0 11 1145 0
10.4088 4.84573 161.796
178 191 122
3 6 433 0 2 358 0 4 170 0
8.06853 7.39117 162.264
37 48 18
2 0 347 0 10 477 0
26.78 8.66938 161.585
183 177 179
3 0 1316 0 2 1449 0 7 1337 0
28.2693 3.19244 161.396
133 159 70
4 2 1424 0 10 1416 0 7 1328 0 11 1392 0
10.2394 -15.4371 160.94
100 127 50
2 10 290 0 5 38 0
16.2143 17.0392 162.309
77 101 67
5 6 1363 0 2 1221 0 3 1303 0 7 1156 0 11 1206 0
27.2881 10.9702 161.668
176 166 165
3 0 88 0 7 413 0 11 319 0
9.50974 -11.6714 161.347
93 112 46
2 10 958 0 8 952 0
5.67463 -14.3578 161.461
123 144 69
2 10 1386 0 5 1400 0
-11.676 -20.6678 161.268
125 126 84
2 9 1128 0 5 1173 0
8.46814 14.0082 162.1
172 193 118
3 6 1561 0 8 1432 0 4 1638 0
63.796 -6.20672 159.397
201 183 181
2 0 1118 0 7 1170 0
27.7089 36.4455 161.931
224 214 225
2 3 613 0 11 288 0
2.49202 -16.9713 161.249
127 156 76
3 1 1132 0 8 1022 0 5 1040 0
15.2407 19.6188 162.197
181 171 170
3 0 888 0 2 1131 0 11 1023 0
15.1063 11.725 161.922
124 139 58
2 0 19 0 10 212 0
29.0708 5.08674 161.384
203 198 195
2 2 748 0 7 622 0
13.0139 2.61245 161.587
150 153 162
3 0 52 0 2 111 0 8 232 0
-12.8144 -4.11743 162.382
181 176 183
3 1 1210 0 8 1243 0 5 1176 0
61.8899 -16.4706 158.438
175 160 163
2 0 807 0 7 820 0
51.9584 -26.6322 158.486
179 168 176
2 0 420 0 10 471 0
10.0734 7.85457 162.182
191 192 158
2 2 501 0 8 545 0
-11.4695 -9.51538 161.527
76 88 42
2 9 646 0 5 456 0
-4.45414 -18.1376 160.94
149 162 93
3 1 683 0 9 500 0 5 688 0
-11.9174 1.07056 162.344
64 67 102
2 9 1227 0 8 1321 0
-11.58 -0.16342 162.306
189 182 190
2 1 1312 0 8 1336 0
9.3631 -0.0412058 161.658
137 135 146
6 0 727 0 2 722 0 5 800 0 8 766 0 6 967 0 10 813 0
4.1397 9.67701 162.28
144 143 112
2 0 42 0 8 193 0
18.7506 -31.5063 160.552
199 183 193
2 9 1299 0 5 1369 0
20.8699 20.1283 162.086
164 162 147
5 0 495 0 6 733 0 2 572 0 3 593 0 11 476 0
15.348 -8.93806 161.128
148 144 145
2 0 340 0 2 344 0
20.1077 31.2989 162.12
34 44 71
5 0 147 0 2 157 0 3 127 0 7 265 0 11 38 0
4.23335 -17.1617 161.314
113 142 60
2 8 147 0 5 794 0
16.8127 18.9931 162.145
155 145 143
4 0 833 0 2 946 0 7 924 0 11 927 0
8.065 3.93363 161.768
31 38 57
5 0 240 0 6 518 0 2 349 0 10 86 0 4 390 0
33.3864 -4.70477 160.818
34 49 26
3 0 631 0 2 535 0 10 661 0
29.5494 22.114 161.762
88 104 55
2 3 335 0 11 510 0
22.0633 -1.18866 161.154
122 148 51
2 2 1369 0 8 1399 0
28.0746 21.4114 161.792
151 170 88
2 2 298 0 11 242 0
-13.4611 -16.7798 161.672
99 118 52
2 9 622 0 5 774 0
30.8678 12.1179 161.607
177 171 171
2 0 1156 0 2 1294 0
6.74949 1.97248 161.865
34 48 74
4 2 1482 0 10 1479 0 8 1539 0 5 1497 0
15.0744 9.83046 162.173
156 154 133
4 10 1016 0 8 801 0 4 385 0 11 294 0
-9.39659 -22.886 160.746
98 116 54
2 9 790 0 5 1082 0
7.28164 -4.57522 161.752
51 73 24
2 2 916 0 5 854 0
45.3042 -5.34705 160.479
177 173 174
3 0 377 0 2 265 0 7 411 0
6.87951 18.3984 162.338
144 141 148
2 0 814 0 10 1015 0
9.16855 2.71657 161.73
43 50 76
4 0 247 0 2 435 0 8 438 0 4 601 0
21.2336 10.0706 161.738
163 158 162
3 0 1099 0 2 1309 0 7 1131 0
6.8507 14.0951 162.401
155 151 150
4 0 454 0 6 478 0 2 335 0 8 405 0
27.0676 -48.0791 157.613
27 20 38
2 9 57 0 5 450 0
17.1707 17.3872 162.194
150 143 124
5 0 676 0 6 1064 0 3 1023 0 7 761 0 11 867 0
24.2822 4.84073 161.594
165 161 162
3 0 1308 0 10 1420 0 7 1335 0
1.73729 5.76418 162.244
181 177 174
3 2 72 0 8 168 0 4 7 0
3.76443 -11.6683 161.482
131 148 80
2 1 1151 0 9 1083 0
38.3415 -9.61676 160.649
168 166 169
2 0 307 0 10 504 0
36.8979 22.8211 161.569
113 117 80
2 7 1033 0 11 1016 0
20.3415 2.62973 161.591
180 172 170
3 0 1234 0 10 1355 0 8 1416 0
13.3561 -31.0317 160.095
199 189 190
2 8 1430 0 5 1417 0
17.0702 7.30592 161.796
124 137 65
2 2 165 0 11 18 0
36.3043 -9.25918 160.667
81 91 82
2 0 1122 0 10 1174 0
-4.98526 -22.3345 160.704
157 161 100
2 1 779 0 9 760 0
35.1066 36.1595 161.798
239 231 212
3 3 1583 0 7 1330 0 11 1379 0
49.7457 -8.02708 160.195
141 123 103
2 0 1343 0 7 1362 0
18.5128 6.13496 161.675
178 171 163
3 0 1064 0 2 1282 0 10 1258 0
37.1268 -3.27761 160.807
133 143 80
3 0 332 0 2 212 0 11 384 0
3.67844 -11.6248 161.598
123 145 63
2 8 1148 0 5 1125 0
16.9153 -0.975583 161.505
48 52 77
5 0 892 0 2 964 0 10 992 0 8 962 0 5 932 0
5.28237 -23.6037 171.897
42 56 41
2 9 389 0 5 625 0
22.5573 8.07175 161.637
181 175 177
2 0 255 0 7 322 0
4.47059 13.5087 162.297
145 140 144
4 0 805 0 2 952 0 10 881 0 4 1252 0
16.8141 10.5774 161.98
149 150 132
5 0 353 0 2 546 0 7 252 0 4 620 0 11 497 0
29.8629 11.8002 161.653
198 190 188
3 0 45 0 2 205 0 11 194 0
-0.796801 8.53538 162.296
138 136 141
6 0 671 0 1 821 0 2 775 0 8 840 0 6 982 0 10 748 0
4.51773 -2.8041 161.982
20 37 18
2 2 289 0 10 261 0
28.6424 1.05712 161.312
166 182 94
2 2 512 0 11 522 0
-15.7282 -18.5159 161.917
149 158 105
2 1 1177 0 5 1138 0
17.151 20.0724 162.096
199 194 190
3 2 495 0 3 395 0 4 190 0
31.1438 -6.23011 160.924
23 35 21
2 0 633 0 2 735 0
-10.6419 1.0292 162.299
185 178 186
2 1 1299 0 8 1329 0
24.4858 -15.9635 160.831
55 59 70
2 0 319 0 8 289 0
-1.05326 -8.3163 161.547
145 157 95
4 1 1302 0 9 1143 0 10 1257 0 5 1223 0
-20.8414 -12.4708 162.289
176 168 179
2 1 1329 0 9 1240 0
20.1697 26.6458 162.196
160 163 132
4 0 534 0 6 864 0 2 608 0 11 530 0
16.4504 24.1194 162.13
134 129 136
3 0 753 0 2 542 0 7 826 0
27.3838 9.77592 161.625
179 168 185
2 7 80 0 11 29 0
-18.478 -12.3352 162.266
178 161 167
2 9 241 0 5 470 0
18.5843 26.5178 162.121
148 145 154
3 0 858 0 2 1041 0 11 899 0
-7.60162 -3.44284 162.449
104 130 56
2 1 687 0 5 846 0
28.7755 19.7898 161.836
128 144 73
2 0 917 0 11 1045 0
5.08407 11.4572 162.26
142 149 108
3 0 62 0 2 278 0 10 108 0
16.9871 -24.0423 160.355
209 197 209
3 9 486 0 8 510 0 5 541 0
-3.17096 -38.2659 160.21
195 181 178
2 1 750 0 9 803 0
17.2053 28.5377 162.204
27 38 60
3 0 65 0 2 129 0 11 275 0
22.9875 31.1355 162.006
148 139 160
2 7 1321 0 11 1404 0
6.19159 5.86192 161.964
107 131 45
6 0 1259 0 2 1406 0 4 1636 0 8 1460 0 6 1562 0 10 1378 0
32.3347 3.4967 161.18
177 171 173
4 0 165 0 2 207 0 10 92 0 7 238 0
17.7104 12.1494 162.046
119 136 58
6 0 433 0 2 577 0 7 512 0 8 623 0 10 637 0 11 437 0
54.5585 -22.6556 158.455
186 170 173
2 0 634 0 7 762 0
8.5689 1.26466 161.715
35 43 66
5 0 229 0 6 79 0 5 388 0 4 407 0 8 261 0
11.5056 8.86137 162.113
179 172 153
4 0 846 0 2 1006 0 10 851 0 4 1270 0
16.0593 17.2944 162.22
50 72 34
2 2 789 0 11 863 0
-1.52584 4.29374 162.139
166 162 159
2 2 719 0 8 372 0
-15.4743 -14.428 162.103
143 155 89
2 1 1196 0 9 1066 0
-18.9626 -14.8762 162.459
131 146 91
3 1 459 0 9 331 0 5 169 0
11.6464 20.5658 162.263
44 45 76
4 7 279 0 2 210 0 8 334 0 11 281 0
2.71901 8.60453 162.351
147 143 144
6 0 477 0 1 408 0 2 334 0 4 260 0 8 418 0 10 348 0
54.9979 -7.76542 160.208
153 159 111
2 0 96 0 7 81 0
31.9803 34.1562 161.842
182 187 131
2 3 1518 0 11 1263 0
21.4853 30.1791 162.133
86 91 129
2 3 1051 0 11 930 0
19.3752 -10.7018 161.069
107 129 56
2 10 826 0 5 704 0
32.2801 8.32928 161.432
101 120 56
2 0 905 0 2 1050 0
14.8243 13.699 162.654
115 129 50
2 0 1332 0 7 1366 0
65.7769 -12.0212 158.605
198 185 177
2 0 1091 0 7 1221 0
22.3035 3.79475 161.609
182 176 176
2 0 1111 0 7 1137 0
1.0062 -32.3188 160.39
183 171 183
2 1 448 0 9 332 0
-1.40377 7.14752 162.388
142 136 140
4 0 228 0 1 230 0 2 187 0 4 656 0
21.2089 -12.2188 161.05
95 123 36
5 0 210 0 2 621 0 10 749 0 8 662 0 5 773 0
16.9543 -13.9461 161.109
172 168 165
2 2 683 0 10 859 0
-14.4546 -0.147902 162.215
199 189 198
2 1 780 0 8 749 0
40.563 -8.73742 160.481
90 94 106
5 0 607 0 2 647 0 10 673 0 7 615 0 11 653 0
19.9079 12.0654 161.781
216 204 216
2 3 75 0 7 50 0
-11.8057 -20.6754 161.075
154 158 107
2 1 1156 0 5 1171 0
43.8999 10.2464 160.774
133 135 132
2 0 295 0 7 550 0
16.7491 13.721 162.163
133 144 76
5 0 383 0 2 333 0 10 343 0 8 177 0 7 267 0
15.9729 18.8898 162.185
238 219 225
2 6 1274 0 4 1314 0
24.3517 15.832 161.934
184 194 131
3 6 64 0 2 293 0 3 100 0
-13.8021 0.00793603 162.179
190 183 191
2 1 1369 0 8 1411 0
21.6842 6.09166 161.604
176 172 173
6 0 1214 0 2 1358 0 7 1252 0 8 1392 0 10 1321 0 11 1314 0
-10.6668 14.5122 172.482
122 147 90
2 1 626 0 8 697 0
7.74961 2.80428 161.767
29 39 66
5 0 1068 0 10 1181 0 5 1161 0 4 1347 0 8 1165 0
8.5143 5.10934 161.914
107 127 55
6 0 372 0 2 393 0 4 718 0 5 717 0 8 725 0 10 532 0
15.9773 -26.843 160.252
201 188 195
5 1 537 0 9 518 0 10 743 0 8 573 0 5 668 0
-14.1472 -19.0137 161.81
112 121 64
2 9 667 0 5 573 0
18.9844 -49.371 157.524
143 129 142
2 9 1010 0 5 1044 0
28.292 -1.82024 161.162
49 67 25
2 10 856 0 8 768 0
40.5587 -8.73534 160.485
111 111 119
4 2 648 0 10 674 0 7 616 0 11 652 0
5.68427 -19.2998 161.124
131 153 80
2 8 622 0 5 942 0
16.9944 -0.264925 161.526
146 144 155
4 0 250 0 2 236 0 10 95 0 5 250 0
31.1073 0.0702114 161.238
136 145 90
2 0 129 0 11 1 0
34.681 32.4895 161.747
111 119 60
2 7 1336 0 11 1398 0
14.1637 -18.9192 160.691
72 81 122
4 1 503 0 9 207 0 10 293 0 5 214 0
51.5138 -10.202 160.166
232 221 219
3 0 328 0 10 422 0 7 327 0
27.6572 29.6781 162.045
111 117 57
2 7 1192 0 11 1313 0
-8.92773 7.69659 162.765
13 24 18
2 1 457 0 8 511 0
13.1022 -17.926 160.802
93 102 141
2 1 1079 0 8 1092 0
22.2084 22.0209 161.964
189 195 133
2 6 1156 0 2 1186 0
3.21928 8.3011 162.282
135 125 136
5 1 1015 0 6 737 0 2 1035 0 10 1074 0 8 1040 0
12.2697 -9.1767 161.195
176 170 180
3 10 539 0 8 254 0 5 479 0
11.6902 -28.5502 160.18
196 182 197
3 9 842 0 8 1104 0 5 1029 0
34.092 5.28904 161.21
191 186 166
4 0 775 0 2 938 0 7 790 0 11 821 0
23.7762 -1.88635 162.899
137 161 77
2 0 1340 0 10 1447 0
51.4674 -10.8202 160.17
225 214 220
2 10 396 0 7 387 0
38.8261 -9.326 160.536
168 164 165
3 0 1050 0 2 1195 0 11 1099 0
35.6497 29.9848 161.546
173 184 118
2 3 1366 0 11 1274 0
27.8574 39.1335 161.962
50 54 89
2 7 935 0 11 995 0
29.1317 14.0714 161.642
192 186 162
3 0 158 0 2 329 0 11 408 0
14.2933 -16.2367 160.856
186 181 178
3 2 49 0 8 434 0 5 36 0
16.5715 12.7722 162.207
97 113 42
2 7 840 0 11 684 0
15.2352 19.6318 162.178
197 190 184
3 2 1132 0 4 1380 0 11 1022 0
14.4262 8.10604 161.869
130 149 67
2 2 1266 0 8 1332 0
24.0471 29.3991 162.089
136 141 87
4 0 183 0 3 550 0 7 222 0 11 373 0
10.3487 -17.7596 160.872
177 165 175
2 9 1202 0 5 1268 0
36.6719 -2.91292 160.908
165 179 92
3 2 1334 0 7 1240 0 11 1323 0
12.2261 12.6152 162.436
207 200 182
2 6 470 0 4 223 0
18.3605 5.17489 161.701
164 160 161
2 0 16 0 11 45 0
-1.07199 -6.03323 162.014
153 158 91
2 9 1071 0 5 1291 0
6.18436 11.8658 162.274
170 187 116
5 6 1372 0 2 1241 0 10 1195 0 8 1227 0 4 1374 0
15.9287 -8.55763 161.251
125 123 124
5 0 895 0 2 1019 0 10 1021 0 8 1082 0 5 1016 0
23.9686 -4.80296 162.084
115 146 53
2 2 1456 0 8 1524 0
13.7596 -13.6583 161.081
170 164 174
3 10 1218 0 8 1278 0 5 1199 0
14.5261 -0.731345 161.523
39 50 80
4 0 1264 0 2 1372 0 10 1351 0 8 1413 0
12.3705 -2.41907 161.525
33 45 71
5 0 1195 0 2 1333 0 10 1310 0 8 1379 0 5 1358 0
13.8085 22.4454 162.311
159 154 158
2 0 381 0 7 141 0
27.1386 5.29367 161.485
157 153 154
3 0 794 0 10 750 0 7 339 0
10.7932 -22.8624 160.543
52 65 107
3 1 1139 0 9 1053 0 8 1144 0
24.4875 -15.9622 160.843
55 59 70
3 0 320 0 1 298 0 8 290 0
33.4015 6.96599 162.034
131 155 71
3 2 1377 0 7 1150 0 11 1322 0
59.3304 -21.9815 158.048
177 160 166
2 0 1012 0 7 1100 0
14.4187 -19.0541 160.693
60 72 114
3 1 1257 0 9 1191 0 5 1213 0
6.39133 11.1176 162.397
211 207 160
2 6 805 0 4 959 0
11.8573 -17.7581 160.749
190 182 193
2 1 1308 0 8 1345 0
34.7268 32.2401 161.714
183 186 129
2 3 185 0 11 339 0
6.63909 4.15648 161.872
131 125 125
6 0 1321 0 2 1437 0 4 1720 0 8 1487 0 6 1669 0 10 1433 0
-4.30833 4.73643 162.314
98 100 121
2 1 1274 0 8 1315 0
14.8386 18.7949 162.123
197 187 177
2 2 121 0 11 95 0
34.6157 -13.1182 160.592
46 52 76
3 0 370 0 2 386 0 10 537 0
13.6763 -22.0252 160.519
50 61 106
3 9 46 0 10 101 0 5 101 0
25.0022 32.4069 162.172
169 158 172
2 7 1347 0 11 1429 0
-5.84162 -23.4326 160.534
136 144 87
2 9 773 0 5 849 0
40.5688 -13.1461 160.38
98 103 132
2 10 1119 0 7 1116 0
34.2753 34.5352 161.83
233 227 203
3 3 1567 0 7 1314 0 11 1356 0
-7.16957 -12.7528 160.925
123 143 72
2 1 930 0 8 860 0
14.8348 5.41221 161.629
108 131 49
2 2 1172 0 10 1163 0
6.00739 -21.0987 160.822
23 45 24
2 8 1067 0 5 1077 0
10.9958 -1.41143 161.545
67 72 101
2 1 219 0 8 81 0
14.3628 -3.46378 161.479
180 173 180
2 8 1220 0 5 1156 0
1.73729 5.76418 162.244
181 177 174
3 2 73 0 8 167 0 4 5 0
-11.2128 -10.2643 161.186
45 55 31
2 1 597 0 5 692 0
58.4745 -9.50696 160.352
136 154 106
2 0 977 0 7 1103 0
13.0021 2.60106 161.56
150 153 162
2 0 53 0 2 110 0
42.3734 -7.37368 160.378
119 121 133
3 0 63 0 7 168 0 11 220 0
24.9044 3.6742 161.343
121 137 74
3 10 952 0 7 786 0 11 606 0
27.7259 25.4433 161.91
118 134 72
4 0 515 0 3 960 0 7 588 0 11 713 0
15.3291 27.7978 162.207
29 44 67
2 2 1296 0 11 1254 0
18.7054 -46.0613 157.627
104 83 92
2 9 981 0 5 1071 0
19.2788 -2.84262 161.649
110 136 49
2 2 1100 0 8 1116 0
8.00819 16.2273 162.532
171 168 163
2 2 1480 0 8 1553 0
6.94234 -15.7628 161.117
152 175 97
4 1 504 0 10 960 0 8 733 0 5 755 0
-13.0535 -8.08041 162.165
116 142 77
2 1 1388 0 9 1301 0
9.21094 -20.7523 161.182
45 58 100
2 1 1320 0 8 1246 0
29.2635 9.44282 161.391
208 203 200
2 2 69 0 11 341 0
37.8656 1.34235 160.9
188 182 182
3 0 889 0 2 1130 0 11 1035 0
-5.79479 -6.24527 161.754
184 184 148
4 1 760 0 9 522 0 10 634 0 5 602 0
31.799 36.8562 161.949
222 219 186
3 3 1262 0 7 1138 0 11 1143 0
9.30662 1.65266 161.709
39 43 68
8 0 244 0 1 407 0 2 337 0 4 538 0 5 242 0 8 412 0 6 601 0 10 282 0
11.7615 6.78112 162.028
168 168 132
4 0 791 0 2 1004 0 10 913 0 8 787 0
10.0295 -12.4369 161.304
27 44 12
2 10 1482 0 5 1501 0
22.0886 9.63943 161.742
178 174 175
5 0 662 0 2 681 0 10 733 0 7 561 0 11 913 0
31.2824 -13.7281 160.787
150 144 144
2 0 655 0 10 784 0
37.0188 0.890043 160.887
161 155 157
4 0 943 0 2 1060 0 10 998 0 11 1010 0
15.1686 -1.61199 161.499
142 140 151
5 0 344 0 2 593 0 10 484 0 8 591 0 5 544 0
26.8999 23.2488 161.923
32 45 27
2 0 1057 0 7 1083 0
26.5175 -0.288724 161.357
117 150 61
2 2 869 0 11 844 0
-5.63385 4.24783 162.273
60 64 93
3 1 449 0 8 401 0 4 537 0
19.1102 1.35017 161.601
196 189 183
4 0 1114 0 2 1283 0 10 1187 0 8 1292 0
10.5422 -34.7884 160.143
52 84 81
4 1 1171 0 9 1094 0 8 1279 0 5 1274 0
-14.1414 -17.4854 161.828
140 156 91
3 1 326 0 9 220 0 5 714 0
-6.75905 -10.4115 161.395
154 159 103
2 9 653 0 5 699 0
6.85012 18.4415 162.307
166 164 165
4 2 1084 0 10 1014 0 8 1138 0 11 1090 0
1.33428 -9.42178 161.678
149 161 87
2 8 414 0 5 666 0
14.8388 -20.9518 160.496
54 68 107
4 1 1499 0 9 1419 0 8 1561 0 5 1520 0
30.7667 14.2674 161.604
226 216 214
2 2 353 0 11 458 0
10.2172 -25.2415 160.379
208 192 202
3 9 188 0 8 141 0 5 188 0
21.2777 17.5334 161.99
120 123 156
3 6 1451 0 3 1373 0 7 1165 0
2.98262 6.95448 162.105
179 171 182
2 1 744 0 2 186 0
3.10325 11.5828 162.338
154 152 155
6 0 219 0 2 149 0 4 198 0 8 97 0 6 604 0 10 367 0
8.62286 8.47392 162.858
86 113 72
3 6 1651 0 2 1451 0 8 1491 0
-15.0912 8.17097 170.35
38 61 35
2 1 1449 0 8 1488 0
65.7274 -11.257 157.309
133 140 99
2 0 1341 0 7 1376 0
9.29584 -2.83958 161.425
39 49 76
3 0 1126 0 10 1244 0 5 1306 0
19.4093 12.2767 161.878
176 174 162
4 0 403 0 10 381 0 3 176 0 11 301 0
0.350856 -6.91084 161.833
135 147 75
2 9 512 0 5 534 0
-219.013 145.757 -498.86
39 59 24
2 3 1318 0 11 1326 0
0.242844 4.36111 162.275
161 157 154
2 2 827 0 4 825 0
18.3605 5.17489 161.701
164 160 161
2 0 15 0 11 47 0
32.9254 -7.02458 160.837
27 46 27
2 2 779 0 10 804 0
18.5518 18.0906 162.095
67 72 94
7 0 970 0 2 1097 0 3 1210 0 4 1279 0 7 1029 0 11 1081 0 6 1251 0
62.7011 -15.7969 158.627
187 173 170
2 0 884 0 7 1002 0
22.5027 1.28638 161.377
143 153 90
2 0 371 0 10 412 0
40.0465 -6.60986 160.54
62 70 93
3 0 51 0 10 20 0 7 94 0
4.66408 -10.7886 161.587
147 157 97
2 1 1260 0 9 1198 0
28.2271 -54.7763 156.945
78 73 80
2 9 50 0 5 531 0
29.5494 22.114 161.762
88 104 55
2 3 334 0 11 509 0
20.1332 18.3403 162.096
195 186 189
5 0 1289 0 6 1608 0 2 1409 0 3 1570 0 11 1383 0
1.34283 9.86063 162.311
170 166 165
3 2 256 0 8 34 0 5 125 0
16.9399 -17.8991 160.781
180 175 172
3 2 659 0 8 593 0 5 782 0
-8.65533 3.27033 162.344
180 176 190
3 1 1095 0 8 1071 0 5 974 0
28.6522 -4.04172 160.912
121 150 57
2 2 1069 0 8 1052 0
37.7625 34.7821 161.496
208 210 161
2 3 464 0 7 782 0
13.0402 -14.7304 160.866
194 187 195
5 1 974 0 9 816 0 2 764 0 10 758 0 8 921 0
11.3017 -29.2756 160.02
185 173 187
2 9 1303 0 5 1401 0
15.9691 -14.8714 160.856
186 178 189
2 1 522 0 8 1102 0
23.5351 -17.405 160.605
168 162 138
2 2 1428 0 8 1480 0
35.297 -12.1704 160.627
147 142 148
2 0 91 0 10 0 0
25.0502 7.80181 161.67
175 171 172
2 0 487 0 7 781 0
53.3091 -22.2038 159.06
194 182 182
2 0 299 0 7 728 0
7.58746 -18.2534 160.996
92 114 49
3 10 943 0 8 931 0 5 900 0
-14.5558 -19.6138 161.779
142 151 94
3 1 752 0 9 527 0 5 893 0
7.27136 -0.243658 161.652
38 54 79
4 2 431 0 10 528 0 8 520 0 4 425 0
19.2154 26.9657 162.211
110 113 130
4 0 107 0 2 141 0 7 167 0 11 148 0
34.2736 33.0335 161.599
186 194 135
2 3 546 0 11 581 0
24.6229 13.2778 161.75
204 193 187
4 0 748 0 2 885 0 7 785 0 11 861 0
9.1764 19.9749 162.308
38 50 74
3 2 937 0 8 924 0 11 948 0
23.4287 32.981 162.129
64 76 118
3 3 934 0 7 587 0 11 794 0
17.5439 -3.20377 161.504
107 126 60
2 10 1168 0 5 1152 0
19.2788 -2.84262 161.649
110 136 49
2 2 1101 0 8 1115 0
-4.01643 -13.8529 161.368
56 72 46
2 8 882 0 5 888 0
-7.1122 -11.8838 161.121
163 171 120
2 1 1043 0 8 964 0
21.5891 9.22026 161.848
183 179 176
3 2 32 0 7 389 0 11 171 0
-5.69471 -15.7796 161.145
108 125 47
2 9 1211 0 5 1201 0
9.26805 11.7089 162.377
120 142 60
3 2 780 0 10 800 0 8 587 0
9.59989 -7.36137 161.469
42 64 15
3 2 255 0 10 454 0 5 323 0
6.7144 7.6904 162.584
129 137 77
2 0 1165 0 10 1302 0
11.1269 -29.4459 160.255
190 178 182
2 8 1018 0 5 973 0
20.9054 -47.3727 157.638
160 148 160
2 9 452 0 5 406 0
36.4191 -12.938 160.593
83 82 100
3 0 643 0 2 674 0 10 652 0
29.9296 15.7418 161.615
117 140 72
2 2 153 0 11 425 0
10.1635 19.9706 162.272
55 55 89
4 7 511 0 2 656 0 8 651 0 11 608 0
-1.76924 -36.0475 160.346
203 192 190
2 1 527 0 9 40 0
5.78374 -11.2916 161.59
122 132 71
2 9 316 0 5 120 0
23.5054 2.54466 161.317
146 139 113
2 0 308 0 10 6 0
-9.19553 -5.20114 162.022
152 150 102
2 1 1134 0 8 988 0
23.6088 -12.7281 161.013
141 160 78
2 2 766 0 5 1032 0
19.7012 0.717627 161.548
115 133 57
2 0 911 0 10 1018 0
17.1854 13.8182 162.135
41 54 26
4 10 321 0 3 205 0 8 376 0 7 338 0
15.6294 2.33451 161.531
89 95 119
4 0 1311 0 2 1432 0 10 1421 0 8 1482 0
36.25 3.92617 161.001
196 193 178
3 0 191 0 2 364 0 11 296 0
15.5545 18.1024 162.225
139 142 95
4 0 946 0 2 1134 0 7 990 0 11 1071 0
33.3537 3.51654 161.136
177 171 171
4 0 865 0 2 979 0 10 973 0 11 955 0
23.0286 28.697 162.008
38 47 42
2 7 1360 0 11 1432 0
20.9633 -18.6535 160.539
179 178 158
3 1 392 0 2 487 0 8 374 0
27.7814 19.791 161.699
142 153 75
2 0 1239 0 11 1331 0
24.074 29.3669 162.134
136 141 87
2 0 182 0 7 223 0
11.6207 1.91023 161.576
39 49 74
2 0 539 0 2 698 0
30.7224 0.45639 161.237
77 85 48
2 7 643 0 11 631 0
3.77619 -11.6691 161.63
119 134 69
2 9 1082 0 5 1124 0
27.6369 -15.9028 160.775
59 61 73
2 0 899 0 8 997 0
28.4146 31.0674 162.101
201 201 151
2 3 707 0 7 421 0
10.0185 -12.9872 161.158
134 155 80
3 1 712 0 9 754 0 5 812 0
15.5585 1.18485 161.532
51 57 79
5 0 421 0 2 496 0 10 492 0 8 478 0 5 484 0
10.143 -12.3725 161.167
30 46 19
5 9 967 0 2 930 0 10 964 0 8 915 0 5 964 0
15.6379 11.2148 162.431
132 139 69
3 2 447 0 8 770 0 7 78 0
50.5922 -17.8079 161.225
19 37 25
2 0 1392 0 7 1414 0
22.0869 19.8214 162.074
158 162 101
2 0 729 0 7 776 0
16.2622 -0.0263503 161.528
43 50 78
5 0 1078 0 2 1220 0 10 1191 0 8 1251 0 5 1178 0
2.81043 -12.4666 161.501
146 153 99
2 1 1020 0 9 922 0
37.2108 31.1099 161.434
177 194 124
3 3 1411 0 7 1298 0 11 1272 0
51.9403 -26.6157 158.531
179 168 176
3 0 419 0 10 472 0 5 618 0
25.6085 35.7073 162.023
222 214 229
2 3 1087 0 11 878 0
16.5121 18.1965 162.18
183 169 158
4 0 704 0 6 1068 0 2 887 0 11 856 0
26.4758 26.2334 161.929
130 140 77
4 0 395 0 3 511 0 7 394 0 11 457 0
10.1809 -11.8323 161.197
131 152 85
5 1 255 0 9 354 0 2 208 0 10 332 0 5 423 0
17.5509 -18.2073 160.726
205 195 206
2 1 324 0 9 162 0
51.7459 -13.2454 160.083
158 170 120
2 10 1096 0 7 1114 0
54.5892 -7.97008 160.068
209 201 180
2 0 140 0 7 179 0
2.00303 -20.8584 160.921
123 151 77
2 1 651 0 8 581 0
16.9438 -17.8856 160.812
194 186 197
4 1 845 0 9 960 0 8 594 0 5 781 0
16.3611 -26.1766 160.177
194 184 192
2 10 119 0 5 175 0
38.1417 -14.5992 160.463
52 65 99
2 0 1266 0 10 1369 0
9.96574 1.09837 161.675
135 135 145
6 0 891 0 2 1056 0 5 1011 0 8 1090 0 6 1259 0 10 1031 0
20.5453 -45.7625 157.641
187 170 178
2 9 826 0 5 865 0
42.0599 -6.5707 160.442
185 184 190
5 0 636 0 2 721 0 10 677 0 7 690 0 11 732 0
36.1479 21.1504 161.577
192 183 186
2 7 282 0 11 268 0
28.6424 1.05712 161.312
166 182 94
2 2 511 0 11 521 0
19.1406 26.1039 162.192
218 211 219
5 6 468 0 2 616 0 3 667 0 7 451 0 11 520 0
-6.3288 2.5067 162.226
65 69 98
3 1 1109 0 8 1076 0 4 1093 0
18.9844 -49.371 157.524
143 129 142
2 9 1009 0 5 1043 0
9.83047 -14.0322 160.924
137 149 85
2 9 743 0 5 466 0
12.5615 -18.2836 160.972
52 59 103
2 9 1284 0 10 1362 0
-10.2328 -13.8805 160.852
135 155 86
2 1 237 0 5 389 0
32.5939 32.9983 161.942
216 211 179
2 3 1431 0 11 1211 0
24.2608 12.2985 161.769
203 194 197
2 0 289 0 11 474 0
-6.74352 -10.3789 161.336
165 174 117
2 1 316 0 8 479 0
18.7362 21.0468 162.131
198 193 189
4 2 538 0 3 624 0 7 584 0 11 567 0
22.9496 -12.67 161.027
165 176 107
2 8 196 0 5 213 0
24.9481 34.7384 162.039
167 165 189
2 3 481 0 7 246 0
5.89381 -14.368 161.156
136 153 82
2 1 1405 0 8 1435 0
-20.897 -14.8422 162.363
182 171 177
3 1 61 0 9 218 0 5 382 0
40.0471 -6.6037 160.524
62 70 93
2 0 50 0 10 19 0
40.2609 -5.12911 160.573
193 189 188
2 2 875 0 11 788 0
15.9387 9.09186 161.995
189 185 158
2 0 856 0 10 1059 0
24.0634 8.59685 161.789
176 170 172
4 0 489 0 2 822 0 10 538 0 7 154 0
31.1701 -49.446 157.403
192 181 195
2 9 511 0 5 491 0
22.108 19.8512 162.061
158 162 101
5 0 728 0 6 978 0 3 980 0 7 777 0 11 749 0
47.7488 -14.9157 160.366
209 201 199
2 0 1350 0 10 1471 0
-8.12299 -3.87635 162.18
138 144 84
3 9 911 0 8 887 0 5 892 0
8.39939 -24.4277 160.521
88 88 124
3 9 615 0 8 669 0 5 672 0
26.4353 26.2704 162.461
146 151 85
3 0 1183 0 7 1250 0 11 1296 0
19.9085 1.58101 161.631
105 128 56
4 0 352 0 2 670 0 10 487 0 8 730 0
37.7985 -2.01074 160.739
113 131 71
3 0 1052 0 10 1137 0 11 1127 0
9.34605 -23.369 160.51
68 74 108
3 1 208 0 9 364 0 10 214 0
4.38629 0.614667 161.89
29 35 47
5 0 963 0 10 1039 0 5 938 0 4 1296 0 8 1109 0
22.7432 27.2782 161.974
172 179 111
2 2 849 0 11 562 0
-20.0184 -16.312 162.255
204 198 182
2 1 470 0 9 443 0
-17.0169 -5.08266 162.262
61 70 103
2 1 1130 0 9 1008 0
21.3626 11.5317 161.808
194 190 187
3 2 586 0 10 342 0 7 614 0
8.21874 12.4237 162.32
212 210 162
4 6 1080 0 2 737 0 8 713 0 4 926 0
39.2926 -15.6153 160.361
52 58 80
2 0 849 0 10 928 0
30.6683 26.8396 161.818
210 214 163
2 6 263 0 3 142 0
8.18635 -25.961 160.445
169 157 171
2 9 696 0 5 686 0
31.8734 5.44126 161.356
162 153 172
2 7 360 0 11 477 0
17.5883 3.215 161.809
166 161 165
3 0 373 0 10 610 0 8 734 0
10.3273 -30.7065 160.207
196 184 196
3 9 1373 0 8 1510 0 5 1481 0
26.2263 9.1339 161.626
180 174 176
5 0 468 0 2 325 0 10 519 0 7 558 0 11 528 0
1.0119 -17.1202 161.109
123 148 67
2 1 1071 0 8 987 0
-13.7518 -25.9265 161.336
144 152 101
2 1 1058 0 9 927 0
35.121 30.8474 161.688
199 206 152
2 3 1094 0 11 1042 0
39.753 -4.75996 160.553
63 68 74
5 0 117 0 2 102 0 10 64 0 7 170 0 11 36 0
20.0793 -16.9119 160.917
201 194 202
3 1 981 0 2 940 0 8 927 0
7.8405 6.96044 162.272
146 145 101
2 10 312 0 8 175 0
10.0954 18.5689 162.335
180 175 171
2 2 1485 0 11 1452 0
-6.18267 -17.0017 160.802
114 126 62
2 9 359 0 5 356 0
24.9603 1.97934 161.399
98 126 42
2 0 291 0 7 595 0
11.9212 -4.66497 161.439
149 144 148
6 0 958 0 1 1011 0 2 1073 0 5 1049 0 8 1157 0 10 1073 0
25.6227 35.7124 161.997
222 214 229
3 3 1085 0 7 740 0 11 879 0
-3.45485 -18.911 161.017
146 159 90
3 1 265 0 9 280 0 5 243 0
18.2595 -21.2022 160.487
229 218 226
5 1 1347 0 9 1279 0 2 1348 0 8 1380 0 5 1290 0
56.2433 -15.768 159.264
182 175 156
2 0 315 0 7 61 0
-3.88958 -25.321 160.718
129 141 77
2 9 751 0 5 944 0
7.91791 10.7435 162.518
164 174 101
2 6 1344 0 4 1388 0
8.693 -22.3162 160.593
108 109 137
4 1 674 0 10 717 0 8 772 0 5 727 0
17.0702 7.30592 161.796
124 137 65
2 2 164 0 11 17 0
5.21666 14.636 162.317
142 140 145
3 0 7 0 2 62 0 8 236 0
15.2573 4.15262 161.551
174 168 168
4 0 1325 0 2 1447 0 10 1438 0 8 1485 0
-2.07228 -7.16432 161.77
119 139 68
4 1 1174 0 9 1096 0 10 1146 0 5 1147 0
7.62393 -24.615 160.573
194 183 197
2 9 957 0 5 1045 0
7.79115 9.05778 162.95
140 170 118
2 6 245 0 4 27 0
18.8363 16.6322 162.049
81 94 138
4 6 441 0 2 477 0 3 486 0 11 507 0
6.7636 17.5295 162.35
49 54 84
3 10 1090 0 8 1197 0 11 1126 0
39.0023 -8.12773 160.563
155 151 152
2 0 1038 0 7 1076 0
-4.25963 -31.9104 160.4
127 148 83
2 1 515 0 9 271 0
11.108 -17.1713 161.041
191 184 191
5 1 1457 0 9 1360 0 10 1445 0 8 1504 0 5 1468 0
35.7065 -2.98601 160.845
140 159 69
3 2 399 0 7 554 0 11 402 0
30.5954 -51.5986 157.489
169 165 182
2 9 587 0 5 674 0
7.23322 -17.3513 161.06
134 156 83
2 1 1461 0 5 1485 0
31.2556 6.88524 161.394
153 149 148
4 0 1180 0 2 1323 0 7 1238 0 11 1280 0
-0.632048 -28.4876 160.447
195 188 178
2 1 994 0 5 1019 0
6.46854 -14.1898 161.314
160 170 101
4 1 941 0 9 697 0 10 653 0 5 651 0
49.1443 -28.6728 158.514
84 81 108
2 0 1036 0 10 1141 0
6.51144 1.41694 161.809
26 32 54
3 0 38 0 6 23 0 8 14 0
13.5027 -0.291827 161.548
41 51 76
4 0 1390 0 2 1496 0 10 1498 0 8 1564 0
23.3544 -1.34093 161.761
186 183 142
2 2 1420 0 8 1458 0
18.0377 12.6259 162.046
94 112 38
4 0 282 0 2 570 0 10 525 0 11 511 0
12.1277 -20.7549 160.512
53 67 112
2 1 1192 0 8 1173 0
8.56761 2.71196 161.763
115 114 130
2 0 365 0 10 354 0
38.6014 -15.9107 160.394
180 178 183
2 0 476 0 10 660 0
17.6105 20.9284 162.168
189 184 181
3 2 1076 0 3 1126 0 4 1230 0
21.5152 30.1979 162.132
51 58 86
4 0 822 0 3 1052 0 7 880 0 11 929 0
10.2644 -1.0579 161.596
41 47 71
5 0 154 0 2 100 0 10 263 0 8 123 0 5 262 0
53.767 -0.130017 160.052
219 212 204
2 0 1065 0 7 1052 0
15.2385 -2.61826 161.469
39 45 69
4 0 1205 0 2 1341 0 10 1312 0 5 1356 0
36.2461 2.3646 160.91
189 183 183
2 0 893 0 2 1124 0
7.31449 4.47635 161.846
229 221 210
5 6 663 0 2 521 0 5 585 0 4 732 0 8 644 0
32.2822 -12.4957 160.784
45 52 71
3 0 1089 0 10 1169 0 5 1154 0
17.5926 15.6084 162.106
53 72 52
2 2 1494 0 11 1467 0
-7.79831 0.374491 162.331
173 167 177
3 1 11 0 9 78 0 5 19 0
42.8902 -13.5701 160.228
225 215 216
2 0 573 0 7 221 0
0.475767 -21.7464 160.679
111 143 60
2 1 721 0 8 764 0
24.0297 29.3997 162.116
207 205 164
2 3 552 0 11 372 0
-0.639448 9.16254 162.352
90 88 109
4 1 586 0 6 741 0 2 663 0 8 576 0
49.3411 -8.09844 160.325
151 129 108
2 0 503 0 7 608 0
6.76877 -12.5157 161.368
201 195 183
3 1 549 0 9 470 0 8 566 0
14.774 -14.1973 160.982
198 193 200
4 1 1375 0 2 1374 0 10 1347 0 5 1403 0
15.8734 15.6813 162.296
29 42 22
2 0 266 0 10 159 0
20.1099 27.477 162.2
79 92 134
2 6 249 0 3 451 0
32.1089 4.56303 161.238
209 203 205
3 0 789 0 2 861 0 11 848 0
3.52666 6.09543 162.135
185 177 188
2 6 80 0 2 350 0
13.377 7.12798 161.855
109 132 52
5 0 642 0 6 1122 0 2 744 0 10 781 0 4 1226 0
28.8619 29.4017 162.205
160 153 125
2 7 5 0 11 206 0
-2.21547 -13.3742 161.377
72 94 56
4 1 1288 0 9 1212 0 8 1308 0 5 1300 0
-19.544 -14.3791 162.277
204 185 187
3 1 1108 0 9 1037 0 5 1075 0
13.7822 2.0506 161.604
39 50 80
5 0 756 0 2 884 0 10 824 0 8 875 0 5 805 0
21.3935 -10.7331 161.219
130 156 65
4 2 1061 0 10 1010 0 8 1100 0 5 904 0
15.0478 -21.0959 160.265
54 68 107
2 1 1498 0 8 1560 0
30.2337 7.37019 161.532
201 189 203
2 7 803 0 11 851 0
29.9605 27.1465 161.743
187 193 129
2 3 1276 0 11 1088 0
14.6869 -5.3681 161.428
137 130 137
6 0 741 0 1 546 0 2 718 0 5 648 0 8 490 0 10 783 0
12.4851 20.7711 162.335
52 58 80
3 0 712 0 2 833 0 7 642 0
44.9429 -8.56073 160.163
182 176 178
2 0 761 0 7 788 0
10.574 -23.6033 160.502
187 178 195
4 9 851 0 10 1013 0 8 955 0 5 971 0
-0.33171 14.867 162.484
21 32 28
2 2 835 0 8 909 0
-1.25811 13.7119 162.322
23 33 35
2 2 1082 0 8 1152 0
12.8701 20.3256 162.281
172 161 178
2 7 933 0 11 1094 0
4.75939 6.96933 162.116
123 136 57
4 0 874 0 10 815 0 8 1120 0 5 801 0
8.10405 9.06903 162.604
39 61 23
2 0 301 0 10 185 0
18.0058 23.7104 162.206
183 178 174
3 2 639 0 7 518 0 11 651 0
5.7817 -1.29371 161.816
21 34 24
3 2 1225 0 10 1126 0 5 1099 0
15.2765 4.14968 161.597
187 182 178
2 2 1448 0 10 1437 0
54.898 -8.36645 160.039
153 155 106
2 0 322 0 7 320 0
31.1754 31.6016 162.103
217 213 184
2 3 1367 0 7 1185 0
19.9988 13.6426 161.616
228 216 228
2 6 1663 0 2 1467 0
22.0322 16.5678 161.932
55 62 81
6 0 937 0 3 1177 0 4 1239 0 7 1013 0 11 1043 0 6 1242 0
12.143 -23.6444 160.429
198 186 196
5 1 1231 0 9 1129 0 10 1239 0 8 1318 0 5 1221 0
20.1161 31.2831 162.065
37 51 78
2 2 158 0 3 128 0
15.749 16.2637 162.277
57 76 30
3 0 173 0 10 120 0 7 182 0
12.1372 -26.0971 160.377
202 191 199
4 1 388 0 9 361 0 8 457 0 5 358 0
16.3465 -18.3295 160.693
183 174 191
2 9 627 0 5 701 0
32.6117 1.49899 161.167
77 98 42
3 2 148 0 7 192 0 11 514 0
38.9944 -11.1648 160.596
170 164 166
3 0 1056 0 7 1110 0 11 1117 0
-10.0403 -6.12731 161.929
146 148 99
3 1 1187 0 10 1144 0 8 1223 0
15.6906 -2.16605 161.476
48 53 73
5 0 715 0 2 699 0 10 786 0 8 746 0 5 754 0
21.8003 4.28395 161.404
165 160 164
2 0 472 0 7 571 0
28.8101 33.3121 162.131
144 144 106
2 7 390 0 11 518 0
15.2956 0.579624 161.539
164 159 165
5 0 900 0 2 1065 0 10 1044 0 8 1110 0 5 1066 0
8.54435 -7.76974 161.625
88 110 64
3 1 1392 0 10 1363 0 5 1412 0
4.98887 14.4845 162.327
148 144 143
2 2 950 0 8 970 0
25.7075 6.36288 161.58
200 195 192
4 2 1255 0 10 1298 0 7 1172 0 11 1260 0
34.7131 24.2224 161.629
89 105 42
2 7 1000 0 11 1002 0
13.2579 11.2077 162.123
41 58 14
5 0 659 0 2 754 0 10 686 0 8 825 0 7 617 0
36.8221 3.76821 161.028
179 177 154
2 0 1013 0 2 1137 0
12.555 11.5593 162.28
36 50 25
3 0 276 0 10 140 0 7 237 0
10.9697 2.82251 161.628
42 53 83
5 0 931 0 2 1075 0 10 1048 0 8 1085 0 5 996 0
-9.1925 -5.17847 162.09
152 150 102
4 1 1135 0 9 1036 0 10 878 0 5 1051 0
35.3603 34.1457 161.651
226 221 179
2 3 80 0 11 42 0
21.6288 -4.27247 161.448
135 162 69
4 2 568 0 10 462 0 8 458 0 5 372 0
-7.26768 -14.7573 160.904
100 117 49
2 9 1190 0 5 1190 0
29.3947 24.3129 161.851
123 135 85
2 3 331 0 11 230 0
55.0002 1.50004 159.928
107 113 75
2 0 327 0 7 547 0
33.4695 10.7734 161.531
107 125 49
2 0 198 0 2 181 0
20.9199 13.2606 161.956
235 223 235
5 6 162 0 2 339 0 10 251 0 3 263 0 11 88 0
11.0675 4.28421 161.728
55 67 81
4 2 1356 0 10 1314 0 8 1389 0 5 1355 0
17.2382 25.7705 162.308
40 49 78
2 0 757 0 7 769 0
15.9995 -13.4805 161.005
188 180 191
5 1 1317 0 2 1324 0 10 1299 0 8 1382 0 5 1346 0
36.3553 4.46716 161.35
125 130 74
2 0 580 0 7 144 0
18.0505 24.3517 162.248
93 90 99
5 0 701 0 2 588 0 3 857 0 7 701 0 11 721 0
2.10541 12.243 162.344
39 49 74
3 2 840 0 10 817 0 8 792 0
-9.67909 -9.7649 161.306
111 129 53
2 9 1104 0 5 1097 0
55.4772 -0.440949 159.925
207 197 198
2 0 678 0 7 715 0
25.6995 33.7638 162.021
109 113 142
3 3 579 0 7 415 0 11 527 0
14.309 2.60596 161.733
53 65 91
2 2 684 0 8 660 0
-7.26749 2.54862 162.267
55 58 89
4 1 801 0 5 660 0 4 974 0 8 763 0
-1.81741 -37.0534 160.361
130 145 86
2 1 320 0 9 322 0
55.1466 -14.2254 159.918
76 114 39
2 0 1335 0 7 1350 0
10.8844 -28.2305 160.304
197 186 190
2 8 35 0 5 168 0
2.68371 -12.4577 161.351
117 127 64
2 10 1033 0 5 1061 0
7.60593 17.1248 162.339
177 172 168
4 2 1070 0 10 1023 0 8 1141 0 11 1102 0
-1.95845 -10.4533 161.75
132 138 74
2 9 1182 0 10 1270 0
-19.2826 -10.8352 162.332
172 166 178
2 1 1352 0 9 1283 0
6.22912 -24.1816 160.625
74 71 102
2 9 182 0 5 231 0
0.906557 -20.3968 160.925
116 140 66
2 1 857 0 8 793 0
16.8437 -26.4079 160.235
196 184 188
4 1 124 0 9 212 0 10 127 0 8 447 0
16.2577 -0.0281287 161.54
46 58 82
4 2 1219 0 10 1192 0 8 1250 0 5 1177 0
56.4937 -5.34688 159.888
198 191 175
2 0 79 0 7 12 0
-1.11825 -7.10247 161.826
147 152 94
2 9 1014 0 10 1006 0
13.4992 -18.8474 160.682
195 191 205
5 1 1089 0 9 1046 0 10 1093 0 8 1097 0 5 1093 0
22.0321 -13.1962 160.983
164 168 131
2 2 454 0 8 187 0
7.76548 -3.19045 161.527
30 48 26
4 2 1154 0 10 1069 0 8 1158 0 5 997 0
22.5951 1.22977 161.399
178 190 114
2 2 1389 0 8 1436 0
12.7419 -24.9727 160.375
211 201 210
3 1 593 0 8 673 0 5 624 0
-21.2588 -15.5405 162.271
177 161 162
2 1 1181 0 9 1150 0
29.352 31.8466 162.035
169 177 117
3 3 1100 0 7 920 0 11 971 0
17.152 -9.36133 161.25
155 164 109
3 1 405 0 8 58 0 5 5 0
5.22117 7.26244 162.238
164 176 100
4 6 1540 0 2 1340 0 8 1429 0 4 1642 0
22.0023 5.63136 161.691
194 189 186
2 2 31 0 11 159 0
-19.9574 -15.0913 162.28
209 193 196
3 1 1359 0 9 1277 0 5 1384 0
14.8665 -10.7133 161.155
199 193 203
5 1 1133 0 2 1007 0 10 1000 0 8 1155 0 5 1100 0
15.3196 21.3007 162.248
170 161 162
3 0 136 0 2 470 0 11 134 0
-21.6088 -15.6481 162.327
168 153 158
2 1 182 0 9 286 0
-2.52631 4.56449 162.209
188 184 181
2 2 1018 0 4 1046 0
11.0213 9.49324 162.329
117 136 57
2 2 933 0 10 990 0
19.5441 26.4014 162.186
64 67 76
6 0 122 0 2 259 0 3 332 0 7 173 0 11 211 0 6 226 0
35.7354 32.6458 161.566
188 196 139
2 3 930 0 7 791 0
36.2579 3.92131 160.986
196 193 178
4 0 192 0 2 365 0 7 375 0 11 295 0
37.4273 28.9071 161.351
74 80 54
2 7 940 0 11 963 0
-17.2585 -17.5462 162.009
99 126 47
3 1 71 0 9 759 0 5 642 0
4.47226 6.41464 162.169
182 169 150
4 0 208 0 1 571 0 10 334 0 5 154 0
33.1128 0.809005 161.049
56 73 39
5 0 1275 0 2 1399 0 10 1376 0 7 1306 0 11 1342 0
-12.17 -16.0615 161.627
130 136 92
2 9 1035 0 5 1078 0
15.2162 -17.237 161.111
186 175 191
2 9 634 0 5 617 0
32.3176 24.9316 161.988
129 142 99
2 6 1496 0 3 1519 0
-9.17546 -2.42342 162.299
177 170 177
4 1 1413 0 9 1332 0 8 1450 0 5 1434 0
20.3985 29.3743 162.158
39 50 78
5 0 726 0 2 882 0 3 921 0 7 735 0 11 800 0
4.7698 17.8426 162.288
31 43 65
3 2 628 0 8 684 0 11 639 0
8.98562 -23.1662 160.549
45 56 101
3 9 1175 0 8 1266 0 5 1275 0
22.0513 27.9172 162.19
84 90 78
4 6 1237 0 2 1106 0 3 1169 0 11 997 0
4.44654 6.58415 162.229
237 219 215
2 6 82 0 4 440 0
15.6624 -19.7531 160.592
56 70 115
5 1 812 0 9 730 0 10 811 0 8 758 0 5 766 0
21.7401 33.347 162.085
59 70 116
3 3 571 0 7 243 0 11 432 0
4.53221 -34.7532 162.636
173 166 174
2 9 1205 0 5 1219 0
53.3702 -9.56984 160.099
214 204 202
2 0 1199 0 7 1249 0
39.7515 -4.76312 160.547
63 68 74
4 0 116 0 10 63 0 7 169 0 11 37 0
32.1284 12.3752 161.5
197 189 187
2 0 1108 0 2 1230 0
21.1765 4.51577 161.515
164 159 163
5 0 1186 0 2 1329 0 10 1295 0 7 1216 0 11 1278 0
35.8506 34.7388 161.714
199 202 145
3 3 1313 0 7 1178 0 11 1249 0
41.2563 -8.60427 160.407
169 164 168
5 0 953 0 2 990 0 10 1028 0 7 1006 0 11 959 0
-10.914 -8.55284 162.212
96 118 54
2 1 607 0 5 786 0
16.5092 12.7332 162.401
117 136 54
2 2 380 0 8 724 0
34.0816 2.82904 161.105
184 179 176
3 2 1147 0 10 1082 0 7 1046 0
34.0234 -48.6884 157.529
163 154 171
2 9 1001 0 5 965 0
9.17675 -33.7768 160.863
141 190 197
2 9 1169 0 5 1321 0
20.9047 21.348 162.119
189 194 136
3 6 377 0 2 308 0 3 255 0
1.08308 15.331 162.062
31 43 65
2 2 1183 0 8 1232 0
15.8351 14.776 162.232
27 41 8
3 0 650 0 10 716 0 7 687 0
32.6663 9.38533 161.56
136 152 79
2 0 591 0 2 622 0
5.31504 6.25006 162.229
136 144 71
3 0 127 0 10 255 0 5 238 0
21.7691 26.1426 162.001
228 223 191
2 6 90 0 3 412 0
26.5161 11.3764 161.652
213 201 201
4 0 1168 0 2 1265 0 7 1226 0 11 1221 0
11.7894 19.5147 162.318
221 211 222
2 6 1708 0 4 1747 0
15.4127 -35.6827 160.523
38 52 55
2 9 802 0 5 734 0
28.805 11.4096 161.607
176 168 166
3 0 414 0 2 444 0 11 491 0
-10.9377 -4.84106 162.333
171 176 144
5 1 67 0 9 191 0 10 331 0 8 423 0 5 537 0
34.9914 31.971 161.583
188 191 136
3 3 1338 0 7 1117 0 11 1160 0
13.3684 4.20857 161.701
181 176 173
2 2 1128 0 8 1164 0
27.5507 34.5147 161.915
114 119 139
3 3 1435 0 7 1181 0 11 1255 0
-11.685 -6.47366 162.048
124 139 74
2 9 1222 0 5 1354 0
15.3642 -6.19746 161.291
143 138 142
3 0 394 0 1 664 0 5 555 0
17.5034 -3.19841 161.531
103 126 46
3 0 1081 0 2 1177 0 10 1167 0
6.2468 5.94515 162.009
136 153 75
2 8 1461 0 4 1637 0
34.5795 3.31968 161.049
190 184 184
3 0 672 0 10 723 0 7 800 0
26.2508 9.59515 161.833
193 187 189
2 0 72 0 10 234 0
41.2563 -8.60427 160.407
169 164 168
5 0 954 0 2 989 0 10 1027 0 7 1007 0 11 958 0
21.1598 -15.1096 161.304
183 178 175
2 2 13 0 8 250 0
22.7432 27.2782 161.974
172 179 111
2 2 850 0 11 563 0
29.4971 18.2585 161.691
39 55 19
3 0 257 0 2 287 0 11 302 0
-4.92137 28.8109 173.621
33 58 28
2 6 1712 0 4 1769 0
5.33553 6.29455 162.25
199 198 144
2 6 251 0 4 156 0
14.9901 -19.3938 160.59
69 78 117
3 10 1443 0 8 1469 0 5 1454 0
14.9489 -8.08038 161.283
166 160 170
2 10 269 0 8 377 0
7.97306 13.3611 162.391
105 129 43
2 0 1218 0 10 1337 0
40.7886 7.14924 160.936
37 60 14
2 0 666 0 7 657 0
21.8205 13.4377 161.773
182 176 178
4 0 1385 0 2 1493 0 7 1405 0 11 1464 0
42.4028 24.8661 161.19
196 183 193
2 7 1224 0 11 1277 0
17.8166 13.7133 162.105
38 54 25
3 2 469 0 10 478 0 11 712 0
9.84239 -27.7127 160.307
194 182 182
2 8 1042 0 5 1102 0
15.4878 2.58241 161.577
99 103 114
3 2 689 0 10 663 0 8 715 0
28.3462 9.41893 161.625
216 206 207
3 0 1159 0 2 1302 0 7 1207 0
-2.74866 -4.86324 161.799
73 87 51
2 1 852 0 10 676 0
18.9325 0.0438986 161.639
109 118 61
4 0 304 0 2 321 0 10 292 0 8 188 0
57.0773 -14.7183 159.26
181 167 164
2 0 560 0 10 617 0
31.6977 4.20144 161.277
178 172 176
4 0 484 0 2 630 0 10 455 0 7 418 0
41.3588 -6.07374 160.45
56 67 97
5 0 1120 0 2 1203 0 10 1196 0 7 1159 0 11 1179 0
27.6369 -15.9028 160.775
59 61 73
2 0 898 0 8 996 0
-6.51539 5.72943 162.333
42 52 88
2 1 1121 0 8 1125 0
56.9826 -15.3225 159.196
137 141 118
2 10 761 0 7 620 0
-10.6794 -30.1325 160.461
113 134 59
2 1 1119 0 9 989 0
17.2129 -28.1666 160.252
210 200 209
2 1 916 0 8 837 0
3.62279 -15.8139 161.283
143 162 80
2 8 811 0 5 793 0
48.8601 -35.3168 158.223
156 150 134
2 0 21 0 10 203 0
56.7177 -7.00666 160.934
59 78 32
2 0 485 0 7 835 0
33.1343 -4.01222 160.941
127 148 71
4 2 530 0 10 375 0 7 270 0 11 480 0
8.55478 -16.7527 161.08
129 153 77
3 1 913 0 9 965 0 5 1021 0
28.9875 -14.5511 160.851
60 59 67
2 0 111 0 10 30 0
44.0383 9.50425 160.77
45 54 59
2 0 647 0 7 708 0
34.0016 37.1817 161.883
197 206 153
2 3 1310 0 7 1061 0
20.3341 0.305065 161.72
174 174 140
4 0 194 0 2 562 0 10 361 0 8 714 0
28.3462 9.41893 161.625
216 206 207
3 0 1160 0 2 1303 0 7 1206 0
13.7878 12.1449 162.185
71 83 45
2 10 1107 0 8 1206 0
33.8997 37.0011 161.866
193 201 150
2 3 167 0 11 121 0
28.4193 6.47905 161.523
177 171 173
5 0 796 0 2 657 0 10 368 0 7 805 0 11 770 0
15.7854 9.11369 161.979
193 186 170
2 10 679 0 8 385 0
21.1518 -49.7904 157.557
151 138 148
2 9 1019 0 5 1037 0
20.788 11.5239 161.915
167 162 166
6 0 921 0 2 1094 0 3 1219 0 7 888 0 11 1015 0 10 1040 0
16.441 6.67284 160.897
100 125 42
2 0 1348 0 10 1464 0
-4.9322 -34.9582 160.359
198 186 196
2 1 1004 0 9 1012 0
30.3698 5.45503 161.462
182 178 179
4 0 326 0 10 551 0 7 586 0 11 569 0
7.49001 20.6166 162.028
27 42 63
2 2 404 0 8 341 0
30.7455 8.13809 161.461
150 144 144
2 0 1242 0 7 1253 0
20.4744 -46.5414 157.542
45 34 48
2 9 762 0 5 889 0
24.0032 3.35661 161.584
112 128 57
5 0 828 0 7 951 0 2 1048 0 8 1039 0 11 1029 0
10.424 0.0405835 161.628
31 41 66
2 0 1167 0 5 1310 0
14.48 -25.8836 160.488
201 190 198
2 1 1188 0 5 1299 0
8.17032 0.474595 161.676
40 51 71
6 2 180 0 4 126 0 5 171 0 8 189 0 6 161 0 10 347 0
19.0389 8.77521 161.703
85 105 44
4 0 1051 0 2 1149 0 10 1179 0 8 1221 0
-12.8546 -12.3314 161.716
124 133 78
3 1 1190 0 9 1215 0 5 1208 0
13.2456 4.8485 161.667
102 118 45
3 0 713 0 10 810 0 8 265 0
-4.41216 5.97697 162.371
176 166 175
2 1 1379 0 8 1421 0
51.1164 -10.6708 160.74
209 199 198
2 0 1381 0 7 1396 0
13.1163 -35.3815 160.093
123 144 87
2 9 348 0 5 292 0
10.8545 -16.4046 160.895
202 193 194
5 1 837 0 9 765 0 10 796 0 8 826 0 5 795 0
15.7438 6.91325 161.827
112 131 50
2 0 602 0 10 655 0
8.62286 8.47392 162.858
86 113 72
4 6 1652 0 2 1452 0 10 1449 0 8 1492 0
13.3151 -30.3344 160.205
202 190 194
3 1 1106 0 9 1032 0 8 1128 0
33.3727 5.81635 161.238
193 187 175
4 0 851 0 2 1030 0 7 1023 0 11 966 0
11.4705 -32.7517 160.311
122 133 90
3 9 1125 0 8 1209 0 5 1160 0
45.0144 -7.65032 160.389
199 194 201
2 10 898 0 7 878 0
-14.1468 -3.04388 162.335
192 185 193
2 1 418 0 9 309 0
8.18583 -23.698 160.595
52 59 101
2 9 1337 0 5 1432 0
21.3674 2.44519 161.578
129 140 71
2 2 271 0 11 395 0
13.4161 -25.4413 160.349
188 172 185
2 9 616 0 5 721 0
12.9726 -2.92366 161.508
159 153 167
3 10 372 0 8 506 0 5 460 0
22.2378 11.8025 161.745
185 179 181
4 0 581 0 2 797 0 10 683 0 7 651 0
17.6748 24.999 162.229
167 166 172
4 0 511 0 2 741 0 7 535 0 11 716 0
-4.64643 -32.5069 160.445
126 143 88
2 1 1184 0 9 1000 0
35.7598 23.5115 161.685
96 110 48
2 7 155 0 11 65 0
13.7705 -2.5526 161.461
143 137 141
5 0 1191 0 2 1344 0 10 1303 0 8 1393 0 5 1360 0
9.92225 -16.9868 160.811
123 148 80
2 1 965 0 9 889 0
10.4151 -9.92536 161.382
159 172 102
3 1 786 0 2 1001 0 5 884 0
38.2855 32.1643 161.375
192 197 139
2 3 82 0 11 221 0
30.3282 7.96341 161.51
165 159 161
4 0 613 0 2 783 0 7 703 0 11 741 0
-13.918 -14.4936 161.901
158 160 123
3 1 1215 0 9 1170 0 5 1183 0
19.3788 -21.1429 160.429
149 167 107
2 1 1207 0 8 1274 0
60.3321 -22.0823 158.09
195 178 188
2 0 1007 0 7 1090 0
-4.14548 -36.9164 160.347
183 173 182
2 1 1040 0 9 1015 0
-0.148595 -29.3727 160.532
201 196 203
2 1 739 0 9 485 0
-6.18267 -17.0017 160.802
114 126 62
2 9 360 0 5 355 0
-11.9209 -18.8734 161.288
139 149 96
3 1 767 0 9 732 0 5 616 0
-10.6297 1.02562 162.367
185 178 186
3 1 1298 0 9 1208 0 8 1328 0
6.81239 16.4795 162.307
154 150 151
5 0 1047 0 2 1235 0 10 1122 0 8 1222 0 11 1142 0
15.3273 18.8218 162.135
186 165 170
3 6 160 0 3 74 0 4 205 0
30.0172 14.1969 161.613
168 158 149
3 0 392 0 2 373 0 11 478 0
9.87098 -14.0839 161.1
137 149 85
3 9 741 0 8 298 0 5 465 0
27.7333 11.5735 161.604
235 226 221
3 2 1281 0 7 1120 0 11 1193 0
19.9439 17.1373 162.036
93 102 141
2 3 386 0 7 202 0
15.5981 -18.4761 160.692
80 86 118
6 1 806 0 2 747 0 5 810 0 8 756 0 9 755 0 10 840 0
32.4032 6.75429 161.284
185 183 162
3 0 988 0 2 1144 0 11 1091 0
36.0708 -15.3349 160.458
48 55 83
2 0 767 0 10 792 0
19.5569 -10.0285 161.205
151 169 83
2 2 402 0 8 611 0
43.196 -10.8645 160.206
226 216 225
2 10 577 0 7 395 0
34.5459 34.5167 161.796
241 233 212
3 3 326 0 7 400 0 11 417 0
11.6311 1.91531 161.599
39 49 74
4 0 538 0 2 697 0 8 645 0 5 620 0
35.9216 31.5689 161.554
213 214 170
2 3 1353 0 11 1162 0
20.0819 7.06206 161.671
195 187 185
4 2 601 0 10 515 0 8 615 0 11 309 0
2.62822 4.35865 162.143
184 179 183
2 8 364 0 4 373 0
3.9942 -0.846018 162.052
80 109 43
2 2 173 0 10 100 0
38.6339 -3.6184 160.695
47 59 39
4 0 616 0 2 661 0 7 952 0 11 924 0
-10.2274 -22.2312 160.749
151 156 102
2 1 1093 0 9 1118 0
-3.62032 -27.1128 160.369
155 169 107
2 1 833 0 9 656 0
17.8318 14.2034 162.092
26 40 27
5 0 1297 0 6 1586 0 2 1408 0 10 1387 0 3 1547 0
21.3986 27.7 162.149
69 84 65
4 6 270 0 2 258 0 3 214 0 11 75 0
22.9875 31.1355 162.006
148 139 160
2 7 1322 0 11 1403 0
20.3464 0.330375 161.709
174 174 140
2 0 193 0 10 360 0
-2.02813 10.5502 162.316
53 59 91
3 1 458 0 2 410 0 8 450 0
28.6961 21.9937 161.744
48 66 16
3 0 137 0 7 318 0 11 315 0
14.3982 -1.41527 161.502
35 45 72
4 0 571 0 2 620 0 10 633 0 8 563 0
52.1305 -29.1389 158.4
153 138 143
2 0 1102 0 10 1173 0
6.65458 -4.60568 161.815
30 58 0
2 2 367 0 10 572 0
10.0016 -4.21835 161.274
174 170 167
4 2 1461 0 10 1459 0 8 1520 0 5 1493 0
41.0739 -3.22842 160.544
171 167 168
3 0 358 0 2 540 0 7 335 0
19.4515 -22.2245 160.42
135 153 95
2 9 1209 0 8 1269 0
-8.64193 3.27412 162.368
180 176 190
2 1 1096 0 8 1070 0
36.3858 1.45593 160.947
160 156 155
4 0 629 0 2 629 0 10 714 0 11 719 0
9.20327 -8.02441 161.521
134 154 82
2 8 346 0 5 59 0
-10.2588 -5.18439 162.343
104 124 55
3 9 1223 0 10 1325 0 5 1333 0
34.0147 4.70082 161.192
155 151 150
3 0 648 0 2 808 0 11 628 0
41.4543 11.4545 160.902
95 115 46
2 7 466 0 11 744 0
35.8361 4.2374 161.038
185 183 162
2 0 627 0 7 519 0
-7.68812 4.25398 162.312
43 52 85
2 1 1094 0 8 1103 0
-8.92773 7.69659 162.765
13 24 18
2 1 456 0 8 512 0
-0.468947 -34.9748 160.331
195 184 182
2 1 995 0 9 944 0
-4.82027 8.83348 162.238
43 56 91
3 1 1037 0 2 965 0 8 1064 0
18.7418 -0.63326 161.711
137 156 77
2 2 845 0 8 798 0
19.0785 2.2162 161.47
168 159 160
3 0 48 0 10 328 0 8 406 0
12.1532 -23.6644 160.385
198 186 196
2 1 1232 0 10 1238 0
12.2391 -22.8601 160.504
194 189 212
3 9 70 0 10 105 0 5 77 0
22.2828 22.0938 161.803
138 151 69
2 0 1141 0 2 1185 0
14.5784 -31.3942 160.116
198 186 190
2 1 603 0 8 553 0
3.90602 12.9499 162.305
37 45 68
3 0 949 0 2 1086 0 10 1038 0
-2.34726 11.3338 162.318
33 46 80
3 1 559 0 2 566 0 8 653 0
15.8649 -24.8246 160.288
187 176 182
3 1 406 0 8 527 0 5 567 0
19.1689 -23.9279 160.362
148 160 112
2 1 884 0 8 851 0
16.5581 -2.15922 161.469
151 147 148
5 0 1197 0 2 1355 0 10 1309 0 8 1365 0 5 1345 0
26.5017 3.31791 161.365
96 120 46
2 0 306 0 7 255 0
31.7103 16.072 161.385
186 178 165
2 2 409 0 11 85 0
-1.31832 -16.3719 161.387
139 148 91
2 9 1210 0 5 1239 0
12.5821 -6.61893 161.376
193 185 196
2 1 677 0 10 601 0
-8.51387 -19.6174 160.472
83 91 44
2 9 377 0 5 436 0
-6.76043 -8.29983 161.538
123 141 59
2 9 788 0 8 579 0
13.1163 -35.3815 160.093
123 144 87
2 9 347 0 5 293 0
38.4116 -16.6959 160.342
36 42 42
2 0 238 0 10 479 0
19.0594 -22.4464 160.5
171 165 141
2 9 296 0 8 87 0
51.8515 -16.2879 159.594
124 146 74
2 0 862 0 7 913 0
8.42807 -8.23185 161.553
53 71 31
3 1 429 0 10 509 0 8 454 0
8.55253 -18.707 160.755
26 48 35
4 1 1265 0 9 1309 0 8 1267 0 5 1386 0
28.815 26.9616 161.96
201 207 145
2 3 245 0 11 3 0
12.2026 19.88 162.42
184 181 176
2 2 1401 0 11 1352 0
30.2599 7.32945 161.408
229 219 217
2 2 941 0 11 852 0
25.689 34.3123 162.024
216 209 225
3 3 790 0 7 493 0 11 613 0
21.4354 2.31959 161.595
122 136 74
2 10 1098 0 8 1198 0
14.7304 4.66997 161.59
188 181 163
3 0 725 0 2 879 0 10 1020 0
24.2149 34.066 161.989
40 42 80
2 7 126 0 11 8 0
25.689 34.3123 162.024
216 209 225
3 3 791 0 7 492 0 11 614 0
48.0439 -18.5506 165.118
34 45 51
2 0 989 0 10 846 0
-12.8603 -4.10227 162.305
181 176 183
3 1 1209 0 9 1123 0 5 1175 0
38.4889 29.9983 161.302
138 142 105
2 7 901 0 11 1004 0
10.8003 13.8562 162.337
147 174 97
3 6 1563 0 8 1387 0 4 1596 0
-0.639448 9.16254 162.352
90 88 109
4 1 587 0 6 740 0 2 664 0 8 575 0
-2.65124 -18.3677 161.154
120 148 61
2 8 919 0 5 583 0
-13.918 -14.4936 161.901
158 160 123
3 1 1214 0 9 1172 0 5 1182 0
24.6949 6.67322 161.615
171 166 170
4 0 1028 0 2 1150 0 10 1101 0 7 1092 0
5.47989 13.6093 162.315
150 146 147
4 0 1354 0 2 1474 0 10 1470 0 8 1532 0
25.6658 36.4319 161.986
83 88 120
3 3 307 0 7 219 0 11 397 0
16.3537 2.86942 161.54
78 83 103
4 0 608 0 2 631 0 10 659 0 8 720 0
11.1269 -29.4459 160.255
190 178 182
2 8 1019 0 5 972 0
29.0489 13.2471 161.594
213 202 200
3 0 233 0 2 338 0 11 278 0
53.6115 -8.15464 159.513
213 204 205
2 0 1375 0 7 1389 0
6.35723 3.64031 161.856
153 152 157
4 0 717 0 2 868 0 8 844 0 5 785 0
7.71978 16.305 162.296
164 161 156
2 2 241 0 11 90 0
-2.22827 -9.91603 161.618
95 109 56
2 10 692 0 5 622 0
51.5118 -10.1988 160.166
246 231 236
2 10 423 0 7 326 0
19.0594 -22.4464 160.5
171 165 141
2 9 297 0 8 86 0
-4.58502 -38.6522 160.4
204 194 193
2 1 758 0 9 870 0
-2.75402 -4.85453 161.792
73 87 51
3 1 851 0 9 723 0 5 848 0
4.47059 13.5087 162.297
145 140 144
4 0 806 0 2 951 0 10 880 0 4 1251 0
7.27496 -20.1786 160.927
20 33 24
2 10 1233 0 5 1228 0
18.9509 5.85542 161.655
195 190 186
3 2 1455 0 10 1439 0 8 1494 0
1.71823 11.8464 162.426
85 88 107
2 0 119 0 2 63 0
25.9944 -48.5339 157.534
182 169 179
2 9 250 0 5 428 0
43.7254 -16.041 160.552
192 185 192
2 0 297 0 10 869 0
40.1304 -7.73739 160.457
58 67 96
3 0 1143 0 7 1189 0 11 1227 0
38.4116 -16.6959 160.342
36 42 42
2 0 239 0 10 480 0
20.2802 3.85051 161.627
176 171 175
2 0 698 0 2 596 0
-6.03495 -2.12525 162.398
100 119 53
2 1 1485 0 9 1401 0
6.22912 -24.1816 160.625
74 71 102
2 9 183 0 5 230 0
28.2 26.4462 161.912
157 163 93
5 0 567 0 6 753 0 3 678 0 7 469 0 11 523 0
23.967 17.1821 162.028
122 136 51
2 0 1224 0 11 1363 0
42.5845 -4.0745 160.517
192 187 184
2 2 612 0 10 834 0
29.6335 25.9602 161.834
212 212 160
3 6 1020 0 3 1038 0 11 876 0
7.1823 10.8379 162.442
165 168 101
2 2 209 0 8 137 0
29.4339 12.5816 161.59
230 219 217
3 0 232 0 2 534 0 11 182 0
27.8776 12.689 161.618
169 149 142
4 0 205 0 2 199 0 7 160 0 11 120 0
55.5997 1.10952 160.076
210 200 191
2 0 843 0 7 860 0
12.7091 10.0326 162.502
98 121 41
2 0 769 0 10 918 0
17.0055 -4.721 161.543
167 156 136
3 0 561 0 10 725 0 5 700 0
-14.7846 -25.3705 161.509
105 131 57
2 1 978 0 9 924 0
7.7704 -22.2159 160.559
41 54 96
4 1 443 0 9 451 0 8 381 0 5 280 0
27.5253 2.65442 161.34
162 181 100
2 2 445 0 11 405 0
9.60675 -7.36162 161.484
43 66 24
5 1 266 0 2 254 0 10 453 0 8 215 0 5 322 0
60.9634 -15.9937 157.917
191 177 176
2 0 1251 0 7 1272 0
8.30097 -21.3055 160.761
41 50 93
2 9 990 0 5 1086 0
31.7669 -0.438827 161.174
133 137 86
4 0 574 0 10 607 0 7 605 0 11 690 0
18.5813 26.5043 162.136
148 145 154
4 0 859 0 2 1040 0 7 955 0 11 898 0
42.1754 -8.3186 160.444
180 175 179
5 0 200 0 2 506 0 10 320 0 7 262 0 11 277 0
15.175 -1.61412 161.507
142 140 151
4 0 343 0 10 483 0 8 590 0 5 543 0
13.3304 -21.2197 160.493
39 53 92
2 10 739 0 8 807 0
4.31077 11.8289 162.278
185 180 184
2 8 1467 0 4 1689 0
12.6396 3.93589 161.605
80 82 94
4 0 61 0 6 1 0 2 113 0 10 104 0
29.6517 5.49535 161.406
194 187 195
2 10 415 0 11 496 0
10.0031 1.91692 161.657
47 58 86
4 0 1043 0 10 1150 0 8 1239 0 5 1150 0
-9.03954 -0.452628 162.472
174 166 177
4 1 1076 0 5 1144 0 4 1390 0 8 1228 0
-6.23672 -35.286 160.32
153 140 149
2 1 800 0 9 683 0
26.0082 17.8616 164.832
128 160 63
2 0 1378 0 7 1391 0
2.03479 -17.718 161.217
140 160 88
2 1 756 0 5 345 0
17.6684 -24.4441 160.315
226 214 218
4 1 1493 0 9 1413 0 8 1557 0 5 1513 0
20.6721 -26.7173 160.843
157 170 114
2 1 1434 0 8 1422 0
17.9907 25.7459 162.219
47 54 82
4 0 965 0 2 1079 0 7 1021 0 11 1046 0
-2.81039 -8.37907 161.863
184 185 153
2 1 658 0 8 380 0
17.4332 22.4804 162.234
180 175 172
3 2 152 0 3 423 0 11 31 0
4.23874 6.87039 162.327
184 171 154
3 0 396 0 6 1095 0 2 832 0
32.8494 -0.135732 161.133
133 145 81
2 10 425 0 7 559 0
16.3208 19.7099 162.173
119 113 113
7 0 719 0 2 836 0 3 736 0 4 883 0 7 780 0 11 656 0 6 962 0
16.315 -19.3545 160.631
178 175 192
5 1 714 0 9 695 0 2 715 0 8 712 0 5 768 0
10.143 -12.3725 161.167
30 46 19
5 9 968 0 2 931 0 10 965 0 8 916 0 5 963 0
13.0897 -21.542 160.537
62 76 123
5 1 1268 0 9 1206 0 10 1236 0 8 1282 0 5 1263 0
9.79411 -9.79904 161.373
138 153 84
2 1 358 0 5 229 0
17.803 15.3031 162.133
43 64 55
4 6 472 0 2 505 0 10 501 0 3 473 0
10.7753 7.2038 162.366
140 152 112
2 6 809 0 4 1070 0
12.6014 -33.982 160.186
126 150 88
4 1 798 0 9 769 0 8 827 0 5 824 0
22.4124 13.6923 161.94
204 195 196
4 0 808 0 2 903 0 3 1041 0 7 862 0
31.8189 3.43312 161.123
208 203 199
2 2 119 0 7 297 0
42.4521 26.4844 161.132
182 165 175
2 7 244 0 11 348 0
8.81595 0.138228 161.631
148 147 155
5 0 1154 0 2 1301 0 10 1256 0 8 1354 0 5 1315 0
33.4735 36.2792 161.9
195 198 145
2 3 829 0 11 630 0
19.7784 -45.8489 157.546
80 66 81
2 9 659 0 5 593 0
51.1708 -0.56826 160.107
145 152 101
2 0 1011 0 7 1091 0
16.1098 10.7375 162.021
177 167 158
4 7 919 0 2 1008 0 8 876 0 11 928 0
25.9857 -49.9048 157.266
114 100 97
2 9 35 0 5 80 0
18.5517 -3.97827 161.471
90 119 39
2 10 757 0 5 694 0
13.4203 11.7345 162.112
101 118 64
2 0 1303 0 10 1422 0
40.2885 -5.16785 160.519
193 189 188
4 2 874 0 10 823 0 7 811 0 11 790 0
16.9944 -0.264925 161.526
146 144 155
4 0 249 0 2 235 0 10 96 0 5 251 0
23.5356 19.7554 161.8
192 204 132
2 6 1518 0 3 1535 0
-5.09436 -36.8039 160.368
158 148 159
2 1 813 0 9 749 0
13.7186 -34.5904 160.135
43 60 41
2 1 431 0 9 379 0
7.54541 18.7731 162.32
62 70 89
3 2 945 0 8 950 0 11 921 0
31.2261 -51.0289 157.637
180 170 181
2 9 1298 0 5 1375 0
58.7897 -4.60424 160.63
116 145 65
2 0 204 0 7 52 0
13.248 -19.9697 160.626
61 75 120
3 1 899 0 8 891 0 5 914 0
-19.7738 -15.7258 162.377
194 176 174
2 9 639 0 5 724 0
31.4235 29.5944 162.137
119 129 66
2 7 479 0 11 586 0
20.835 30.0856 162.119
155 153 164
5 0 252 0 2 580 0 3 719 0 7 334 0 11 547 0
19.0569 3.6729 161.695
160 158 159
4 0 1023 0 2 1138 0 10 1112 0 8 1183 0
31.2636 22.7854 161.63
104 123 42
2 0 213 0 11 250 0
2.00035 6.26441 162.222
166 162 159
2 2 743 0 8 707 0
10.6654 2.43247 161.616
62 74 126
4 6 1008 0 2 319 0 10 136 0 5 340 0
4.13393 10.3187 162.16
154 152 127
3 0 499 0 10 529 0 5 264 0
33.1343 -0.547603 160.95
158 173 88
2 2 1252 0 10 1230 0
13.3535 19.2162 162.402
152 140 154
2 7 815 0 11 923 0
34.8332 -4.64959 160.842
172 164 128
2 2 809 0 11 752 0
16.6008 21.3053 161.496
179 173 175
2 0 1394 0 7 1416 0
-4.25468 -12.6708 161.275
52 78 30
2 8 1056 0 5 1007 0
39.1746 -0.556611 160.914
166 162 163
2 0 993 0 2 1133 0
20.6322 15.2703 161.926
81 83 104
4 0 270 0 6 596 0 2 240 0 3 526 0
19.9372 17.124 162.031
48 62 91
5 0 384 0 6 225 0 3 385 0 4 302 0 11 318 0
32.9063 8.53499 161.829
100 129 45
2 0 1382 0 11 1457 0
23.6663 18.1355 161.824
200 205 141
3 6 1485 0 2 1357 0 3 1440 0
15.9267 -6.57005 161.334
122 118 117
5 0 460 0 2 813 0 10 793 0 8 999 0 5 876 0
-14.5421 -15.8651 161.918
138 146 95
3 1 462 0 9 566 0 5 696 0
2.76992 -20.2227 160.797
119 146 69
2 1 547 0 8 595 0
11.4151 8.07278 162.17
44 65 34
2 0 1084 0 2 1239 0
32.3919 25.2074 161.806
112 123 80
4 6 692 0 3 870 0 7 534 0 11 555 0
13.1108 -23.1618 160.419
68 68 102
4 9 1112 0 10 1152 0 8 1170 0 5 1157 0
41.0594 -2.5496 160.741
182 176 178
3 0 923 0 2 971 0 10 980 0
13.4994 -0.294978 161.542
41 51 76
3 0 1389 0 2 1497 0 10 1497 0
16.4021 -12.289 160.915
163 158 165
2 10 323 0 8 118 0
6.32803 -19.2684 160.946
34 45 37
2 1 484 0 8 482 0
43.5592 -4.76654 160.452
173 169 170
3 0 1032 0 2 1119 0 10 1159 0
25.0992 33.8319 162.062
83 95 137
3 3 1147 0 7 970 0 11 1021 0
65.4384 -6.85247 159.369
137 136 105
2 0 1262 0 7 1270 0
51.8805 -30.1257 158.059
152 137 140
2 0 1255 0 10 1348 0
7.37252 3.50637 161.836
146 144 149
7 0 641 0 2 761 0 4 1049 0 5 680 0 8 795 0 6 1065 0 10 726 0
19.2548 30.414 162.153
34 45 73
4 0 1136 0 2 1325 0 7 1184 0 11 1264 0
7.54202 -6.35288 161.997
111 126 59
2 10 1436 0 5 1453 0
23.152 -0.0272655 161.57
126 153 60
2 2 1322 0 8 1359 0
8.18583 -23.698 160.595
52 59 101
2 9 1336 0 5 1431 0
30.973 33.0868 162.026
206 208 158
2 3 1056 0 11 914 0
13.2974 -13.6835 161.03
194 186 197
3 1 168 0 10 413 0 8 331 0
41.8068 -11.6238 160.419
202 196 196
3 0 578 0 10 724 0 7 517 0
25.376 15.0115 162.44
121 140 58
2 0 880 0 7 464 0
-9.87539 -1.2777 162.344
161 150 167
3 9 1193 0 8 1265 0 5 1285 0
25.4817 12.3744 161.655
217 203 200
2 0 12 0 11 158 0
8.42145 -2.89773 161.413
38 51 70
2 2 536 0 5 311 0
9.78695 -37.6923 159.873
144 162 104
2 1 432 0 5 196 0
-8.72756 6.70286 162.52
17 29 25
2 1 826 0 8 817 0
48.2085 -17.0256 159.631
27 39 27
2 0 1250 0 7 1236 0
-11.8571 -1.07086 162.314
85 82 109
3 9 913 0 8 902 0 5 901 0
21.3157 21.9339 162.114
153 148 106
2 7 552 0 11 635 0
55.8723 -16.7016 159.154
197 180 186
2 0 1287 0 7 1289 0
-14.7332 -4.69317 162.332
107 108 126
2 1 1226 0 9 1149 0
17.6155 -6.79707 161.471
23 34 17
4 0 703 0 2 473 0 10 664 0 5 485 0
41.3444 -6.06756 160.458
56 67 97
3 0 1121 0 2 1202 0 11 1180 0
17.1099 -8.37535 161.342
117 136 55
3 0 840 0 2 981 0 8 1017 0
-15.4895 -14.3796 162.061
130 142 78
2 9 1064 0 5 1236 0
16.5581 -2.15922 161.469
151 147 148
5 0 1198 0 2 1354 0 10 1308 0 8 1364 0 5 1344 0
17.6684 -24.4441 160.315
226 214 218
3 1 1494 0 9 1414 0 5 1514 0
21.7271 3.20745 161.53
186 185 167
6 0 206 0 2 802 0 7 744 0 8 849 0 10 822 0 11 777 0
-0.882439 -9.31707 161.601
48 63 34
3 9 1203 0 10 1226 0 5 1282 0
55.5023 -18.7417 158.942
61 62 92
3 0 1276 0 10 1379 0 7 1304 0
11.4765 -33.9528 160.186
120 151 75
2 1 234 0 5 239 0
11.5005 12.3606 162.373
230 219 201
2 6 1253 0 8 1219 0
-13.0654 -9.63081 162.049
125 147 75
3 1 815 0 9 779 0 5 885 0
12.5952 -6.64054 161.315
193 185 196
3 1 676 0 10 600 0 5 569 0
30.8681 3.27219 161.239
187 181 181
5 0 1185 0 2 1319 0 10 1245 0 7 1233 0 11 1267 0
28.3998 24.0578 161.826
73 85 39
3 0 782 0 3 1065 0 11 882 0
-5.1274 3.70425 162.323
183 176 184
2 1 1170 0 8 1191 0
-11.9437 -15.258 161.499
106 123 55
2 9 203 0 5 454 0
16.3873 -25.0485 160.301
219 209 218
3 1 446 0 9 408 0 5 362 0
37.5233 -44.7602 157.454
168 162 176
2 9 685 0 5 740 0
35.9216 31.5689 161.554
213 214 170
2 3 1352 0 11 1161 0
26.1718 3.70287 161.446
93 121 47
4 0 1173 0 2 1350 0 10 1273 0 7 1231 0
40.5 7.79214 161.027
121 148 69
2 0 771 0 7 810 0
4.25483 -13.2675 161.318
101 123 48
3 10 1382 0 8 1398 0 5 1388 0
18.2803 -12.827 160.978
171 166 163
3 2 758 0 8 949 0 5 875 0
20.1367 1.32568 161.566
103 127 49
3 0 1101 0 10 1205 0 8 1307 0
29.621 -6.64811 161.005
52 72 37
2 0 211 0 2 39 0
36.9002 -12.809 160.49
163 161 166
2 0 105 0 2 50 0
6.39133 11.1176 162.397
211 207 160
2 6 804 0 4 960 0
11.3662 -21.0796 160.605
51 63 105
5 1 30 0 9 31 0 10 77 0 8 19 0 5 360 0
34.7268 32.2401 161.714
183 186 129
2 3 186 0 11 338 0
13.3758 2.94377 161.588
67 73 95
5 0 214 0 2 288 0 10 228 0 8 133 0 5 147 0
40.0464 -9.16854 160.498
166 164 165
5 0 661 0 2 712 0 10 698 0 7 634 0 11 694 0
10.0161 4.82504 161.756
115 133 51
4 0 1054 0 2 1165 0 8 1121 0 4 1378 0
4.87232 -0.322312 161.833
26 35 16
3 0 330 0 10 220 0 8 324 0
14.9984 -27.2253 160.229
205 194 200
3 1 270 0 9 148 0 10 230 0
10.4216 0.0346134 161.647
31 41 66
5 0 1166 0 2 1310 0 10 1277 0 8 1348 0 5 1309 0
-3.66143 6.63869 162.257
181 176 172
2 2 461 0 8 536 0
27.6484 6.19841 161.416
180 176 177
3 0 242 0 7 347 0 11 490 0
66.9274 -9.94484 158.16
203 187 190
2 0 1175 0 7 1225 0
19.8969 -15.8295 160.815
196 189 197
3 1 668 0 2 676 0 8 751 0
55.1239 -1.17173 159.576
202 196 196
2 0 947 0 7 1054 0
6.10857 16.5302 162.332
48 53 73
2 0 280 0 10 109 0
43.4308 -3.66384 160.58
187 181 183
2 0 979 0 2 1115 0
17.6474 15.6146 162.082
91 104 139
5 6 1758 0 2 1495 0 3 1707 0 7 1404 0 11 1466 0
13.4458 -0.0430797 161.672
40 54 81
2 2 862 0 8 859 0
9.14806 4.79462 161.863
38 52 29
6 0 940 0 4 984 0 5 1060 0 8 1004 0 6 987 0 10 1063 0
20.7681 1.84336 161.584
104 121 50
3 0 455 0 2 602 0 10 618 0
-2.22425 -13.3745 161.377
72 94 56
3 1 1287 0 8 1309 0 5 1301 0
16.2702 0.96543 161.546
165 161 162
4 0 1031 0 2 1200 0 10 1132 0 8 1229 0
-3.28647 -18.0109 161.095
136 145 88
2 9 641 0 5 636 0
-4.58502 -38.6522 160.4
204 194 193
2 1 757 0 9 871 0
26.817 33.8367 162.085
162 153 154
2 7 943 0 11 1103 0
3.19082 11.9972 162.31
74 76 89
2 0 57 0 10 91 0
10.6938 7.87738 162.415
171 190 145
2 6 913 0 4 939 0
17.5509 -18.2073 160.726
205 195 206
2 1 325 0 9 163 0
15.2224 -0.826028 161.431
58 65 91
5 0 864 0 2 1052 0 10 979 0 8 1034 0 5 1002 0
26.7908 33.789 162.051
220 210 208
2 3 1296 0 11 1113 0
29.2541 -16.736 160.632
138 134 131
3 0 466 0 10 458 0 8 524 0
21.1224 15.6101 161.976
242 235 253
5 6 240 0 2 163 0 3 302 0 4 267 0 11 195 0
21.1666 -3.08159 161.394
151 166 81
4 2 716 0 10 640 0 8 700 0 5 775 0
26.0117 1.79325 161.467
92 120 35
4 0 882 0 10 1078 0 7 902 0 11 1020 0
-13.0498 -15.3824 161.578
109 129 57
3 1 1235 0 9 1119 0 5 1224 0
8.46751 -3.449 161.43
158 150 137
5 0 311 0 2 227 0 10 98 0 8 399 0 5 150 0
18.6273 20.2737 162.222
172 166 168
5 0 705 0 6 1043 0 3 961 0 7 755 0 11 858 0
47.9015 -10.094 160.318
200 190 189
3 0 1322 0 10 1448 0 7 1300 0
6.98037 5.05308 161.983
104 120 49
4 0 523 0 10 812 0 8 812 0 5 903 0
28.0398 36.9521 161.889
162 153 170
2 3 211 0 7 260 0
16.2021 30.3173 162.01
27 42 63
2 2 1151 0 11 1135 0
-15.3136 -15.5153 162.09
112 125 56
2 9 1260 0 5 1362 0
-15.6605 -6.92206 162.244
179 171 182
2 1 1316 0 9 1230 0
19.9085 1.58101 161.631
105 128 56
4 0 351 0 2 669 0 10 486 0 8 731 0
6.18416 -13.169 161.176
136 158 83
4 1 1039 0 9 838 0 8 1046 0 5 921 0
37.5323 -0.641336 160.886
185 176 179
3 0 1246 0 2 1365 0 11 1319 0
5.15134 -0.784337 161.897
70 94 46
3 2 541 0 10 457 0 5 391 0
30.4103 28.7635 162.127
193 199 139
2 3 922 0 11 737 0
-0.341897 10.685 162.352
162 158 173
4 1 173 0 2 52 0 10 37 0 8 45 0
54.5877 -8.82506 160.211
136 145 90
2 0 927 0 7 930 0
1.71841 6.78631 162.309
166 163 158
2 2 1360 0 10 1332 0
11.6616 14.9081 162.414
170 182 108
2 6 603 0 4 272 0
-4.44439 -4.01597 161.858
138 149 91
2 1 1105 0 9 1013 0
36.7294 26.8844 161.541
92 106 45
2 7 580 0 11 674 0
29.8361 19.888 161.835
125 135 62
3 0 945 0 2 1058 0 11 969 0
30.6857 9.05812 161.507
164 158 160
3 0 541 0 7 424 0 11 718 0
60.0923 -12.541 159.355
173 170 139
2 0 1281 0 7 1288 0
18.8492 16.6381 162.04
49 63 92
6 0 506 0 2 478 0 3 485 0 7 498 0 11 506 0 6 440 0
35.4276 1.94094 160.967
160 156 157
3 0 1067 0 10 1125 0 7 1105 0
-14.7332 -4.69317 162.332
107 108 126
2 1 1227 0 9 1148 0
30.8426 30.6689 162.115
214 211 176
2 3 36 0 7 3 0
-12.6486 10.8177 172.123
41 67 38
2 1 1504 0 8 1562 0
9.4723 13.8341 162.102
127 152 58
2 0 507 0 10 493 0
-11.8571 -1.07086 162.314
85 82 109
3 9 912 0 8 903 0 5 902 0
31.2824 -13.7281 160.787
150 144 144
2 0 656 0 10 785 0
11.0109 9.66066 162.348
165 176 110
2 6 1116 0 4 1121 0
28.0563 1.64752 161.213
132 159 66
2 2 1113 0 11 1112 0
30.3466 16.7133 161.622
137 157 86
2 2 291 0 11 245 0
51.1583 -11.3578 160.116
189 177 177
2 0 180 0 10 213 0
55.0767 -9.45487 160.237
160 174 115
2 0 724 0 7 721 0
-14.6393 0.308385 162.296
44 48 51
2 1 513 0 8 488 0
33.0612 2.10643 161.065
198 189 190
5 0 1174 0 2 1253 0 10 1217 0 7 1232 0 11 1268 0
13.1069 -17.9794 160.741
80 87 129
2 9 1059 0 5 1110 0
26.6581 34.0763 162.028
225 214 228
2 3 279 0 11 231 0
-9.12947 -3.73692 162.301
108 135 68
4 1 1208 0 9 1080 0 10 1214 0 8 1304 0
29.7889 35.9733 162.035
197 194 161
3 3 442 0 7 293 0 11 344 0
2.9995 -45.8831 158.332
167 151 164
2 1 536 0 9 456 0
3.47225 -14.0399 161.52
142 158 95
2 1 1229 0 9 1199 0
18.3605 5.17489 161.701
164 160 161
2 0 14 0 11 46 0
25.9802 28.6768 162.094
231 222 189
3 6 763 0 3 596 0 11 525 0
0.459403 5.6253 162.514
172 167 164
2 2 1140 0 8 1060 0
15.8082 -22.4986 160.347
64 76 116
2 1 1429 0 8 1466 0
35.5953 -16.2111 160.458
38 47 42
2 0 415 0 10 544 0
17.0406 -24.908 160.338
211 200 206
3 1 1061 0 9 948 0 8 1054 0
17.6551 9.08736 161.962
137 148 82
2 10 4 0 8 396 0
26.3388 12.7269 161.662
205 190 183
3 0 446 0 2 717 0 11 541 0
4.44428 2.56259 161.92
43 50 69
2 0 1151 0 2 1288 0
-7.25586 2.54211 162.288
55 58 89
3 1 802 0 8 762 0 5 661 0
35.1909 -8.36231 160.716
26 38 24
4 0 683 0 2 815 0 10 751 0 7 807 0
11.3494 3.61409 161.643
40 46 72
5 0 197 0 6 397 0 10 346 0 8 263 0 4 41 0
53.5566 -2.74781 160.15
192 186 186
2 0 1115 0 7 1134 0
14.3899 22.1987 162.211
174 168 170
3 0 1272 0 7 1292 0 11 1375 0
18.562 -25.795 160.291
223 212 216
2 1 1324 0 8 1417 0
14.3285 -23.7163 160.402
214 204 212
3 1 1368 0 9 1289 0 8 1404 0
-3.41194 -19.8073 161.005
137 146 93
2 9 893 0 5 939 0
37.6979 -4.06547 160.751
103 116 60
4 0 226 0 2 313 0 7 82 0 11 531 0
35.4209 -2.14645 160.82
115 131 60
3 0 615 0 10 705 0 11 595 0
-5.15319 -6.84687 161.532
119 133 45
2 10 388 0 5 553 0
21.6288 24.2082 161.925
179 190 122
2 6 789 0 3 722 0
37.6629 34.7863 161.594
208 210 161
2 3 463 0 11 645 0
10.3487 -17.7596 160.872
177 165 175
2 9 1201 0 5 1267 0
-0.352684 -6.48915 161.735
99 122 40
2 10 629 0 5 463 0
8.5733 -7.81516 161.737
79 94 63
2 10 1364 0 5 1411 0
21.7343 10.8025 161.706
176 171 175
4 0 325 0 2 1033 0 10 15 0 7 510 0
7.44216 -33.8249 160.36
23 35 31
2 9 1339 0 5 1465 0
9.83047 -14.0322 160.924
137 149 85
2 9 742 0 5 467 0
40.7886 7.14924 160.936
37 60 14
2 0 667 0 7 658 0
7.96114 17.8995 162.303
61 68 86
4 2 1145 0 10 1124 0 8 1203 0 11 1119 0
-4.50451 9.56376 162.269
122 123 144
2 1 172 0 2 252 0
22.1664 6.73903 161.654
178 174 175
2 0 401 0 10 236 0
-7.17355 3.37896 162.308
183 176 184
3 1 1286 0 8 1319 0 4 1505 0
6.39133 11.1176 162.397
211 207 160
2 6 803 0 4 961 0
16.2941 -28.4019 160.397
48 49 77
4 1 1243 0 9 1029 0 8 1357 0 5 1296 0
37.0007 1.74937 160.931
211 206 202
2 2 853 0 11 742 0
7.25977 -26.5356 160.578
168 157 173
2 9 1020 0 5 1050 0
24.9982 1.9522 161.525
98 126 42
2 0 290 0 10 52 0
12.5929 -28.415 160.187
215 203 215
3 9 1207 0 8 1313 0 5 1289 0
5.28339 10.8653 162.064
99 127 42
3 0 1212 0 2 1417 0 10 1345 0
44.188 -11.7203 160.198
199 190 191
2 0 436 0 7 470 0
7.252 -20.1754 160.802
25 43 31
4 1 1240 0 10 1232 0 8 1174 0 5 1227 0
6.82092 16.4765 162.318
154 150 151
4 0 1046 0 2 1234 0 10 1123 0 11 1141 0
15.2978 14.8741 162.275
114 131 61
2 0 537 0 7 523 0
18.371 3.45571 161.536
166 161 165
2 0 1393 0 10 1504 0
17.2217 9.8545 161.923
32 45 38
3 0 1190 0 10 1282 0 11 1297 0
32.3407 0.158052 161.17
99 121 48
3 2 327 0 10 497 0 11 371 0
19.6146 -4.68083 161.515
139 164 81
2 8 1289 0 5 1151 0
29.8896 8.65686 161.533
168 162 162
3 0 389 0 7 403 0 11 361 0
-3.40465 6.44761 162.387
180 173 181
2 1 1472 0 8 1525 0
37.583 24.5981 161.475
120 131 75
2 7 600 0 11 642 0
-9.81536 1.49794 162.361
76 77 108
4 1 761 0 9 624 0 8 745 0 5 705 0
19.4273 -0.407548 161.71
175 171 142
2 0 475 0 10 685 0
12.0723 -5.30603 161.312
174 170 167
4 2 1498 0 10 1503 0 8 1565 0 5 1522 0
38.4018 25.0258 161.383
98 118 57
2 7 1320 0 11 1378 0
21.1118 4.50515 161.633
181 177 174
2 2 1328 0 8 1373 0
21.5574 13.2488 161.875
181 175 177
2 0 1094 0 7 1122 0
-13.9355 -9.1029 162.193
105 133 58
2 1 1390 0 9 1342 0
3.40016 -7.21441 161.588
104 126 51
2 10 1157 0 5 1226 0
45.0226 -17.2592 160.175
34 40 36
3 0 359 0 10 465 0 7 312 0
-1.94014 -17.9872 161.133
142 154 90
4 1 844 0 9 621 0 8 741 0 5 860 0
-11.1492 -27.8358 160.536
154 155 113
2 1 1162 0 9 1097 0
17.6882 -17.6229 160.765
185 174 190
3 9 167 0 8 253 0 5 359 0
32.0478 1.14108 161.199
128 142 80
3 0 413 0 2 526 0 10 535 0
18.6445 27.4578 162.248
28 36 57
4 0 1069 0 2 1191 0 7 1111 0 11 1149 0
-13.8878 -5.30463 162.268
189 181 192
2 1 637 0 5 502 0
34.0211 -10.583 160.733
144 143 125
3 0 316 0 2 499 0 10 224 0
17.0281 13.072 161.966
110 124 45
2 0 1257 0 10 1373 0
22.2823 17.6156 162.024
209 202 183
3 6 1446 0 2 1190 0 3 1312 0
27.7259 25.4433 161.91
118 134 72
4 0 514 0 3 959 0 7 589 0 11 714 0
42.4405 -8.33677 160.448
178 173 177
2 0 1015 0 11 1154 0
-4.92137 28.8109 173.621
33 58 28
2 6 1711 0 4 1768 0
3.76596 1.27307 161.897
156 151 145
2 2 1135 0 10 1088 0
-3.97078 -17.706 161.03
121 135 73
2 9 600 0 5 684 0
50.9559 -8.85864 160.191
179 169 167
2 0 497 0 7 503 0
32.363 -1.50104 161.036
49 62 32
4 0 1269 0 10 1375 0 7 1293 0 11 1340 0
-2.51427 -28.3754 160.453
122 144 69
2 9 80 0 5 43 0
-9.46504 -7.95909 161.619
119 132 63
2 9 822 0 5 874 0
-5.60711 -18.3182 160.986
152 158 98
2 1 83 0 9 26 0
-12.7695 -3.09886 162.435
182 169 186
2 9 2 0 5 192 0
-8.36632 -25.4837 160.301
151 161 101
3 1 797 0 9 602 0 5 220 0
7.76269 11.5287 162.372
175 178 109
3 2 346 0 8 23 0 4 310 0
8.3494 -18.2933 160.961
26 41 18
3 10 366 0 8 245 0 5 295 0
16.6249 -11.5253 161.049
186 178 189
4 1 1157 0 2 1204 0 10 1190 0 5 1135 0
33.9256 31.0981 161.755
173 183 122
3 3 1208 0 7 1063 0 11 1110 0
34.4363 37.3282 161.872
206 207 163
2 3 329 0 7 0 0
-7.82011 -4.70264 162.062
89 101 53
3 1 982 0 9 998 0 8 941 0
46.4483 -5.41045 160.353
185 179 181
2 0 585 0 2 686 0
49.6141 -15.7375 159.947
106 128 66
3 0 700 0 10 861 0 7 693 0
24.3741 -16.5783 160.808
142 137 133
4 0 733 0 1 829 0 2 796 0 8 861 0
16.2434 -14.7765 161.009
171 166 163
4 2 1435 0 10 1434 0 8 1501 0 5 1472 0
42.05 24.3661 161.17
191 178 188
2 7 419 0 11 682 0
8.69816 -22.3148 160.597
108 109 137
5 1 675 0 9 521 0 10 718 0 8 771 0 5 728 0
32.5974 6.25184 161.236
196 190 176
3 0 684 0 2 746 0 11 759 0
53.5853 -5.26168 160.103
162 151 149
2 0 786 0 7 865 0
49.4059 -6.89687 160.009
200 195 192
2 0 875 0 7 796 0
25.0174 8.73773 161.649
186 180 182
5 0 745 0 2 914 0 10 1084 0 7 1010 0 11 1027 0
-2.05065 -19.7613 160.974
143 158 93
3 1 541 0 9 603 0 8 9 0
31.5291 17.3224 161.731
149 162 92
2 2 855 0 11 854 0
27.4478 2.75289 161.408
123 140 72
2 0 230 0 10 358 0
16.264 0.966651 161.574
179 175 172
2 2 1201 0 10 1131 0
24.2996 12.2699 161.866
203 194 197
3 0 288 0 2 675 0 11 473 0
10.7923 9.37107 162.149
122 135 63
2 2 485 0 4 332 0
35.2751 2.82009 161.065
185 179 181
2 0 540 0 7 288 0
-9.8102 1.48305 162.38
76 77 108
3 1 762 0 9 623 0 5 706 0
16.3126 14.0577 162.181
40 55 16
6 0 391 0 2 224 0 3 313 0 7 393 0 11 374 0 10 496 0
-4.14548 -36.9164 160.347
183 173 182
2 1 1041 0 9 1016 0
37.979 -9.17474 160.576
44 56 80
4 0 967 0 2 991 0 10 1055 0 7 1037 0
1.55502 9.01132 162.121
163 158 162
2 0 170 0 10 299 0
23.893 5.96481 161.655
192 187 184
2 2 726 0 11 841 0
5.20212 1.2686 161.795
27 34 53
2 2 877 0 8 894 0
17.0179 21.1186 162.006
197 192 188
2 2 1506 0 11 1475 0
19.1423 -23.8999 160.404
148 160 112
3 1 883 0 9 841 0 5 918 0
32.9724 28.4459 161.887
119 128 71
2 7 789 0 11 994 0
24.461 9.45262 161.805
175 169 171
3 0 902 0 10 1067 0 7 1024 0
6.31439 -19.2539 160.983
34 45 37
3 1 483 0 8 483 0 5 615 0
55.6841 -8.29955 160.848
91 126 60
2 0 1060 0 7 997 0
15.51 20.7825 162.21
181 175 175
4 0 435 0 2 363 0 7 432 0 11 534 0
-13.4046 -3.54849 162.365
185 180 187
2 1 525 0 5 194 0
13.7186 -29.4144 160.522
225 213 225
2 9 1030 0 5 758 0
36.4509 34.3744 161.646
228 227 181
2 3 25 0 11 164 0
6.88915 -22.6298 160.609
46 60 97
3 1 1021 0 8 1117 0 5 1096 0
25.9776 28.6847 162.086
149 140 101
2 7 449 0 11 526 0
14.8344 3.55889 161.593
175 170 174
4 0 879 0 2 1011 0 10 975 0 8 1047 0
21.8984 21.1275 162.089
156 159 90
6 0 302 0 2 626 0 3 662 0 7 461 0 11 578 0 6 760 0
12.5432 -5.15151 161.47
171 165 179
2 10 79 0 5 380 0
44.1107 -10.0224 160.108
175 169 171
2 0 34 0 10 416 0
-15.3136 -15.5153 162.09
112 125 56
2 9 1261 0 5 1361 0
10.0819 -17.9157 160.793
185 180 174
4 1 628 0 10 754 0 8 654 0 5 664 0
17.7558 17.0486 162.071
41 44 61
5 0 469 0 6 123 0 2 516 0 10 548 0 11 657 0
28.6486 16.1851 161.981
67 85 35
2 2 768 0 11 175 0
-8.27663 -14.9269 160.872
143 145 95
2 9 1180 0 5 1251 0
-14.8337 -17.2302 161.832
112 125 55
2 9 580 0 5 507 0
20.9439 -3.99953 161.483
85 114 32
4 0 883 0 2 1015 0 10 1080 0 8 1169 0
20.9151 31.7528 162.084
58 71 123
3 3 1079 0 7 752 0 11 937 0
19.5569 -10.0285 161.205
151 169 83
2 2 401 0 8 613 0
16.6227 12.111 162.061
139 157 73
2 2 982 0 8 1118 0
13.3819 -1.43282 161.589
44 51 77
5 0 839 0 2 923 0 10 922 0 8 893 0 5 858 0
10.2113 6.27754 162.03
148 157 94
2 8 392 0 4 192 0
34.5832 3.32844 161.035
190 184 184
4 0 673 0 2 960 0 10 722 0 7 801 0
39.0064 -8.13148 160.555
155 151 152
2 0 1039 0 10 1153 0
4.14687 -31.8572 164.337
216 212 229
2 9 475 0 5 645 0
8.20704 12.4948 162.412
212 210 162
2 6 1081 0 4 925 0
31.3928 -3.8049 161.062
117 133 68
2 0 957 0 7 963 0
2.18985 5.37322 162.206
167 162 159
2 2 74 0 10 431 0
13.0216 16.1368 162.445
215 208 180
2 6 899 0 3 700 0
-17.8755 -13.0203 162.166
110 133 63
2 1 964 0 9 854 0
5.23735 15.1165 162.331
53 56 73
3 2 609 0 10 604 0 8 602 0
44.4673 -5.91823 160.579
178 172 174
3 0 773 0 2 814 0 10 828 0
11.2729 -25.4656 160.32
214 198 209
3 9 932 0 8 1014 0 5 1005 0
17.0403 11.2042 162.015
95 113 37
3 0 813 0 10 927 0 7 825 0
50.4396 -28.8218 158.54
170 157 164
2 0 1305 0 10 1413 0
1.79887 16.8894 162.237
23 31 33
2 2 584 0 8 522 0
14.5353 -25.824 160.342
173 162 170
3 10 195 0 8 303 0 5 284 0
16.6735 8.07179 162.079
106 124 50
2 0 1025 0 7 1142 0
10.8932 -0.396666 161.637
31 39 60
6 0 374 0 1 297 0 2 244 0 5 314 0 8 416 0 10 391 0
3.25028 13.9807 162.339
38 48 75
5 0 628 0 2 666 0 10 695 0 8 667 0 4 698 0
51.3235 -26.3468 158.59
56 56 82
2 0 141 0 10 274 0
39.9483 0.0574018 160.719
187 181 181
2 0 1123 0 2 1264 0
19.426 -7.70529 161.398
134 144 73
4 0 799 0 2 966 0 10 900 0 8 1163 0
13.1149 21.3227 162.246
44 53 82
4 0 1177 0 2 1321 0 7 1212 0 11 1279 0
13.1022 -17.926 160.802
93 102 141
2 1 1080 0 8 1091 0
23.9342 27.6761 161.951
205 213 153
4 6 384 0 3 284 0 7 83 0 11 243 0
19.1753 6.883 161.524
196 191 187
3 2 1187 0 10 1134 0 8 968 0
42.3307 -13.4755 160.334
199 193 193
2 0 1285 0 10 1391 0
11.3705 -21.075 160.616
47 57 92
3 10 78 0 8 18 0 5 361 0
-3.28156 -17.9828 161.122
148 160 98
2 1 661 0 8 498 0
10.6868 19.6417 162.253
176 171 168
3 2 144 0 8 526 0 11 303 0
12.6578 11.1726 162.114
145 141 112
2 0 258 0 7 153 0
23.8221 1.07608 161.815
152 171 81
2 2 750 0 8 776 0
27.5602 35.012 161.939
59 58 89
2 7 125 0 11 86 0
-9.18431 0.971616 162.331
180 173 181
4 1 1252 0 9 1165 0 8 1273 0 5 1233 0
-1.46191 8.81367 162.339
75 81 115
3 1 1273 0 2 1274 0 8 1300 0
32.5887 4.19495 161.231
205 199 199
3 0 1093 0 7 1151 0 11 1209 0
8.5393 2.71879 161.733
115 114 130
7 0 366 0 2 419 0 4 585 0 5 324 0 8 425 0 6 682 0 10 355 0
1.54069 3.21468 162.056
168 163 159
2 2 1049 0 4 1159 0
31.5046 -17.8085 160.62
22 34 20
2 0 720 0 8 775 0
15.8133 -29.8932 161.393
180 204 248
2 9 1217 0 5 1332 0
15.2152 -2.64284 161.399
39 45 69
2 0 1206 0 2 1343 0
12.9424 -26.2164 160.401
214 204 213
3 1 1271 0 9 1184 0 8 1312 0
-19.8395 -12.7738 162.184
203 191 205
2 9 929 0 5 1046 0
47.6384 -10.7582 160.29
213 207 211
2 0 462 0 7 431 0
21.3157 21.9339 162.114
153 148 106
2 7 553 0 11 636 0
32.4624 3.88595 161.019
198 192 194
4 0 1383 0 2 1491 0 7 1401 0 11 1462 0
19.7585 9.12525 161.645
195 192 185
4 2 690 0 10 709 0 8 856 0 11 285 0
24.8993 12.5446 161.871
247 236 232
2 2 1453 0 11 1418 0
1.40587 5.25959 162.286
164 158 162
4 0 1235 0 2 1364 0 8 1407 0 4 1572 0
6.69735 8.46621 162.964
179 183 132
2 2 154 0 8 932 0
9.05569 -0.527949 161.629
35 42 70
5 0 582 0 2 667 0 10 671 0 8 711 0 5 676 0
9.94282 -18.4268 160.629
42 49 77
4 1 741 0 10 373 0 8 824 0 5 290 0
16.9429 -17.895 160.782
180 175 172
2 2 660 0 5 783 0
17.5058 -3.20479 161.531
103 126 46
3 0 1082 0 2 1178 0 5 1153 0
-8.91535 2.13913 162.376
49 63 102
2 1 1408 0 8 1446 0
19.4027 -2.54528 161.588
109 137 50
2 2 702 0 8 558 0
9.86607 -27.725 160.276
189 173 184
2 9 1022 0 8 1041 0
30.1177 17.6465 161.673
143 164 85
2 2 1059 0 11 973 0
15.6299 -32.4819 160.415
30 26 53
2 9 23 0 5 911 0
-4.86611 -10.7965 161.25
122 133 57
2 9 1057 0 5 1104 0
57.5273 -22.7844 158.402
179 164 169
2 0 1233 0 7 1287 0
10.7945 8.84249 162.165
162 159 142
4 6 328 0 2 140 0 8 25 0 4 292 0
-15.4133 -24.5167 161.69
138 149 91
2 1 623 0 9 686 0
30.2248 32.7896 162.046
188 194 134
3 3 1228 0 7 1065 0 11 1087 0
24.0454 32.9786 162.04
227 218 235
4 6 942 0 3 789 0 7 712 0 11 695 0
6.95858 10.3945 162.424
205 205 155
2 6 365 0 4 452 0
-6.46367 9.57251 162.225
20 30 31
2 1 1417 0 8 1462 0
9.53317 -8.35528 161.454
137 156 67
4 2 1317 0 10 1294 0 8 1305 0 5 1279 0
34.5676 0.821939 160.952
209 208 190
3 2 531 0 10 642 0 11 316 0
-13.3389 -2.98509 162.327
176 168 179
3 1 275 0 8 28 0 5 219 0
18.2717 -27.5854 161.181
153 168 165
2 1 1143 0 8 1154 0
6.44561 2.60782 161.833
32 44 70
4 0 1292 0 2 1414 0 8 1457 0 5 1445 0
26.9741 37.8153 161.825
107 107 135
2 3 341 0 11 265 0
7.22837 7.06657 162.22
201 204 161
3 6 421 0 8 604 0 4 459 0
3.1704 -17.5563 161.136
149 169 98
3 1 763 0 8 668 0 5 719 0
1.74381 6.8283 162.317
150 144 146
5 0 1213 0 2 1359 0 10 1333 0 8 1385 0 4 1547 0
5.65017 -27.576 160.745
167 156 173
2 9 690 0 5 560 0
24.5015 28.1301 162.02
209 214 156
2 6 912 0 3 890 0
-4.2095 -27.8903 160.408
114 144 58
2 1 910 0 9 831 0
13.565 9.53206 162.074
113 138 55
3 2 825 0 4 1015 0 11 786 0
7.56582 -5.07826 161.656
102 126 50
2 10 620 0 5 665 0
1.33675 -29.255 160.553
179 168 184
2 9 1095 0 5 1129 0
12.4669 -7.32738 161.215
197 191 201
3 1 724 0 8 407 0 5 334 0
12.0267 4.02842 161.601
147 143 142
5 0 853 0 2 959 0 10 951 0 8 974 0 5 926 0
22.4233 13.6752 161.882
254 247 254
3 6 1069 0 2 902 0 3 1042 0
8.53644 2.71805 161.734
115 114 130
6 0 364 0 2 420 0 4 586 0 5 325 0 8 426 0 6 683 0
34.5519 30.5683 161.818
112 118 72
2 7 287 0 11 533 0
7.85028 -34.7486 160.176
123 146 74
2 9 719 0 5 575 0
-9.57198 -3.32519 162.335
173 169 158
3 9 125 0 10 517 0 8 198 0
9.96357 1.09548 161.695
152 151 156
2 2 1055 0 10 1030 0
-3.0693 8.83443 162.264
49 55 91
2 1 1458 0 8 1515 0
29.1522 7.83224 161.605
209 203 203
4 0 1331 0 2 1460 0 7 1351 0 11 1425 0
-13.0389 -12.1264 161.782
122 131 78
2 9 90 0 5 369 0
-8.56998 -5.2598 162.248
95 108 39
2 10 97 0 5 236 0
33.3642 3.50638 161.119
190 180 189
2 10 971 0 11 954 0
40.2882 -5.16379 160.525
193 189 188
3 2 873 0 7 812 0 11 789 0
7.5475 18.7739 162.32
62 70 89
4 2 944 0 10 879 0 8 951 0 11 920 0
-7.0923 -5.7257 161.9
112 125 56
2 9 1106 0 5 1087 0
10.7306 8.47235 162.256
57 73 46
3 6 983 0 2 33 0 4 114 0
27.4111 26.2652 161.948
90 104 51
2 0 1074 0 7 1126 0
7.45945 19.7138 162.319
37 51 86
2 8 1463 0 11 1368 0
37.2108 31.1099 161.434
177 194 124
2 3 1410 0 11 1273 0
40.8571 -9.32364 160.533
186 180 192
2 10 122 0 7 261 0
-20.1752 -13.404 162.345
210 203 211
3 1 681 0 9 658 0 5 695 0
35.3211 33.553 161.593
197 202 146
2 3 450 0 11 472 0
33.3537 3.51654 161.136
177 171 171
4 0 866 0 2 980 0 10 972 0 11 956 0
13.253 8.77193 162.122
112 133 56
4 0 800 0 2 936 0 10 940 0 8 948 0
24.4875 -15.9622 160.843
55 59 70
3 0 321 0 1 299 0 8 288 0
34.3121 -5.03729 160.799
59 74 35
2 2 886 0 10 847 0
9.12368 -7.44747 161.546
48 66 26
3 2 1469 0 10 1473 0 5 1487 0
28.6606 16.1637 161.77
67 85 35
2 2 460 0 11 174 0
8.09264 19.1879 162.328
110 111 132
3 10 514 0 8 554 0 11 590 0
29.3749 1.9064 161.389
217 210 194
2 2 1047 0 11 1000 0
6.38328 15.63 162.327
42 48 70
3 2 968 0 8 971 0 11 950 0
4.72925 -1.58263 162.003
21 37 24
2 2 1368 0 10 1360 0
38.3085 2.88398 160.909
201 197 186
2 0 907 0 2 1046 0
8.58597 21.4821 162.158
27 42 63
2 2 587 0 8 382 0
13.1932 -7.74019 161.181
191 185 195
3 1 1123 0 10 1083 0 8 1156 0
-1.20702 9.651 162.339
173 170 181
4 1 1038 0 2 1000 0 10 976 0 8 1035 0
7.17798 -14.6331 161.29
115 137 54
2 1 871 0 9 979 0
10.0908 -33.5561 160.292
36 60 62
2 9 1051 0 5 1180 0
4.26798 14.6341 162.204
43 49 71
2 0 143 0 10 275 0
13.4423 11.6814 162.393
127 142 87
2 2 1426 0 8 1477 0
-6.53829 -11.0603 161.314
113 129 58
2 9 768 0 5 857 0
5.88433 -4.8875 161.833
45 67 29
3 2 820 0 10 854 0 5 845 0
43.8499 8.61748 160.793
168 164 163
2 0 779 0 7 816 0
22.3879 -19.1514 160.742
110 143 62
2 2 354 0 8 262 0
17.1869 -11.3343 161.086
183 175 186
3 1 189 0 10 76 0 8 200 0
24.2875 0.641526 161.845
119 144 50
2 2 793 0 8 1009 0
31.102 30.1317 162.091
176 187 121
3 3 792 0 7 706 0 11 711 0
17.0684 -31.2874 160.903
133 155 205
2 9 636 0 5 870 0
4.27297 10.2439 162.321
154 152 127
2 0 498 0 2 597 0
-2.70616 -9.49608 161.913
45 55 46
3 9 1361 0 10 1411 0 5 1442 0
25.1089 36.8113 162.089
32 40 76
2 7 544 0 11 137 0
18.3926 8.53012 161.839
128 141 61
2 2 213 0 10 252 0
15.9729 18.8898 162.185
238 219 225
2 6 1276 0 4 1313 0
22.6417 19.5518 162.031
124 139 58
3 0 438 0 7 713 0 11 669 0
-15.9073 -21.1378 161.939
137 151 92
2 1 125 0 9 261 0
3.53765 6.95061 162.162
183 167 178
5 6 844 0 2 649 0 10 571 0 8 706 0 5 611 0
19.003 11.4853 161.803
88 109 42
2 0 1087 0 10 1164 0
20.5808 -4.919 161.585
156 180 96
2 8 1077 0 5 906 0
9.14767 4.80342 161.875
38 52 29
5 0 941 0 6 988 0 10 1064 0 8 1003 0 4 983 0
19.5308 -48.0251 157.562
174 162 174
2 9 141 0 5 301 0
36.9326 -1.28172 160.695
138 154 89
2 2 425 0 10 791 0
29.1873 21.4002 161.7
134 146 72
3 0 1006 0 7 1053 0 11 1108 0
15.2385 -2.61826 161.469
39 45 69
4 0 1207 0 2 1342 0 10 1313 0 5 1357 0
6.95636 10.3442 162.381
163 169 99
2 2 193 0 8 310 0
34.6644 -14.7503 160.507
45 50 70
3 0 562 0 2 456 0 10 619 0
22.172 8.81552 161.733
175 169 171
2 0 665 0 7 694 0
-18.3966 -15.1075 162.596
212 203 196
3 1 581 0 9 426 0 5 594 0
19.7164 -19.3109 160.606
191 185 171
3 1 734 0 2 843 0 8 809 0
55.5023 -18.7417 158.942
61 62 92
3 0 1277 0 10 1380 0 7 1305 0
13.3977 17.5346 162.26
165 186 111
3 6 1124 0 4 1045 0 11 977 0
14.1681 7.59398 162.016
105 129 45
2 2 27 0 4 293 0
49.7457 -8.02708 160.195
141 123 103
2 0 1344 0 7 1361 0
5.69125 -11.7611 161.538
131 148 80
3 1 1378 0 9 1302 0 5 1395 0
-12.2311 -8.89907 162.113
128 136 79
2 9 729 0 5 790 0
12.8839 -16.5713 160.781
191 183 194
2 1 684 0 8 661 0
33.7194 4.03825 161.181
197 191 193
4 0 694 0 2 904 0 10 853 0 7 757 0
-3.28129 -8.37444 161.752
199 196 165
2 1 334 0 8 195 0
17.5042 0.903456 161.542
152 148 149
4 0 542 0 2 309 0 10 389 0 8 572 0
-5.8357 -10.8616 161.212
140 148 75
2 9 405 0 5 591 0
22.9218 15.3113 161.819
205 195 183
2 0 376 0 7 641 0
14.516 -25.8493 160.23
173 162 170
2 10 196 0 5 283 0
