drews 1.0
12 1429
0.555517 0 0
0.628818 -0.77743 0.0137926
-0.777523 -0.628543 0.0198061
-0.00672868 -0.0231785 -0.999709
-4.3004 -12.4878 198.331
0.555517 0 0
0.776051 -0.630583 -0.0105059
-0.630606 -0.775625 -0.0272545
0.00903756 0.0277759 -0.999573
29.4958 -11.6089 198.911
0.555517 0 0
0.688536 -0.725113 -0.0113743
-0.724936 -0.688624 0.0163109
-0.0196598 -0.00298507 -0.999802
-23.2706 -35.7742 198.211
0.555517 0 0
0.73786 -0.674909 -0.00780813
-0.674849 -0.737492 -0.0261698
0.0119038 0.024579 -0.999627
27.2432 13.7218 198.2
0.555517 0 0
0.783409 -0.621288 -0.016497
-0.621497 -0.782971 -0.0264369
0.0035083 0.0309637 -0.999514
-20.6868 -3.29762 199.262
0.555517 0 0
0.736677 -0.67623 -0.00446748
-0.676172 -0.736484 -0.0195488
0.00992924 0.0174219 -0.999799
25.8887 25.9789 197.99
0.555517 0 0
0.627031 -0.778888 0.0128667
-0.778968 -0.62679 0.018537
-0.00637355 -0.021646 -0.999745
-2.95159 1.32095 198.704
0.555517 0 0
0.644221 -0.764678 0.0157143
-0.764839 -0.644088 0.0130661
0.000130063 -0.0204363 -0.999791
-6.7509 -37.8102 197.791
0.555517 0 0
0.776397 -0.630037 -0.0161622
-0.630242 -0.776202 -0.0174719
-0.00153721 0.0237513 -0.999717
-19.6573 -18.246 199.573
0.555517 0 0
0.75078 -0.66049 -0.00909185
-0.660454 -0.75036 -0.0275712
0.0113884 0.0267047 -0.999578
27.7803 0.985225 198.475
0.555517 0 0
0.726988 -0.686601 -0.00822108
-0.686626 -0.726809 -0.0171409
0.00579378 0.018106 -0.999819
28.7077 -29.1414 198.462
0.555517 0 0
0.665795 -0.745991 0.0146548
-0.746128 -0.665579 0.0172418
-0.00310831 -0.0224139 -0.999744
-4.69664 -25.3913 198.113
-22.7764 -42.7359 161.276
164 155 150
2 2 573 0 7 549 0
-28.9065 -37.1213 162.256
109 127 51
2 2 394 0 7 828 0
-15.4482 -14.4755 162.13
143 155 89
6 0 1196 0 2 1115 0 7 1126 0 8 1066 0 10 1156 0 11 1210 0
-15.2149 -20.1021 162.063
116 134 76
2 11 1347 0 7 1339 0
-13.2033 -31.103 160.89
157 164 113
3 11 835 0 2 840 0 7 759 0
0.532068 -39.1788 160.194
89 119 57
3 0 386 0 11 314 0 7 275 0
-5.14524 3.68343 162.278
183 176 184
3 0 1170 0 9 1318 0 6 1191 0
9.88095 -14.0794 161.131
137 149 85
3 8 741 0 6 298 0 4 465 0
18.797 -56.2242 156.841
97 100 83
2 8 590 0 2 614 0
13.7937 2.05277 161.618
47 65 103
2 6 875 0 4 805 0
-2.61547 0.967404 162.236
192 203 143
3 1 107 0 9 351 0 3 633 0
-9.80683 1.46709 162.375
76 77 108
4 0 762 0 8 623 0 11 784 0 4 706 0
-21.9106 -51.1773 160.228
188 173 192
2 2 616 0 7 722 0
-17.7425 -31.2052 161.625
136 148 100
2 8 546 0 11 487 0
-12.798 -26.8295 161.187
103 124 59
2 11 1047 0 7 1168 0
-2.35558 11.2671 162.471
33 46 80
2 0 559 0 6 653 0
-25.0605 -19.8224 162.265
222 206 216
6 1 1019 0 2 998 0 7 993 0 8 868 0 10 1038 0 11 954 0
25.0097 -49.2735 157.471
180 165 172
2 8 303 0 2 387 0
2.5131 -48.2145 157.947
179 161 183
3 8 1038 0 11 970 0 2 1005 0
-7.14082 -13.9395 161.011
115 127 63
4 8 721 0 1 971 0 9 833 0 10 852 0
-33.0168 -32.3413 162.256
112 120 71
2 2 750 0 7 1045 0
-3.59408 -27.0371 160.496
155 169 107
4 0 833 0 8 656 0 11 1194 0 2 1133 0
-23.9847 -24.5088 162.248
120 131 75
5 8 867 0 11 1152 0 2 952 0 7 1237 0 10 1403 0
17.3906 -27.9545 161.277
34 39 61
3 0 210 0 8 310 0 11 983 0
4.3618 -0.0547151 161.973
106 134 73
2 6 11 0 3 207 0
-13.3983 -16.767 161.837
102 123 54
4 0 686 0 8 622 0 2 418 0 4 774 0
17.6768 -24.4393 160.339
226 214 218
3 0 1494 0 8 1414 0 4 1514 0
-14.8192 -16.4692 161.83
139 154 95
2 11 937 0 2 827 0
-7.84819 -19.2108 160.554
99 105 59
2 11 936 0 2 715 0
11.4737 -33.9369 160.195
120 151 75
3 0 234 0 11 160 0 4 239 0
11.6367 1.91739 161.636
47 61 96
2 6 645 0 4 620 0
15.6103 -18.4676 160.721
80 86 118
4 0 806 0 8 755 0 6 756 0 4 810 0
-15.9376 -47.4693 160.328
156 142 165
2 2 372 0 7 574 0
7.29898 -41.8202 158.807
199 178 183
2 8 774 0 2 881 0
-39.9373 -28.5478 162.278
162 155 171
2 7 740 0 10 1016 0
-14.9928 -2.84527 162.425
185 175 186
2 0 290 0 11 230 0
-4.87236 -4.78256 162.183
120 145 105
2 9 37 0 3 230 0
-4.40299 -26.2325 160.488
112 140 63
2 11 302 0 7 408 0
-20.9365 -26.141 161.928
112 135 53
2 8 457 0 2 528 0
16.9973 -24.0359 160.378
209 197 209
3 8 486 0 6 510 0 4 541 0
13.1176 7.99786 162.07
35 54 22
2 6 1139 0 3 1094 0
-2.56305 -40.0633 160.083
154 147 163
3 8 7 0 11 201 0 7 179 0
-26.0421 -7.56879 169.815
20 33 23
2 11 1475 0 7 1488 0
-12.759 -26.8688 161.061
103 124 59
2 11 1046 0 2 1034 0
-9.85271 -1.325 162.375
161 150 167
4 8 1193 0 11 1209 0 6 1265 0 4 1285 0
-14.7632 -32.882 160.999
125 135 82
4 8 1024 0 11 965 0 2 1086 0 7 1064 0
17.4554 -49.6934 157.592
71 67 82
2 8 1331 0 2 1400 0
-18.9822 -14.8443 162.407
131 146 91
7 0 459 0 1 649 0 2 456 0 4 169 0 8 331 0 10 717 0 11 508 0
-23.4713 -31.4594 162.069
124 151 74
2 11 614 0 7 629 0
6.77724 -12.5132 161.402
201 195 183
3 0 549 0 8 470 0 6 566 0
-20.8615 -14.8363 162.385
182 171 177
3 0 61 0 8 218 0 4 382 0
-3.1552 -38.2257 160.271
195 181 178
4 0 750 0 8 803 0 11 889 0 7 985 0
-3.09607 -40.0451 160.01
69 79 70
2 2 556 0 7 504 0
19.5524 -11.8954 161.062
152 173 104
2 0 588 0 6 515 0
-2.98849 0.0337852 162.036
158 182 104
3 1 931 0 9 950 0 3 1075 0
13.3791 -1.42249 161.637
52 67 100
2 6 893 0 4 858 0
-6.54829 -11.0539 161.516
127 143 81
2 11 1166 0 1 1315 0
6.65679 -16.3326 161.124
137 155 79
3 0 540 0 8 675 0 11 603 0
-13.8509 -14.4595 161.91
192 192 158
2 1 1438 0 10 1347 0
15.9854 -26.8621 160.27
201 188 195
5 0 537 0 8 518 0 11 429 0 6 573 0 4 668 0
0.167424 -38.2131 160.233
121 149 74
3 0 1372 0 11 1441 0 7 1444 0
13.2341 -7.7617 161.123
191 185 195
2 0 1123 0 6 1156 0
7.27743 -0.239343 161.703
41 55 90
2 6 520 0 3 425 0
-3.90655 -38.2609 160.3
137 124 131
3 0 526 0 2 502 0 7 875 0
14.2841 -16.2357 160.955
197 193 194
2 6 434 0 4 36 0
21.2014 -61.7851 156.349
90 98 83
2 8 132 0 2 398 0
-20.6767 -6.33298 162.243
53 62 103
2 0 1006 0 11 1072 0
-8.67236 -20.1931 160.757
135 147 83
3 0 670 0 11 973 0 7 1157 0
21.1309 -49.7879 157.642
151 138 148
2 8 1019 0 4 1037 0
-6.52373 -11.0547 161.331
113 129 58
2 8 768 0 4 857 0
10.2263 -25.2306 160.41
208 192 202
3 8 188 0 6 141 0 4 188 0
-38.5088 -27.8788 162.324
178 171 187
2 7 584 0 10 728 0
-9.13704 -23.8799 160.634
147 154 100
4 0 1205 0 11 1311 0 2 1268 0 7 1353 0
-27.0972 -35.495 162.026
177 162 169
2 2 1343 0 7 1449 0
10.0947 -17.9113 160.817
185 180 174
3 0 628 0 6 654 0 4 664 0
-4.96473 -22.3167 160.748
157 161 100
2 0 779 0 8 760 0
-20.7798 -12.8531 162.932
201 197 211
3 1 510 0 2 562 0 10 843 0
-28.139 -12.4847 163.653
27 39 29
2 11 1603 0 7 1587 0
-29.4334 6.93575 169.466
124 155 96
2 1 1631 0 9 1609 0
-20.4698 -35.1824 161.614
90 116 51
2 2 795 0 7 758 0
-22.6554 -17.6342 162.275
205 191 206
5 8 1224 0 11 1363 0 2 1294 0 7 1288 0 10 1394 0
-12.5628 -8.21221 162.183
97 122 57
4 11 132 0 1 94 0 9 73 0 4 81 0
-3.06897 8.80824 162.317
49 55 91
2 0 1458 0 6 1515 0
8.4089 -24.4158 160.554
88 88 124
3 8 615 0 6 669 0 4 672 0
-0.618437 -31.0593 159.988
193 185 196
2 0 62 0 11 527 0
10.0924 -33.355 160.188
48 80 69
2 11 956 0 6 815 0
-2.63664 -16.8278 161.375
136 154 80
3 0 865 0 11 698 0 4 722 0
-34.2284 -23.6293 162.36
177 170 188
2 7 1206 0 10 1288 0
-9.57696 -35.0162 160.541
120 147 68
2 11 1458 0 7 1405 0
-34.4668 -25.4346 162.348
167 155 177
3 2 522 0 7 441 0 10 960 0
-14.6089 0.284223 162.356
44 48 51
2 0 513 0 6 488 0
-8.06696 -18.5549 160.699
128 144 81
3 11 914 0 2 866 0 7 1059 0
-8.41558 -46.9466 161.206
38 61 33
2 11 1391 0 7 1439 0
9.78027 -37.6916 159.881
144 162 104
2 0 432 0 4 196 0
16.2857 19.7077 162.131
183 170 179
2 5 962 0 3 883 0
-26.5042 -23.5766 162.228
174 160 173
2 7 50 0 10 32 0
-53.2799 12.8988 164.403
57 65 28
2 1 921 0 10 901 0
-9.66309 -9.76054 161.32
111 129 53
2 8 1104 0 4 1097 0
-3.43593 -18.8943 161.054
146 159 90
4 0 265 0 8 280 0 11 183 0 4 243 0
27.6086 -51.4621 157.526
71 65 79
2 8 1042 0 2 1113 0
-20.1515 -18.911 162.346
101 124 54
4 8 772 0 11 1028 0 2 896 0 7 1094 0
-27.5909 -44.4538 161.602
115 124 69
2 2 89 0 7 414 0
7.73162 11.5238 162.396
191 191 137
2 6 23 0 3 310 0
-19.771 -16.9794 162.327
152 161 114
6 1 127 0 2 98 0 7 17 0 8 81 0 10 484 0 11 373 0
1.72547 5.73033 162.295
185 180 184
2 6 168 0 3 7 0
2.8228 -37.3919 161.14
132 155 75
3 0 1016 0 11 1282 0 7 1316 0
-29.2039 -19.7386 162.349
174 162 186
2 2 702 0 7 840 0
-7.91411 -2.85772 162.236
170 190 127
2 1 1566 0 9 1611 0
-1.56809 -22.4815 160.887
107 136 54
3 0 834 0 8 739 0 2 980 0
-18.0361 -9.7186 162.441
173 168 175
2 11 279 0 10 581 0
-20.1272 -13.4156 162.388
210 203 211
8 0 681 0 1 812 0 2 787 0 4 695 0 7 793 0 8 658 0 10 891 0 11 754 0
-12.8104 -4.16226 162.371
181 176 183
5 0 1209 0 8 1123 0 1 1357 0 11 1292 0 4 1175 0
21.662 -4.25247 161.437
163 187 103
2 6 458 0 4 372 0
-26.7551 -29.9073 162.196
112 138 65
2 11 874 0 7 972 0
-25.0771 -41.1079 161.796
160 150 138
2 2 905 0 7 842 0
-5.6241 4.22234 162.322
60 64 93
5 0 449 0 1 441 0 9 498 0 6 401 0 3 537 0
21.4667 -6.45453 161.312
155 180 97
2 6 693 0 4 48 0
-8.15287 -24.4091 160.913
119 146 69
2 0 1136 0 11 1068 0
11.6977 -28.5397 160.206
196 182 197
3 8 842 0 6 1104 0 4 1029 0
11.9336 -4.67531 161.47
179 171 184
3 0 1011 0 6 1157 0 4 1049 0
15.6686 -19.7436 160.623
56 70 115
4 0 812 0 8 730 0 6 758 0 4 766 0
-8.71549 -30.0473 160.363
122 143 64
4 0 1007 0 11 1178 0 2 790 0 7 960 0
-22.2339 -43.4259 161.222
113 120 69
2 2 1369 0 7 1458 0
2.97646 -30.9726 160.495
189 178 184
4 0 135 0 11 420 0 2 535 0 7 360 0
-7.24342 -21.788 160.466
146 137 98
4 0 1149 0 11 1199 0 2 1091 0 7 1018 0
15.9619 -13.5331 161.042
188 180 191
3 0 1317 0 6 1382 0 4 1346 0
-6.29454 -29.4619 160.314
136 135 79
2 0 1145 0 11 1259 0
-12.9473 -9.67907 162.061
167 187 116
2 1 707 0 9 723 0
-13.0243 -8.0816 162.192
116 142 77
4 0 1388 0 8 1301 0 9 1658 0 11 1487 0
20.5904 -4.91035 161.608
156 180 96
2 6 1077 0 4 906 0
4.95323 -53.2874 157.351
98 78 90
2 8 969 0 2 1105 0
-5.83365 -22.508 160.605
146 156 93
3 11 111 0 2 158 0 7 121 0
17.2257 -28.1717 160.253
210 200 209
2 0 916 0 6 837 0
17.8232 -54.9277 156.943
100 101 87
2 8 178 0 2 48 0
-12.8197 -29.96 160.889
106 122 59
2 8 632 0 2 683 0
-1.20725 9.63971 162.369
173 170 181
2 0 1038 0 6 1035 0
11.8357 -21.3827 160.554
111 118 147
2 11 146 0 4 173 0
7.78194 -22.2311 160.545
41 54 96
3 0 443 0 6 381 0 4 280 0
-27.0675 -28.3281 162.277
176 180 155
3 11 57 0 7 151 0 10 324 0
-55.626 14.2553 164.494
140 165 82
2 1 977 0 10 692 0
11.0293 4.26968 161.751
77 92 111
5 5 1522 0 9 1544 0 6 1389 0 3 1562 0 4 1355 0
-8.0823 -11.0498 161.236
163 167 106
4 0 314 0 1 764 0 9 730 0 11 695 0
2.67375 -31.8404 160.358
167 159 148
3 0 486 0 11 64 0 7 292 0
-5.72807 -7.60129 162.259
191 200 133
2 1 1797 0 9 1803 0
-6.74529 -10.4062 161.411
154 159 103
2 8 653 0 4 699 0
26.8566 -48.5604 157.576
182 170 180
2 8 172 0 2 499 0
-1.25903 -32.6816 160.503
181 173 188
4 8 537 0 11 590 0 2 776 0 7 497 0
15.4715 -13.2723 160.999
189 181 192
2 0 51 0 6 57 0
6.01983 -21.0911 160.853
23 45 24
2 6 1067 0 4 1077 0
1.01598 -39.9103 160.357
66 92 53
2 0 1075 0 11 981 0
-1.50574 -34.0462 160.442
193 185 200
4 8 1140 0 11 1286 0 2 1218 0 7 1341 0
-13.7606 -52.1557 160.111
213 199 216
2 2 1190 0 7 1293 0
-12.2149 -30.5582 160.929
102 116 57
2 8 194 0 2 139 0
-14.1931 -27.856 161.264
126 133 92
4 8 575 0 11 757 0 2 821 0 7 994 0
-18.0879 -9.39666 162.523
173 160 180
2 2 1396 0 4 1385 0
-7.79173 0.364503 162.334
173 167 177
3 0 11 0 8 78 0 4 19 0
-17.9412 -6.14647 162.296
65 68 99
3 0 85 0 1 184 0 9 212 0
-24.0382 -15.4946 162.382
161 152 171
4 8 1228 0 11 1403 0 7 1354 0 10 1469 0
6.96466 10.3428 162.364
205 205 155
2 5 365 0 3 452 0
-6.45935 9.54072 162.282
20 30 31
2 0 1417 0 6 1462 0
11.7626 6.77612 162.108
211 209 186
2 9 826 0 6 787 0
3.18084 8.27513 162.283
135 125 136
5 0 1015 0 5 737 0 9 203 0 6 1040 0 4 1076 0
-13.7478 -32.8355 160.893
130 140 87
3 8 619 0 11 752 0 2 673 0
10.7545 8.86626 162.216
162 159 142
2 5 328 0 3 292 0
-6.99727 -3.04754 162.305
123 139 74
4 0 929 0 1 805 0 9 1078 0 11 740 0
-9.19262 -16.9035 160.862
183 194 128
3 1 514 0 9 300 0 10 499 0
-11.5463 -6.59408 162.265
118 137 73
4 0 1291 0 8 1222 0 11 1331 0 4 1354 0
-1.12404 -12.9566 161.423
147 161 100
3 0 951 0 8 1164 0 11 1275 0
-23.3383 -37.6236 161.682
218 209 192
2 2 350 0 7 252 0
-31.3336 -38.2215 162.2
30 44 31
2 2 897 0 7 900 0
-18.8481 -27.9905 161.853
133 153 84
3 11 489 0 2 595 0 7 662 0
-25.2088 -16.251 162.381
169 160 177
4 8 72 0 1 359 0 2 297 0 10 159 0
24.5147 -15.9631 160.834
97 96 114
2 0 298 0 6 290 0
13.2601 -19.9673 160.646
61 75 120
3 0 899 0 6 891 0 4 914 0
15.1769 -1.61193 161.541
174 172 183
2 6 590 0 4 543 0
4.52331 -34.726 162.708
173 166 174
2 8 1205 0 4 1219 0
-49.1189 -0.893073 163.743
33 51 29
2 1 98 0 10 493 0
-4.88638 -10.7012 161.378
140 153 81
2 11 783 0 9 251 0
-6.0588 -4.83632 161.992
210 212 173
3 1 927 0 9 915 0 3 1225 0
-7.35636 -25.3418 160.344
149 161 97
2 11 1350 0 7 1322 0
3.77312 -11.6679 161.518
131 148 80
2 0 1151 0 8 1083 0
-9.65201 -20.339 160.713
144 152 95
3 0 1142 0 11 1212 0 7 1214 0
11.1395 -3.11768 161.472
61 72 100
2 6 855 0 4 820 0
-35.6721 -11.0398 162.617
108 125 71
2 1 944 0 10 859 0
16.957 -17.8845 160.827
194 186 197
4 0 845 0 8 960 0 6 594 0 4 781 0
-8.45635 -4.34452 162.087
182 192 132
2 1 1767 0 9 1774 0
-14.5075 -15.8574 161.959
138 146 95
4 0 462 0 8 566 0 2 701 0 4 696 0
-3.80396 -5.15857 162.084
64 85 46
2 11 1525 0 1 1678 0
-6.43166 -36.5284 160.41
202 191 207
4 8 1357 0 11 1524 0 2 1417 0 7 1521 0
-32.5206 -21.8627 162.386
182 176 186
4 11 822 0 2 830 0 7 780 0 10 1025 0
13.1156 -17.9251 160.819
93 102 141
2 0 1079 0 6 1092 0
4.13345 -31.8522 164.354
216 212 229
3 8 475 0 2 400 0 4 645 0
-4.22995 -12.6698 161.318
52 78 30
2 6 1056 0 4 1007 0
-21.3133 -8.47252 162.284
60 66 92
2 11 269 0 9 401 0
-4.06033 -17.7186 161.107
131 146 81
3 0 174 0 11 246 0 2 633 0
14.7742 -20.6065 160.569
54 68 113
4 0 1009 0 8 942 0 6 975 0 4 1047 0
-8.41558 -46.9466 161.206
38 61 33
2 11 1390 0 7 1440 0
-24.8152 -42.0203 161.665
106 112 64
2 2 1121 0 7 1138 0
-16.1478 -10.7765 162.398
131 138 84
2 8 104 0 2 251 0
-4.62882 -2.19657 162.207
146 162 87
2 9 1157 0 3 1318 0
-13.2663 -47.8517 160.269
193 187 199
2 11 561 0 2 574 0
4.55312 -39.3563 161.248
119 156 79
2 11 1147 0 7 989 0
-7.5204 29.3417 173.907
104 148 51
2 5 1659 0 3 1728 0
10.5781 -23.5844 160.541
187 178 195
3 8 851 0 6 955 0 4 971 0
-4.68485 -3.31619 162.074
105 125 53
4 0 647 0 1 549 0 9 342 0 3 206 0
-16.7146 -14.5101 162.059
150 165 98
2 1 853 0 10 526 0
-9.83663 -28.256 160.61
96 108 46
3 8 1189 0 2 1238 0 7 1272 0
3.06281 -11.1156 161.668
156 166 105
3 0 850 0 11 938 0 6 692 0
14.1619 -18.9146 160.743
72 81 122
3 0 503 0 8 207 0 4 214 0
-8.52837 -11.6215 161.157
116 133 63
7 0 993 0 1 1203 0 4 1068 0 6 898 0 8 858 0 9 1146 0 11 1165 0
-54.4791 15.9496 164.964
55 73 31
2 1 106 0 10 426 0
8.99551 -23.1551 160.582
45 56 101
3 8 1175 0 6 1266 0 4 1275 0
-25.0057 -37.6793 162.046
194 185 178
2 2 385 0 7 450 0
-12.6255 -11.4285 161.731
132 154 89
2 1 841 0 9 959 0
-33.9584 -31.1367 162.163
182 165 183
2 2 739 0 7 776 0
-5.82097 -6.27085 161.802
184 184 148
6 0 760 0 1 621 0 4 602 0 8 522 0 9 318 0 11 606 0
7.61041 -18.268 160.981
115 143 66
2 6 931 0 4 900 0
-25.6974 -12.0841 162.258
145 141 155
2 11 793 0 7 804 0
-28.9256 -26.2738 162.204
190 179 187
2 11 1189 0 2 1110 0
-5.09343 -36.7753 160.385
158 148 159
5 0 813 0 8 749 0 11 779 0 2 778 0 7 802 0
-24.1751 -29.2215 162.003
80 109 43
2 7 831 0 10 1003 0
-6.29454 -29.4619 160.314
136 135 79
2 0 1146 0 11 1260 0
-11.1184 -27.6853 160.483
153 146 117
2 2 1213 0 7 1280 0
-27.0851 -24.5378 162.109
183 166 184
2 2 924 0 7 761 0
-3.03735 4.98626 162.337
130 128 142
3 0 594 0 9 591 0 3 751 0
-11.7067 -20.6312 161.217
154 158 107
4 0 1156 0 8 1126 0 2 1200 0 4 1171 0
-18.4951 -6.0069 162.273
155 154 172
4 11 197 0 1 266 0 9 439 0 10 491 0
-20.4276 -17.2321 162.373
201 192 187
5 11 1422 0 8 1293 0 1 1561 0 2 1354 0 7 1397 0
10.8186 11.647 162.342
219 215 188
3 5 690 0 6 614 0 3 609 0
-16.6327 -20.5689 161.894
109 129 60
2 8 663 0 2 839 0
-17.2258 -13.5112 162.342
131 144 74
2 8 493 0 2 209 0
13.7784 -2.54481 161.499
176 169 176
2 6 1393 0 4 1360 0
-1.02179 -31.6087 160.446
189 179 188
3 0 659 0 11 482 0 2 487 0
-8.36325 -25.5001 160.339
151 161 101
2 0 796 0 11 1027 0
-20.3298 -40.9982 160.723
109 120 64
2 2 1446 0 7 1559 0
-35.7634 -21.1512 162.298
198 192 202
2 7 293 0 10 72 0
-23.8807 -23.4562 162.252
200 183 189
4 8 1267 0 11 1415 0 2 1336 0 7 1416 0
-31.3336 -38.2215 162.2
30 44 31
2 2 898 0 7 899 0
-23.9894 -16.553 162.382
196 189 205
3 1 567 0 2 329 0 7 190 0
-9.47901 -22.8663 160.696
115 139 63
3 0 1122 0 11 1090 0 2 868 0
-32.7571 -22.9036 162.36
162 156 168
4 11 341 0 2 238 0 7 44 0 10 182 0
5.97404 -27.1099 160.582
170 159 176
2 8 1135 0 4 1242 0
16.8187 -23.0656 160.402
216 204 218
2 8 801 0 4 871 0
-2.3693 -35.2225 160.135
198 191 199
2 11 1117 0 7 1124 0
-15.1252 -45.9824 160.297
190 175 196
2 2 1197 0 7 1258 0
2.09317 -21.237 160.887
119 145 72
2 0 162 0 11 424 0
-12.4881 -13.781 161.658
101 124 54
5 11 818 0 1 665 0 9 995 0 7 678 0 10 259 0
-5.72331 -27.8904 160.337
115 134 68
2 11 1065 0 7 1014 0
-31.7158 -29.8859 162.22
178 157 172
3 2 117 0 7 588 0 10 780 0
-20.2453 -18.0575 162.319
116 135 80
3 11 406 0 1 550 0 10 579 0
-29.4007 -29.4955 162.153
123 134 94
2 7 944 0 10 1170 0
-10.1993 -22.2116 160.794
151 156 102
2 0 1093 0 8 1118 0
-29.4744 -21.006 162.334
164 158 170
4 11 1361 0 2 1251 0 7 1328 0 10 1359 0
4.95323 -53.2874 157.351
98 78 90
2 8 970 0 2 1104 0
19.394 -21.1448 160.437
149 167 107
2 0 1207 0 6 1274 0
5.53468 -50.2685 157.706
162 140 163
2 8 1229 0 2 1303 0
-16.0501 -26.0558 161.801
124 135 75
2 8 494 0 2 493 0
4.50904 -44.5124 158.145
176 157 177
2 8 570 0 2 646 0
-12.5316 -17.3823 161.544
142 155 101
3 11 586 0 7 924 0 10 1051 0
-25.8051 -17.2871 162.421
161 149 169
2 2 52 0 7 148 0
-28.8585 -28.336 162.168
187 188 174
3 11 2 0 2 82 0 10 273 0
21.9625 16.6271 161.978
105 110 142
2 5 1242 0 3 1239 0
-2.52843 4.57299 162.355
226 218 231
3 1 1226 0 9 1158 0 3 1046 0
-13.503 -13.3667 161.853
158 171 102
2 1 1269 0 7 1061 0
11.4721 -32.7552 160.289
139 153 102
5 0 1176 0 8 1125 0 11 1284 0 6 1209 0 4 1160 0
11.3884 -21.0681 160.615
51 63 101
3 11 66 0 6 18 0 4 361 0
16.9326 -0.964322 161.529
60 70 105
2 6 962 0 4 932 0
15.8775 -24.8265 160.297
187 176 182
3 0 406 0 6 527 0 4 567 0
3.17478 -41.8996 160.198
172 152 161
2 8 856 0 2 1033 0
-12.1312 -19.9941 161.43
116 132 67
2 0 401 0 11 77 0
19.1837 -23.9315 160.367
148 160 112
2 0 884 0 6 851 0
15.2931 0.582672 161.583
193 191 196
2 6 1110 0 4 1066 0
3.10314 11.5831 162.342
205 199 213
4 5 604 0 9 337 0 6 97 0 3 198 0
-4.28288 0.612236 162.193
115 145 73
3 0 1152 0 1 1191 0 9 1256 0
10.5444 -34.7809 160.155
52 84 81
4 0 1171 0 8 1094 0 6 1279 0 4 1274 0
0.395934 -6.92728 161.912
146 162 89
3 0 415 0 8 512 0 4 534 0
-25.3818 -13.376 162.39
178 171 179
2 11 1592 0 7 1576 0
-33.7842 -26.8749 162.312
168 164 181
2 7 1271 0 10 1309 0
-31.0354 -30.8335 162.156
99 115 68
2 7 745 0 10 1013 0
-19.413 -7.05669 162.277
50 58 95
3 0 1118 0 1 1300 0 9 1298 0
-28.7054 -29.7042 162.312
197 191 193
2 2 206 0 7 415 0
6.96644 5.02227 162.055
166 174 123
4 5 19 0 9 187 0 6 812 0 4 903 0
6.17072 11.8323 162.239
170 187 116
3 5 1372 0 6 1227 0 3 1374 0
-19.84 -33.2167 161.589
124 148 74
2 11 771 0 7 841 0
12.0393 -5.29348 161.381
187 182 188
2 6 1565 0 4 1522 0
16.9541 -17.8979 160.803
192 186 190
2 6 593 0 4 782 0
-21.4013 -28.5956 162.001
104 129 45
3 8 898 0 11 1078 0 2 1007 0
-32.1718 -31.6964 162.152
104 114 62
3 2 819 0 7 848 0 10 997 0
21.1082 -60.4989 156.719
94 96 82
2 8 1134 0 2 1073 0
3.70712 -32.3041 164.337
24 22 36
2 0 383 0 11 425 0
19.7238 -47.5495 157.563
48 40 51
2 8 196 0 2 468 0
-23.4986 -19.5656 162.081
195 175 187
2 8 561 0 2 662 0
8.57287 -7.74491 161.594
88 110 64
2 0 1392 0 4 1412 0
-31.3492 -20.4339 162.403
179 173 187
2 7 1275 0 10 1351 0
-10.2485 -5.18978 162.356
104 124 55
2 8 1223 0 4 1333 0
12.2891 -9.17537 161.203
196 191 195
2 6 254 0 4 479 0
-14.1509 -20.2307 161.633
149 165 100
2 1 773 0 10 837 0
-53.1598 15.8578 164.736
116 142 79
2 1 1358 0 10 1293 0
-10.9796 -23.2188 161.14
118 129 69
2 11 1045 0 7 1096 0
16.5874 -11.5089 161.124
186 178 189
2 0 1157 0 4 1135 0
-15.2743 -11.9227 162.232
137 140 85
2 2 1170 0 4 1117 0
-21.6744 -46.65 160.664
128 127 79
2 2 1161 0 7 1230 0
11.6582 14.8773 162.346
170 182 108
2 5 603 0 3 272 0
-13.6614 -31.7821 160.836
93 124 46
3 11 1034 0 2 1058 0 7 1106 0
-11.8902 -24.8366 160.966
112 130 56
2 0 702 0 11 681 0
-15.1111 -23.9044 161.939
104 120 55
2 8 107 0 2 49 0
0.976692 -28.4785 160.533
205 195 203
3 11 840 0 7 854 0 4 883 0
-5.03736 28.7265 173.234
33 58 28
2 5 1711 0 3 1768 0
13.3956 17.4811 162.17
165 186 111
2 5 1124 0 3 1045 0
2.49272 -16.9587 161.252
127 156 76
4 0 1132 0 11 1175 0 6 1022 0 4 1040 0
10.0264 -12.9838 161.189
134 155 80
3 0 712 0 8 754 0 4 812 0
-5.58512 -18.3073 161.029
152 158 98
2 0 83 0 8 26 0
-1.59812 3.73059 162.263
210 202 215
2 9 1513 0 3 1526 0
6.61242 3.06051 161.909
40 51 96
3 6 1124 0 3 1399 0 4 962 0
-14.1316 -17.4444 161.818
140 156 91
4 0 326 0 8 220 0 2 249 0 7 141 0
-4.32141 4.72916 162.229
98 100 121
3 0 1274 0 1 1455 0 6 1315 0
-31.2868 -23.1808 162.361
147 138 157
5 8 919 0 11 1073 0 2 943 0 7 978 0 10 1066 0
-1.96654 2.46177 162.209
235 224 232
2 1 1378 0 9 1432 0
-19.1184 -15.5734 162.38
123 142 76
2 0 1063 0 1 1275 0
-10.7202 14.4722 172.516
122 147 90
2 0 626 0 6 697 0
-10.9439 -8.56315 162.148
96 118 54
3 0 607 0 11 474 0 4 786 0
-6.48511 -54.199 159.23
163 149 149
2 11 7 0 7 34 0
15.9444 18.8891 162.141
238 219 225
2 5 1274 0 3 1314 0
-21.8749 -24.4571 162.311
101 122 53
2 8 693 0 2 818 0
10.1453 -12.3749 161.211
30 46 19
3 8 967 0 6 915 0 4 964 0
27.4768 -50.0942 157.505
239 231 244
3 8 434 0 2 588 0 4 422 0
-30.4877 -38.0416 162.132
102 116 54
2 2 1252 0 7 1390 0
14.7082 -5.35341 161.426
179 173 183
3 0 546 0 6 490 0 4 648 0
-12.8073 -29.9702 160.928
106 122 59
3 8 633 0 2 682 0 7 643 0
-4.80086 8.76446 162.378
43 56 91
2 0 1037 0 6 1064 0
-9.37756 -22.8654 160.776
98 116 54
2 8 790 0 4 1082 0
11.8357 -21.3827 160.554
111 118 147
2 11 145 0 4 172 0
2.62729 4.34234 162.183
184 179 183
2 6 364 0 3 373 0
-13.1303 -55.2736 159.928
110 136 63
2 2 779 0 7 544 0
-6.50732 -4.79588 161.797
145 154 99
2 11 270 0 6 178 0
-9.21183 -8.73515 161.565
128 140 74
3 0 1230 0 11 1276 0 6 1205 0
-19.1136 -6.31813 162.268
144 141 160
5 0 410 0 11 360 0 1 469 0 7 492 0 10 409 0
-7.46613 -23.609 160.526
150 149 101
2 11 1225 0 2 1119 0
-3.84601 -28.5207 160.323
142 162 93
2 11 53 0 7 66 0
-2.68803 -27.5713 160.273
104 144 55
5 0 1294 0 8 1107 0 11 1355 0 2 1243 0 7 1356 0
-8.85433 -15.9637 160.706
112 122 72
2 11 1204 0 2 1262 0
2.12088 -48.7623 157.938
167 151 164
2 11 164 0 2 112 0
-7.34701 -7.05228 161.661
171 184 114
2 1 571 0 9 665 0
22.1753 -4.53369 161.439
138 163 79
2 6 504 0 4 273 0
-57.3788 15.3574 164.778
156 182 81
2 1 984 0 10 1074 0
-25.6593 -16.1668 162.373
161 149 169
2 2 242 0 10 236 0
-4.46091 -40.612 160.258
81 109 48
3 8 797 0 11 732 0 7 883 0
-3.26581 -8.39485 161.754
199 196 165
4 0 334 0 1 251 0 9 539 0 6 195 0
-12.4683 -13.4871 161.626
104 127 55
5 0 1342 0 1 1488 0 9 1530 0 11 1372 0 10 1356 0
-36.27 -22.6386 162.26
178 171 189
2 7 582 0 10 628 0
-29.9365 -30.7151 162.127
135 136 96
3 2 603 0 7 551 0 10 440 0
-7.53853 -39.6947 160.352
178 170 181
3 11 1233 0 2 1168 0 7 1233 0
-26.2537 -17.4364 162.391
197 189 204
3 1 373 0 7 59 0 10 286 0
-10.6294 1.00236 162.354
185 178 186
4 0 1298 0 8 1208 0 11 1392 0 6 1328 0
0.720622 -31.4133 160.524
196 191 198
2 0 1305 0 11 1380 0
11.2819 -25.4552 160.35
214 198 209
3 8 932 0 6 1014 0 4 1005 0
-9.16853 0.947107 162.35
180 173 181
5 0 1252 0 8 1165 0 11 1334 0 6 1273 0 4 1233 0
-10.3107 -47.3637 160.133
112 136 74
2 11 895 0 2 1025 0
-11.8534 -18.8662 161.37
139 149 96
7 0 767 0 1 941 0 2 1006 0 4 616 0 7 1170 0 8 732 0 11 915 0
-4.60871 -38.6281 160.379
204 194 193
5 0 757 0 8 871 0 11 900 0 2 1018 0 7 964 0
-3.26956 -18.0006 161.13
136 145 88
2 8 641 0 4 636 0
6.62057 4.14027 161.916
199 189 200
4 5 1669 0 9 1711 0 6 1487 0 3 1720 0
-4.64169 -36.0863 160.422
146 131 152
2 2 1154 0 7 1267 0
-11.2082 -10.2607 161.176
45 55 31
3 0 597 0 11 439 0 4 692 0
13.3215 -30.323 160.226
202 190 194
3 0 1106 0 8 1032 0 6 1128 0
-58.1446 18.1371 165.222
134 172 63
2 1 688 0 10 770 0
14.0435 -50.7132 156.932
44 43 61
2 8 371 0 2 834 0
-8.7613 -26.4078 160.481
115 140 57
2 0 1167 0 11 1200 0
-25.8051 -17.2871 162.421
161 149 169
2 2 53 0 7 147 0
-40.8218 -12.0266 163.071
101 123 61
2 11 1067 0 7 1066 0
-1.3297 -16.2936 161.384
152 162 101
2 0 1193 0 11 1325 0
-10.0799 -16.2462 160.928
143 165 93
4 0 159 0 8 482 0 2 565 0 4 606 0
2.76216 -22.1349 171.574
74 92 54
2 8 468 0 4 564 0
-12.4612 -42.0151 160.225
189 179 177
2 11 305 0 7 289 0
-24.1883 -27.0687 162.081
125 146 77
3 11 660 0 7 719 0 10 1049 0
-12.2434 -29.3546 160.811
144 139 107
4 8 974 0 11 1006 0 2 1022 0 7 1055 0
7.77047 2.82279 161.798
54 67 119
4 9 1271 0 6 1165 0 3 1347 0 4 1161 0
-1.04036 -39.1217 160.327
83 112 66
2 0 1218 0 11 1273 0
18.3981 -61.6181 156.811
90 97 81
2 8 481 0 2 356 0
-22.2873 -21.9049 162.237
220 206 195
3 1 1469 0 7 1296 0 10 1385 0
-20.0305 -21.2798 162.464
40 53 44
2 11 685 0 7 548 0
-24.4649 -22.3214 162.19
203 192 198
5 11 509 0 8 400 0 1 661 0 2 421 0 10 599 0
17.2665 19.2921 162.184
243 231 241
2 5 691 0 3 648 0
-20.356 -19.7455 162.289
136 157 98
6 1 1528 0 2 1290 0 7 1431 0 8 1216 0 10 1463 0 11 1402 0
-7.14935 -15.2528 160.713
141 157 94
2 1 1596 0 9 1585 0
21.1967 -48.4416 157.693
172 159 176
2 2 957 0 4 834 0
-12.7653 -3.10021 162.428
182 169 186
2 8 2 0 4 192 0
33.9821 -48.6934 157.647
163 154 171
2 8 1001 0 4 965 0
-17.0143 -6.34754 162.322
191 183 194
4 0 1416 0 8 1317 0 1 1680 0 11 1519 0
-9.45299 -7.95568 161.627
119 132 63
2 8 822 0 4 874 0
12.142 -20.754 160.528
53 67 112
2 0 1192 0 6 1173 0
8.34481 13.9254 162.257
172 193 118
3 5 1561 0 6 1432 0 3 1638 0
-15.292 -7.4076 162.378
170 167 176
3 11 522 0 1 671 0 2 526 0
10.8611 -16.402 160.933
202 193 194
4 0 837 0 8 765 0 6 826 0 4 795 0
6.19501 -13.1659 161.209
136 158 83
4 0 1039 0 8 838 0 6 1046 0 4 921 0
-15.3836 -24.4893 161.737
138 149 91
2 0 623 0 8 686 0
-2.39994 -21.9295 160.885
104 120 57
2 8 260 0 2 425 0
1.21986 -25.6759 160.424
121 136 79
2 8 1162 0 2 1274 0
-3.07605 1.2622 162.191
164 181 129
3 1 586 0 9 550 0 3 703 0
10.1901 6.27033 162.042
176 184 124
4 5 364 0 9 253 0 6 392 0 3 192 0
1.74783 6.8055 162.338
177 171 175
2 6 1385 0 3 1547 0
15.926 -6.58322 161.409
163 157 159
2 6 999 0 4 876 0
-4.85318 -10.7903 161.266
122 133 57
2 8 1057 0 4 1104 0
-35.07 -26.3998 162.345
167 155 177
3 2 231 0 7 327 0 10 325 0
15.9444 18.8891 162.141
238 219 225
2 5 1276 0 3 1313 0
-29.6525 -18.9081 162.367
186 174 196
3 2 1096 0 7 1163 0 10 1253 0
-3.10379 -6.47806 161.696
161 168 98
3 0 1204 0 9 1467 0 11 1360 0
12.6306 -6.65218 161.29
193 185 196
2 0 676 0 4 569 0
-7.223 -15.0913 160.891
105 126 61
2 11 1443 0 9 1584 0
5.69683 -19.2929 161.156
131 153 80
2 6 622 0 4 942 0
-4.14071 -36.8806 160.369
183 173 182
4 0 1040 0 8 1015 0 11 1074 0 7 1082 0
-1.82418 -9.39534 161.463
46 61 28
2 0 1456 0 9 1728 0
-16.6573 -20.6186 161.904
112 136 60
2 0 370 0 11 491 0
-17.2487 -17.3439 161.849
101 123 51
2 8 759 0 2 281 0
27.0413 -48.0792 157.717
27 20 38
2 8 57 0 4 450 0
6.82087 14.0748 162.396
213 203 214
2 5 478 0 6 405 0
-9.80891 1.47483 162.365
76 77 108
5 0 761 0 8 624 0 11 785 0 6 745 0 4 705 0
-7.80498 -4.70995 162.084
89 101 53
5 0 982 0 8 998 0 11 1109 0 9 978 0 6 941 0
-8.57757 -42.2826 160.079
190 184 194
2 11 334 0 7 402 0
-18.8605 -5.59644 162.242
60 68 104
4 0 691 0 1 784 0 9 760 0 11 721 0
-28.5273 -38.215 162.086
132 135 80
2 2 1185 0 7 1362 0
7.2775 -20.1752 160.792
25 43 31
3 0 1240 0 6 1174 0 4 1227 0
-23.468 -31.456 162.073
124 151 74
3 11 615 0 2 538 0 7 630 0
-8.9194 7.66493 162.821
13 24 18
2 0 456 0 6 512 0
9.2132 -8.02315 161.554
134 154 82
2 6 346 0 4 59 0
-15.1207 -22.7081 161.914
138 148 96
2 11 988 0 7 967 0
-2.02949 -1.39892 161.972
162 182 113
3 1 1580 0 9 1552 0 3 1530 0
-25.9784 -25.5795 162.178
206 199 193
2 7 306 0 10 210 0
-35.6739 -25.0187 162.351
178 171 187
2 7 1301 0 10 1368 0
-31.1741 -30.2305 162.147
198 187 193
3 2 142 0 7 478 0 10 664 0
-16.0525 -26.1026 161.68
129 145 83
2 11 772 0 7 871 0
-32.2438 -22.8667 162.391
175 169 181
2 11 510 0 2 531 0
-30.2755 -22.1079 162.373
158 149 170
3 2 1094 0 7 1172 0 10 1261 0
17.5518 -18.2 160.763
205 195 206
2 0 324 0 8 162 0
-31.63 -25.5977 162.264
92 86 98
4 11 353 0 2 488 0 7 405 0 10 135 0
-5.32 0.124536 162.256
124 144 81
4 0 773 0 1 742 0 9 709 0 3 829 0
-27.9139 -41.3078 161.97
141 143 104
2 2 1100 0 7 1122 0
-30.6797 -30.4946 162.126
100 119 64
2 7 712 0 10 713 0
-1.89646 -25.0351 160.623
157 172 105
3 0 1103 0 8 1058 0 11 1193 0
14.9735 -19.334 160.686
78 91 125
2 6 1469 0 4 1454 0
25.9603 -49.9058 157.364
114 100 97
2 8 35 0 4 80 0
-16.9882 -5.09758 162.277
61 70 103
3 0 1130 0 8 1008 0 11 1183 0
4.01696 -31.8882 164.278
216 206 214
2 0 563 0 11 552 0
-5.13608 -40.4885 160.33
158 152 126
3 8 402 0 2 252 0 7 229 0
-17.6699 -21.9499 161.932
141 163 88
2 1 979 0 10 801 0
13.1182 -23.1494 160.451
68 68 102
3 8 1112 0 6 1170 0 4 1157 0
-31.8058 -17.0919 162.276
185 181 180
2 11 1007 0 7 1078 0
-19.2652 -28.9943 161.857
107 128 53
4 8 1092 0 11 1238 0 2 1139 0 7 1251 0
-13.8975 -9.10232 162.235
105 133 58
3 0 1390 0 8 1342 0 11 1477 0
-3.87718 -51.6935 158.076
84 88 115
2 11 979 0 7 742 0
-31.9404 -21.2503 162.368
189 181 194
4 11 676 0 2 679 0 7 755 0 10 898 0
10.9729 2.82515 161.665
49 64 103
2 6 1085 0 4 996 0
-16.119 -20.1593 162.132
123 137 75
2 8 783 0 2 874 0
3.17159 -17.5746 161.104
149 169 98
4 0 763 0 11 1096 0 6 668 0 4 719 0
0.376092 -33.0059 160.305
182 169 186
2 2 763 0 7 704 0
-22.4581 -24.8087 162.247
127 145 83
2 11 178 0 7 376 0
27.3033 -50.8089 157.137
58 47 61
2 8 725 0 2 985 0
-27.2869 -19.173 162.391
148 139 158
3 8 1026 0 11 1161 0 2 1050 0
-2.79273 -8.38352 161.902
184 185 153
2 0 658 0 6 380 0
0.846145 10.7362 162.382
183 176 184
2 0 1351 0 6 1406 0
-25.0331 -39.4733 161.906
111 107 80
2 2 389 0 7 199 0
-1.01967 -8.36349 161.673
145 157 95
5 0 1302 0 8 1143 0 9 1490 0 11 1304 0 4 1223 0
8.30974 -21.2976 160.807
41 50 93
2 8 990 0 4 1086 0
-5.64632 -35.6362 160.335
191 181 190
2 0 808 0 7 657 0
-24.382 -37.0468 161.943
168 162 136
2 2 414 0 7 443 0
-36.2714 -33.5692 162.232
192 182 183
2 2 961 0 7 992 0
19.7746 -45.8566 157.613
80 66 81
3 8 659 0 2 693 0 4 593 0
-36.1391 -27.9316 162.341
160 148 172
2 2 1179 0 7 1259 0
4.67118 -10.7891 161.622
147 157 97
2 0 1260 0 8 1198 0
18.6919 -46.0718 157.649
104 83 92
3 8 981 0 2 1044 0 4 1071 0
21.6915 -57.6186 156.711
98 101 84
2 8 463 0 2 466 0
-18.6653 -17.9759 161.965
112 137 69
4 11 1591 0 2 1459 0 7 1574 0 10 1674 0
-2.45896 -24.4176 160.616
106 135 51
2 0 119 0 11 404 0
-15.6838 -18.5655 162.044
149 158 105
8 0 1177 0 1 928 0 2 1014 0 4 1138 0 7 872 0 8 1102 0 10 878 0 11 1182 0
-21.1078 -30.8258 161.903
102 121 57
2 2 470 0 7 433 0
-10.5181 -17.5261 161.26
113 130 62
2 11 203 0 7 79 0
-11.9058 -24.823 160.971
109 121 57
4 8 805 0 11 680 0 2 923 0 7 884 0
-37.377 -12.0186 162.865
94 121 68
2 1 81 0 10 5 0
-15.7127 -18.5959 162.095
179 185 137
2 1 929 0 7 873 0
-3.93628 -33.8067 160.419
189 184 191
3 11 1565 0 2 1429 0 7 1541 0
-10.769 -25.5116 160.611
110 117 66
2 8 390 0 2 1 0
-16.3492 -11.5612 162.275
116 133 63
8 0 1395 0 1 1647 0 2 1388 0 4 1430 0 7 1493 0 8 1320 0 10 1565 0 11 1496 0
-6.88111 -5.48588 161.879
132 147 80
5 11 1092 0 8 1106 0 1 1058 0 9 813 0 4 1087 0
14.5418 -25.8323 160.356
196 185 189
2 6 303 0 4 284 0
5.78933 -11.2822 161.603
122 132 71
2 8 316 0 4 120 0
-3.67375 -13.3789 161.429
77 91 56
2 6 1497 0 4 1475 0
19.8554 -15.7882 160.887
196 189 197
2 0 668 0 6 751 0
11.1328 -29.4454 160.266
190 178 182
2 6 1019 0 4 972 0
-17.843 -8.23408 162.379
181 174 182
4 0 409 0 1 640 0 9 602 0 11 664 0
-24.1443 -42.1414 161.598
182 171 165
2 2 330 0 7 280 0
3.26373 -21.0759 160.987
22 35 17
2 0 726 0 11 450 0
-28.1595 -26.219 162.228
181 165 178
5 8 701 0 11 761 0 2 716 0 7 737 0 10 469 0
8.19436 -25.9498 160.503
169 157 171
2 8 696 0 4 686 0
-15.8643 -28.8167 161.68
95 116 49
2 8 1147 0 2 1239 0
1.02942 -17.1158 161.14
123 148 67
2 0 1071 0 6 987 0
10.33 -30.6875 160.345
196 184 196
2 8 1373 0 4 1481 0
-2.62997 -18.359 161.196
120 148 61
2 6 919 0 4 583 0
-7.14154 -20.8639 160.477
110 112 65
3 0 1098 0 11 1255 0 2 1097 0
-19.1203 -6.32084 162.276
144 141 160
6 0 411 0 1 468 0 7 494 0 9 462 0 10 408 0 11 361 0
-21.8365 -15.0065 162.338
221 211 222
2 1 1571 0 2 1283 0
-12.5441 -17.2616 161.511
125 136 80
2 8 223 0 2 179 0
0.979879 -28.4842 160.522
205 195 203
4 11 841 0 2 861 0 7 855 0 4 882 0
-1.77012 -35.9885 160.406
203 192 190
5 0 527 0 8 40 0 11 342 0 2 181 0 7 503 0
-25.6593 -16.1668 162.373
161 149 169
2 2 241 0 10 235 0
-30.1381 -38.6258 162.183
30 45 38
2 2 292 0 7 203 0
11.1328 -29.4454 160.266
190 178 182
2 6 1018 0 4 973 0
-18.7739 -18.8488 162.304
37 48 42
6 0 973 0 1 673 0 2 979 0 7 603 0 8 982 0 11 849 0
-37.2929 -4.38708 169.137
62 86 52
2 11 834 0 7 1130 0
-9.06264 -0.410516 162.375
174 166 177
4 0 1076 0 6 1228 0 3 1390 0 4 1144 0
-25.2666 -21.5679 162.25
208 199 204
5 11 295 0 1 423 0 2 294 0 7 397 0 10 318 0
-59.2358 13.3058 164.79
80 94 32
2 1 713 0 10 630 0
-18.3458 -12.3787 162.415
178 161 167
3 8 241 0 2 205 0 4 470 0
21.2025 -12.2046 161.112
135 158 78
2 6 662 0 4 773 0
13.389 2.95762 161.587
72 78 102
2 6 133 0 4 147 0
17.581 -24.4692 160.476
214 201 211
3 8 1413 0 6 1557 0 4 1513 0
20.2062 -16.9784 160.727
201 194 202
2 0 981 0 6 927 0
-5.20905 -30.0383 160.383
136 143 91
2 2 806 0 7 856 0
0.0484366 -26.3531 160.616
118 144 71
2 0 341 0 11 339 0
-12.8328 -19.8215 161.566
98 123 58
3 11 1336 0 1 1406 0 7 1313 0
10.3978 4.845 161.823
178 191 122
3 5 433 0 9 600 0 3 170 0
-5.26389 -3.49829 161.91
156 165 100
2 1 1183 0 9 1192 0
13.1127 -49.9127 157.889
94 81 88
2 8 647 0 2 920 0
-22.0076 -18.8283 162.35
191 179 181
4 11 1203 0 1 1148 0 2 1101 0 7 1020 0
-21.0983 -30.8324 161.896
99 121 48
3 8 618 0 11 598 0 2 471 0
16.5497 -2.1411 161.5
181 175 179
2 6 1364 0 4 1344 0
-9.07435 -48.3633 160.485
125 154 90
2 11 1370 0 7 1389 0
13.7222 -34.5881 160.156
43 60 41
3 0 431 0 8 379 0 11 456 0
-4.42692 -18.1293 160.985
149 162 93
4 0 683 0 8 500 0 2 782 0 4 688 0
-2.43327 -33.6163 160.357
186 179 187
3 0 1278 0 2 1282 0 7 1380 0
12.8457 -13.6788 160.9
195 192 199
4 0 708 0 8 734 0 6 991 0 4 743 0
10.8916 -28.2286 160.318
197 186 190
2 6 35 0 4 168 0
-32.8544 -31.6161 162.181
176 169 161
3 2 708 0 7 789 0 10 927 0
11.0763 9.56441 162.191
165 176 110
3 5 1116 0 6 1030 0 3 1121 0
-28.9582 -18.3006 162.385
207 199 214
2 1 297 0 2 364 0
-7.24529 2.52116 162.32
55 58 89
5 0 801 0 9 772 0 6 763 0 3 974 0 4 660 0
-12.8392 -45.3406 160.679
180 174 188
2 11 139 0 7 227 0
-14.7228 -17.2531 161.987
112 130 56
4 0 211 0 8 581 0 11 87 0 2 341 0
-13.437 -20.9101 161.525
135 143 96
3 11 1262 0 1 1436 0 2 1194 0
31.1851 -51.0313 157.75
180 170 181
2 8 1298 0 4 1375 0
14.5632 -33.8245 160.702
247 253 255
2 0 491 0 11 826 0
-11.9115 1.03419 162.281
73 77 104
2 11 1377 0 6 1321 0
-1.07124 -6.02339 162.012
153 158 91
2 8 1071 0 4 1291 0
-14.7193 -4.70225 162.332
107 108 126
3 0 1226 0 8 1149 0 11 1310 0
10.7203 9.39667 162.276
192 199 148
2 9 340 0 3 332 0
-9.14334 -2.42727 162.325
177 170 177
7 0 1413 0 1 1617 0 4 1434 0 6 1450 0 8 1332 0 9 1670 0 11 1499 0
-17.6664 -22.9449 161.968
133 152 86
2 7 619 0 10 727 0
-1.80303 -1.22481 161.985
150 170 98
2 1 341 0 9 348 0
-14.25 -32.3708 161.009
99 118 52
2 8 253 0 2 129 0
16.0069 -23.7865 160.359
214 207 215
4 0 774 0 8 604 0 6 718 0 4 769 0
8.5362 2.71336 161.763
168 163 193
2 5 681 0 9 486 0
-13.0073 -27.6916 161.004
145 151 103
3 11 1158 0 2 1136 0 7 1195 0
14.3695 -3.46057 161.51
180 173 180
2 6 1220 0 4 1156 0
-29.4837 -16.6875 162.407
177 171 181
2 11 251 0 7 245 0
-8.71697 6.67303 162.575
17 29 25
2 0 826 0 6 817 0
-8.0487 -2.48658 162.318
117 142 76
4 0 1000 0 1 983 0 9 1163 0 4 536 0
-23.6513 -36.9927 161.889
97 104 62
2 2 1145 0 7 936 0
-0.938393 -21.4905 160.779
137 157 88
2 0 854 0 11 778 0
-1.39941 7.12934 162.422
172 164 175
3 0 230 0 9 529 0 3 656 0
0.923938 -20.3892 160.955
116 140 66
2 0 857 0 6 793 0
7.26786 7.04261 162.295
187 190 145
2 6 604 0 3 459 0
3.0006 -45.8869 158.274
167 151 164
3 0 536 0 8 456 0 11 227 0
-2.71806 -20.3336 161.012
100 121 52
2 8 794 0 4 702 0
-9.21333 -57.2159 158.786
188 167 182
2 2 540 0 7 624 0
2.79052 -20.1872 160.897
119 146 69
3 0 547 0 11 569 0 6 595 0
-2.32983 -14.2227 161.455
145 162 94
2 11 1121 0 6 1126 0
-17.3274 -30.5805 161.589
102 129 58
3 11 1082 0 2 1009 0 7 1101 0
-21.7358 -23.1923 162.375
204 195 186
4 8 189 0 11 387 0 2 362 0 7 525 0
6.44117 -14.2244 161.476
160 170 101
2 0 941 0 8 697 0
-22.2813 -11.1837 162.289
190 182 193
4 0 413 0 1 386 0 7 654 0 10 466 0
-26.0538 -26.4072 162.23
120 141 76
2 11 656 0 7 709 0
-4.65041 -7.92342 161.826
142 149 79
2 0 1212 0 9 1224 0
-2.73369 -4.85917 161.817
73 87 51
5 0 851 0 8 723 0 9 968 0 4 848 0 3 1041 0
-2.77635 0.570708 161.775
180 200 129
2 1 1719 0 9 1746 0
-10.9434 -8.51721 161.937
150 166 103
2 1 41 0 9 316 0
1.91327 7.26003 162.323
199 188 202
4 5 974 0 9 779 0 6 1028 0 3 1135 0
-0.516117 -32.899 160.395
200 193 201
5 0 1367 0 8 1281 0 11 1435 0 2 1346 0 7 1456 0
-2.3693 -35.2225 160.135
198 191 199
2 11 1116 0 7 1125 0
-11.8655 -38.3208 160.372
97 132 50
3 11 1366 0 2 1089 0 7 1302 0
-22.8518 -16.0805 162.323
208 200 213
3 1 684 0 2 491 0 7 542 0
-10.4663 0.386181 162.322
188 181 189
2 0 1460 0 11 1573 0
17.702 -17.6157 160.786
185 174 190
2 8 167 0 6 253 0
-34.5969 -26.6001 162.313
152 140 164
3 2 911 0 7 937 0 10 952 0
2.27443 -39.6096 159.998
148 175 104
2 0 759 0 11 907 0
-21.3519 -16.0971 162.498
183 162 159
5 11 1488 0 1 1646 0 2 1380 0 7 1498 0 10 1568 0
-8.13519 -14.6838 160.775
190 192 143
2 1 584 0 9 15 0
-18.6808 -37.915 161.007
141 156 91
2 11 427 0 2 685 0
-14.9275 0.963413 162.51
23 42 23
2 0 76 0 11 357 0
15.2134 -0.804739 161.495
66 80 115
2 6 1034 0 4 1002 0
-2.20426 -13.3721 161.416
72 94 56
3 0 1287 0 6 1309 0 4 1301 0
-17.5516 -20.5446 162.129
134 157 87
3 1 631 0 7 908 0 10 815 0
-10.6301 -29.2102 160.463
157 160 115
4 0 1055 0 11 1208 0 2 1223 0 7 1252 0
-25.9442 -22.2443 162.225
214 200 215
5 8 700 0 11 862 0 2 791 0 7 923 0 10 1137 0
-12.083 -18.159 161.45
110 131 66
4 0 957 0 1 1101 0 11 972 0 10 1133 0
-16.7181 -20.5792 162.097
143 164 99
3 1 494 0 7 352 0 10 812 0
-5.2915 -13.0592 161.871
98 121 69
2 0 430 0 11 84 0
-5.67689 -15.7706 161.173
108 125 47
2 8 1211 0 4 1201 0
-52.1183 14.7749 164.614
55 79 29
2 1 1156 0 10 1069 0
-41.3725 -27.4708 162.22
45 50 82
2 7 885 0 10 1000 0
15.6005 -28.9424 161.239
243 255 255
2 0 120 0 11 188 0
-53.5243 13.6601 164.4
175 179 128
2 1 981 0 10 1070 0
-8.77934 -27.4526 160.403
153 160 108
2 11 1242 0 2 1175 0
-14.7909 -31.0632 161.078
153 160 116
2 11 1076 0 7 1164 0
-34.4543 -32.0364 162.198
183 166 184
3 2 283 0 7 336 0 10 229 0
2.37105 -29.6243 160.524
192 184 199
2 8 1221 0 11 1387 0
2.20638 -34.5633 162.44
215 201 201
3 0 1224 0 11 1298 0 7 1309 0
19.4591 -22.2132 160.447
135 153 95
2 8 1209 0 6 1269 0
-9.37836 -59.0639 158.462
37 25 49
2 2 65 0 7 51 0
-8.6266 3.24997 162.421
180 176 190
2 0 1096 0 6 1070 0
-17.898 -26.1798 161.923
134 149 92
3 11 897 0 1 1072 0 7 953 0
-5.85779 1.89826 162.248
210 204 218
2 1 846 0 9 895 0
-17.334 -30.5914 161.582
102 129 58
2 11 1081 0 2 1010 0
14.4267 -19.0483 160.722
60 72 114
3 0 1257 0 8 1191 0 4 1213 0
-3.83501 -18.5566 160.959
138 155 84
2 11 362 0 2 312 0
-9.47663 -22.8586 160.676
106 129 59
2 11 1091 0 2 867 0
-9.73083 -18.0446 160.914
108 127 61
3 0 357 0 8 308 0 9 415 0
-26.3846 -19.5589 162.278
175 169 181
3 11 1043 0 1 1077 0 10 1067 0
-20.7523 -42.9396 160.866
126 128 79
2 2 1244 0 7 1278 0
-6.18712 -0.676568 162.336
109 137 78
4 0 502 0 1 368 0 9 288 0 3 600 0
14.7547 -14.1779 161.054
198 193 200
2 0 1375 0 4 1403 0
3.65635 -14.116 161.241
142 158 95
5 0 1229 0 8 1199 0 11 1329 0 6 1063 0 4 1202 0
-23.679 -28.9289 162.091
127 151 65
3 8 315 0 11 109 0 2 61 0
-5.50858 -35.9022 160.379
188 175 193
2 2 1209 0 7 1254 0
-8.55906 -38.5758 160.417
174 163 177
3 8 257 0 2 166 0 7 30 0
5.21091 1.25367 161.883
47 55 94
2 9 943 0 6 894 0
-1.64448 -24.0855 160.724
99 122 52
3 8 828 0 11 1058 0 2 1028 0
6.35885 15.6382 162.251
49 56 82
2 6 971 0 3 1170 0
6.39857 11.0595 162.325
211 207 160
2 5 804 0 3 960 0
-52.7254 13.6741 164.474
89 110 41
2 1 772 0 10 938 0
19.5278 -48.0558 157.577
174 162 174
3 8 141 0 2 291 0 4 301 0
20.4667 -46.5586 157.57
45 34 48
3 8 762 0 2 742 0 4 889 0
22.0556 16.8521 162.011
124 122 143
2 5 479 0 3 285 0
9.51131 -8.30991 161.483
135 154 73
2 6 1305 0 4 1279 0
-15.8613 -38.7595 160.423
149 166 112
2 11 1545 0 7 1536 0
1.37723 -9.40526 161.808
142 145 90
4 8 476 0 11 274 0 6 414 0 4 666 0
-5.72807 -7.60129 162.259
191 200 133
2 1 1796 0 9 1804 0
-10.6317 1.00673 162.313
185 178 186
3 0 1299 0 11 1393 0 6 1329 0
-20.7789 -12.519 162.385
176 168 179
7 0 1329 0 1 1565 0 2 1339 0 7 1407 0 8 1240 0 10 1495 0 11 1406 0
-13.3152 -3.00262 162.357
176 168 179
3 0 275 0 6 28 0 4 219 0
-7.08651 -12.7188 161.126
123 143 72
3 0 930 0 11 977 0 6 860 0
-30.719 -18.4987 162.183
172 166 176
2 11 9 0 7 296 0
6.9382 -15.7353 161.226
152 175 97
4 0 504 0 11 711 0 6 733 0 4 755 0
-25.865 -35.6257 162.089
86 101 42
2 2 1263 0 7 1347 0
-15.0959 -18.7654 161.942
116 132 67
3 0 305 0 7 45 0 4 72 0
-7.34701 -7.05228 161.661
171 184 114
2 1 572 0 9 664 0
-7.9415 -36.8868 160.393
195 176 182
2 2 113 0 7 506 0
14.0435 -50.7132 156.932
44 43 61
2 8 372 0 2 835 0
-10.1684 -13.8338 161.049
135 155 86
3 0 236 0 11 283 0 2 375 0
18.2807 -27.5916 161.181
153 168 165
2 0 1143 0 6 1154 0
6.23894 -24.1704 160.678
74 71 102
2 8 182 0 4 231 0
-33.5126 -24.6796 162.338
143 139 156
2 7 1487 0 10 1566 0
-39.9373 -28.5478 162.278
162 155 171
2 7 739 0 10 1015 0
10.6874 7.86438 162.407
171 190 145
2 5 913 0 3 939 0
-17.45 -15.1955 162.296
28 40 26
6 0 616 0 1 607 0 2 714 0 4 919 0 8 761 0 11 327 0
-8.34213 -25.4611 160.342
151 161 101
3 0 797 0 8 602 0 4 220 0
-24.1473 -3.33759 169.602
112 140 89
2 0 1158 0 11 1051 0
-29.0573 -22.0798 162.191
178 174 188
2 11 1249 0 2 1093 0
-17.598 -4.1215 162.232
47 57 93
2 0 52 0 1 137 0
12.2467 -22.8496 160.536
194 189 212
2 8 70 0 4 77 0
17.5518 -18.2 160.763
205 195 206
2 0 325 0 8 163 0
13.0943 -21.5304 160.573
62 76 123
4 0 1268 0 8 1206 0 6 1282 0 4 1263 0
12.9793 -2.93091 161.536
182 180 183
2 6 506 0 4 460 0
-1.6954 -44.5274 157.533
38 55 21
2 11 1618 0 7 1597 0
-7.33713 -15.107 161.024
141 157 94
2 1 1595 0 10 1511 0
-31.2356 -21.2753 162.351
163 157 169
4 11 592 0 2 304 0 7 682 0 10 798 0
10.1535 -33.4659 160.054
36 60 62
3 8 1051 0 11 955 0 4 1180 0
-10.214 -5.10288 162.255
114 136 74
4 11 1374 0 1 1506 0 9 1514 0 6 1362 0
-2.3877 -42.8861 162.277
142 160 112
2 8 665 0 2 849 0
-8.36869 -27.1388 160.442
142 153 95
2 11 624 0 2 695 0
8.16074 3.23165 161.79
61 69 115
2 5 230 0 3 94 0
-27.9139 -41.3078 161.97
141 143 104
2 2 1099 0 7 1123 0
-21.3049 -8.94454 162.317
190 184 198
4 0 414 0 9 802 0 11 415 0 7 641 0
-22.7858 -37.6951 161.705
118 126 75
2 2 477 0 7 255 0
-26.1076 -41.8433 161.806
163 153 144
2 2 888 0 7 794 0
0.335742 6.63509 162.326
198 192 202
2 0 241 0 9 6 0
-19.7741 -15.6937 162.36
196 182 173
4 11 881 0 8 639 0 1 686 0 4 724 0
6.52814 1.39341 161.795
56 63 107
2 5 23 0 6 14 0
3.32189 -49.3674 157.913
180 172 185
3 8 614 0 2 730 0 7 756 0
-23.3383 -37.6236 161.682
218 209 192
2 2 349 0 7 253 0
8.35389 -18.2965 160.986
37 57 22
3 11 330 0 6 245 0 4 295 0
6.89297 -22.6324 160.616
49 62 96
2 6 1117 0 4 1096 0
-34.5138 -30.8372 162.072
185 172 181
2 7 647 0 10 640 0
15.2823 18.8194 162.123
186 165 170
2 5 160 0 3 205 0
-3.56878 -37.7685 160.363
139 127 131
3 0 355 0 11 485 0 2 417 0
17.4554 -49.6934 157.592
71 67 82
2 8 1330 0 2 1399 0
-4.54469 -9.15865 161.627
207 206 176
3 11 285 0 1 363 0 9 175 0
-24.1521 -26.0195 162.207
104 127 49
2 8 792 0 2 887 0
15.4012 -35.668 160.609
38 52 55
2 8 802 0 4 734 0
-5.78042 -10.8759 161.278
140 148 75
3 8 405 0 6 800 0 4 591 0
-2.03437 10.5264 162.368
53 59 91
2 0 458 0 6 450 0
-23.3007 -24.745 162.228
150 145 142
2 7 370 0 10 492 0
21.1781 -3.05343 161.405
171 187 112
2 6 700 0 4 775 0
0.998581 -19.7436 160.928
136 156 85
2 0 335 0 11 416 0
-26.1183 -24.1001 162.242
174 162 172
2 7 52 0 10 166 0
1.35018 -29.2267 160.479
187 180 188
3 11 1222 0 2 1173 0 7 1244 0
-21.8256 -34.3056 161.964
104 132 57
2 11 1107 0 7 1166 0
8.19451 -23.6886 160.647
52 59 101
2 8 1337 0 4 1432 0
-14.1312 -3.05517 162.334
192 185 193
2 0 418 0 8 309 0
-21.0538 -8.19674 162.285
40 52 90
3 0 1211 0 11 1296 0 7 1292 0
-12.2196 -15.9804 161.505
144 152 105
3 11 1197 0 9 1286 0 10 1190 0
-13.6487 -19.2879 161.744
143 151 102
5 0 646 0 11 655 0 1 788 0 7 679 0 10 503 0
-15.33 -24.5466 161.84
131 136 95
2 2 465 0 7 508 0
6.19075 -28.8009 160.496
183 180 175
2 11 567 0 4 891 0
13.3259 -58.0344 156.859
106 107 93
2 8 55 0 2 143 0
-21.2767 -6.75923 162.396
47 58 86
2 0 82 0 11 174 0
-26.8119 -40.1596 162.117
197 191 195
2 2 516 0 7 458 0
-24.8936 -25.2399 162.211
115 132 77
2 11 261 0 2 123 0
-21.8365 -15.0065 162.338
221 211 222
2 1 1570 0 2 1284 0
-14.9275 0.963413 162.51
23 42 23
2 0 77 0 11 356 0
-5.02061 -19.3075 160.919
128 146 72
2 0 1233 0 11 1297 0
20.6839 -26.724 160.841
157 170 114
2 0 1434 0 6 1422 0
-19.6407 -5.3576 162.252
34 43 72
4 0 203 0 1 383 0 11 142 0 7 366 0
-11.1253 -27.738 160.465
144 139 107
2 8 1097 0 7 1281 0
-6.25056 -9.61933 161.481
121 140 61
3 0 318 0 9 86 0 11 71 0
-17.7253 -12.9415 162.338
110 133 63
6 0 964 0 2 951 0 7 865 0 8 854 0 10 1023 0 11 768 0
-13.8425 -5.30549 162.322
189 181 192
3 0 637 0 11 650 0 4 502 0
-2.1971 -13.3722 161.415
72 94 56
4 0 1288 0 8 1212 0 6 1308 0 4 1300 0
-27.3073 -19.1923 162.383
177 170 186
3 1 1249 0 2 1049 0 10 1225 0
-19.3052 -7.66032 162.301
204 198 212
2 1 0 0 9 125 0
0.928054 -29.9155 160.509
194 182 194
4 8 306 0 11 1 0 2 47 0 7 42 0
-27.4902 -22.0105 162.274
188 175 192
3 8 248 0 11 144 0 2 185 0
-16.1543 -15.9857 162.055
129 149 78
2 11 611 0 10 982 0
5.43843 -52.8549 157.374
92 78 93
2 8 676 0 2 636 0
8.70179 -22.3043 160.626
108 109 137
3 0 674 0 6 772 0 4 727 0
-26.5194 -27.8478 162.199
107 133 62
2 11 1498 0 2 1378 0
-28.2336 -17.4762 162.415
184 178 190
4 11 858 0 1 838 0 7 834 0 10 841 0
-15.8969 -21.1044 162.052
173 184 126
2 1 200 0 10 606 0
13.6322 9.4297 161.987
140 161 86
2 6 881 0 3 1016 0
-21.1663 -20.9747 162.305
125 135 83
4 11 382 0 1 754 0 7 664 0 10 679 0
-22.0515 -9.56646 162.366
51 57 91
2 11 1388 0 7 1396 0
-12.2285 -15.9589 161.62
144 152 105
2 11 1196 0 7 1193 0
-21.9835 -28.156 161.993
142 153 93
2 11 869 0 7 904 0
-17.5984 -4.1151 162.246
47 57 93
3 0 53 0 1 136 0 11 301 0
10.8923 -0.396043 161.678
39 49 85
3 0 297 0 6 416 0 4 314 0
10.2723 -1.05842 161.638
50 64 93
2 6 123 0 4 262 0
0.28622 1.0233 162.068
189 209 138
2 1 948 0 9 954 0
-22.6527 -10.887 162.277
94 96 119
4 11 25 0 1 24 0 7 92 0 10 107 0
3.55416 6.93596 162.162
183 167 178
3 5 844 0 6 706 0 4 611 0
-4.63969 -36.0843 160.409
147 137 146
3 11 1264 0 2 1155 0 7 1266 0
-16.785 -37.8057 160.774
151 165 104
3 11 277 0 2 600 0 7 318 0
-34.7074 -33.2157 162.184
107 121 72
2 7 368 0 10 162 0
15.7007 -2.16424 161.512
67 77 104
2 6 746 0 4 754 0
-24.7066 -17.2625 162.382
193 187 201
2 1 358 0 2 164 0
-7.09528 -31.3615 160.435
131 132 75
3 0 1383 0 11 1489 0 7 1501 0
8.69861 4.22873 161.846
63 71 94
2 9 1633 0 3 1622 0
11.3088 -50.4219 157.023
105 86 88
2 8 1100 0 2 1264 0
-7.06252 -27.0685 160.204
146 144 87
3 0 952 0 11 1125 0 2 1046 0
-22.6022 -18.7179 162.279
215 195 207
3 2 103 0 7 115 0 10 258 0
17.2747 -26.6875 161.046
65 56 73
2 0 460 0 11 376 0
-14.5505 -19.5642 161.768
142 151 94
6 0 752 0 1 1042 0 4 893 0 8 527 0 10 1031 0 11 1042 0
22.9676 -12.6656 161.037
165 176 107
2 6 196 0 4 213 0
-4.96978 -22.3167 160.72
159 164 110
3 11 700 0 2 876 0 7 837 0
-7.3163 -29.6135 160.222
132 129 78
4 0 450 0 11 454 0 2 313 0 7 614 0
-8.65543 3.25704 162.35
180 176 190
4 0 1095 0 6 1071 0 3 1286 0 4 974 0
18.4978 18.113 162.103
111 110 142
2 5 1251 0 3 1279 0
10.4661 6.17834 161.706
193 201 144
2 9 1764 0 3 1775 0
15.1769 -1.61193 161.541
174 172 183
2 6 591 0 4 544 0
-23.2445 -39.1933 161.546
112 116 66
2 2 1206 0 7 1159 0
-2.42533 -37.2688 160.367
133 147 94
3 0 209 0 2 472 0 7 113 0
-19.3686 -20.5082 162.345
96 123 52
4 11 587 0 1 660 0 7 731 0 10 734 0
1.51588 3.22802 162.172
207 199 210
2 9 1087 0 3 1160 0
-10.9313 -19.6304 161.189
106 122 60
3 11 1337 0 1 1421 0 7 1327 0
-21.5691 -15.6414 162.363
168 153 158
2 0 182 0 8 286 0
-10.3159 -35.8171 160.509
126 155 75
2 11 894 0 7 785 0
-19.8876 -15.1194 162.359
209 193 196
8 0 1359 0 1 1564 0 2 1347 0 4 1384 0 7 1408 0 8 1277 0 10 1451 0 11 1434 0
-10.1479 -13.8634 161.054
135 155 86
6 0 237 0 1 622 0 4 389 0 9 685 0 10 854 0 11 282 0
14.4884 -25.884 160.502
201 190 198
2 0 1188 0 4 1299 0
-8.51204 -53.1152 159.854
138 145 129
2 11 91 0 7 447 0
4.11533 4.70638 162.179
203 195 208
2 9 1378 0 3 1357 0
12.8974 -16.5703 160.8
191 183 194
2 0 684 0 6 661 0
1.09632 -48.2242 157.968
179 160 180
2 8 578 0 2 793 0
-25.2212 -17.6412 162.39
166 157 176
2 8 93 0 1 135 0
-21.7514 -9.19711 162.308
55 60 92
3 0 72 0 11 136 0 7 135 0
-7.54821 -11.3579 161.331
144 154 93
2 0 655 0 11 620 0
-3.92856 -20.1679 160.91
118 125 71
2 8 140 0 4 20 0
-2.61547 0.967404 162.236
192 203 143
3 1 108 0 9 350 0 3 632 0
-4.21182 -27.8722 160.403
114 144 58
4 0 910 0 8 831 0 11 1004 0 7 966 0
-21.8973 -21.1338 162.257
193 185 174
2 11 1016 0 2 986 0
-3.14792 -51.5876 157.847
177 163 180
2 11 931 0 7 961 0
12.7521 -24.9709 160.391
211 201 210
3 0 593 0 6 673 0 4 624 0
17.1628 -9.35706 161.272
155 164 109
3 0 405 0 6 58 0 4 5 0
-28.8661 -18.1608 162.381
182 179 190
5 11 744 0 1 815 0 2 753 0 7 716 0 10 855 0
19.1515 -23.8962 160.426
148 160 112
3 0 883 0 8 841 0 4 918 0
-14.7535 -16.3295 162.001
173 184 126
3 1 1236 0 7 1143 0 10 1148 0
7.09218 -1.21801 161.649
35 49 78
2 6 462 0 4 426 0
-25.1846 -29.8771 161.954
94 127 48
3 11 917 0 2 853 0 10 1019 0
-13.8873 -14.4688 161.94
158 160 123
7 0 1215 0 1 1440 0 2 1241 0 4 1183 0 7 1326 0 8 1170 0 10 1346 0
-4.66903 -32.522 160.384
126 143 88
4 0 1184 0 8 1000 0 11 1214 0 2 1116 0
27.5516 -50.1266 157.403
239 231 244
2 8 435 0 2 589 0
-13.7253 -25.8975 161.383
144 152 101
2 0 1058 0 8 927 0
10.4238 -9.91176 161.378
159 172 102
2 0 786 0 4 884 0
-13.3821 -3.5602 162.387
185 180 187
2 0 525 0 4 194 0
-12.3306 -33.359 161.056
115 143 68
2 11 1375 0 7 1429 0
-53.3851 12.2147 164.391
136 160 72
2 1 833 0 10 513 0
-18.5312 -25.7109 161.714
100 123 43
2 8 694 0 2 745 0
-18.7726 -49.384 160.197
195 183 203
2 2 1425 0 7 1539 0
2.31144 -28.3521 160.509
177 169 184
2 8 1116 0 2 1182 0
-27.0957 -39.0813 162.161
193 182 180
2 2 480 0 7 621 0
-0.640415 9.15213 162.371
90 88 109
3 0 586 0 5 741 0 6 576 0
-12.7048 -34.3592 160.606
139 160 91
2 11 478 0 7 545 0
15.9237 -8.55325 161.3
159 153 155
2 6 1082 0 4 1016 0
-11.7462 -12.8805 161.164
97 116 52
2 8 1368 0 2 1409 0
-22.2195 -18.8953 162.268
193 177 188
2 8 1415 0 2 1463 0
-7.85464 -17.8623 160.686
152 154 105
2 1 747 0 9 819 0
-35.5219 -21.5097 162.246
59 58 89
2 7 22 0 10 75 0
-14.0803 -26.9348 161.421
103 117 58
2 2 1124 0 7 940 0
7.92255 10.6963 162.459
164 174 101
2 5 1344 0 3 1388 0
2.02401 -20.8565 160.949
123 151 77
3 0 651 0 11 794 0 6 581 0
7.63255 -24.6045 160.627
194 183 197
2 8 957 0 4 1045 0
4.87408 6.95728 162.234
182 190 133
3 9 1250 0 6 1120 0 4 801 0
-16.5972 -22.8481 161.982
137 150 96
2 7 787 0 10 804 0
-16.7886 -14.4623 162.222
112 134 62
2 11 640 0 4 503 0
1.35074 -49.3277 157.911
164 142 163
2 8 1329 0 2 1397 0
4.5829 -51.7687 157.294
41 37 62
2 8 399 0 2 513 0
-8.57193 -4.24931 162.343
148 160 94
2 11 503 0 6 384 0
-8.69889 -9.78134 161.354
159 162 105
5 11 570 0 8 503 0 1 696 0 9 762 0 4 638 0
-7.27425 -21.8068 160.539
151 144 102
3 11 1198 0 2 1090 0 7 1017 0
-9.98243 -6.13693 162.119
146 148 99
4 0 1187 0 11 1293 0 1 1321 0 6 1223 0
6.41003 -38.9751 160.299
88 123 69
2 0 1469 0 11 1577 0
16.3548 -18.3248 160.726
183 174 191
2 8 627 0 4 701 0
-16.645 -15.2183 162.162
129 139 79
2 8 1151 0 2 1258 0
-21.0352 -27.9336 162.053
137 148 92
2 7 915 0 10 1120 0
-7.04151 9.56331 170.067
116 146 92
2 0 380 0 6 659 0
2.80196 -12.4927 161.635
146 153 99
4 0 1020 0 8 922 0 11 1026 0 4 1061 0
14.1006 -23.6183 160.201
206 196 204
2 0 1068 0 4 1204 0
-12.6455 -28.4451 160.872
105 125 56
2 0 811 0 11 714 0
-25.3936 -25.573 162.173
116 126 76
2 8 689 0 2 735 0
-15.3327 -15.465 162.093
112 125 56
2 8 1262 0 2 1307 0
15.5694 1.20027 161.554
63 72 101
2 6 478 0 4 484 0
-4.26528 -31.9369 160.373
127 148 83
5 0 515 0 8 271 0 11 389 0 2 422 0 7 509 0
-14.7201 -4.70109 162.33
107 108 126
4 0 1227 0 8 1148 0 1 1400 0 11 1309 0
-29.2103 -16.9797 162.367
173 167 177
2 11 1228 0 7 1211 0
-8.6644 -20.1438 160.776
126 133 81
2 8 224 0 4 586 0
3.69672 -32.1539 164.278
4 3 21
2 8 256 0 2 234 0
16.5204 -49.788 157.047
84 81 88
2 8 95 0 2 167 0
-10.7809 -43.6833 160.264
177 169 180
3 11 1290 0 2 1225 0 7 1310 0
-14.5806 -31.5492 161.07
97 113 51
2 8 206 0 2 144 0
1.40994 -43.7051 158.272
187 166 185
3 8 571 0 11 345 0 2 627 0
10.4285 0.0299574 161.669
37 53 89
2 6 1348 0 4 1309 0
-5.08636 -28.6762 160.463
157 165 108
5 0 1213 0 8 1167 0 11 1122 0 2 1280 0 7 1297 0
-6.50615 5.70373 162.386
42 52 88
2 0 1121 0 6 1125 0
17.7746 18.2259 162.113
238 224 237
2 5 1041 0 3 1000 0
-10.6551 -30.0859 160.532
113 134 59
5 0 1119 0 8 989 0 11 1154 0 2 996 0 7 1111 0
-4.93629 -38.4662 160.351
197 186 202
3 8 1290 0 2 1350 0 7 1425 0
-57.4052 17.5649 165.176
69 94 39
2 1 1108 0 10 1129 0
3.2191 13.9551 162.349
53 64 94
2 6 667 0 3 698 0
-28.2695 -33.6884 162.124
116 140 64
2 7 24 0 10 256 0
-19.381 -18.8914 162.573
187 180 174
3 8 668 0 11 984 0 7 1115 0
9.18585 2.71939 161.738
75 83 129
3 9 522 0 6 438 0 3 601 0
19.5492 -11.9048 161.052
152 173 104
3 0 589 0 6 516 0 4 626 0
19.0666 -22.4348 160.527
171 165 141
2 8 296 0 6 87 0
-1.30466 -16.3637 161.421
139 148 91
2 8 1210 0 4 1239 0
-0.857336 -9.33476 161.674
48 63 34
3 8 1203 0 9 1428 0 4 1282 0
-6.74022 -8.31007 161.571
123 141 59
2 8 788 0 6 579 0
5.32187 6.26754 162.255
199 198 144
4 5 251 0 9 363 0 4 238 0 3 156 0
13.1108 -35.3871 160.116
123 144 87
3 8 347 0 11 315 0 4 293 0
-17.3252 -3.56825 162.22
124 126 147
3 11 351 0 1 227 0 10 323 0
8.51266 5.12734 161.952
127 137 77
3 6 725 0 3 718 0 4 717 0
12.6045 -33.9778 160.196
126 150 88
4 0 798 0 8 769 0 6 827 0 4 824 0
-19.2182 -10.8271 162.39
172 166 178
6 0 1352 0 1 1590 0 7 1448 0 8 1283 0 10 1526 0 11 1444 0
-3.23357 -34.9327 160.323
186 178 189
3 11 992 0 2 869 0 7 930 0
-7.49176 -27.0411 160.996
112 104 68
2 2 1448 0 7 1570 0
8.16248 3.22326 161.778
61 69 115
5 5 229 0 9 98 0 6 221 0 3 95 0 4 210 0
-12.2285 -15.9589 161.62
144 152 105
2 11 1195 0 7 1191 0
16.5497 -2.1411 161.5
181 175 179
2 6 1365 0 4 1345 0
31.1341 -49.4488 157.515
192 181 195
2 8 511 0 4 491 0
-16.7888 -14.4239 162.212
112 134 62
3 11 641 0 1 851 0 7 628 0
-8.39726 -2.07119 162.295
176 174 162
2 11 459 0 1 343 0
13.3648 -31.0278 160.105
198 185 192
3 0 1384 0 6 1430 0 4 1417 0
-34.5049 -32.6107 162.152
188 181 188
2 7 1199 0 10 1326 0
11.306 -29.2642 160.087
185 173 187
2 8 1303 0 4 1401 0
-23.6259 -42.8849 161.327
184 172 172
2 2 1395 0 7 1471 0
1.51588 3.22802 162.172
207 199 210
2 9 1086 0 3 1159 0
-37.377 -12.0186 162.865
94 121 68
2 1 82 0 10 6 0
-8.10249 -3.8925 162.213
138 144 84
4 8 911 0 11 1023 0 6 887 0 4 892 0
-9.01066 -14.1711 160.835
158 153 115
2 1 491 0 9 151 0
-14.2819 -20.1226 161.826
149 165 100
3 1 774 0 7 917 0 10 836 0
-23.8768 -22.6477 162.206
185 168 178
4 8 702 0 11 789 0 2 760 0 7 782 0
-34.617 -19.3359 162.264
58 61 44
2 11 639 0 7 799 0
6.23968 5.93324 162.088
180 191 123
3 9 1649 0 6 1461 0 3 1637 0
-19.9883 -16.333 162.316
204 198 182
7 0 470 0 1 648 0 2 515 0 7 650 0 8 443 0 10 789 0 11 551 0
6.96972 -50.2947 157.841
96 72 88
2 8 1177 0 2 1153 0
-31.802 -26.4797 162.28
176 164 178
2 7 305 0 10 100 0
16.1202 -28.1976 160.677
48 49 77
2 0 1244 0 11 1055 0
9.87532 -27.7087 160.306
189 173 184
2 8 1022 0 6 1041 0
-28.2336 -17.4762 162.415
184 178 190
4 11 857 0 1 839 0 7 833 0 10 842 0
-21.3771 -28.5838 162.034
104 129 45
2 8 899 0 11 1079 0
-28.3903 -39.8234 162.071
44 56 68
2 2 68 0 7 228 0
-53.2799 12.8988 164.403
57 65 28
2 1 919 0 10 900 0
19.7238 -47.5495 157.563
48 40 51
2 8 197 0 2 467 0
-23.4986 -19.5656 162.081
195 175 187
2 8 562 0 2 663 0
8.20971 12.4207 162.307
212 210 162
3 5 1080 0 6 713 0 3 926 0
2.38122 -47.2456 158.13
172 156 169
2 11 564 0 7 611 0
13.4074 18.1639 162.261
194 201 149
2 5 407 0 3 691 0
14.8777 -10.7187 161.133
199 193 203
3 0 1133 0 6 1155 0 4 1100 0
-25.2139 -16.5508 162.582
162 156 168
3 11 1572 0 1 1750 0 10 1681 0
-16.9483 -17.5924 162.397
94 118 44
2 8 1305 0 2 1391 0
-3.60437 -0.951904 162.045
175 196 119
2 9 1621 0 3 1617 0
10.1666 -11.8366 161.264
131 152 85
3 0 255 0 8 354 0 4 423 0
-34.8264 -20.0405 162.111
194 186 175
2 11 599 0 7 738 0
-31.9115 -18.3808 162.328
188 180 191
3 11 741 0 7 741 0 10 799 0
15.8228 -22.4998 160.358
64 76 116
2 0 1429 0 6 1466 0
4.8666 -46.4948 157.933
179 165 182
2 11 1481 0 7 1489 0
-2.0306 -19.7581 161
143 158 93
4 0 541 0 8 603 0 11 811 0 2 757 0
5.91166 -38.1259 160.272
25 44 12
2 0 492 0 11 150 0
-34.8302 -23.2267 162.359
168 161 177
2 7 803 0 10 962 0
0.690363 -30.4515 160.522
184 173 187
2 8 127 0 11 129 0
-21.2264 -3.25827 164.28
19 29 20
2 0 1323 0 11 1478 0
13.1108 -35.3871 160.116
123 144 87
3 8 348 0 11 316 0 4 292 0
-2.50739 -28.3651 160.47
122 144 69
2 8 79 0 7 410 0
-12.8279 -12.3309 161.743
124 133 78
4 0 1190 0 8 1215 0 2 1298 0 4 1208 0
-7.94578 -2.31655 162.299
115 131 69
3 6 542 0 3 872 0 4 398 0
-29.4081 -25.5078 162.159
193 176 195
3 2 450 0 7 132 0 10 52 0
-14.7104 -4.70136 162.311
107 108 126
2 0 1225 0 1 1399 0
-18.6202 -26.4502 161.932
123 144 79
2 11 233 0 1 667 0
-22.2938 -13.4735 162.475
176 168 181
5 0 1394 0 11 1497 0 1 1643 0 7 1490 0 10 1569 0
13.5 -18.8377 160.726
195 191 205
4 0 1089 0 8 1046 0 6 1097 0 4 1093 0
-11.0045 -18.1736 161.199
101 112 52
2 8 228 0 2 490 0
14.5891 -31.3989 160.115
198 186 190
3 0 603 0 6 553 0 4 1042 0
-18.4658 -6.79346 162.292
63 71 107
2 0 1018 0 10 1188 0
9.61735 -7.36507 161.518
43 66 24
3 0 266 0 6 215 0 4 322 0
-11.4509 -41.8224 160.353
179 171 182
3 11 654 0 2 391 0 7 63 0
3.30661 -37.9148 160.434
114 130 67
2 8 1085 0 2 1142 0
-31.0758 -22.0448 162.383
174 168 178
4 11 885 0 2 828 0 7 934 0 10 996 0
8.64325 8.54327 162.079
86 113 72
2 5 1652 0 6 1492 0
17.0472 -24.8978 160.364
211 200 206
3 0 1061 0 8 948 0 6 1054 0
-40.8723 -26.9598 162.228
46 49 84
2 7 809 0 10 871 0
9.91156 -18.4352 160.7
42 49 77
4 0 741 0 11 727 0 6 824 0 4 290 0
-8.62868 -35.7329 160.495
85 113 39
3 8 1400 0 11 1585 0 7 1560 0
-18.7511 -12.2144 162.359
202 190 202
3 8 1374 0 7 1544 0 10 1624 0
13.7882 -13.6537 161.069
193 187 191
2 6 1278 0 4 1199 0
-12.0468 -23.4204 161.118
98 110 48
4 8 682 0 11 1005 0 2 1072 0 7 1076 0
-20.3126 -50.757 160.284
194 181 201
2 2 1412 0 7 1457 0
-0.61404 -28.4609 160.514
195 188 178
4 0 994 0 11 1138 0 7 1147 0 4 1019 0
-7.99345 -38.8542 160.351
203 192 208
4 8 915 0 11 943 0 2 977 0 7 853 0
8.05433 3.93237 161.802
67 71 108
3 5 518 0 9 489 0 3 390 0
7.24401 -17.3465 161.089
134 156 83
2 0 1461 0 4 1485 0
-15.2866 -7.41617 162.376
170 167 176
5 11 521 0 8 393 0 1 672 0 2 525 0 10 1078 0
3.63738 -15.8089 161.319
143 162 80
2 6 811 0 4 793 0
30.5565 -51.6019 157.599
169 165 182
2 8 587 0 4 674 0
15.5728 -32.4462 160.448
42 42 66
2 0 1053 0 11 833 0
4.82717 -33.4711 162.922
163 147 150
2 8 442 0 2 433 0
21.55 -16.0502 160.943
181 174 182
2 0 653 0 6 829 0
1.40549 -48.6513 158.055
158 142 155
2 11 806 0 7 880 0
-7.24801 -14.7488 160.929
100 117 49
2 8 1190 0 4 1190 0
4.46145 -13.3901 161.391
133 153 81
3 0 1349 0 6 1398 0 4 1388 0
-13.4842 -25.1617 161.365
103 123 62
2 11 1105 0 7 1154 0
-52.519 13.2218 164.2
181 178 135
2 1 1028 0 10 940 0
-8.21276 -35.2979 160.262
121 153 68
4 0 595 0 11 677 0 2 638 0 7 617 0
-30.2266 -29.4222 162.151
187 176 184
2 2 816 0 7 852 0
1.72547 5.73033 162.295
185 180 184
2 6 167 0 3 5 0
-2.50739 -28.3651 160.47
122 144 69
2 8 80 0 7 411 0
9.85044 -27.7087 160.324
194 182 182
2 6 1042 0 4 1102 0
-36.7579 -26.9618 162.24
164 151 177
2 2 233 0 7 294 0
-8.31994 -14.9633 160.915
148 157 104
3 11 1317 0 1 1381 0 10 1300 0
-9.86783 -33.9239 160.365
138 155 84
2 11 1395 0 7 1418 0
-9.65595 -15.3531 160.932
178 185 118
3 1 874 0 9 672 0 10 742 0
-4.42735 -4.03788 161.89
138 149 91
5 0 1105 0 8 1013 0 9 1143 0 11 1153 0 3 1173 0
11.0676 -17.1891 161.147
191 184 191
4 0 1457 0 8 1360 0 6 1504 0 4 1468 0
-19.8946 -13.8626 162.376
173 157 160
4 0 331 0 11 243 0 2 361 0 10 155 0
-37.6061 -30.0194 162.276
149 139 163
3 2 163 0 7 222 0 10 468 0
9.36724 -0.0400107 161.686
193 188 208
3 5 967 0 6 766 0 4 800 0
18.9672 -49.3677 157.602
143 129 142
2 8 1010 0 4 1044 0
-54.2174 15.3354 164.693
61 85 51
2 1 1584 0 10 1520 0
19.6773 -19.2725 160.7
191 185 171
2 0 734 0 6 809 0
8.53749 2.71759 161.765
168 163 193
5 5 682 0 9 487 0 6 425 0 3 585 0 4 324 0
-7.05941 -11.8536 161.267
163 171 120
3 0 1043 0 9 1290 0 6 964 0
-22.8523 -39.8244 161.444
172 160 164
2 2 664 0 7 560 0
-25.8107 -41.3094 161.872
118 116 91
2 2 85 0 7 6 0
16.8023 -26.2986 160.356
196 184 188
4 0 124 0 8 212 0 11 663 0 6 447 0
-3.58535 -13.4026 161.288
69 85 48
4 0 1440 0 8 1376 0 6 1498 0 4 1474 0
-28.1597 -25.8642 162.15
184 171 181
2 7 1595 0 10 1722 0
-10.947 -8.57492 162.028
96 118 54
2 0 606 0 11 473 0
-25.2406 3.46509 169.626
108 143 79
2 0 894 0 11 1289 0
5.69962 -11.7591 161.57
131 148 80
3 0 1378 0 8 1302 0 4 1395 0
-26.4756 -21.0282 162.156
189 175 192
4 8 688 0 11 530 0 2 658 0 7 286 0
-29.1439 -40.3459 162.096
28 42 43
2 2 278 0 7 187 0
9.96736 1.10015 161.701
186 177 198
3 5 1259 0 6 1090 0 4 1011 0
8.56566 1.26888 161.757
62 72 121
5 5 79 0 9 192 0 6 261 0 3 407 0 4 388 0
6.70169 -16.3188 161.087
122 138 65
2 8 674 0 11 602 0
-34.4688 -25.4508 162.305
166 162 177
2 7 440 0 10 961 0
5.03787 -28.3389 160.496
152 144 157
4 8 205 0 11 455 0 2 227 0 4 579 0
6.35003 3.58902 161.929
214 206 221
3 9 465 0 6 844 0 4 785 0
16.5204 -49.788 157.047
84 81 88
2 8 94 0 2 168 0
-26.6198 -15.7846 162.375
183 177 187
4 11 801 0 1 925 0 2 756 0 7 911 0
8.56109 -16.7544 161.108
129 153 77
4 0 913 0 8 965 0 11 1041 0 4 1021 0
-7.13823 3.34691 162.434
183 176 184
4 0 1286 0 9 1411 0 6 1319 0 3 1505 0
-13.814 -46.8748 160.27
173 167 179
2 11 1036 0 2 1041 0
-23.4146 -43.5541 161.239
174 166 153
2 2 645 0 7 699 0
-11.6827 -20.6256 161.234
125 126 84
4 8 1128 0 2 1199 0 7 1242 0 4 1173 0
-15.9225 -1.38687 165.156
39 56 40
2 0 1482 0 11 1578 0
13.1153 -17.9738 160.775
80 87 129
2 8 1059 0 4 1110 0
-20.551 -16.3094 162.303
175 152 158
5 8 101 0 1 481 0 2 348 0 7 496 0 10 677 0
4.10263 -47.8129 157.866
148 129 149
2 8 1237 0 2 1329 0
9.81641 12.8913 162.366
192 200 141
2 5 143 0 6 268 0
-3.89406 -38.0005 160.323
143 132 140
2 11 1215 0 7 1222 0
0.494015 -21.737 160.71
111 143 60
2 0 721 0 6 764 0
10.2688 -15.4264 160.664
121 141 70
2 8 106 0 4 37 0
-20.2893 -49.8734 160.24
152 134 150
2 2 6 0 7 254 0
-4.14071 -36.8806 160.369
183 173 182
4 0 1041 0 8 1016 0 11 1075 0 7 1083 0
-12.5607 -17.9508 161.577
120 129 74
2 8 750 0 4 739 0
-10.4911 -48.0392 160.531
108 136 75
2 11 1446 0 7 1455 0
9.16812 4.78466 161.858
76 93 59
4 5 988 0 9 973 0 6 1003 0 3 983 0
-8.26142 -8.3024 161.486
119 136 68
2 0 666 0 11 827 0
-17.262 -46.793 160.268
125 103 106
2 2 833 0 7 858 0
-36.3011 -24.7919 162.41
164 152 174
2 2 286 0 7 226 0
7.18394 -14.6286 161.329
115 137 54
2 0 871 0 8 979 0
16.3947 -25.0402 160.335
219 209 218
4 0 446 0 8 408 0 11 431 0 4 362 0
18.2773 -21.1937 160.493
229 218 226
4 0 1347 0 8 1279 0 6 1380 0 4 1290 0
-36.4188 -32.0734 162.21
190 173 191
2 2 429 0 7 456 0
16.3322 -19.3493 160.645
178 175 192
4 0 714 0 8 695 0 6 712 0 4 768 0
24.5147 -15.9631 160.834
97 96 114
2 0 299 0 6 288 0
23.5083 -54.1889 157.028
112 106 90
2 8 447 0 2 338 0
-21.9829 -28.1534 162.032
142 153 93
3 11 867 0 7 903 0 10 1088 0
-15.7099 -23.2285 161.747
101 121 50
2 8 217 0 2 590 0
-11.1574 -24.2383 160.825
164 167 114
2 0 939 0 2 1082 0
-9.12881 -3.75195 162.31
108 135 68
6 0 1208 0 1 1446 0 6 1304 0 8 1080 0 9 1470 0 11 1281 0
-14.727 -32.9223 161.117
125 135 82
2 8 1023 0 2 1087 0
-22.1875 -42.1636 161.241
102 110 61
2 2 1080 0 7 1060 0
-6.77866 -27.0723 159.48
157 156 100
3 11 1596 0 2 1449 0 7 1569 0
15.0631 -21.0961 160.278
54 68 107
2 0 1498 0 6 1560 0
9.32261 -23.3314 160.603
68 74 108
2 0 208 0 8 364 0
-32.8453 -37.5959 162.082
116 124 49
2 2 1394 0 7 1513 0
-20.7923 -29.672 161.893
115 132 61
2 8 714 0 2 717 0
-7.11506 -28.7735 160.226
166 160 110
3 0 1153 0 2 1178 0 7 1198 0
11.8711 -17.757 160.767
190 182 193
2 0 1308 0 6 1345 0
-15.8904 -25.2692 161.775
99 122 50
3 8 947 0 11 1069 0 2 1075 0
21.4884 -10.7248 161.159
139 162 80
2 6 1100 0 4 904 0
6.23894 -24.1704 160.678
74 71 102
2 8 183 0 4 230 0
-16.3471 -29.6228 161.495
148 157 112
2 11 1185 0 7 1145 0
-21.2971 -11.1507 162.391
188 180 191
4 0 565 0 8 380 0 11 708 0 7 627 0
2.32422 -18.4631 161.051
128 155 78
2 0 1044 0 11 1104 0
14.8421 -20.9425 160.533
54 68 107
4 0 1499 0 8 1419 0 6 1561 0 4 1520 0
2.70671 8.58232 162.36
181 174 182
4 0 408 0 9 301 0 6 418 0 3 260 0
26.1126 -48.6472 157.378
182 169 179
2 8 250 0 2 170 0
-12.6455 -28.4451 160.872
105 125 56
2 0 810 0 11 713 0
-7.09433 -20.9092 160.311
110 112 65
3 0 1099 0 11 1254 0 2 1149 0
12.1442 -23.6271 160.471
198 186 196
4 0 1231 0 8 1129 0 6 1318 0 4 1221 0
-18.1452 -13.5578 162.369
117 139 75
3 11 520 0 2 788 0 10 610 0
-9.16298 -5.20443 162.156
152 150 102
4 0 1135 0 8 1036 0 11 1229 0 4 1051 0
-11.8503 -1.09149 162.321
85 82 109
4 8 912 0 11 1056 0 6 903 0 4 902 0
16.4168 -48.36 157.642
176 164 178
2 8 937 0 2 1061 0
-19.1018 -6.30942 162.245
141 142 162
3 11 359 0 7 493 0 10 407 0
-0.348819 10.6552 162.413
162 158 173
2 0 173 0 6 45 0
20.5628 -45.839 157.542
187 170 178
3 8 826 0 2 860 0 4 865 0
-5.41982 -8.08711 161.628
126 143 65
2 0 747 0 11 734 0
-8.25593 -8.30617 161.554
119 136 68
3 0 665 0 9 849 0 11 828 0
9.06685 -0.527096 161.646
53 66 100
2 6 711 0 4 676 0
-21.8956 -16.2222 162.425
167 151 161
3 8 1137 0 11 1343 0 2 1272 0
-9.073 -21.4317 160.655
113 123 73
3 0 574 0 11 379 0 7 353 0
-2.43327 -33.6163 160.357
186 179 187
3 0 1277 0 2 1281 0 7 1379 0
-19.7209 -33.2422 161.717
115 134 68
2 8 544 0 2 691 0
2.30744 -28.3618 160.511
186 178 189
2 11 1251 0 2 1181 0
12.2623 18.4403 161.985
207 188 190
2 5 1252 0 3 1369 0
-3.40381 -19.7982 161.005
145 159 98
5 0 1050 0 8 893 0 11 1099 0 2 1038 0 4 939 0
-0.36293 4.86575 162.442
212 204 217
2 9 876 0 3 1089 0
-24.8252 -25.904 162.19
131 141 78
5 8 1350 0 11 1530 0 2 1410 0 7 1522 0 10 1609 0
-12.9076 -51.1179 160.164
204 191 201
2 2 800 0 7 849 0
-2.06558 -7.22036 161.816
119 139 68
6 0 1174 0 1 1376 0 4 1147 0 8 1096 0 9 1345 0 11 1274 0
-28.2173 -28.2107 162.19
119 132 88
2 7 82 0 10 165 0
-3.39519 -19.7986 161.039
145 159 98
2 0 1049 0 8 894 0
-6.21406 -35.2376 160.392
153 140 149
5 0 800 0 8 683 0 11 861 0 2 649 0 7 988 0
1.346 9.80445 162.395
181 176 180
2 6 34 0 4 125 0
7.3814 3.50202 161.862
204 197 215
5 5 1065 0 9 927 0 6 795 0 3 1049 0 4 680 0
-18.0132 -29.8019 161.702
137 143 97
3 8 433 0 11 440 0 2 328 0
6.2012 5.94508 162.105
160 174 97
4 5 1562 0 9 1650 0 6 1460 0 3 1636 0
5.90796 -14.3668 161.182
136 153 82
3 0 1405 0 6 1435 0 4 1400 0
0.215162 -38.1726 160.393
109 134 69
2 8 1268 0 2 1335 0
-0.691927 -34.1364 160.287
175 161 174
2 2 514 0 7 442 0
-11.9396 -21.6881 161.255
113 127 65
2 0 68 0 1 428 0
-6.64613 -24.3524 160.41
119 132 62
3 0 1128 0 11 1146 0 7 1282 0
-21.9829 -28.1534 162.032
142 153 93
3 11 868 0 7 905 0 10 1087 0
8.5651 -18.7022 160.782
26 48 35
3 0 1265 0 6 1267 0 4 1386 0
-0.538508 1.72155 162.225
168 183 128
2 1 1380 0 9 1397 0
-9.01159 -6.78419 161.733
157 173 108
2 1 414 0 9 227 0
-18.0108 -9.24974 162.368
175 167 180
5 0 1373 0 1 1605 0 9 1620 0 11 1471 0 7 1466 0
-3.40102 6.42447 162.438
180 173 181
2 0 1472 0 6 1525 0
-19.4688 -14.3801 162.348
204 185 187
4 0 1108 0 8 1037 0 11 1103 0 4 1075 0
-15.4581 -30.3502 161.271
96 105 58
2 2 899 0 7 864 0
5.35636 7.20425 162.277
164 176 100
4 5 1540 0 9 1655 0 6 1429 0 3 1642 0
9.33171 -12.4895 161.299
40 54 29
3 8 1273 0 6 1383 0 4 1352 0
-0.147997 -29.3586 160.543
201 196 203
4 0 739 0 8 485 0 11 517 0 2 479 0
-12.7547 -21.609 161.399
105 123 61
3 11 1126 0 2 1193 0 7 1208 0
8.42879 -8.23071 161.607
53 71 31
2 0 429 0 6 454 0
17.2242 -11.3649 161.042
183 175 186
2 0 189 0 6 200 0
16.2678 -0.0209514 161.56
58 71 105
2 6 1251 0 4 1178 0
1.42602 5.27297 162.28
216 208 221
3 9 1539 0 6 1407 0 3 1572 0
9.84019 -14.0242 160.943
137 149 85
2 8 742 0 4 467 0
20.9232 -47.4388 157.607
160 148 160
3 8 452 0 2 661 0 4 406 0
-0.223785 -24.1412 160.557
108 137 57
3 0 924 0 11 796 0 2 352 0
-13.7913 -0.0104893 162.202
190 183 191
3 0 1369 0 11 1451 0 6 1411 0
-6.80728 -1.14793 162.352
109 137 76
3 0 118 0 9 7 0 3 354 0
-15.9906 -48.1238 160.291
197 185 207
2 2 392 0 7 378 0
9.17334 -33.7578 160.936
141 190 197
2 8 1169 0 4 1321 0
12.9857 -14.681 161.017
194 187 195
3 0 974 0 8 816 0 6 921 0
-21.8956 -16.2222 162.425
167 151 161
3 8 1138 0 11 1344 0 2 1273 0
6.403 -38.7111 160.626
89 123 72
2 0 860 0 11 634 0
-4.40645 5.95333 162.422
176 166 175
2 0 1379 0 6 1421 0
-17.0563 -23.802 162.147
111 132 57
2 8 895 0 2 1074 0
-13.9341 -29.7087 161.091
156 155 125
4 8 692 0 11 689 0 2 858 0 7 660 0
-3.25964 -17.975 161.16
148 160 98
2 0 661 0 6 498 0
-23.6829 -7.14115 168.076
20 36 25
2 11 791 0 7 851 0
-16.8036 -13.2758 162.375
147 169 94
2 1 230 0 10 335 0
-20.366 -44.5131 160.691
195 186 171
2 2 758 0 7 578 0
-14.2018 -10.3533 162.269
129 146 78
4 0 516 0 8 24 0 11 410 0 10 454 0
-6.28568 -38.1447 160.308
172 161 177
3 8 1157 0 11 1316 0 7 1344 0
-15.8749 -21.1178 161.986
137 151 92
2 0 125 0 8 261 0
-5.23108 -34.1501 160.415
141 127 142
4 8 882 0 11 964 0 2 976 0 7 1003 0
16.3105 -14.8738 160.833
185 179 183
2 6 1501 0 4 1472 0
-36.0999 -27.0163 162.354
173 161 183
3 2 523 0 7 730 0 10 890 0
-7.654 -26.2552 160.541
93 104 46
2 11 1060 0 7 1207 0
9.92766 -16.98 160.85
123 148 80
2 0 965 0 8 889 0
4.09143 -16.8866 161.237
124 151 74
2 0 1335 0 4 1305 0
-21.9615 -13.6084 162.367
166 155 172
3 8 436 0 1 78 0 10 157 0
14.6902 -33.5819 161.316
69 84 125
2 8 91 0 11 675 0
-20.8547 -9.3519 162.305
186 176 187
3 0 1409 0 11 1506 0 7 1502 0
-30.3616 -28.2359 162.168
195 178 196
3 2 308 0 7 435 0 10 217 0
10.0104 -4.21533 161.255
184 178 182
2 6 1520 0 4 1493 0
9.16233 4.78534 161.862
76 93 59
5 5 987 0 9 974 0 6 1004 0 3 984 0 4 1060 0
-14.7832 -25.3339 161.522
94 112 50
3 8 923 0 11 1174 0 2 1030 0
-5.77913 -23.4301 160.577
150 163 94
3 0 816 0 11 851 0 2 918 0
12.1447 -26.088 160.403
202 191 199
4 0 388 0 8 361 0 6 457 0 4 358 0
3.69217 -11.6232 161.635
123 145 63
2 6 1148 0 4 1125 0
-4.92655 -34.9397 160.388
198 186 196
5 0 1004 0 8 1012 0 11 1048 0 2 1003 0 7 1000 0
-1.00166 3.43966 161.234
216 206 217
3 1 1384 0 9 1512 0 3 1527 0
10.1453 -12.3749 161.211
30 46 19
3 8 968 0 6 916 0 4 963 0
-9.77877 -45.4817 160.568
114 140 77
2 11 42 0 7 130 0
21.0658 15.6494 162.003
242 235 253
2 5 240 0 3 267 0
-26.4532 -18.905 162.204
168 165 176
3 11 1598 0 7 1583 0 10 1702 0
15.8034 -29.8836 161.473
180 204 248
2 8 1217 0 4 1332 0
-1.46599 8.80447 162.357
75 81 115
2 0 1273 0 6 1300 0
-27.5557 -42.291 161.707
63 72 43
2 2 1331 0 7 1368 0
-17.553 -17.3938 162.266
102 130 55
2 0 1236 0 11 1356 0
12.9489 -26.2037 160.43
214 204 213
3 0 1271 0 8 1184 0 6 1312 0
30.0053 -55.9026 156.754
77 79 74
2 8 130 0 4 533 0
18.2264 -49.7923 157.269
53 51 64
2 8 449 0 2 507 0
-16.0833 -17.0298 161.916
107 128 61
2 11 1411 0 7 1410 0
-6.16724 3.53924 162.2
211 203 216
2 1 1555 0 9 1540 0
11.6582 14.8773 162.346
170 182 108
2 5 602 0 3 271 0
15.223 -17.2318 161.143
186 175 191
2 8 634 0 4 617 0
14.3969 -17.897 160.715
197 190 198
4 0 1389 0 8 1316 0 6 1433 0 4 1416 0
-11.0912 1.85149 162.224
56 63 92
2 11 780 0 6 870 0
-14.6618 -13.7156 162.074
113 132 66
5 11 1213 0 1 1285 0 9 1322 0 7 1205 0 10 1197 0
9.80427 -9.7969 161.402
138 153 84
2 0 358 0 4 229 0
10.7673 7.19586 162.367
140 152 112
2 5 809 0 3 1070 0
-26.8031 -42.7965 161.682
134 137 84
2 2 762 0 7 728 0
-0.459154 -34.9262 160.382
195 184 182
5 0 995 0 8 944 0 11 950 0 2 1015 0 7 979 0
-9.14055 -5.22198 162.187
152 150 102
4 0 1134 0 1 1277 0 9 1258 0 6 988 0
-15.2084 -20.1022 161.956
116 134 76
3 11 1348 0 7 1338 0 10 1362 0
-35.3868 -29.3878 162.256
95 81 106
3 2 393 0 7 136 0 10 354 0
10.4431 -53.3311 156.785
73 77 86
2 8 1235 0 2 1302 0
-7.63232 -3.44478 162.425
104 130 56
4 0 687 0 8 539 0 11 543 0 4 846 0
-5.31976 -12.2657 161.138
149 159 99
2 11 1450 0 1 1574 0
-22.7095 -30.7589 161.699
115 127 63
2 2 1134 0 7 926 0
8.2978 -53.6519 157.443
96 85 89
2 8 1382 0 2 1430 0
8.19451 -23.6886 160.647
52 59 101
2 8 1336 0 4 1431 0
10.6575 8.51796 162.36
57 73 46
2 5 983 0 3 114 0
-21.4078 -6.3383 162.42
19 34 29
2 0 493 0 7 537 0
-6.24389 -41.7473 160.504
113 142 75
2 11 1349 0 7 1370 0
18.1777 -16.9221 160.582
198 192 202
2 0 101 0 6 548 0
-8.77233 -27.4391 160.418
153 160 108
3 11 1243 0 2 1174 0 7 1250 0
-31.1646 -20.1536 162.381
185 179 189
4 11 469 0 2 611 0 7 668 0 10 525 0
-10.6269 -46.5207 160.25
211 203 200
3 11 1061 0 2 1031 0 7 1134 0
-17.7378 -22.8764 162.089
161 179 105
2 1 806 0 10 726 0
-12.1769 -16.0386 161.609
130 136 92
3 8 1035 0 2 1138 0 4 1078 0
-16.597 -31.9348 161.55
98 120 55
2 8 865 0 2 950 0
-23.4397 -21.4787 162.212
197 182 187
2 11 73 0 2 269 0
-10.8113 -9.96268 161.216
187 196 141
2 1 765 0 9 579 0
-25.9962 -15.0589 162.357
182 177 184
3 11 923 0 1 1088 0 7 957 0
2.00752 -34.6594 161.423
209 194 199
2 8 956 0 2 1312 0
8.48569 -3.45113 161.457
188 183 177
2 6 399 0 4 150 0
-29.884 -13.8093 164.978
83 100 56
2 11 1472 0 7 1481 0
19.6236 -4.67299 161.54
139 164 81
2 6 1289 0 4 1151 0
-33.3535 -29.9473 162.127
175 161 174
2 7 486 0 10 684 0
20.5904 -4.91035 161.608
156 180 96
2 6 1078 0 4 907 0
8.06339 8.82729 162.445
152 175 133
2 9 268 0 3 28 0
2.0188 -17.7228 161.146
140 160 88
3 0 756 0 11 1120 0 4 345 0
-6.15796 3.92018 162.333
183 175 186
4 0 909 0 1 985 0 9 1042 0 3 1098 0
-14.8127 -17.2159 161.854
112 125 55
2 8 580 0 4 507 0
-15.293 -15.5037 162.11
112 125 56
2 8 1261 0 4 1361 0
-15.4581 -30.3502 161.271
96 105 58
2 2 900 0 7 863 0
-16.9092 -31.3103 161.439
141 154 101
2 11 549 0 7 775 0
-55.626 14.2553 164.494
140 165 82
2 1 976 0 10 691 0
11.3801 -21.0683 160.624
51 63 105
5 0 30 0 8 31 0 11 67 0 6 19 0 4 360 0
-16.0585 -20.1718 162
137 150 96
2 7 122 0 10 203 0
-20.9247 -16.7611 162.311
207 185 187
3 1 753 0 7 606 0 10 1034 0
20.94 -18.626 160.598
179 178 158
2 0 392 0 6 374 0
-13.8427 -11.7887 162.073
99 112 58
6 0 1100 0 1 986 0 2 1118 0 9 1074 0 10 920 0 11 1114 0
-11.9629 -15.1957 161.43
104 125 58
4 0 239 0 8 203 0 11 486 0 4 454 0
-12.9439 -15.3418 161.738
109 129 57
5 0 1235 0 8 1119 0 11 1285 0 2 1164 0 4 1224 0
-23.475 -12.6823 162.431
190 184 194
4 0 157 0 1 526 0 7 398 0 10 266 0
-13.5802 -13.3013 161.919
158 171 102
2 1 1270 0 10 1175 0
-3.15391 -38.2297 160.312
188 172 172
2 8 804 0 7 986 0
-15.293 -15.5037 162.11
112 125 56
2 8 1260 0 4 1362 0
6.1957 11.8045 162.226
192 208 143
2 9 1162 0 3 1365 0
9.91506 -35.2211 160.569
145 195 194
2 0 948 0 8 698 0
-4.08772 -39.0331 160.338
137 133 108
4 8 738 0 11 374 0 2 458 0 7 566 0
-3.92428 -10.2462 161.155
173 180 136
2 0 1027 0 1 1391 0
9.99882 1.91534 161.703
66 80 115
2 6 1239 0 4 1150 0
-33.7145 -23.9547 162.309
149 137 161
2 2 268 0 7 71 0
-9.42195 -18.58 160.9
148 156 107
3 11 1303 0 2 1231 0 7 1308 0
13.1156 -17.9251 160.819
93 102 141
2 0 1080 0 6 1091 0
24.3636 -16.5657 160.852
182 171 175
2 0 829 0 6 861 0
-7.81802 -4.72608 162.01
89 101 53
2 0 983 0 6 939 0
-4.13278 -30.9778 160.332
116 145 61
5 0 1464 0 8 1372 0 11 1566 0 2 1422 0 7 1542 0
22.2902 -45.7556 157.589
114 89 93
2 8 999 0 2 1024 0
-13.8128 -46.8789 160.306
171 162 183
2 2 1040 0 7 1039 0
-12.5814 -11.4628 161.638
132 154 89
2 1 840 0 10 998 0
-25.7878 -20.4446 162.266
199 187 201
5 8 535 0 11 256 0 2 655 0 7 262 0 10 59 0
-14.1398 -17.4483 161.839
140 156 91
3 0 327 0 2 250 0 7 142 0
-14.759 -25.3318 161.549
105 131 57
3 0 978 0 8 924 0 11 1173 0
18.2789 -12.8279 161.042
185 178 185
2 6 949 0 4 875 0
-18.4318 -15.0683 162.521
212 203 196
6 0 581 0 4 594 0 7 902 0 8 426 0 10 800 0 11 683 0
-1.26527 -38.4828 160.296
99 119 56
2 8 515 0 2 539 0
-33.9446 -21.7009 162.313
171 165 175
3 11 975 0 7 1024 0 10 1035 0
-34.0533 -28.7372 162.252
191 178 196
2 2 437 0 7 86 0
0.272447 -35.5097 160.418
107 139 63
3 0 1325 0 11 1439 0 7 1453 0
-16.9115 -18.9644 162.167
104 124 52
3 8 1248 0 11 1389 0 2 1334 0
-8.75755 -26.4315 160.434
115 140 57
3 0 1166 0 11 1201 0 7 1218 0
10.801 -22.85 160.577
52 65 107
3 0 1139 0 8 1053 0 6 1144 0
-10.627 -25.0616 160.811
126 138 72
4 0 921 0 11 944 0 2 975 0 7 935 0
-25.0331 -39.4733 161.906
111 107 80
2 2 388 0 7 201 0
-2.86406 -39.1083 160.217
176 161 168
2 8 1306 0 2 1375 0
12.4767 -7.32504 161.244
197 191 201
3 0 722 0 6 408 0 4 335 0
-4.75623 -37.3932 160.333
186 176 185
2 0 259 0 8 231 0
-28.2309 -22.2028 162.331
124 113 129
3 8 304 0 11 441 0 7 326 0
-19.954 -34.508 161.587
128 148 79
2 11 1141 0 7 1099 0
-15.8702 -19.4797 162.125
146 154 103
2 7 810 0 10 187 0
-4.60169 -38.6161 160.405
204 194 193
4 0 758 0 8 870 0 11 901 0 2 1017 0
-30.178 -18.3109 162.424
180 172 183
3 11 365 0 7 56 0 10 515 0
-25.2282 -20.915 162.331
215 202 212
4 1 869 0 2 551 0 7 684 0 10 693 0
-7.33467 -0.836802 162.55
209 200 201
2 9 1016 0 3 492 0
-7.24554 2.52428 162.314
55 58 89
4 0 802 0 9 771 0 6 762 0 4 661 0
-12.2265 -45.0167 160.302
177 165 187
2 2 508 0 7 711 0
-15.7072 -26.8277 161.608
99 113 54
2 2 365 0 7 309 0
18.5764 -25.7995 160.294
223 212 216
2 0 1324 0 6 1417 0
-1.82178 -37.0254 160.374
130 145 86
4 0 320 0 8 322 0 11 126 0 7 382 0
11.3475 3.60547 161.655
77 84 126
3 5 397 0 6 263 0 3 41 0
37.4877 -44.7729 157.57
168 162 176
2 8 685 0 4 740 0
-36.3771 -31.0408 162.2
177 163 180
2 2 694 0 7 517 0
-29.6033 -24.3697 162.317
182 172 180
2 11 986 0 7 980 0
6.32674 -19.2485 161.013
34 45 37
4 0 483 0 11 495 0 6 483 0 4 615 0
-17.6683 -50.3724 160.251
175 165 189
2 2 1167 0 7 1321 0
-5.78079 -40.8397 160.333
126 130 93
3 8 598 0 2 618 0 7 656 0
6.70784 1.97565 161.905
53 66 119
2 9 1784 0 3 1804 0
-11.1727 -42.2904 160.338
203 192 209
2 2 378 0 7 580 0
-5.16278 -8.56157 161.61
178 181 124
3 11 101 0 1 210 0 9 310 0
-18.4203 -24.4511 162.022
129 140 72
2 8 507 0 11 595 0
33.1055 -49.3431 157.697
64 60 83
2 8 1220 0 4 1326 0
10.3572 -17.7534 160.907
177 165 175
2 8 1201 0 4 1267 0
0.28622 1.0233 162.068
189 209 138
2 1 949 0 9 955 0
-10.4422 -26.8592 160.966
110 118 58
3 8 1087 0 2 1180 0 7 1256 0
-28.9256 -26.2738 162.204
190 179 187
2 11 1188 0 2 1111 0
-53.6514 14.2482 164.255
184 185 145
2 1 1599 0 10 1498 0
-8.62183 -9.83827 161.241
191 195 136
2 1 697 0 9 761 0
19.8681 17.1533 162.054
93 102 143
2 5 225 0 3 302 0
8.17927 0.476289 161.704
63 72 115
4 5 161 0 6 189 0 3 126 0 4 171 0
-8.3508 -40.7154 160.391
175 164 181
3 8 582 0 2 684 0 7 568 0
-8.25619 -14.9178 160.897
143 145 95
2 8 1180 0 4 1251 0
7.85054 -34.7289 160.243
123 146 74
2 8 719 0 4 575 0
-7.72435 -20.1081 160.874
180 175 137
2 11 1001 0 7 1117 0
-13.0191 -12.1207 161.8
122 131 78
2 8 90 0 4 369 0
-36.9508 -22.9991 162.261
45 51 87
2 7 939 0 10 926 0
-8.6519 -41.0871 160.281
180 172 183
2 11 453 0 2 544 0
-6.44044 -54.091 159.047
168 154 154
2 11 1541 0 7 1538 0
7.40732 -49.4725 157.648
180 176 193
2 8 502 0 2 560 0
-22.128 -20.6786 162.244
182 165 173
2 7 251 0 10 37 0
3.87022 13.6147 162.27
209 204 224
2 9 274 0 6 75 0
16.3607 -26.1748 160.282
217 207 216
2 11 173 0 4 175 0
-5.8227 -23.4142 160.571
136 144 87
2 8 773 0 4 849 0
-17.2007 -17.5442 162.151
99 126 47
3 0 71 0 7 348 0 10 594 0
-30.478 -19.1085 162.382
167 161 173
3 11 597 0 7 673 0 10 534 0
-6.71856 -10.364 161.406
165 174 117
5 0 316 0 11 882 0 1 1047 0 9 924 0 6 479 0
-14.9781 -43.5735 160.413
113 139 65
2 11 202 0 7 145 0
7.26741 -26.523 160.636
168 157 173
2 8 1020 0 4 1050 0
-23.1313 -21.8008 162.184
186 164 177
2 2 46 0 7 381 0
-9.55831 -3.35684 162.36
173 169 158
2 8 125 0 6 198 0
-29.566 -15.8714 162.414
186 179 186
2 11 1508 0 7 1495 0
0.734984 -45.7783 158.213
69 67 104
3 0 866 0 8 827 0 2 954 0
-11.5556 -0.184315 162.36
189 182 190
2 0 1312 0 6 1336 0
-3.70813 -53.6446 157.718
57 71 110
2 11 1130 0 2 1148 0
-4.60719 -34.3589 160.403
194 182 196
3 8 462 0 2 326 0 7 301 0
-3.65987 6.63153 162.356
216 205 219
2 9 707 0 6 536 0
-25.0331 -39.4733 161.906
111 107 80
2 2 390 0 7 200 0
-27.9788 -14.3219 162.289
186 179 187
2 11 1511 0 7 1491 0
9.70368 -49.9224 157.384
102 82 91
2 8 232 0 2 363 0
17.2323 -28.1934 160.432
210 200 209
2 0 915 0 11 1093 0
-17.0924 -23.6883 161.994
114 137 67
3 11 1265 0 1 1408 0 7 1224 0
-14.727 -32.9223 161.117
125 135 82
2 8 1025 0 2 1088 0
-1.31131 -1.37761 162.064
181 201 129
2 9 60 0 3 238 0
7.78295 -3.18641 161.546
35 53 39
2 6 1158 0 4 997 0
-23.6587 -38.4705 161.71
191 179 165
2 2 509 0 7 367 0
1.91518 7.29466 162.33
199 188 202
2 5 973 0 9 778 0
9.32086 1.65523 161.73
50 59 92
6 0 407 0 4 242 0 3 538 0 6 412 0 5 601 0 9 426 0
-17.9923 -14.7957 162.551
32 44 44
2 0 272 0 1 420 0
-14.1064 -28.717 161.256
105 133 59
3 11 1306 0 2 1288 0 7 1351 0
-55.1097 16.1519 164.81
159 171 125
2 1 1009 0 10 1040 0
1.00772 -32.3046 160.401
183 171 183
4 0 448 0 8 332 0 2 184 0 7 602 0
-5.54732 -1.7657 162.203
126 146 75
3 11 745 0 8 758 0 1 762 0
-2.65152 -8.37091 161.767
160 168 131
2 11 593 0 1 756 0
-22.1787 -18.9228 162.362
195 180 185
3 11 1609 0 7 1593 0 10 1715 0
-5.78484 -23.4345 160.554
150 163 94
4 0 817 0 11 850 0 2 917 0 7 1054 0
-12.79 -4.13273 162.415
181 176 183
3 0 1210 0 6 1243 0 4 1176 0
-4.39789 -8.92283 161.576
220 218 195
2 1 391 0 9 473 0
-23.4468 -12.6684 162.414
181 170 187
2 8 98 0 2 100 0
-1.92158 -17.9782 161.174
142 154 90
4 0 844 0 8 621 0 6 741 0 4 860 0
-0.520549 -31.3455 160.432
191 181 192
4 0 1270 0 2 1278 0 7 1377 0 4 1249 0
12.3796 -2.41114 161.554
39 57 93
2 6 1379 0 4 1358 0
-18.6634 -30.5713 161.735
106 127 58
4 8 731 0 11 887 0 2 854 0 7 801 0
8.21257 12.4439 162.337
212 210 162
2 5 1081 0 3 925 0
-19.0766 -41.1465 160.914
120 130 70
2 2 115 0 7 206 0
-17.2729 -26.3456 161.81
164 183 119
3 1 393 0 2 406 0 7 57 0
-23.4987 -12.6801 162.383
190 184 194
2 0 158 0 7 399 0
-1.28944 -34.9907 160.359
166 154 164
2 8 480 0 7 524 0
-19.5447 -30.6357 161.803
121 141 72
2 11 1115 0 7 1142 0
-3.46722 -31.9216 160.456
183 173 181
2 8 650 0 2 813 0
2.74362 -13.254 161.667
132 144 78
2 0 566 0 11 719 0
11.4825 12.3614 162.37
230 219 201
2 5 1253 0 6 1219 0
-13.0013 -9.65214 162.126
125 147 75
7 0 815 0 1 706 0 2 926 0 4 885 0 8 779 0 9 724 0 10 603 0
-22.7832 -24.1292 162.14
118 130 80
4 8 1344 0 2 1411 0 7 1516 0 10 1594 0
-15.4686 -14.3698 162.079
130 142 78
2 8 1064 0 4 1236 0
-5.64694 -4.51665 161.77
211 211 177
2 9 528 0 3 672 0
-32.5576 -18.4711 162.342
61 65 92
2 11 465 0 7 470 0
-5.88219 -2.04759 162.036
100 119 53
4 0 1485 0 1 1770 0 9 1776 0 3 1788 0
12.0183 4.01731 161.643
200 192 203
3 5 1164 0 6 974 0 4 926 0
-12.7533 -17.8655 161.725
169 180 122
2 1 548 0 10 139 0
-8.89843 2.1166 162.428
49 63 102
2 0 1408 0 6 1446 0
13.6735 -22.0308 160.589
50 61 106
3 8 46 0 11 65 0 4 101 0
32.5507 -50.2958 157.665
167 156 173
2 8 1028 0 4 1001 0
-15.3854 -15.4154 162.168
117 137 65
5 0 1301 0 11 1376 0 1 1362 0 7 1374 0 10 1411 0
-6.28539 -38.1438 160.303
172 161 177
2 8 1156 0 7 1345 0
-20.0187 -31.5038 161.724
145 158 104
2 11 1012 0 7 1135 0
-12.6738 -28.3651 160.941
92 104 54
2 2 431 0 7 555 0
-57.778 14.7969 164.689
55 65 28
2 1 1184 0 10 851 0
-22.7067 -22.3134 162.272
191 183 164
4 11 308 0 8 313 0 1 456 0 10 146 0
14.3353 -23.7049 160.433
214 204 212
3 0 1368 0 8 1289 0 6 1404 0
3.78264 -11.6615 161.648
119 134 69
2 8 1082 0 4 1124 0
-30.5652 -20.2172 162.349
159 152 168
2 7 511 0 10 423 0
7.79371 9.01497 162.903
140 170 118
2 5 245 0 3 27 0
8.53749 2.71759 161.765
168 163 193
5 5 683 0 9 488 0 6 426 0 3 586 0 4 325 0
-16.7566 -27.8657 161.803
109 128 62
2 8 1390 0 2 1433 0
-18.8581 -17.5715 162.233
141 164 96
2 1 932 0 10 870 0
-33.5346 -20.0991 162.743
183 176 184
2 11 358 0 7 816 0
6.39857 11.0595 162.325
211 207 160
2 5 803 0 3 961 0
-11.8503 -1.09149 162.321
85 82 109
4 8 913 0 11 1057 0 6 902 0 4 901 0
-2.85579 -39.1248 160.389
176 161 168
4 8 1307 0 11 1463 0 2 1374 0 7 1475 0
1.33244 -29.2319 160.514
179 168 184
5 8 1095 0 11 1223 0 2 1172 0 7 1243 0 4 1129 0
12.4767 -7.32504 161.244
197 191 201
3 0 724 0 6 407 0 4 334 0
13.388 7.07 161.79
182 199 128
2 5 1122 0 3 1226 0
6.39296 11.0624 162.314
211 207 160
3 5 805 0 9 1048 0 3 959 0
-25.445 -38.0757 162.082
118 122 71
2 2 748 0 7 638 0
-22.0101 -15.5511 162.415
202 192 200
2 11 186 0 7 321 0
-25.6974 -12.0841 162.258
145 141 155
2 11 792 0 7 805 0
10.9795 4.27349 161.79
77 92 111
2 5 1523 0 9 1543 0
11.4594 8.87753 162.149
231 219 205
2 9 1145 0 3 1270 0
-0.514352 -31.3341 160.408
185 174 191
2 2 1279 0 7 1378 0
16.2678 -0.0209514 161.56
58 71 105
2 6 1250 0 4 1177 0
-21.5711 -41.8922 161.045
175 164 142
2 2 355 0 7 214 0
-14.4298 -0.174114 162.253
199 189 198
3 0 780 0 11 790 0 6 749 0
-12.4582 -13.4887 161.614
104 130 57
3 11 1373 0 1 1489 0 10 1355 0
-8.65838 -37.8493 160.428
180 163 169
3 8 498 0 11 736 0 2 808 0
-1.6954 -44.5274 157.533
38 55 21
2 11 1619 0 7 1598 0
-17.1837 -8.32105 162.389
170 162 173
7 0 150 0 1 739 0 2 498 0 7 350 0 8 782 0 10 306 0 11 493 0
-29.4132 -25.4921 162.189
190 177 194
4 8 323 0 2 451 0 7 133 0 10 51 0
10.3572 -17.7534 160.907
177 165 175
2 8 1202 0 4 1268 0
-11.157 -21.3994 161.055
110 127 56
4 0 1161 0 11 1172 0 2 1132 0 7 1181 0
-3.07439 -21.5653 160.894
147 158 98
4 0 648 0 8 510 0 11 645 0 2 642 0
8.83106 0.145438 161.652
181 176 183
2 6 1354 0 4 1315 0
3.60601 -17.4892 161.3
145 160 93
2 0 175 0 11 120 0
-2.49165 -25.9358 160.465
113 142 58
2 0 673 0 11 786 0
-4.62882 -2.19657 162.207
146 162 87
2 9 1156 0 3 1317 0
-7.6752 4.2293 162.364
43 52 85
2 0 1094 0 6 1103 0
1.1233 -40.0578 160.227
40 58 36
2 8 986 0 2 938 0
-19.4361 -15.0588 162.401
200 187 181
4 8 109 0 2 15 0 7 204 0 10 188 0
-22.5355 -27.613 162.095
102 127 44
2 8 770 0 11 739 0
-10.9186 -4.86212 162.35
171 176 144
4 0 67 0 8 191 0 6 423 0 4 537 0
-19.7957 -20.0156 162.406
126 143 73
2 8 68 0 2 277 0
-23.7448 -29.4309 162.011
132 156 82
3 11 240 0 2 197 0 7 153 0
-12.095 -41.4121 160.52
190 179 173
2 11 526 0 7 736 0
-0.81263 8.50466 162.33
151 145 157
4 0 821 0 5 982 0 9 818 0 6 840 0
-27.3273 -19.1789 162.421
177 170 186
2 1 1248 0 10 1226 0
-27.7571 -40.0835 162.096
29 43 46
2 2 1367 0 7 1452 0
-25.8306 -22.9904 162.059
182 165 181
2 8 712 0 11 673 0
-9.51282 -42.1107 160.298
176 168 179
3 11 1219 0 2 1156 0 7 1212 0
-6.30534 2.49235 162.33
65 69 98
5 0 1109 0 1 1094 0 9 935 0 6 1076 0 3 1093 0
2.37199 -32.6068 160.388
186 173 180
2 11 668 0 7 752 0
-19.7351 -12.7991 162.288
203 191 205
3 8 929 0 2 1039 0 4 1046 0
-20.8717 -5.42618 161.802
23 38 33
2 0 538 0 11 797 0
8.64325 8.54327 162.079
86 113 72
2 5 1651 0 6 1491 0
18.9672 -49.3677 157.602
143 129 142
2 8 1009 0 4 1043 0
-23.1558 -14.4698 162.416
162 159 170
4 11 1515 0 1 1654 0 7 1500 0 10 1589 0
-18.4628 -6.79967 162.286
63 71 107
6 0 1019 0 1 1175 0 8 905 0 9 1217 0 10 1189 0 11 1098 0
18.2841 -60.9348 156.694
85 93 78
2 8 453 0 2 692 0
4.97338 14.4918 162.295
196 188 203
3 9 1082 0 6 970 0 3 1128 0
4.48173 6.50084 162.116
222 209 193
5 0 571 0 5 82 0 9 272 0 4 154 0 3 440 0
-15.2969 -1.74523 162.317
88 90 115
2 0 654 0 11 623 0
16.2608 -28.4157 160.391
48 49 77
4 0 1243 0 8 1029 0 6 1357 0 4 1296 0
-4.89728 -50.9725 158.199
48 46 70
2 2 1002 0 7 999 0
-24.9219 -36.6588 162.024
99 107 58
2 2 641 0 7 593 0
17.0586 -31.2783 160.985
133 155 205
2 8 636 0 4 870 0
8.70772 -22.3022 160.629
108 109 137
4 0 675 0 8 521 0 6 771 0 4 728 0
-23.4767 -11.6588 162.301
197 193 210
3 1 178 0 7 354 0 10 288 0
7.31267 4.46949 161.866
229 221 210
5 5 663 0 9 652 0 6 644 0 3 732 0 4 585 0
-13.6579 -18.3538 161.792
112 132 69
2 11 1338 0 7 1349 0
-11.2779 -25.7161 160.741
160 159 115
2 0 1088 0 7 1209 0
-12.2238 -8.87698 162.106
128 136 79
3 8 729 0 11 609 0 4 790 0
-20.0684 -18.2203 162.373
115 133 71
4 8 994 0 11 1231 0 2 1098 0 7 1255 0
-3.93329 -25.2455 160.625
143 159 88
3 0 933 0 11 1030 0 2 994 0
-12.1446 -48.9841 160.203
212 199 217
2 2 1414 0 7 1530 0
-13.8862 -14.4714 161.942
158 160 123
7 0 1214 0 1 1439 0 2 1242 0 4 1182 0 7 1325 0 8 1172 0 11 1324 0
-24.1476 -18.8334 162.271
227 214 224
6 1 963 0 2 927 0 7 889 0 8 883 0 10 850 0 11 878 0
14.5434 -0.727121 161.577
45 60 99
2 6 1414 0 4 1387 0
-0.640415 9.15213 162.371
90 88 109
3 0 587 0 5 740 0 6 575 0
10.7758 13.8498 162.329
147 174 97
3 5 1563 0 6 1387 0 3 1596 0
-31.0767 -22.049 162.387
173 161 183
3 2 829 0 7 933 0 10 995 0
-5.30409 -3.46494 161.987
107 118 58
6 0 1112 0 1 1182 0 3 1187 0 4 1113 0 9 1193 0 11 1253 0
-6.00049 -21.6904 160.541
151 160 95
2 0 567 0 7 750 0
-15.7072 -26.8277 161.608
99 113 54
2 2 366 0 7 310 0
13.7913 12.1659 162.199
100 116 71
2 6 1207 0 3 1354 0
-3.2568 -17.9805 161.156
148 160 98
3 0 662 0 11 782 0 6 499 0
-33.7145 -23.9547 162.309
149 137 161
2 2 267 0 7 72 0
13.4206 -25.4346 160.409
188 172 185
2 8 616 0 4 721 0
-33.413 -26.907 162.289
173 161 185
2 2 177 0 10 244 0
13.2304 -13.6283 161.231
194 186 197
2 0 168 0 6 331 0
-28.6753 -28.9096 162.215
106 120 67
2 2 815 0 7 938 0
-17.3686 -3.55934 162.295
141 141 167
2 1 226 0 10 322 0
12.6005 -28.4058 160.212
215 203 215
3 8 1207 0 6 1313 0 4 1289 0
-27.0084 -26.7212 162.139
194 190 181
4 11 377 0 2 424 0 7 538 0 10 669 0
-20.9365 -26.141 161.928
112 135 53
2 8 458 0 2 527 0
-11.256 -24.1592 160.989
162 164 115
2 11 1226 0 7 1261 0
