drews 1.0
12 1421
0.555509 0 0
0.747404 -0.663985 -0.0226133
-0.664361 -0.747136 -0.020272
-0.00343492 0.0301747 -0.999539
-21.638 23.7878 198.629
0.555509 0 0
0.628689 -0.777554 0.0126426
-0.777591 -0.628342 0.0232246
-0.0101145 -0.0244319 -0.999651
-4.12762 -13.0351 198.301
0.555509 0 0
0.640655 -0.767748 0.0112055
-0.767829 -0.64057 0.0104936
-0.000878528 -0.0153267 -0.999883
-1.97117 16.3471 198.662
0.555509 0 0
0.752129 -0.65899 -0.0057936
-0.659006 -0.752043 -0.0119366
0.00350908 0.0127959 -0.999912
24.3779 38.9218 197.663
0.555509 0 0
0.7363 -0.676517 -0.0137046
-0.676614 -0.735879 -0.02601
0.00751127 0.0284239 -0.999568
28.2061 13.6884 198.153
0.555509 0 0
0.783946 -0.62052 -0.0195691
-0.620827 -0.783623 -0.0225433
-0.0013462 0.0298218 -0.999554
-20.1948 -3.93163 199.282
0.555509 0 0
0.735405 -0.677548 -0.0103727
-0.677602 -0.73516 -0.0198818
0.00584526 0.0216497 -0.999748
26.8558 26.0244 197.98
0.555509 0 0
0.737652 -0.674813 -0.0222965
-0.675167 -0.737449 -0.0178606
-0.00438999 0.0282287 -0.999592
-21.9362 37.2842 198.318
0.555509 0 0
0.626543 -0.779298 0.0118229
-0.779331 -0.626243 0.0215303
-0.00937452 -0.0227036 -0.999699
-2.79352 0.848419 198.7
0.555509 0 0
0.77681 -0.629426 -0.0197421
-0.629712 -0.77667 -0.0156874
-0.00545901 0.024618 -0.999682
-19.0929 -18.5419 199.596
0.555509 0 0
0.771644 -0.635719 -0.0206876
-0.636055 -0.771275 -0.0238583
-0.000788623 0.0315686 -0.999501
-21.5883 10.0493 199.018
0.555509 0 0
0.788221 -0.615162 0.0168258
-0.61491 -0.788392 -0.0180099
0.0243443 0.00384939 -0.999697
-8.55574 35.958 197.619
10.9857 4.26459 161.786
77 92 111
2 6 1522 0 4 1562 0
15.2382 -2.6189 161.492
39 45 69
4 0 1205 0 2 1341 0 10 1312 0 5 1356 0
12.9485 -26.2068 160.44
214 204 213
3 1 1271 0 9 1184 0 8 1312 0
15.8208 -29.8792 161.416
180 204 248
2 9 1217 0 5 1332 0
-4.74299 -37.4032 160.36
186 176 185
2 1 259 0 9 231 0
15.3325 7.47168 161.998
165 181 108
2 6 1220 0 8 1053 0
12.4555 -7.31987 161.241
197 191 201
4 1 722 0 2 245 0 8 408 0 5 335 0
20.4785 8.29071 161.657
179 174 171
2 2 156 0 10 510 0
31.4992 -17.7926 160.66
22 34 20
2 0 720 0 8 775 0
1.54611 3.20616 162.087
168 163 159
2 2 1049 0 4 1159 0
-10.1393 -16.227 160.838
133 139 79
2 9 482 0 5 606 0
17.6715 -24.4338 160.352
226 214 218
3 1 1494 0 9 1414 0 5 1514 0
36.2332 2.36794 160.931
189 183 183
2 0 894 0 2 1125 0
22.0882 -3.85588 161.513
109 133 49
4 0 675 0 2 988 0 10 707 0 8 846 0
6.55052 -3.98281 161.826
98 123 57
2 10 902 0 5 922 0
17.3916 -27.9533 161.294
34 39 61
2 1 210 0 9 310 0
22.2277 11.7955 161.761
185 179 181
4 0 581 0 2 797 0 10 683 0 7 651 0
32.6047 -50.285 157.568
167 156 173
2 9 1028 0 5 1001 0
32.4518 3.88625 161.039
198 192 194
4 0 1383 0 2 1491 0 7 1401 0 11 1462 0
12.0238 4.01684 161.633
147 143 142
6 0 853 0 2 959 0 5 926 0 8 974 0 6 1164 0 10 951 0
40.0367 -9.16006 160.525
166 164 165
5 0 661 0 2 712 0 10 698 0 7 634 0 11 694 0
10.788 8.83093 162.184
162 159 142
4 6 328 0 2 140 0 8 25 0 4 292 0
-6.45431 9.55495 162.246
20 30 31
2 1 1417 0 8 1462 0
25.0828 36.7877 162.105
32 40 76
2 7 543 0 11 136 0
57.1283 -4.65541 160.187
197 188 173
2 0 1194 0 7 1227 0
16.8207 -23.0569 160.37
216 204 218
2 9 801 0 5 871 0
4.13527 10.3068 162.18
154 152 127
3 0 499 0 10 529 0 5 264 0
13.4984 -0.297444 161.563
41 51 76
3 0 1389 0 2 1497 0 10 1497 0
5.97625 -27.1121 160.554
170 159 176
2 9 1135 0 5 1242 0
27.4822 -50.0298 157.518
239 231 244
2 9 434 0 5 422 0
4.35314 -0.0454611 161.965
75 97 51
3 0 13 0 8 11 0 4 207 0
33.0329 -11.5817 160.756
157 151 151
2 0 1230 0 10 1322 0
6.40532 11.0544 162.352
211 207 160
2 6 804 0 4 960 0
25.3707 -3.1363 161.326
81 113 28
2 0 688 0 10 593 0
18.2435 21.3782 162.612
168 162 164
2 0 493 0 7 446 0
45.3676 8.89504 160.714
70 77 70
2 7 661 0 11 734 0
16.9918 -24.0317 160.391
209 197 209
3 9 486 0 8 510 0 5 541 0
16.765 15.3926 162.374
27 42 23
2 2 911 0 11 859 0
28.7918 11.4064 161.624
176 168 166
3 0 414 0 2 444 0 11 491 0
33.4409 36.2626 161.91
195 198 145
2 3 829 0 11 630 0
8.51314 5.10264 161.933
107 127 55
6 0 372 0 2 393 0 4 718 0 5 717 0 8 725 0 10 532 0
10.0707 7.84763 162.193
191 192 158
2 2 500 0 8 546 0
-9.85766 -1.28551 162.374
161 150 167
3 9 1193 0 8 1265 0 5 1285 0
32.3311 0.159669 161.192
99 121 48
3 2 327 0 10 497 0 11 371 0
44.1791 -11.711 160.219
199 190 191
2 0 436 0 7 470 0
16.3048 14.0471 162.198
40 55 16
6 0 391 0 2 224 0 3 313 0 7 393 0 11 374 0 10 496 0
19.6129 -4.67767 161.538
139 164 81
2 8 1289 0 5 1151 0
17.2154 9.84533 161.944
32 45 38
3 0 1190 0 10 1282 0 11 1297 0
18.3668 3.45215 161.557
166 161 165
2 0 1393 0 10 1504 0
22.1347 16.8168 161.985
124 122 143
4 6 479 0 2 21 0 3 117 0 4 285 0
62.0406 -8.59343 159.47
194 186 165
2 0 243 0 7 103 0
16.2557 -0.0293865 161.561
46 58 82
4 2 1219 0 10 1192 0 8 1250 0 5 1177 0
25.2163 31.388 162.179
210 211 177
4 6 862 0 3 772 0 7 621 0 11 757 0
9.29976 -2.84168 161.45
39 49 76
3 0 1126 0 10 1244 0 5 1306 0
19.5463 -11.8955 161.066
152 173 104
2 1 588 0 8 515 0
13.3818 -1.43419 161.611
44 51 77
5 0 839 0 2 923 0 10 922 0 8 893 0 5 858 0
43.34 9.1952 160.815
52 64 78
2 0 938 0 7 988 0
31.2376 -51.0214 157.657
180 170 181
2 9 1297 0 5 1374 0
26.4555 26.2205 161.943
130 140 77
4 0 395 0 3 511 0 7 394 0 11 457 0
15.9825 -26.8321 160.291
201 188 195
5 1 537 0 9 518 0 10 743 0 8 573 0 5 668 0
3.94521 24.7563 174.677
31 58 15
2 2 507 0 11 829 0
37.1796 31.1003 161.442
177 194 124
2 3 1410 0 11 1273 0
35.2891 33.5401 161.603
197 202 146
2 3 450 0 11 472 0
27.2763 10.9654 161.686
176 166 165
3 0 88 0 7 413 0 11 319 0
15.121 2.05847 161.586
52 62 89
2 0 134 0 5 155 0
27.8234 35.8113 161.898
228 218 229
3 3 1562 0 7 1278 0 11 1347 0
21.6257 -4.27021 161.471
135 162 69
4 2 568 0 10 462 0 8 458 0 5 372 0
41.0457 -2.5433 160.764
182 176 178
3 0 923 0 2 971 0 10 980 0
-20.1471 -13.4018 162.384
144 143 112
5 0 42 0 9 658 0 1 681 0 8 193 0 5 695 0
-12.8398 -4.10861 162.338
181 176 183
3 1 1209 0 9 1123 0 5 1175 0
13.4367 11.6746 162.4
127 142 87
2 2 1426 0 8 1477 0
-4.81377 8.82063 162.253
43 56 91
3 1 1037 0 2 965 0 8 1064 0
32.0972 4.56398 161.259
209 203 205
3 0 789 0 2 861 0 11 848 0
14.4217 8.1004 161.881
130 149 67
2 2 1266 0 8 1332 0
24.02 29.3802 162.104
207 205 164
3 3 550 0 7 222 0 11 373 0
16.5621 12.7602 162.221
97 113 42
2 7 840 0 11 684 0
12.2341 12.5755 162.414
207 200 182
2 6 470 0 4 223 0
18.3562 5.16893 161.728
164 160 161
2 0 16 0 11 45 0
5.88902 -4.8887 161.86
45 67 29
3 2 820 0 10 854 0 5 845 0
-6.52101 -11.0595 161.347
113 129 58
2 9 768 0 5 857 0
17.5009 0.901767 161.562
152 148 149
4 0 542 0 2 309 0 10 389 0 8 572 0
12.7488 -24.9618 160.414
211 201 210
3 1 593 0 8 673 0 5 624 0
26.2157 9.12961 161.643
180 174 176
5 0 468 0 2 325 0 10 519 0 7 558 0 11 528 0
21.1608 -49.78 157.583
151 138 148
2 9 1019 0 5 1037 0
14.3971 -1.41674 161.523
35 45 72
4 0 571 0 2 620 0 10 633 0 8 563 0
-3.93063 -20.1733 160.907
118 125 71
2 9 140 0 5 20 0
19.1059 1.34893 161.62
196 189 183
4 0 1114 0 2 1283 0 10 1187 0 8 1292 0
-10.2137 -13.8788 160.887
135 155 86
2 1 237 0 5 389 0
10.9946 -17.1775 160.704
191 184 191
5 1 1457 0 9 1360 0 10 1445 0 8 1504 0 5 1468 0
32.5643 32.984 161.953
216 211 179
2 3 1431 0 11 1211 0
14.4851 -25.8721 160.528
201 190 198
2 1 1188 0 5 1299 0
-9.79377 1.47212 162.409
76 77 108
3 1 762 0 9 623 0 5 706 0
57.11 -14.7007 159.206
181 167 164
3 0 560 0 10 617 0 7 849 0
13.4274 18.1435 162.304
194 201 149
2 6 407 0 4 691 0
50.7977 -27.755 158.536
84 79 102
2 0 682 0 10 742 0
0.918552 -20.3938 160.954
116 140 66
2 1 857 0 8 793 0
32.3699 25.2024 161.817
112 123 80
4 6 692 0 3 870 0 7 534 0 11 555 0
11.4122 8.06589 162.187
44 65 34
2 0 1084 0 2 1239 0
16.9472 -17.8778 160.846
194 186 197
4 1 845 0 9 960 0 8 594 0 5 781 0
-14.5195 -15.8608 161.956
138 146 95
3 1 462 0 9 566 0 5 696 0
13.1098 -17.9233 160.828
93 102 141
2 1 1079 0 8 1092 0
1.55221 9.00318 162.134
163 158 162
2 0 170 0 10 299 0
20.1319 1.32513 161.584
103 127 49
3 0 1101 0 10 1205 0 8 1307 0
37.8529 1.34684 160.921
188 182 182
3 0 889 0 2 1130 0 11 1035 0
22.4152 13.6721 161.927
225 217 214
2 2 902 0 3 1042 0
38.4592 29.9922 161.309
138 142 105
2 7 901 0 11 1004 0
7.48258 20.6059 162.023
27 42 63
2 2 404 0 8 341 0
20.0782 -16.9037 160.953
201 194 202
3 1 981 0 2 940 0 8 927 0
28.3343 9.41577 161.642
216 206 207
3 0 1160 0 2 1303 0 7 1206 0
42.3762 24.8658 161.193
196 183 193
2 7 1224 0 11 1277 0
24.054 8.59187 161.807
176 170 172
4 0 489 0 2 822 0 10 538 0 7 154 0
10.0042 -4.2195 161.3
174 170 167
4 2 1461 0 10 1459 0 8 1520 0 5 1493 0
-5.7796 -6.25046 161.789
184 184 148
4 1 760 0 9 522 0 10 634 0 5 602 0
10.725 8.45817 162.27
57 73 46
3 6 983 0 2 33 0 4 114 0
29.8778 8.65417 161.551
168 162 162
3 0 389 0 7 403 0 11 361 0
21.3224 20.5742 162.147
98 122 38
6 0 1034 0 2 1171 0 3 1363 0 7 1136 0 11 1146 0 6 1403 0
49.7341 -8.01643 160.217
141 123 103
2 0 1344 0 7 1361 0
35.6204 29.9751 161.555
173 184 118
2 3 1366 0 11 1274 0
16.2601 -0.0277076 161.549
43 50 78
5 0 1078 0 2 1220 0 10 1191 0 8 1251 0 5 1178 0
5.69957 -11.7584 161.566
131 148 80
3 1 1378 0 9 1302 0 5 1395 0
24.2748 4.83728 161.614
165 161 162
3 0 1308 0 10 1420 0 7 1335 0
17.1892 -11.3312 161.112
183 175 186
3 1 189 0 10 76 0 8 200 0
9.82467 12.8778 162.396
192 200 141
2 6 143 0 8 268 0
22.9113 15.3006 161.84
205 195 183
2 0 376 0 7 641 0
33.7077 4.03909 161.199
197 191 193
4 0 694 0 2 904 0 10 853 0 7 757 0
22.9666 31.1166 162.021
148 139 160
2 7 1321 0 11 1404 0
30.3854 28.7514 162.139
193 199 139
2 3 922 0 11 737 0
42.5696 -4.06737 160.544
192 187 184
2 2 612 0 10 834 0
27.8645 12.684 161.633
169 149 142
4 0 205 0 2 199 0 7 160 0 11 120 0
26.7916 33.8177 162.099
162 153 154
2 7 943 0 11 1103 0
7.17941 10.8291 162.448
165 168 101
2 2 209 0 8 137 0
16.9552 -13.9429 161.139
172 168 165
2 2 683 0 10 859 0
-1.92594 -17.9818 161.168
142 154 90
4 1 844 0 9 621 0 8 741 0 5 860 0
-11.4478 -9.51729 161.563
76 88 42
2 9 646 0 5 456 0
61.881 -16.4555 158.461
175 160 163
2 0 807 0 7 820 0
15.0996 11.7163 161.938
124 139 58
2 0 19 0 10 212 0
53.5715 -5.24998 160.126
162 151 149
2 0 786 0 7 865 0
22.2983 3.79116 161.631
182 176 176
2 0 1111 0 7 1137 0
25.6395 36.4098 162.001
83 88 120
3 3 307 0 7 219 0 11 397 0
22.401 13.6853 161.954
204 195 196
4 0 808 0 2 903 0 3 1041 0 7 862 0
1.0182 -32.3045 160.435
183 171 183
2 1 448 0 9 332 0
7.77972 -22.2077 160.595
41 54 96
4 1 443 0 9 451 0 8 381 0 5 280 0
4.29507 11.797 162.32
185 180 184
2 8 1467 0 4 1689 0
28.2608 3.1909 161.415
133 159 70
4 2 1424 0 10 1416 0 7 1328 0 11 1392 0
15.3485 -8.9356 161.155
148 144 145
2 0 340 0 2 344 0
48.196 -16.9618 159.793
27 39 27
3 0 1250 0 10 1381 0 7 1236 0
14.9662 -19.3262 160.705
78 91 125
2 8 1469 0 5 1454 0
50.3714 -15.5908 159.94
31 46 25
3 0 926 0 10 931 0 7 1051 0
20.0931 27.4586 162.213
79 92 134
2 6 249 0 3 451 0
24.0091 29.3829 162.132
207 205 164
2 3 552 0 11 372 0
49.3295 -8.08784 160.347
151 129 108
2 0 503 0 7 608 0
29.5301 22.1057 161.773
88 104 55
2 3 335 0 11 510 0
22.0566 -1.18621 161.182
122 148 51
2 2 1369 0 8 1399 0
16.8023 18.9796 162.161
155 145 143
4 0 833 0 2 946 0 7 924 0 11 927 0
28.0573 21.4031 161.802
151 170 88
2 2 298 0 11 242 0
-5.67766 -15.7751 161.179
108 125 47
2 9 1211 0 5 1201 0
20.9146 -47.3617 157.664
160 148 160
2 9 452 0 5 406 0
9.26358 11.6997 162.391
120 142 60
3 2 780 0 10 800 0 8 587 0
21.9932 14.7262 161.92
184 175 176
2 0 93 0 6 140 0
15.214 -2.6436 161.422
39 45 69
2 0 1206 0 2 1343 0
4.24406 -17.1553 161.349
113 142 60
2 8 147 0 5 794 0
6.87295 18.3839 162.351
144 141 148
2 0 814 0 10 1015 0
14.6875 -5.36742 161.453
137 130 137
6 0 741 0 1 546 0 2 718 0 5 648 0 8 490 0 10 783 0
9.16825 2.71324 161.746
43 50 76
4 0 247 0 2 435 0 8 438 0 4 601 0
6.84759 14.0778 162.424
155 151 150
4 0 454 0 6 478 0 2 335 0 8 405 0
57.7361 -1.20438 160.62
203 197 199
2 0 402 0 7 266 0
20.0893 7.02005 161.711
186 176 185
2 10 515 0 11 309 0
12.598 -6.64027 161.342
193 185 196
3 1 676 0 10 600 0 5 569 0
17.16 17.3738 162.209
150 143 124
5 0 676 0 6 1064 0 3 1023 0 7 761 0 11 867 0
34.303 -5.03273 160.824
59 74 35
2 2 886 0 10 847 0
36.3737 1.45907 160.967
160 156 155
4 0 629 0 2 629 0 10 714 0 11 719 0
13.3368 -21.2132 160.527
39 53 92
2 10 739 0 8 807 0
5.78567 -1.29693 161.841
21 34 24
3 2 1225 0 10 1126 0 5 1099 0
31.1483 31.5882 162.115
217 213 184
2 3 1367 0 7 1185 0
15.2734 4.14555 161.615
187 182 178
2 2 1448 0 10 1437 0
37.1156 -3.27166 160.832
133 143 80
3 0 332 0 2 212 0 11 384 0
8.53108 8.46032 162.068
86 113 72
3 6 1651 0 2 1451 0 8 1491 0
10.5501 -34.7723 160.189
52 84 81
4 1 1171 0 9 1094 0 8 1279 0 5 1274 0
0.248188 4.34722 162.309
161 157 154
2 2 827 0 4 825 0
-6.30835 2.4921 162.283
65 69 98
3 1 1109 0 8 1076 0 4 1093 0
30.9446 33.0713 162.037
206 208 158
2 3 1056 0 11 914 0
18.9932 -49.3599 157.551
143 129 142
2 9 1009 0 5 1043 0
19.1247 26.0861 162.207
218 211 219
5 6 468 0 2 616 0 3 667 0 7 451 0 11 520 0
12.5466 -5.14518 161.464
164 159 163
3 0 644 0 10 79 0 5 380 0
23.6523 18.1272 161.836
200 205 141
3 6 1485 0 2 1357 0 3 1440 0
-4.23885 -12.6686 161.309
52 78 30
2 8 1056 0 5 1007 0
4.18254 6.89388 162.233
184 171 154
3 0 396 0 6 1095 0 2 832 0
32.8924 8.53529 161.848
100 129 45
2 0 1382 0 11 1457 0
12.8465 -13.6795 160.893
195 192 199
4 1 708 0 9 734 0 8 991 0 5 743 0
-9.77633 -18.0454 160.819
108 127 61
2 1 357 0 9 308 0
-9.05572 -14.814 161.231
112 113 69
2 9 1142 0 5 1235 0
25.6404 8.21598 161.665
184 178 182
2 0 123 0 10 111 0
-8.72501 -9.77022 161.316
155 157 94
2 9 503 0 5 638 0
27.6769 29.6711 162.104
184 188 127
3 3 1487 0 7 1194 0 11 1312 0
11.373 -21.0724 160.64
51 63 105
5 1 30 0 9 31 0 10 77 0 8 19 0 5 360 0
12.3796 -7.25713 161.376
197 191 201
2 1 723 0 10 606 0
24.4865 -15.9531 160.876
55 59 70
3 0 320 0 1 298 0 8 290 0
-4.29951 4.72449 162.336
98 100 121
2 1 1274 0 8 1315 0
31.1357 -6.2245 160.952
23 35 21
2 0 633 0 2 735 0
-10.6264 1.01863 162.323
185 178 186
2 1 1299 0 8 1329 0
24.4846 -15.9519 160.867
55 59 70
2 0 319 0 8 289 0
37.5204 -0.636324 160.909
185 176 179
3 0 1246 0 2 1365 0 11 1319 0
27.3727 9.77041 161.64
179 168 185
2 7 80 0 11 29 0
-20.8126 -12.469 162.328
176 168 179
2 1 1329 0 9 1240 0
7.27451 -0.24313 161.667
38 54 79
4 2 431 0 10 528 0 8 520 0 4 425 0
11.5001 8.85181 162.129
179 172 153
4 0 846 0 2 1006 0 10 851 0 4 1270 0
16.0506 17.2825 162.243
50 72 34
2 2 789 0 11 863 0
34.2058 -4.92065 161.158
40 53 27
2 0 723 0 7 198 0
10.2492 -15.4328 160.985
100 127 50
2 10 290 0 5 38 0
28.7578 19.783 161.851
128 144 73
2 0 917 0 11 1045 0
-18.4488 -12.3358 162.309
178 161 167
2 9 241 0 5 470 0
19.4355 -7.66472 161.46
157 163 89
2 2 966 0 8 1163 0
8.06649 7.38371 162.281
37 48 18
2 0 347 0 10 477 0
13.8509 2.69058 161.63
120 119 135
4 0 128 0 2 162 0 10 270 0 5 289 0
42.0242 24.3659 161.173
191 178 188
2 7 419 0 11 682 0
16.2045 17.0255 162.325
77 101 67
5 6 1363 0 2 1221 0 3 1303 0 7 1156 0 11 1206 0
14.5244 -25.8348 160.283
173 162 170
2 10 196 0 5 283 0
-6.74171 -10.4112 161.428
154 159 103
2 9 653 0 5 699 0
42.8823 -13.5611 160.249
225 215 216
2 0 573 0 7 221 0
10.2659 -15.4258 160.662
121 141 70
2 9 106 0 5 37 0
-12.7941 -4.12327 162.415
181 176 183
3 1 1210 0 8 1243 0 5 1176 0
13.7805 2.04749 161.624
39 50 80
5 0 756 0 2 884 0 10 824 0 8 875 0 5 805 0
29.0613 5.08469 161.4
203 198 195
2 2 748 0 7 622 0
-18.9361 -14.8725 162.498
131 146 91
3 1 459 0 9 331 0 5 169 0
13.0119 2.6087 161.606
150 153 162
3 0 52 0 2 111 0 8 232 0
59.5974 -11.8694 159.322
168 157 139
2 0 1077 0 7 1144 0
-15.4508 -14.4246 162.14
143 155 89
2 1 1196 0 9 1066 0
31.9503 34.1403 161.853
182 187 131
2 3 1518 0 11 1263 0
11.6358 20.5496 162.276
44 45 76
4 7 279 0 2 210 0 8 334 0 11 281 0
-14.4351 -0.158372 162.24
199 189 198
2 1 780 0 8 749 0
6.18048 5.86411 161.989
107 131 45
6 0 1259 0 2 1406 0 4 1636 0 8 1460 0 6 1562 0 10 1378 0
19.8988 12.0566 161.795
216 204 216
2 3 75 0 7 50 0
4.46689 13.4853 162.319
145 140 144
4 0 805 0 2 952 0 10 881 0 4 1252 0
-11.7858 -20.6685 161.113
154 158 107
2 1 1156 0 5 1171 0
-14.6198 0.297522 162.321
44 48 51
2 1 513 0 8 488 0
-11.5633 -0.173149 162.33
189 182 190
2 1 1312 0 8 1336 0
-4.43833 -18.1321 160.974
149 162 93
3 1 683 0 9 500 0 5 688 0
8.08374 19.1702 162.344
110 111 132
3 10 514 0 8 554 0 11 590 0
28.6458 16.1583 161.783
67 85 35
2 2 460 0 11 174 0
24.3388 15.8257 161.945
184 194 131
3 6 64 0 2 293 0 3 100 0
20.615 15.2705 161.946
81 83 104
3 0 269 0 6 595 0 3 527 0
30.8527 12.1155 161.624
177 171 171
2 0 1156 0 2 1294 0
14.3882 -17.8993 160.728
197 190 198
5 1 1389 0 9 1316 0 10 1390 0 8 1433 0 5 1416 0
6.7487 1.9576 161.889
31 43 69
5 0 1368 0 2 1482 0 10 1479 0 8 1539 0 5 1497 0
43.368 -39.2963 157.399
82 77 83
2 10 770 0 5 779 0
9.14638 4.7882 161.881
38 52 29
6 0 940 0 4 984 0 5 1060 0 8 1004 0 6 987 0 10 1063 0
15.969 18.8636 162.181
238 219 225
2 6 1274 0 4 1314 0
10.1479 -12.3697 161.197
30 46 19
5 9 967 0 2 930 0 10 964 0 8 915 0 5 964 0
-13.7832 -0.00256775 162.204
190 183 191
2 1 1369 0 8 1411 0
25.269 10.3686 161.721
176 170 172
3 0 459 0 2 464 0 7 96 0
40.5493 -8.72747 160.511
111 111 119
4 2 648 0 10 674 0 7 616 0 11 652 0
31.0979 0.0727699 161.264
136 145 90
2 0 129 0 11 1 0
34.6509 32.478 161.758
111 119 60
2 7 1336 0 11 1398 0
28.2874 -1.81608 161.18
49 67 25
2 10 856 0 8 768 0
24.4511 9.44683 161.823
175 169 171
3 0 902 0 10 1067 0 7 1024 0
31.7673 36.8387 161.961
222 219 186
3 3 1262 0 7 1138 0 11 1143 0
10.0383 -12.435 161.346
27 44 12
2 10 1482 0 5 1501 0
11.7579 6.77516 162.044
168 168 132
4 0 791 0 2 1004 0 10 913 0 8 787 0
-10.6125 1.01507 162.395
185 178 186
3 1 1298 0 9 1208 0 8 1328 0
26.0044 1.79176 161.492
92 120 35
4 0 882 0 10 1078 0 7 902 0 11 1020 0
24.3721 -16.5691 160.842
142 137 133
4 0 733 0 1 829 0 2 796 0 8 861 0
17.5524 -18.2018 160.76
205 195 206
2 1 324 0 9 162 0
51.7343 -13.2321 160.104
158 170 120
2 10 1096 0 7 1114 0
22.1933 -4.54047 161.426
110 141 47
3 2 443 0 8 504 0 5 273 0
23.3464 -1.33717 161.789
186 183 142
2 2 1420 0 8 1458 0
13.5016 -0.294087 161.568
41 51 76
4 0 1390 0 2 1496 0 10 1498 0 8 1564 0
54.5764 -7.95749 160.091
209 201 180
2 0 140 0 7 179 0
2.01459 -20.8553 160.951
123 151 77
2 1 651 0 8 581 0
33.1029 0.810644 161.07
56 73 39
5 0 1275 0 2 1399 0 10 1376 0 7 1306 0 11 1342 0
38.5928 -15.8985 160.425
180 178 183
2 0 476 0 10 660 0
15.2937 0.577653 161.56
164 159 165
5 0 900 0 2 1065 0 10 1044 0 8 1110 0 5 1066 0
36.2955 -9.25118 160.692
81 91 82
2 0 1122 0 10 1174 0
10.0889 -17.9099 160.827
185 180 174
4 1 628 0 10 754 0 8 654 0 5 664 0
20.349 9.8386 161.978
179 175 172
2 2 86 0 8 421 0
17.0649 7.30227 161.83
124 137 65
2 2 165 0 11 18 0
35.0729 36.1453 161.808
239 231 212
3 3 1583 0 7 1330 0 11 1379 0
12.5666 -18.2785 161.006
52 59 103
2 9 1284 0 10 1362 0
36.1261 21.1467 161.584
192 183 186
2 7 282 0 11 268 0
28.6331 1.05854 161.337
166 182 94
2 2 511 0 11 521 0
16.9415 -17.8894 160.821
180 175 172
3 2 659 0 8 593 0 5 782 0
23.9605 -4.79621 162.115
115 146 53
2 2 1456 0 8 1524 0
13.8014 22.4243 162.332
159 154 158
2 0 381 0 7 141 0
31.0758 30.1192 162.102
176 187 121
3 3 792 0 7 706 0 11 711 0
35.1832 -8.3557 160.742
26 38 24
4 0 683 0 2 815 0 10 751 0 7 807 0
10.8003 -22.8548 160.579
52 65 107
3 1 1139 0 9 1053 0 8 1144 0
-1.15368 -12.9276 161.337
147 161 100
2 1 951 0 9 1164 0
24.3316 0.630522 161.725
119 144 50
3 2 793 0 8 1009 0 11 167 0
23.8504 5.93495 161.672
172 166 168
3 0 572 0 2 726 0 11 841 0
16.2984 -28.3896 160.438
48 49 77
4 1 1243 0 9 1029 0 8 1357 0 5 1296 0
33.3888 6.96505 162.049
131 155 71
3 2 1377 0 7 1150 0 11 1322 0
12.2735 -9.17449 161.223
176 170 180
3 10 539 0 8 254 0 5 479 0
14.4236 -19.047 160.725
60 72 114
3 1 1257 0 9 1191 0 5 1213 0
6.40532 11.0544 162.352
211 207 160
2 6 805 0 4 959 0
11.8652 -17.7556 160.775
190 182 193
2 1 1308 0 8 1345 0
36.9861 1.7445 160.943
188 182 182
3 0 610 0 2 852 0 11 743 0
34.6962 32.2279 161.725
183 186 129
2 3 185 0 11 339 0
18.9453 5.85243 161.67
195 190 186
3 2 1455 0 10 1439 0 8 1494 0
8.54915 -7.76965 161.653
88 110 64
3 1 1392 0 10 1363 0 5 1412 0
-6.08615 -8.96794 161.342
142 149 79
2 9 763 0 8 1021 0
15.8277 14.7632 162.25
27 41 8
3 0 650 0 10 716 0 7 687 0
16.0018 -13.4754 161.038
188 180 191
5 1 1317 0 2 1324 0 10 1299 0 8 1382 0 5 1346 0
1.37502 -9.40036 161.801
142 145 90
3 9 476 0 8 414 0 5 666 0
30.7519 14.2638 161.617
226 216 214
2 2 353 0 11 458 0
34.2436 34.5216 161.841
233 227 203
3 3 1567 0 7 1314 0 11 1356 0
-7.15361 -12.7538 160.954
123 143 72
2 1 930 0 8 860 0
14.5247 -0.7331 161.544
39 50 80
4 0 1264 0 2 1372 0 10 1351 0 8 1413 0
6.01853 -21.0895 160.86
23 45 24
2 8 1067 0 5 1077 0
54.5532 -22.6443 158.476
186 170 173
2 0 634 0 7 762 0
14.8315 5.40739 161.646
108 131 49
2 2 1172 0 10 1163 0
11.6198 1.90633 161.596
39 49 74
2 0 539 0 2 698 0
14.3634 -3.46303 161.502
180 173 180
2 8 1220 0 5 1156 0
28.3343 9.41577 161.642
216 206 207
3 0 1159 0 2 1302 0 7 1207 0
0.865595 10.7552 162.375
183 176 184
4 1 1351 0 2 1337 0 10 1206 0 8 1406 0
42.3631 -7.36519 160.402
119 121 133
3 0 63 0 7 168 0 11 220 0
24.9133 3.67672 161.404
100 113 57
4 7 786 0 10 952 0 8 956 0 11 606 0
30.0191 22.6414 161.76
119 134 69
2 0 529 0 3 984 0
27.7052 25.432 161.924
118 134 72
4 0 515 0 3 960 0 7 588 0 11 713 0
15.3156 27.778 162.221
29 44 67
2 2 1296 0 11 1254 0
18.7145 -46.0497 157.654
104 83 92
2 9 981 0 5 1071 0
19.2741 -2.83992 161.677
110 136 49
2 2 1100 0 8 1116 0
8.00256 16.2176 162.532
171 168 163
2 2 1480 0 8 1553 0
28.7834 33.2952 162.145
144 144 106
2 7 390 0 11 518 0
19.6974 0.715935 161.569
115 133 57
2 0 911 0 10 1018 0
23.6049 -12.7213 161.047
141 160 78
2 2 766 0 5 1032 0
-9.17995 -5.20651 162.047
152 150 102
2 1 1134 0 8 988 0
23.499 2.54295 161.338
146 139 113
2 0 308 0 10 6 0
-13.0324 -8.08291 162.199
116 142 77
2 1 1388 0 9 1301 0
3.22064 8.2868 162.31
135 125 136
5 1 1015 0 6 737 0 2 1035 0 10 1074 0 8 1040 0
29.2514 9.44038 161.408
208 203 200
2 2 69 0 11 341 0
8.06469 3.92762 161.787
31 38 57
5 0 240 0 6 518 0 2 349 0 10 86 0 4 390 0
17.2334 18.2808 162.142
169 158 154
5 0 1309 0 6 1655 0 2 1444 0 3 1609 0 11 1414 0
9.21982 -20.749 161.209
45 58 100
2 1 1320 0 8 1246 0
16.5567 -2.15944 161.492
151 147 148
5 0 1198 0 2 1354 0 10 1308 0 8 1364 0 5 1344 0
18.5691 26.5004 162.136
148 145 154
3 0 858 0 2 1041 0 11 899 0
10.1855 -11.8302 161.227
131 152 85
5 1 255 0 9 354 0 2 208 0 10 332 0 5 423 0
4.46689 13.4853 162.319
145 140 144
4 0 806 0 2 951 0 10 880 0 4 1251 0
29.5527 22.0908 161.734
47 65 17
3 0 467 0 3 334 0 11 509 0
38.133 -14.5879 160.493
52 65 99
2 0 1266 0 10 1369 0
16.3678 -26.1617 160.228
194 184 192
2 10 119 0 5 175 0
23.7708 -1.88507 162.924
137 161 77
2 0 1340 0 10 1447 0
34.08 5.28967 161.227
191 186 166
4 0 775 0 2 938 0 7 790 0 11 821 0
17.0342 11.1941 162.034
95 113 37
3 0 813 0 10 927 0 7 825 0
2.98513 6.94581 162.121
179 171 182
2 1 744 0 2 186 0
17.1899 28.5179 162.218
27 38 60
3 0 65 0 2 129 0 11 275 0
-3.1571 -38.2472 160.259
195 181 178
2 1 750 0 9 803 0
18.8382 16.6268 162.055
49 63 92
6 0 506 0 2 478 0 3 485 0 7 498 0 11 506 0 6 440 0
17.7016 12.1407 162.063
119 136 58
6 0 433 0 2 577 0 7 512 0 8 623 0 10 637 0 11 437 0
19.716 -19.3019 160.644
191 185 171
3 1 734 0 2 843 0 8 809 0
16.9923 -0.266391 161.548
146 144 155
4 0 250 0 2 236 0 10 95 0 5 250 0
35.8177 34.7266 161.724
199 202 145
3 3 1313 0 7 1178 0 11 1249 0
26.7384 27.6017 161.893
210 210 160
3 3 1671 0 7 1383 0 11 1449 0
4.54219 -34.7367 162.668
173 166 174
2 9 1205 0 5 1219 0
21.7191 33.3247 162.101
59 70 116
3 3 571 0 7 243 0 11 432 0
36.8746 22.8174 161.576
113 117 80
2 7 1033 0 11 1016 0
3.6698 -11.6557 161.623
131 148 80
3 1 1151 0 9 1083 0 8 1148 0
1.74729 6.81214 162.344
150 144 146
5 0 1213 0 2 1359 0 10 1333 0 8 1385 0 4 1547 0
13.3647 -31.0102 160.145
198 185 192
3 1 1384 0 8 1430 0 5 1417 0
35.2011 6.65414 160.817
159 179 90
2 2 851 0 11 739 0
24.2497 12.2923 161.788
203 194 197
2 0 289 0 11 474 0
28.2381 -54.7703 156.967
78 73 80
2 9 50 0 5 531 0
18.3562 5.16893 161.728
164 160 161
2 0 15 0 11 47 0
32.9175 -7.01955 160.864
27 46 27
2 2 779 0 10 804 0
41.87 -6.00849 160.46
84 89 119
3 10 530 0 7 444 0 11 399 0
18.7241 21.0326 162.147
198 193 189
4 2 538 0 3 624 0 7 584 0 11 567 0
-8.34745 -25.4736 160.341
151 161 101
3 1 797 0 9 602 0 5 220 0
-6.72857 -10.3808 161.363
165 174 117
2 1 316 0 8 479 0
40.0364 -6.59575 160.545
62 70 93
2 0 50 0 10 19 0
-20.8684 -14.8386 162.403
182 171 177
3 1 61 0 9 218 0 5 382 0
19.0313 8.77071 161.718
85 105 44
4 0 1051 0 2 1149 0 10 1179 0 8 1221 0
22.9485 -12.6623 161.058
165 176 107
2 8 196 0 5 213 0
31.1818 -49.438 157.422
192 181 195
2 9 511 0 5 491 0
62.6914 -15.7812 158.65
187 173 170
2 0 884 0 7 1002 0
15.9386 9.06763 162.077
189 185 158
3 0 856 0 10 1059 0 7 879 0
40.2517 -5.12392 160.595
193 189 188
2 2 875 0 11 788 0
-8.15158 -3.84933 162.156
138 144 84
2 9 911 0 5 892 0
47.7368 -14.9021 160.392
209 201 199
2 0 1350 0 10 1471 0
-16.9919 -5.08869 162.297
61 70 103
2 1 1130 0 9 1008 0
-19.991 -16.3064 162.295
204 198 182
2 1 470 0 9 443 0
54.3367 -2.0109 159.995
193 189 190
2 0 458 0 7 368 0
9.35311 -23.3618 160.547
68 74 108
3 1 208 0 9 364 0 10 214 0
37.7869 -2.00579 160.762
113 131 71
3 0 1052 0 10 1137 0 11 1127 0
26.2893 26.5377 162.088
146 151 85
3 0 1183 0 7 1250 0 11 1296 0
40.0949 -41.6437 157.715
181 171 170
2 10 126 0 5 45 0
20.1528 26.6295 162.21
160 163 132
4 0 534 0 6 864 0 2 608 0 11 530 0
17.5433 -3.20487 161.531
107 126 60
2 10 1168 0 5 1152 0
24.611 13.271 161.766
204 193 187
4 0 748 0 2 885 0 7 785 0 11 861 0
-4.00066 -13.8497 161.403
56 72 46
2 8 882 0 5 888 0
23.4065 32.9603 162.145
64 76 118
3 3 934 0 7 587 0 11 794 0
19.2741 -2.83992 161.677
110 136 49
2 2 1101 0 8 1115 0
30.3308 16.7084 161.634
137 157 86
2 2 291 0 11 245 0
-7.09658 -11.8851 161.149
163 171 120
2 1 1043 0 8 964 0
21.5808 9.2137 161.865
183 179 176
3 2 32 0 7 389 0 11 171 0
14.8303 18.7812 162.146
197 187 177
2 2 121 0 11 95 0
45.292 -5.33844 160.504
177 173 174
3 0 377 0 2 265 0 7 411 0
41.2461 -8.59575 160.433
169 164 168
5 0 953 0 2 990 0 10 1028 0 7 1006 0 11 959 0
11.1364 -29.4291 160.302
190 178 182
2 8 1018 0 5 973 0
29.9144 15.7371 161.627
117 140 72
2 2 153 0 11 425 0
10.154 19.9539 162.285
55 55 89
4 7 511 0 2 656 0 8 651 0 11 608 0
-1.75562 -36.0303 160.393
203 192 190
2 1 527 0 9 40 0
9.60378 -7.36088 161.497
42 64 15
3 2 255 0 10 454 0 5 323 0
29.4198 12.5783 161.607
230 219 217
3 0 232 0 2 534 0 11 182 0
13.0005 2.59716 161.58
150 153 162
2 0 53 0 2 110 0
-11.1932 -10.2654 161.221
45 55 31
2 1 597 0 5 692 0
18.5401 18.0782 162.11
67 72 94
7 0 970 0 2 1097 0 3 1210 0 4 1279 0 7 1029 0 11 1081 0 6 1251 0
31.2772 -13.7189 160.817
150 144 144
2 0 655 0 10 784 0
-5.67009 -18.8915 160.64
131 141 70
2 9 679 0 5 670 0
7.45216 -33.8106 160.391
23 35 31
2 9 1339 0 5 1465 0
9.1279 -7.44621 161.575
48 66 26
3 2 1469 0 10 1473 0 5 1487 0
24.8874 12.5393 161.889
247 236 232
2 2 1453 0 11 1418 0
10.3567 -17.7505 160.895
177 165 175
2 9 1201 0 5 1267 0
20.3806 29.3543 162.174
39 50 78
5 0 726 0 2 882 0 3 921 0 7 735 0 11 800 0
8.58152 -7.81708 161.775
79 94 63
2 10 1364 0 5 1411 0
33.1586 -49.3312 157.597
64 60 83
2 9 1220 0 5 1326 0
21.7253 10.7948 161.724
176 171 175
4 0 325 0 2 1033 0 10 15 0 7 510 0
15.5452 18.0888 162.241
139 142 95
4 0 946 0 2 1134 0 7 990 0 11 1071 0
17.0649 7.30227 161.83
124 137 65
2 2 164 0 11 17 0
7.93094 10.6874 162.48
164 174 101
2 6 1344 0 4 1388 0
6.9501 -15.7585 161.149
152 175 97
4 1 504 0 10 960 0 8 733 0 5 755 0
25.6987 6.3589 161.597
200 195 192
4 2 1255 0 10 1298 0 7 1172 0 11 1260 0
34.6897 24.2165 161.637
89 105 42
2 7 1000 0 11 1002 0
30.1169 10.6595 161.606
197 191 191
3 0 1130 0 2 1280 0 11 1243 0
4.98508 14.4738 162.328
148 144 143
2 2 950 0 8 970 0
9.61031 -7.36124 161.512
43 66 24
5 1 266 0 2 254 0 10 453 0 8 215 0 5 322 0
36.8084 3.77133 161.048
179 177 154
2 0 1013 0 2 1137 0
59.3248 -21.9685 158.07
177 160 166
2 0 1012 0 7 1100 0
-5.61833 4.22774 162.333
60 64 93
3 1 449 0 8 401 0 4 537 0
26.8824 23.2352 161.941
32 45 27
2 0 1057 0 7 1083 0
22.1937 22.0089 161.975
189 195 133
2 6 1156 0 2 1186 0
42.1647 -8.30983 160.47
180 175 179
5 0 200 0 2 506 0 10 320 0 7 262 0 11 277 0
26.5091 -0.286554 161.386
117 150 61
2 2 869 0 11 844 0
38.8154 -9.3165 160.567
168 164 165
3 0 1050 0 2 1195 0 11 1099 0
3.41351 -7.21902 161.631
104 126 51
2 10 1157 0 5 1226 0
23.009 28.6803 162.021
38 47 42
2 7 1360 0 11 1432 0
55.4972 -18.7335 158.952
61 62 92
2 0 1277 0 7 1305 0
8.16358 3.22235 161.774
39 46 72
4 0 380 0 6 230 0 10 327 0 4 94 0
-21.3495 -11.1199 162.344
188 180 191
2 1 565 0 9 380 0
15.8699 -24.8134 160.327
187 176 182
3 1 406 0 8 527 0 5 567 0
19.5056 -9.94779 161.387
151 169 83
3 2 400 0 10 602 0 8 612 0
20.6664 -4.76934 161.512
105 135 47
3 0 527 0 2 494 0 10 615 0
11.4789 -32.7355 160.356
122 133 90
3 9 1125 0 8 1209 0 5 1160 0
12.246 -22.8514 160.541
194 189 212
3 9 70 0 10 105 0 5 77 0
49.1331 -28.6528 158.552
84 81 108
2 0 1036 0 10 1141 0
8.54965 2.71205 161.756
115 114 130
3 0 365 0 6 681 0 10 354 0
10.7847 13.8345 162.36
147 174 97
3 6 1563 0 8 1387 0 4 1596 0
16.7397 13.7122 162.177
133 144 76
5 0 383 0 2 333 0 10 343 0 8 177 0 7 267 0
11.0302 9.49142 162.367
117 136 57
3 2 933 0 10 990 0 8 1030 0
29.9599 24.3384 162.105
245 230 223
2 6 1551 0 3 1538 0
-2.51542 4.54886 162.254
188 184 181
2 2 1018 0 4 1046 0
65.7161 -11.2405 157.334
133 140 99
2 0 1341 0 7 1376 0
-15.08 8.15983 170.365
38 61 35
2 1 1449 0 8 1488 0
19.0516 3.67069 161.713
160 158 159
4 0 1023 0 2 1138 0 10 1112 0 8 1183 0
37.0813 -10.0955 160.631
164 158 158
3 0 1202 0 2 1346 0 10 1315 0
19.4003 12.2688 161.894
176 174 162
4 0 403 0 10 381 0 3 176 0 11 301 0
13.1057 21.3058 162.262
44 53 82
4 0 1177 0 2 1321 0 7 1212 0 11 1279 0
-12.209 -8.90145 162.149
128 136 79
2 9 729 0 5 790 0
25.6641 34.2921 162.038
216 209 225
3 3 791 0 7 492 0 11 614 0
28.3484 24.0442 161.808
73 85 39
2 0 781 0 11 881 0
24.9236 34.7174 162.054
167 165 189
2 3 481 0 7 246 0
19.1443 -23.8897 160.441
148 160 112
3 1 883 0 9 841 0 5 918 0
32.9467 28.4363 161.897
119 128 71
2 7 789 0 11 994 0
17.1531 -9.35756 161.277
155 164 109
3 1 405 0 8 58 0 5 5 0
-4.13084 -36.8985 160.395
183 173 182
2 1 1041 0 9 1016 0
6.23954 -24.1706 160.653
74 71 102
2 9 182 0 5 231 0
37.0067 0.8936 160.907
161 155 157
4 0 943 0 2 1060 0 10 998 0 11 1010 0
41.1717 -11.6898 160.424
190 181 182
2 0 1395 0 10 1505 0
5.2045 1.26319 161.815
27 34 53
2 2 877 0 8 894 0
17.0068 21.1042 162.024
197 192 188
2 2 1506 0 11 1475 0
6.77608 -12.5134 161.397
201 195 183
3 1 549 0 9 470 0 8 566 0
-1.25962 13.6992 162.323
23 33 35
2 2 1082 0 8 1152 0
30.3589 5.45368 161.481
182 178 179
4 0 326 0 10 551 0 7 586 0 11 569 0
44.9329 -8.55183 160.185
182 176 178
2 0 761 0 7 788 0
14.4442 7.25332 161.774
108 130 48
2 0 68 0 10 161 0
15.0564 -21.0931 160.292
54 68 107
2 1 1498 0 8 1560 0
17.7471 17.0365 162.085
41 44 61
4 0 469 0 6 123 0 2 516 0 11 657 0
13.3722 7.12196 161.871
109 132 52
5 0 642 0 6 1122 0 2 744 0 10 781 0 4 1226 0
-13.4445 -16.7918 161.727
102 123 54
3 1 686 0 9 622 0 5 774 0
17.9151 1.2236 161.518
164 158 160
4 0 1370 0 2 1486 0 10 1485 0 8 1548 0
23.9958 3.35479 161.605
112 128 57
5 0 828 0 7 951 0 2 1048 0 8 1039 0 11 1029 0
12.8576 20.3091 162.292
172 161 178
2 7 933 0 11 1094 0
40.0366 -6.60257 160.561
62 70 93
3 0 51 0 10 20 0 7 94 0
5.79229 -11.2864 161.614
122 132 71
2 9 316 0 5 120 0
5.06897 -28.3336 160.642
152 144 157
2 9 205 0 5 579 0
21.3605 2.44584 161.611
129 140 71
2 2 271 0 11 395 0
39.2836 -15.6032 160.391
52 58 80
2 0 849 0 10 928 0
8.19616 -25.9492 160.472
169 157 171
2 9 696 0 5 686 0
31.8628 5.43923 161.372
162 153 172
2 7 360 0 11 477 0
17.5835 3.2128 161.826
166 161 165
3 0 373 0 10 610 0 8 734 0
10.3364 -30.6921 160.251
196 184 196
3 9 1373 0 8 1510 0 5 1481 0
-13.7302 -25.9144 161.378
144 152 101
2 1 1058 0 9 927 0
35.0913 30.8367 161.698
199 206 152
2 3 1094 0 11 1042 0
38.2525 32.1547 161.383
192 197 139
2 3 82 0 11 221 0
10.4188 -9.92339 161.412
159 172 102
3 1 786 0 2 1001 0 5 884 0
16.8063 10.5691 161.995
149 150 132
5 0 353 0 2 546 0 7 252 0 4 620 0 11 497 0
34.9615 31.96 161.593
188 191 136
3 3 1338 0 7 1117 0 11 1160 0
7.83852 6.95262 162.291
146 145 101
2 10 312 0 8 175 0
10.0919 18.5531 162.365
180 175 171
2 2 1485 0 11 1452 0
24.9539 1.97795 161.421
98 126 42
2 0 291 0 7 595 0
5.47704 13.597 162.33
150 146 147
4 0 1354 0 2 1474 0 10 1470 0 8 1532 0
25.5969 35.6909 162.012
222 214 229
3 3 1085 0 7 740 0 11 879 0
-6.16495 -16.9966 160.837
114 126 62
2 9 359 0 5 356 0
5.08109 11.447 162.275
142 149 108
3 0 62 0 2 278 0 10 108 0
18.2609 -21.1946 160.523
229 218 226
5 1 1347 0 9 1279 0 2 1348 0 8 1380 0 5 1290 0
7.82244 9.50949 162.424
224 218 194
2 6 523 0 2 251 0
35.3278 34.1323 161.66
226 221 179
2 3 80 0 11 42 0
11.0771 6.96031 162.125
79 86 55
2 0 331 0 10 588 0
16.9923 -0.266391 161.548
146 144 155
4 0 249 0 2 235 0 10 96 0 5 251 0
21.1545 -15.0944 161.35
183 178 175
2 2 13 0 8 250 0
14.9507 -8.07883 161.307
166 160 170
2 10 269 0 8 377 0
-4.95944 28.6932 173.389
33 58 28
2 6 1712 0 4 1769 0
7.96871 13.3498 162.406
105 129 43
2 0 1218 0 10 1337 0
34.8244 -4.64547 160.867
172 164 128
2 2 809 0 11 752 0
-11.8374 -1.07948 162.345
85 82 109
3 9 912 0 8 903 0 5 902 0
40.7732 7.15136 160.956
37 60 14
2 0 666 0 7 657 0
34.6075 -13.1084 160.626
46 52 76
3 0 370 0 2 386 0 10 537 0
37.1796 31.1003 161.442
177 194 124
3 3 1411 0 7 1298 0 11 1272 0
8.70646 -22.307 160.634
108 109 137
5 1 675 0 9 521 0 10 718 0 8 771 0 5 728 0
-14.1178 -17.4636 161.833
140 156 91
2 1 326 0 9 220 0
10.8941 -0.399487 161.659
31 39 60
6 0 374 0 1 297 0 2 244 0 5 314 0 8 416 0 10 391 0
51.929 -26.5972 158.562
179 168 176
3 0 419 0 10 472 0 5 618 0
2.79287 -12.4808 161.593
146 153 99
3 1 1020 0 9 922 0 5 1061 0
18.6709 -26.6875 160.486
34 36 48
2 9 793 0 10 1066 0
-7.00425 9.58177 170.044
116 146 92
2 1 380 0 8 659 0
35.2236 -11.1401 160.873
167 158 159
2 0 1371 0 10 1481 0
21.3533 11.5244 161.824
194 190 187
3 2 586 0 10 342 0 7 614 0
22.2675 22.0809 161.819
138 151 69
2 0 1141 0 2 1185 0
-2.34333 11.3202 162.331
33 46 80
3 1 559 0 2 566 0 8 653 0
15.3089 21.2856 162.264
170 161 162
3 0 136 0 2 470 0 11 134 0
18.7371 -0.632301 161.736
137 156 77
2 2 845 0 8 798 0
13.7214 -34.5746 160.183
43 60 41
2 1 431 0 9 379 0
25.9959 -49.896 157.289
114 100 97
2 9 35 0 5 80 0
18.5507 -3.97849 161.498
90 119 39
2 10 757 0 5 694 0
14.5895 -31.3914 160.146
198 186 190
2 1 603 0 8 553 0
16.9133 -0.976276 161.527
48 52 77
5 0 892 0 2 964 0 10 992 0 8 962 0 5 932 0
11.3861 -21.0609 160.64
54 64 100
2 8 18 0 5 361 0
18.0293 12.6169 162.064
94 112 38
4 0 282 0 2 570 0 10 525 0 11 511 0
17.5015 -3.19854 161.553
103 126 46
3 0 1081 0 2 1177 0 10 1167 0
65.7647 -12.0041 158.63
198 185 177
2 0 1091 0 7 1221 0
9.95021 -18.4208 160.664
42 49 77
4 1 741 0 10 373 0 8 824 0 5 290 0
29.5538 -3.14181 162.926
125 150 66
2 0 1379 0 10 1487 0
17.6034 20.9325 162.24
189 184 181
2 2 1076 0 3 1126 0
21.4962 30.1781 162.148
51 58 86
4 0 822 0 3 1052 0 7 880 0 11 929 0
53.7509 -0.119567 160.074
219 212 204
2 0 1065 0 7 1052 0
13.5047 -18.841 160.715
195 191 205
5 1 1089 0 9 1046 0 10 1093 0 8 1097 0 5 1093 0
-9.1588 -2.43017 162.329
177 170 177
4 1 1413 0 9 1332 0 8 1450 0 5 1434 0
20.336 2.62878 161.609
180 172 170
3 0 1234 0 10 1355 0 8 1416 0
38.3318 -9.60794 160.674
168 166 169
2 0 307 0 10 504 0
24.6861 6.66978 161.633
171 166 170
4 0 1028 0 2 1150 0 10 1101 0 7 1092 0
-21.2299 -15.5356 162.311
177 161 162
2 1 1181 0 9 1150 0
10.8255 9.37543 162.56
122 135 63
3 2 485 0 8 816 0 4 332 0
7.07531 -1.20862 161.624
35 47 71
3 2 219 0 8 462 0 5 426 0
-19.5166 -14.376 162.317
204 185 187
3 1 1108 0 9 1037 0 5 1075 0
21.1634 -3.08015 161.417
151 166 81
4 2 716 0 10 640 0 8 700 0 5 775 0
13.7707 -2.55341 161.484
143 137 141
5 0 1191 0 2 1344 0 10 1303 0 8 1393 0 5 1360 0
29.0346 13.2433 161.61
213 202 200
3 0 233 0 2 338 0 11 278 0
33.3606 5.81661 161.256
193 187 175
4 0 851 0 2 1030 0 7 1023 0 11 966 0
-14.1251 -3.05154 162.367
192 185 193
2 1 418 0 9 309 0
8.19544 -23.687 160.621
52 59 101
2 9 1337 0 5 1432 0
19.5279 26.3838 162.2
64 67 76
6 0 122 0 2 259 0 3 332 0 7 173 0 11 211 0 6 226 0
56.4793 -5.33401 159.911
198 191 175
2 0 79 0 7 12 0
10.4267 0.0373078 161.653
31 41 66
2 0 1167 0 5 1310 0
16.4365 6.66692 160.916
100 125 42
2 0 1348 0 10 1464 0
32.2683 24.9411 162.031
129 142 99
2 6 1496 0 3 1519 0
10.1479 -12.3697 161.197
30 46 19
5 9 968 0 2 931 0 10 965 0 8 916 0 5 963 0
36.2457 3.92334 161.005
196 193 178
4 0 192 0 2 365 0 7 375 0 11 295 0
4.464 6.45486 162.127
182 169 150
6 0 208 0 1 571 0 4 440 0 5 154 0 6 82 0 10 334 0
12.6394 3.92644 161.616
80 82 94
2 0 60 0 6 0 0
22.0935 19.8401 162.075
158 162 101
5 0 728 0 6 978 0 3 980 0 7 777 0 11 749 0
20.3201 12.3721 161.937
175 166 183
2 7 357 0 11 524 0
52.785 -16.0131 159.754
68 96 47
3 0 695 0 10 608 0 7 629 0
41.0013 -3.18479 160.656
171 167 168
2 0 358 0 2 540 0
16.6157 12.105 162.069
139 157 73
2 2 982 0 8 1118 0
-12.7478 -3.10684 162.468
182 169 186
2 9 2 0 5 192 0
1.89884 7.26177 162.35
142 137 141
6 0 845 0 2 995 0 4 1135 0 8 1028 0 6 974 0 10 915 0
16.3087 19.6936 162.186
119 113 113
7 0 719 0 2 836 0 3 736 0 4 883 0 7 780 0 11 656 0 6 962 0
10.9693 2.81817 161.648
42 53 83
5 0 931 0 2 1075 0 10 1048 0 8 1085 0 5 996 0
13.3415 19.2004 162.414
152 140 154
2 7 815 0 11 923 0
1.41072 5.24576 162.313
164 158 162
4 0 1235 0 2 1364 0 8 1407 0 4 1572 0
33.1247 -0.545221 160.971
158 173 88
2 2 1252 0 10 1230 0
27.6339 29.6637 162.057
111 117 57
2 7 1192 0 11 1313 0
3.19456 -17.5358 161.194
142 160 86
2 8 668 0 5 719 0
20.2749 -6.48301 161.439
84 122 35
2 0 777 0 10 727 0
20.0977 31.2603 162.079
37 51 78
2 2 158 0 3 128 0
15.7407 16.25 162.295
57 76 30
3 0 173 0 10 120 0 7 182 0
-2.06038 -7.16751 161.804
119 139 68
4 1 1174 0 9 1096 0 10 1146 0 5 1147 0
16.3527 -18.3189 160.712
183 174 191
2 9 627 0 5 701 0
32.6026 1.4993 161.185
77 98 42
3 2 148 0 7 192 0 11 514 0
38.9858 -11.1543 160.627
170 164 166
3 0 1056 0 7 1110 0 11 1117 0
-10.0238 -6.13217 161.955
146 148 99
3 1 1187 0 10 1144 0 8 1223 0
10.2811 12.0686 162.231
171 182 114
2 6 1345 0 2 1102 0
16.2674 0.963401 161.566
165 161 162
4 0 1031 0 2 1200 0 10 1132 0 8 1229 0
21.7953 4.27985 161.426
165 160 164
2 0 472 0 7 571 0
6.47498 -14.1624 161.308
143 146 89
3 9 697 0 10 653 0 5 651 0
22.7253 27.2636 161.983
172 179 111
2 2 850 0 11 563 0
15.2223 -17.2268 161.131
186 175 191
2 9 634 0 5 617 0
31.8093 3.43261 161.14
208 203 199
2 2 119 0 7 297 0
10.0037 10.0305 162.435
125 139 60
2 2 1088 0 8 953 0
23.5091 14.4674 161.876
205 196 191
2 0 990 0 7 1034 0
42.4242 26.4837 161.135
182 165 175
2 7 244 0 11 348 0
15.6381 -32.4682 160.439
30 26 53
2 9 23 0 5 911 0
-0.456356 -34.9586 160.378
195 184 182
2 1 995 0 9 944 0
10.7777 7.17966 162.364
140 152 112
2 6 809 0 4 1070 0
17.7933 15.2922 162.148
43 64 55
4 6 472 0 2 505 0 10 501 0 3 473 0
8.53971 2.71519 161.751
115 114 130
7 0 366 0 2 419 0 4 585 0 5 324 0 8 425 0 6 682 0 10 355 0
30.6068 -51.5913 157.509
169 165 182
2 9 587 0 5 674 0
6.75654 17.5117 162.368
49 54 84
3 10 1090 0 8 1197 0 11 1126 0
18.8253 16.621 162.064
81 94 138
4 6 441 0 2 477 0 3 486 0 11 507 0
-4.24413 -31.8959 160.444
127 148 83
2 1 515 0 9 271 0
38.9936 -8.12076 160.584
155 151 152
2 0 1038 0 7 1076 0
22.0745 19.8072 162.094
158 162 101
2 0 729 0 7 776 0
15.7167 11.2317 160.692
132 139 69
3 2 447 0 8 770 0 7 78 0
18.507 6.1307 161.693
178 171 163
3 0 1064 0 2 1282 0 10 1258 0
7.26077 -17.3062 161.011
134 156 83
3 1 1461 0 10 1463 0 5 1485 0
6.81715 16.4604 162.336
154 150 151
4 0 1046 0 2 1234 0 10 1123 0 11 1141 0
34.4033 37.3142 161.884
206 207 163
2 3 329 0 7 0 0
46.4333 -5.40055 160.38
185 179 181
2 0 585 0 2 686 0
16.8485 -26.3986 160.273
196 184 188
4 1 124 0 9 212 0 10 127 0 8 447 0
17.2234 -28.1639 160.28
210 200 209
2 1 916 0 8 837 0
56.9717 -15.3081 159.216
137 141 118
2 10 761 0 7 620 0
-6.50489 5.71582 162.355
42 52 88
2 1 1121 0 8 1125 0
27.6338 -15.8901 160.811
59 61 73
2 0 898 0 8 996 0
33.1267 -4.00911 160.965
127 148 71
4 2 530 0 10 375 0 7 270 0 11 480 0
48.8492 -35.2931 158.265
156 150 134
2 0 21 0 10 203 0
19.3655 -10.7131 161.191
99 127 42
3 0 625 0 10 826 0 5 704 0
3.63395 -15.8084 161.316
143 162 80
2 8 811 0 5 793 0
-1.80421 -37.0355 160.409
130 145 86
2 1 320 0 9 322 0
-10.9186 -4.84733 162.37
171 176 144
5 1 67 0 9 191 0 10 331 0 8 423 0 5 537 0
30.8582 3.27202 161.258
187 181 181
5 0 1185 0 2 1319 0 10 1245 0 7 1233 0 11 1267 0
2.74404 6.55091 162.275
152 146 148
3 0 1042 0 2 1164 0 10 1117 0
13.0345 -14.6975 160.949
194 187 195
5 1 974 0 9 816 0 2 764 0 10 758 0 8 921 0
37.7292 34.7723 161.506
208 210 161
2 3 464 0 7 782 0
11.133 -3.13442 161.49
52 60 83
5 0 740 0 2 755 0 10 837 0 8 855 0 5 820 0
22.0264 -13.1832 161.026
164 168 131
2 2 454 0 8 187 0
-8.65657 3.26896 162.343
180 176 190
4 1 1095 0 5 974 0 4 1286 0 8 1071 0
20.1566 26.635 162.208
160 163 132
2 0 533 0 6 863 0
-1.10571 -7.10791 161.863
147 152 94
2 9 1014 0 10 1006 0
3.52959 6.08787 162.167
185 177 188
2 6 80 0 2 350 0
22.4973 1.28508 161.398
143 153 90
2 0 371 0 10 412 0
29.3259 31.8313 162.048
169 177 117
3 3 1100 0 7 920 0 11 971 0
7.76905 -3.19244 161.553
30 48 26
4 2 1154 0 10 1069 0 8 1158 0 5 997 0
45.0033 -7.64129 160.41
199 194 201
2 10 898 0 7 878 0
43.1869 -10.8549 160.228
226 216 225
2 10 577 0 7 395 0
10.6978 7.84877 162.408
171 190 145
2 6 913 0 4 939 0
21.1107 15.6047 161.995
242 235 253
5 6 240 0 2 163 0 3 302 0 4 267 0 11 195 0
3.18774 11.9868 162.323
74 76 89
2 0 57 0 10 91 0
-0.135606 -29.3603 160.574
201 196 203
2 1 739 0 9 485 0
19.896 -15.8223 160.85
196 189 197
3 1 668 0 2 676 0 8 751 0
20.763 1.84177 161.604
104 121 50
3 0 455 0 2 602 0 10 618 0
-7.07572 -5.72907 161.931
112 125 56
2 9 1106 0 5 1087 0
12.386 3.00138 161.708
162 158 159
3 2 1410 0 10 1405 0 8 1456 0
39.2544 -17.6189 169.56
21 37 11
2 0 513 0 10 844 0
29.2453 -16.7269 160.667
138 134 131
2 0 466 0 8 524 0
40.8481 -9.3151 160.556
186 180 192
2 10 122 0 7 261 0
14.5423 -25.8114 160.385
173 162 170
3 10 195 0 8 303 0 5 284 0
7.44947 19.695 162.335
37 51 86
2 8 1463 0 11 1368 0
18.672 15.1512 162.041
39 53 80
4 0 77 0 6 190 0 3 373 0 11 35 0
-15.0892 -10.1683 162.226
123 144 77
3 1 1255 0 9 1073 0 5 1207 0
9.37397 -12.4932 161.416
40 54 29
4 9 1273 0 10 1335 0 8 1383 0 5 1352 0
11.6731 14.8608 162.379
170 182 108
2 6 602 0 4 271 0
37.3989 28.9007 161.359
74 80 54
2 7 940 0 11 963 0
19.9895 13.6342 161.627
228 216 228
2 6 1663 0 2 1467 0
2.78117 -20.2199 160.826
119 146 69
2 1 547 0 8 595 0
22.2692 17.6066 162.037
209 202 183
3 6 1446 0 2 1190 0 3 1312 0
45.014 -17.2465 160.201
34 40 36
3 0 359 0 10 465 0 7 312 0
53.3583 -9.5575 160.121
214 204 202
2 0 1199 0 7 1249 0
18.6285 27.4391 162.263
28 36 57
4 0 1069 0 2 1191 0 7 1111 0 11 1149 0
8.10141 9.06054 162.621
39 61 23
2 0 301 0 10 185 0
27.6809 36.4245 161.944
224 214 225
2 3 613 0 11 288 0
7.26068 -20.1688 160.838
25 43 31
4 1 1240 0 10 1232 0 8 1174 0 5 1227 0
17.9923 23.6943 162.22
183 178 174
3 2 639 0 7 518 0 11 651 0
34.0359 -48.6805 157.546
163 154 171
2 9 1001 0 5 965 0
39.7409 -4.75679 160.569
63 68 74
4 0 116 0 10 63 0 7 169 0 11 37 0
19.3978 -2.54275 161.616
109 137 50
2 2 702 0 8 558 0
46.0439 -14.8326 160.65
46 52 84
2 0 1157 0 10 1109 0
34.0129 -10.5749 160.763
144 143 125
3 0 316 0 2 499 0 10 224 0
50.9443 -8.84737 160.213
179 169 167
2 0 497 0 7 503 0
-9.44565 -7.96168 161.653
119 132 63
2 9 822 0 5 874 0
26.5041 11.3722 161.67
213 201 201
4 0 1168 0 2 1265 0 7 1226 0 11 1221 0
3.10161 11.5599 162.364
154 152 155
6 0 219 0 2 149 0 4 198 0 8 97 0 6 604 0 10 367 0
15.4209 -35.6684 160.548
38 52 55
2 9 802 0 5 734 0
22.0798 9.63308 161.76
178 174 175
5 0 662 0 2 681 0 10 733 0 7 561 0 11 913 0
33.3421 3.51771 161.155
177 171 171
4 0 865 0 2 979 0 10 973 0 11 955 0
-5.78581 -10.8723 161.275
140 148 75
3 9 405 0 8 800 0 5 591 0
12.8911 -16.5689 160.807
191 183 194
2 1 684 0 8 661 0
-18.3708 -15.1034 162.634
212 203 196
3 1 581 0 9 426 0 5 594 0
22.165 8.80865 161.755
175 169 171
2 0 665 0 7 694 0
14.1642 7.5873 162.027
105 129 45
2 2 27 0 4 293 0
-11.6638 -6.47821 162.083
124 139 74
2 9 1222 0 5 1354 0
15.3653 -6.19586 161.317
143 138 142
3 0 394 0 1 664 0 5 555 0
26.2391 9.59244 161.847
193 187 189
2 0 72 0 10 234 0
6.24099 5.9318 162.037
136 153 75
2 8 1461 0 4 1637 0
13.3657 4.20422 161.718
181 176 173
2 2 1128 0 8 1164 0
34.5744 3.31781 161.095
190 184 184
2 0 672 0 7 800 0
-10.2078 -22.223 160.789
151 156 102
2 1 1093 0 9 1118 0
38.6233 -3.61263 160.718
47 59 39
4 0 616 0 2 661 0 7 952 0 11 924 0
22.9666 31.1166 162.021
148 139 160
2 7 1322 0 11 1403 0
21.3809 27.683 162.163
69 84 65
4 6 270 0 2 258 0 3 214 0 11 75 0
39.1612 -0.550993 160.938
166 162 163
2 0 993 0 2 1133 0
9.20862 -8.02253 161.548
134 154 82
2 8 346 0 5 59 0
-8.91584 7.68057 162.787
13 24 18
2 1 456 0 8 512 0
17.8132 18.1965 162.132
189 183 185
7 0 718 0 2 859 0 3 949 0 4 1000 0 7 707 0 11 822 0 6 1041 0
-10.2361 -5.19404 162.385
104 124 55
3 9 1223 0 10 1325 0 5 1333 0
-7.6761 4.24134 162.334
43 52 85
2 1 1094 0 8 1103 0
35.824 4.23859 161.058
185 183 162
2 0 627 0 7 519 0
18.0371 24.3345 162.265
93 90 99
5 0 701 0 2 588 0 3 857 0 7 701 0 11 721 0
-9.79891 1.48718 162.39
76 77 108
4 1 761 0 9 624 0 8 745 0 5 705 0
41.4377 11.4557 160.908
95 115 46
2 7 466 0 11 744 0
-0.618251 -28.4767 160.486
195 188 178
2 1 994 0 5 1019 0
13.7642 -13.6534 161.112
170 164 174
3 10 1218 0 8 1278 0 5 1199 0
17.226 25.7491 162.328
40 49 78
2 0 757 0 7 769 0
-3.39958 -19.8016 161.038
145 159 98
3 1 1050 0 9 893 0 5 939 0
35.698 -2.98311 160.866
140 159 69
3 2 399 0 7 554 0 11 402 0
31.2439 6.8842 161.412
153 149 148
4 0 1180 0 2 1323 0 7 1238 0 11 1280 0
11.923 -4.66538 161.464
149 144 148
6 0 958 0 1 1011 0 2 1073 0 5 1049 0 8 1157 0 10 1073 0
27.8275 39.1088 161.978
50 54 89
2 7 935 0 11 995 0
20.9096 13.253 161.969
235 223 235
5 6 162 0 2 339 0 10 251 0 3 263 0 11 88 0
33.454 10.7728 161.548
107 125 49
2 0 198 0 2 181 0
10.2657 -1.06031 161.618
41 47 71
5 0 154 0 2 100 0 10 263 0 8 123 0 5 262 0
9.36381 -0.0429426 161.675
137 135 146
6 0 727 0 2 722 0 5 800 0 8 766 0 6 967 0 10 813 0
18.9932 -49.3599 157.551
143 129 142
2 9 1010 0 5 1044 0
38.2945 2.88793 160.93
201 197 186
2 0 907 0 2 1046 0
18.9287 0.0432579 161.659
109 118 61
4 0 304 0 2 321 0 10 292 0 8 188 0
8.57761 21.4719 162.152
27 42 63
2 2 587 0 8 382 0
50.4278 -28.8015 158.577
170 157 164
2 0 1305 0 10 1413 0
25.0075 8.73323 161.667
186 180 182
5 0 745 0 2 914 0 10 1084 0 7 1010 0 11 1027 0
1.79473 16.8771 162.234
23 31 33
2 2 584 0 8 522 0
16.6703 8.06347 162.102
106 124 50
2 0 1025 0 7 1142 0
51.3117 -26.3279 158.625
56 56 82
2 0 141 0 10 274 0
28.7926 26.9498 161.973
201 207 145
2 3 245 0 11 3 0
8.56057 -18.7011 160.788
26 48 35
4 1 1265 0 9 1309 0 8 1267 0 5 1386 0
8.43235 -8.23184 161.58
53 71 31
3 1 429 0 10 509 0 8 454 0
51.8431 -16.2761 159.616
124 146 74
2 0 862 0 7 913 0
-1.04151 -8.31854 161.58
145 157 95
4 1 1302 0 9 1143 0 10 1257 0 5 1223 0
6.35926 3.63447 161.876
153 152 157
4 0 717 0 2 868 0 8 844 0 5 785 0
32.3905 6.75456 161.304
185 183 162
3 0 988 0 2 1144 0 11 1091 0
25.6641 34.2921 162.038
216 209 225
3 3 790 0 7 493 0 11 613 0
10.4071 4.83899 161.81
178 191 122
3 6 433 0 2 358 0 4 170 0
12.196 19.8643 162.446
184 181 176
2 2 1401 0 11 1352 0
13.648 9.49504 162.008
92 119 40
5 0 751 0 2 826 0 10 782 0 8 881 0 4 1016 0
27.5335 34.9922 161.953
59 58 89
2 7 125 0 11 86 0
30.7339 8.13526 161.482
150 144 144
2 0 1242 0 7 1253 0
20.4836 -46.5303 157.567
45 34 48
2 9 762 0 5 889 0
35.7051 32.6357 161.576
188 196 139
2 3 930 0 7 791 0
30.6733 9.05554 161.525
164 158 160
3 0 541 0 7 424 0 11 718 0
14.533 -0.729925 161.561
39 50 80
5 0 1263 0 2 1373 0 10 1352 0 8 1414 0 5 1387 0
13.2519 11.1987 162.139
41 58 14
5 0 659 0 2 754 0 10 686 0 8 825 0 7 617 0
15.1677 -1.6129 161.521
142 140 151
5 0 344 0 2 593 0 10 484 0 8 591 0 5 544 0
19.0738 2.21476 161.488
168 159 160
3 0 48 0 10 328 0 8 406 0
-19.9297 -15.0875 162.32
209 193 196
3 1 1359 0 9 1277 0 5 1384 0
-21.5796 -15.643 162.367
168 153 158
2 1 182 0 9 286 0
16.3175 -19.347 160.667
178 175 192
5 1 714 0 9 695 0 2 715 0 8 712 0 5 768 0
18.9321 11.5824 161.62
88 109 42
3 0 1087 0 2 1314 0 10 1164 0
51.105 -10.6589 160.762
209 199 198
2 0 1381 0 7 1396 0
13.1251 -35.3675 160.12
123 144 87
2 9 348 0 5 292 0
34.6564 -14.7395 160.542
45 50 70
3 0 562 0 2 456 0 10 619 0
21.1045 4.50401 161.653
181 177 174
2 2 1328 0 8 1373 0
15.667 -19.7459 160.625
56 70 115
5 1 812 0 9 730 0 10 811 0 8 758 0 5 766 0
34.5744 3.32964 161.058
190 184 184
3 0 673 0 2 960 0 7 801 0
15.7392 6.9072 161.846
112 131 50
2 0 602 0 10 655 0
-12.8334 -12.3302 161.752
124 133 78
3 1 1190 0 9 1215 0 5 1208 0
21.6099 -11.5723 161.325
193 189 177
2 8 1187 0 5 1091 0
12.6005 -28.4021 160.229
215 203 215
3 9 1207 0 8 1313 0 5 1289 0
13.4243 -25.4293 160.372
188 172 185
2 9 616 0 5 721 0
14.842 -20.9452 160.532
54 68 107
4 1 1499 0 9 1419 0 8 1561 0 5 1520 0
17.6608 24.9817 162.244
167 166 172
4 0 511 0 2 741 0 7 535 0 11 716 0
13.0825 7.97618 162.101
27 43 14
5 0 1086 0 2 1285 0 10 1220 0 8 1139 0 4 1094 0
5.32608 6.25054 162.249
136 144 71
5 0 127 0 6 251 0 10 255 0 5 238 0 4 156 0
32.6518 9.38496 161.578
136 152 79
2 0 591 0 2 622 0
1.08016 15.3185 162.061
31 43 65
2 2 1183 0 8 1232 0
20.8903 21.335 162.134
189 194 136
3 6 377 0 2 308 0 3 255 0
16.1467 24.7723 162.058
46 56 81
3 0 545 0 2 999 0 11 850 0
-4.63073 -32.4919 160.49
126 143 88
2 1 1184 0 9 1000 0
35.7364 23.5067 161.693
96 110 48
2 7 155 0 11 65 0
9.92835 -16.9825 160.844
123 148 80
2 1 965 0 9 889 0
31.6869 4.20141 161.295
178 172 176
4 0 484 0 2 630 0 10 455 0 7 418 0
18.4092 7.28484 161.687
92 112 49
6 0 1155 0 2 1345 0 7 1187 0 8 1358 0 10 1296 0 11 1271 0
30.3164 7.96153 161.528
165 159 161
4 0 613 0 2 783 0 7 703 0 11 741 0
-13.8959 -14.4904 161.938
158 160 123
3 1 1215 0 9 1170 0 5 1183 0
20.3296 0.304675 161.74
174 174 140
4 0 194 0 2 562 0 10 361 0 8 714 0
19.3871 -21.1397 160.454
149 167 107
2 1 1207 0 8 1274 0
-4.13084 -36.8985 160.395
183 173 182
2 1 1040 0 9 1015 0
12.0743 -5.30605 161.337
174 170 167
4 2 1498 0 10 1503 0 8 1565 0 5 1522 0
21.5491 13.2386 161.896
181 175 177
2 0 1094 0 7 1122 0
-19.7433 -15.723 162.421
194 176 174
2 9 639 0 5 724 0
38.3762 25.0222 161.389
98 118 57
2 7 1320 0 11 1378 0
31.2427 22.7782 161.645
104 123 42
2 0 213 0 11 250 0
-6.75594 -8.10875 161.391
117 141 43
2 10 575 0 5 552 0
-5.11756 3.69296 162.346
183 176 184
2 1 1170 0 8 1191 0
29.8489 11.7975 161.67
198 190 188
3 0 45 0 2 205 0 11 194 0
-0.512107 -31.3684 160.429
191 181 192
2 1 1270 0 5 1249 0
-11.9211 -15.255 161.538
106 123 55
2 9 203 0 5 454 0
-14.1225 -19.0075 161.852
112 121 64
2 9 667 0 5 573 0
40.4842 7.7939 161.047
121 148 69
2 0 771 0 7 810 0
26.3261 12.7219 161.679
205 190 183
3 0 446 0 2 717 0 11 541 0
-13.9136 -9.1045 162.228
105 133 58
2 1 1390 0 9 1342 0
15.1743 -1.61488 161.529
142 140 151
4 0 343 0 10 483 0 8 590 0 5 543 0
18.5659 26.4865 162.151
148 145 154
4 0 859 0 2 1040 0 7 955 0 11 898 0
15.0669 9.82099 162.194
156 154 133
3 10 1016 0 8 801 0 11 294 0
2.628 4.34642 162.178
184 179 183
2 8 364 0 4 373 0
7.28609 -4.57572 161.778
51 73 24
2 2 916 0 5 854 0
-9.3761 -22.8771 160.786
98 116 54
2 9 790 0 5 1082 0
20.0443 7.10266 161.737
195 187 185
2 2 601 0 8 615 0
-3.60494 -27.1019 160.41
155 169 107
2 1 833 0 9 656 0
3.99632 -0.849876 162.074
80 109 43
2 2 173 0 10 100 0
35.8907 31.5581 161.563
213 214 170
2 3 1353 0 11 1162 0
5.66088 -27.5635 160.774
167 156 173
2 9 690 0 5 560 0
17.3817 19.1852 162.095
184 176 174
4 0 32 0 6 691 0 3 653 0 4 648 0
15.4849 2.57947 161.595
99 103 114
3 2 689 0 10 663 0 8 715 0
61.4517 -14.8289 158.428
184 174 162
2 0 706 0 7 494 0
54.9828 1.51074 159.951
107 113 75
2 0 327 0 7 547 0
29.3739 24.3033 161.863
123 135 85
2 3 331 0 11 230 0
-4.92359 -18.6274 160.967
119 137 63
2 1 181 0 5 308 0
-7.24924 -14.7541 160.939
100 117 49
2 9 1190 0 5 1190 0
10.4225 0.0316805 161.669
31 41 66
5 0 1166 0 2 1310 0 10 1277 0 8 1348 0 5 1309 0
4.42874 -13.3348 161.546
133 153 81
4 1 1349 0 10 1382 0 8 1398 0 5 1388 0
36.3429 4.46836 161.37
125 130 74
2 0 580 0 7 144 0
8.70136 -22.3084 160.63
108 109 137
4 1 674 0 10 717 0 8 772 0 5 727 0
52.1182 -29.1182 158.437
153 138 143
2 0 1102 0 10 1173 0
6.6566 -4.60777 161.838
30 58 0
2 2 367 0 10 572 0
28.6774 21.9847 161.758
48 66 16
3 0 137 0 7 318 0 11 315 0
17.4212 22.4652 162.253
180 175 172
3 2 152 0 3 423 0 11 31 0
-2.02416 10.5373 162.329
53 59 91
3 1 458 0 2 410 0 8 450 0
19.455 -22.2163 160.454
135 153 95
2 9 1209 0 8 1269 0
-8.62884 3.26213 162.391
180 176 190
2 1 1096 0 8 1070 0
17.9761 25.7283 162.234
47 54 82
4 0 965 0 2 1079 0 7 1021 0 11 1046 0
11.0663 4.2793 161.747
55 67 81
4 2 1356 0 10 1314 0 8 1389 0 5 1355 0
13.4145 11.7252 162.129
101 118 64
2 0 1303 0 10 1422 0
29.1334 24.6813 161.783
55 66 32
2 0 445 0 3 872 0
7.53835 18.7559 162.337
62 70 89
3 2 945 0 8 950 0 11 921 0
40.2783 -5.16168 160.542
193 189 188
4 2 874 0 10 823 0 7 811 0 11 790 0
-1.944 -10.4567 161.79
132 138 74
2 9 1182 0 10 1270 0
-19.2552 -10.8351 162.369
172 166 178
2 1 1352 0 9 1283 0
-0.335264 -6.49591 161.781
99 122 40
2 10 629 0 5 463 0
23.5187 19.7475 161.816
192 204 132
2 6 1518 0 3 1535 0
-5.07909 -36.7859 160.415
158 148 159
2 1 813 0 9 749 0
31.2376 -51.0214 157.657
180 170 181
2 9 1298 0 5 1375 0
-6.7437 -8.30152 161.57
123 141 59
2 9 788 0 8 579 0
19.9254 17.1149 162.047
48 62 91
5 0 384 0 6 225 0 3 385 0 4 302 0 11 318 0
13.1251 -35.3675 160.12
123 144 87
2 9 347 0 5 293 0
-7.7836 0.365385 162.359
173 167 177
3 1 11 0 9 78 0 5 19 0
17.5835 15.5984 162.128
53 72 52
2 2 1494 0 11 1467 0
16.0025 -23.7834 160.372
214 207 215
4 1 774 0 9 604 0 8 718 0 5 769 0
32.2755 -12.4866 160.812
45 52 71
3 0 1089 0 10 1169 0 5 1154 0
36.2332 2.36794 160.931
189 183 183
2 0 893 0 2 1124 0
12.5844 -6.61933 161.401
193 185 196
2 1 677 0 10 601 0
-8.49395 -19.611 160.51
83 91 44
2 9 377 0 5 436 0
21.3005 21.9207 162.127
153 148 106
2 7 553 0 11 636 0
36.237 3.92908 161.021
196 193 178
3 0 191 0 2 364 0 11 296 0
15.8741 15.669 162.318
29 42 22
3 0 266 0 10 159 0 3 60 0
-3.53105 -13.5689 161.789
51 63 41
2 9 1376 0 5 1474 0
15.9298 -8.55482 161.278
125 123 124
5 0 895 0 2 1019 0 10 1021 0 8 1082 0 5 1016 0
28.838 29.3884 162.218
160 153 125
2 7 5 0 11 206 0
21.9941 5.62959 161.72
194 189 186
2 2 31 0 11 159 0
5.1396 7.25584 162.237
164 176 100
4 6 1540 0 2 1340 0 8 1429 0 4 1642 0
55.4608 -0.429591 159.947
207 197 198
2 0 678 0 7 715 0
-0.634654 9.14544 162.384
90 88 109
4 1 586 0 6 741 0 2 663 0 8 576 0
-0.634654 9.14544 162.384
90 88 109
4 1 587 0 6 740 0 2 664 0 8 575 0
36.8899 -12.7977 160.525
163 161 166
2 0 105 0 2 50 0
13.3211 -30.3224 160.247
202 190 194
3 1 1106 0 9 1032 0 8 1128 0
7.75602 11.5104 162.4
175 178 109
2 2 346 0 8 23 0
55.8638 -16.6885 159.176
197 180 186
2 0 1287 0 7 1289 0
33.897 31.087 161.765
173 183 122
3 3 1208 0 7 1063 0 11 1110 0
16.6261 -11.5217 161.08
186 178 189
4 1 1157 0 2 1204 0 10 1190 0 5 1135 0
-7.80433 -4.7074 162.091
89 101 53
3 1 982 0 9 998 0 8 941 0
-13.8959 -14.4904 161.938
158 160 123
3 1 1214 0 9 1172 0 5 1182 0
17.1096 -8.37184 161.37
117 136 55
3 0 840 0 2 981 0 8 1017 0
13.114 -17.9697 160.762
80 87 129
2 9 1059 0 5 1110 0
26.6325 34.0569 162.042
225 214 228
2 3 279 0 11 231 0
9.76323 -9.85412 161.489
138 153 84
2 1 358 0 2 558 0
27.5242 34.4957 161.929
114 119 139
3 3 1435 0 7 1181 0 11 1255 0
20.9407 -3.99786 161.506
85 114 32
4 0 883 0 2 1015 0 10 1080 0 8 1169 0
-4.5706 -38.633 160.449
204 194 193
2 1 758 0 9 870 0
-2.7419 -4.85795 161.82
73 87 51
3 1 851 0 9 723 0 5 848 0
10.8607 -16.3997 160.927
202 193 194
5 1 837 0 9 765 0 10 796 0 8 826 0 5 795 0
34.0708 2.82994 161.123
184 179 176
3 2 1147 0 10 1082 0 7 1046 0
8.48409 8.46997 162.123
86 113 72
4 6 1652 0 2 1452 0 10 1449 0 8 1492 0
-4.40369 5.96392 162.392
176 166 175
2 1 1379 0 8 1421 0
13.2392 4.87842 161.655
102 118 45
2 0 713 0 10 810 0
-2.20649 -9.92027 161.669
95 109 56
2 10 692 0 5 622 0
51.4997 -10.1869 160.185
246 231 236
2 10 423 0 7 326 0
7.37328 3.50079 161.856
146 144 149
7 0 641 0 2 761 0 4 1049 0 5 680 0 8 795 0 6 1065 0 10 726 0
16.5567 -2.15944 161.492
151 147 148
5 0 1197 0 2 1355 0 10 1309 0 8 1365 0 5 1345 0
10.0707 7.84763 162.193
191 192 158
2 2 501 0 8 545 0
1.71933 11.8348 162.441
85 88 107
2 0 119 0 2 63 0
28.1789 26.4363 161.924
157 163 93
5 0 567 0 6 753 0 3 678 0 7 469 0 11 523 0
23.9533 17.1737 162.044
122 136 51
2 0 1224 0 11 1363 0
43.7143 -16.0275 160.581
192 185 192
2 0 297 0 10 869 0
6.63961 4.14895 161.892
131 125 125
6 0 1321 0 2 1437 0 4 1720 0 8 1487 0 6 1669 0 10 1433 0
26.0045 -48.5245 157.556
182 169 179
2 9 250 0 5 428 0
13.0958 -21.5343 160.572
62 76 123
5 1 1268 0 9 1206 0 10 1236 0 8 1282 0 5 1263 0
6.23954 -24.1706 160.653
74 71 102
2 9 183 0 5 230 0
21.3923 -10.728 161.248
130 156 65
4 2 1061 0 10 1010 0 8 1100 0 5 904 0
34.243 33.0203 161.609
186 194 135
2 3 546 0 11 581 0
9.91824 -35.2161 160.604
145 195 194
2 1 948 0 9 698 0
25.47 12.3688 161.674
217 203 200
2 0 12 0 11 158 0
9.16758 19.9582 162.322
38 50 74
3 2 937 0 8 924 0 11 948 0
19.2368 30.393 162.168
34 45 73
4 0 1136 0 2 1325 0 7 1184 0 11 1264 0
12.1593 -23.6581 160.42
198 186 196
2 1 1232 0 10 1238 0
21.8835 21.1155 162.103
156 159 90
6 0 302 0 2 626 0 3 662 0 7 461 0 11 578 0 6 760 0
-4.91684 -34.9416 160.406
198 186 196
2 1 1004 0 9 1012 0
7.59643 -18.2469 161.032
92 114 49
3 10 943 0 8 931 0 5 900 0
16.7506 15.3925 162.231
34 49 30
3 10 868 0 7 886 0 11 860 0
34.9662 4.80716 161.229
184 177 158
2 0 811 0 11 855 0
4.44609 2.5568 161.938
43 50 69
2 0 1151 0 2 1288 0
37.537 -44.7513 157.467
168 162 176
2 9 685 0 5 740 0
13.0673 4.30978 161.728
166 160 146
3 0 463 0 2 800 0 10 550 0
18.5719 -25.792 160.318
223 212 216
2 1 1324 0 8 1417 0
17.8232 14.1942 162.108
26 40 27
5 0 1297 0 6 1586 0 2 1408 0 10 1387 0 3 1547 0
53.5417 -2.7367 160.172
192 186 186
2 0 1115 0 7 1134 0
-7.24247 2.53107 162.316
55 58 89
3 1 802 0 8 762 0 5 661 0
10.8168 11.6316 162.375
219 215 188
4 6 690 0 2 228 0 8 614 0 4 609 0
16.3915 -25.0379 160.338
219 209 218
3 1 446 0 9 408 0 5 362 0
35.8907 31.5581 161.563
213 214 170
2 3 1352 0 11 1161 0
33.9932 -13.5181 160.67
52 63 85
2 0 1324 0 10 1444 0
14.3782 22.1819 162.226
174 168 170
3 0 1272 0 7 1292 0 11 1375 0
-2.20193 -13.3718 161.409
72 94 56
4 1 1288 0 9 1212 0 8 1308 0 5 1300 0
13.0207 16.1097 162.449
215 208 180
3 6 900 0 3 698 0 4 849 0
26.1634 3.70193 161.465
93 121 47
4 0 1173 0 2 1350 0 10 1273 0 7 1231 0
17.808 13.7038 162.121
38 54 25
3 2 469 0 10 478 0 11 712 0
9.85244 -27.6977 160.352
194 182 182
2 8 1042 0 5 1102 0
21.8098 13.4309 161.79
182 176 178
4 0 1385 0 2 1493 0 7 1405 0 11 1464 0
11.3108 -29.2629 160.046
185 173 187
2 9 1303 0 5 1401 0
12.1498 -23.6356 160.466
198 186 196
5 1 1231 0 9 1129 0 10 1239 0 8 1318 0 5 1221 0
1.73929 5.74931 162.276
181 177 174
3 2 73 0 8 167 0 4 5 0
18.2802 -12.8207 161.012
171 166 163
3 2 758 0 8 949 0 5 875 0
30.6221 26.8439 161.861
210 214 163
2 6 263 0 3 142 0
2.71974 8.58638 162.377
147 143 144
6 0 477 0 1 408 0 2 334 0 4 260 0 8 418 0 10 348 0
32.471 31.5569 162.004
187 192 134
2 3 1179 0 7 1004 0
15.4653 -13.2716 161.003
189 181 192
2 1 51 0 8 57 0
21.1933 -12.1951 161.109
121 145 57
4 2 621 0 10 749 0 8 662 0 5 773 0
13.374 2.94007 161.608
67 73 95
5 0 214 0 2 288 0 10 228 0 8 133 0 5 147 0
17.6715 -24.4338 160.352
226 214 218
4 1 1493 0 9 1413 0 8 1557 0 5 1513 0
20.6818 -26.7139 160.87
157 170 114
2 1 1434 0 8 1422 0
25.9917 17.852 164.85
128 160 63
2 0 1378 0 7 1391 0
2.04636 -17.712 161.248
140 160 88
2 1 756 0 5 345 0
-9.06973 -0.397466 162.36
174 166 177
4 1 1076 0 5 1144 0 4 1390 0 8 1228 0
40.553 -8.729 160.508
90 94 106
5 0 607 0 2 647 0 10 673 0 7 615 0 11 653 0
7.29035 -4.57169 161.776
51 73 24
3 2 915 0 10 912 0 5 853 0
22.0331 27.9007 162.204
84 90 78
4 6 1237 0 2 1106 0 3 1169 0 11 997 0
7.7503 2.80065 161.785
29 39 66
5 0 1068 0 10 1181 0 5 1161 0 4 1347 0 8 1165 0
32.8403 -0.13412 161.153
133 145 81
2 10 425 0 7 559 0
17.043 -4.84026 161.581
201 188 169
2 2 856 0 8 874 0
55.1365 -14.2122 159.941
76 114 39
2 0 1335 0 7 1350 0
4.4858 2.577 161.995
43 50 69
4 0 1150 0 2 1287 0 10 1249 0 8 1271 0
14.3063 2.60294 161.753
53 65 91
2 2 684 0 8 660 0
-7.24502 2.53033 162.315
55 58 89
4 1 801 0 5 660 0 4 974 0 8 763 0
19.9038 1.57987 161.65
105 128 56
4 0 351 0 2 669 0 10 486 0 8 731 0
10.8939 -28.2149 160.35
197 186 190
2 8 35 0 5 168 0
20.7785 11.5168 161.93
167 162 166
6 0 921 0 2 1094 0 3 1219 0 7 888 0 11 1015 0 10 1040 0
25.675 33.7441 162.036
109 113 142
3 3 579 0 7 415 0 11 527 0
7.59998 17.1088 162.356
177 172 168
4 2 1070 0 10 1023 0 8 1141 0 11 1102 0
-2.21114 -13.3722 161.408
72 94 56
3 1 1287 0 8 1309 0 5 1301 0
17.0055 -4.72009 161.569
167 156 136
3 0 561 0 10 725 0 5 700 0
33.05 2.10869 161.088
198 189 190
5 0 1174 0 2 1253 0 10 1217 0 7 1232 0 11 1268 0
15.2212 -0.827366 161.453
58 65 91
5 0 864 0 2 1052 0 10 979 0 8 1034 0 5 1002 0
5.57964 -26.4203 160.497
194 183 199
2 9 781 0 5 923 0
41.7979 -11.614 160.442
202 196 196
3 0 578 0 10 724 0 7 517 0
13.4442 -0.0448434 161.695
40 54 81
2 2 862 0 8 859 0
17.6384 15.6034 162.098
91 104 139
5 6 1758 0 2 1495 0 3 1707 0 7 1404 0 11 1466 0
43.4165 -3.65559 160.606
187 181 183
2 0 979 0 2 1115 0
6.1032 16.5168 162.346
48 53 73
2 0 280 0 10 109 0
12.4776 20.7536 162.352
52 58 80
3 0 712 0 2 833 0 7 642 0
-11.9001 -18.8671 161.326
139 149 96
3 1 767 0 9 732 0 5 616 0
-4.5706 -38.633 160.449
204 194 193
2 1 757 0 9 871 0
-3.2711 -18.0043 161.128
136 145 88
2 9 641 0 5 636 0
15.3245 18.7926 162.129
186 165 170
3 6 160 0 3 74 0 4 205 0
-2.63522 -18.3612 161.191
120 148 61
2 8 919 0 5 583 0
11.2811 -25.4546 160.359
214 198 209
3 9 932 0 8 1014 0 5 1005 0
-9.16837 0.961567 162.359
180 173 181
4 1 1252 0 9 1165 0 8 1273 0 5 1233 0
36.4097 -12.9278 160.627
83 82 100
3 0 643 0 2 674 0 10 652 0
-3.42806 -18.9149 161.089
130 142 78
2 9 280 0 5 243 0
-9.65909 -9.76619 161.341
111 129 53
2 9 1104 0 5 1097 0
37.5581 24.5941 161.481
120 131 75
2 7 600 0 11 642 0
34.3755 -3.5307 160.851
133 151 69
2 2 1475 0 11 1444 0
9.14562 4.79655 161.894
38 52 29
5 0 941 0 6 988 0 10 1064 0 8 1003 0 4 983 0
1.73929 5.74931 162.276
181 177 174
3 2 72 0 8 168 0 4 7 0
66.9145 -9.92757 158.185
203 187 190
2 0 1175 0 7 1225 0
43.5448 -4.75851 160.478
173 169 170
3 0 1032 0 2 1119 0 10 1159 0
25.0751 33.8118 162.077
83 95 137
3 3 1147 0 7 970 0 11 1021 0
-15.2878 -15.5124 162.131
112 125 56
2 9 1260 0 5 1362 0
44.883 -8.51971 160.289
182 176 178
2 0 762 0 10 924 0
28.0115 36.9322 161.903
162 153 170
2 3 211 0 7 260 0
-13.0282 -15.3787 161.615
109 129 57
3 1 1235 0 9 1119 0 5 1224 0
-17.2342 -17.5405 162.048
99 126 47
2 1 71 0 5 642 0
16.4051 -12.2855 160.942
163 158 165
2 10 323 0 8 118 0
6.33765 -19.2657 160.974
34 45 37
2 1 484 0 8 482 0
29.1169 14.0673 161.658
192 186 162
3 0 158 0 2 329 0 11 408 0
7.28938 -20.1703 160.98
20 33 24
2 10 1233 0 5 1228 0
-9.1127 -3.74394 162.336
108 135 68
4 1 1208 0 9 1080 0 10 1214 0 8 1304 0
7.7208 16.2906 162.334
164 161 156
2 2 241 0 11 90 0
53.5996 -8.14271 159.536
213 204 205
2 0 1375 0 7 1389 0
23.144 -0.0246746 161.596
126 153 60
2 2 1322 0 8 1359 0
8.19544 -23.687 160.621
52 59 101
2 9 1336 0 5 1431 0
16.5012 18.1829 162.196
183 169 158
4 0 704 0 6 1068 0 2 887 0 11 856 0
39.7425 -4.75368 160.576
63 68 74
5 0 117 0 2 102 0 10 64 0 7 170 0 11 36 0
17.6343 -6.82312 161.599
23 34 17
3 0 703 0 10 664 0 5 485 0
-1.39601 7.1284 162.417
142 136 140
4 0 228 0 1 230 0 2 187 0 4 656 0
21.4309 2.32003 161.609
122 136 74
2 10 1098 0 8 1198 0
16.1021 10.7287 162.037
177 167 158
4 7 919 0 2 1008 0 8 876 0 11 928 0
1.3454 9.84946 162.33
170 166 165
3 2 256 0 8 34 0 5 125 0
19.4217 9.94574 161.789
87 107 44
6 0 855 0 2 672 0 7 868 0 8 682 0 10 891 0 11 880 0
20.3425 0.329122 161.731
174 174 140
2 0 193 0 10 360 0
55.0642 -9.4418 160.26
160 174 115
2 0 724 0 7 721 0
19.7876 -45.8375 157.572
80 66 81
2 9 659 0 5 593 0
35.3974 -12.6114 160.598
86 86 96
2 2 451 0 10 7 0
-2.79901 -8.38132 161.889
184 185 153
2 1 658 0 8 380 0
51.1557 -0.558783 160.129
145 152 101
2 0 1011 0 7 1091 0
-14.7108 -4.69922 162.365
107 108 126
2 1 1226 0 9 1149 0
38.4033 -16.6834 160.373
36 42 42
2 0 239 0 10 480 0
40.1207 -7.72906 160.484
58 67 96
3 0 1143 0 7 1189 0 11 1227 0
21.721 3.20459 161.552
186 185 167
6 0 206 0 2 802 0 7 744 0 8 849 0 10 822 0 11 777 0
40.2427 -6.0853 160.517
143 144 162
5 0 279 0 2 290 0 10 307 0 7 268 0 11 251 0
-0.868308 -9.32026 161.639
48 63 34
3 9 1203 0 10 1226 0 5 1282 0
11.4842 -33.9365 160.231
120 151 75
2 1 234 0 5 239 0
11.4895 12.3478 162.4
230 219 201
2 6 1253 0 8 1219 0
-13.0441 -9.63193 162.084
125 147 75
3 1 815 0 9 779 0 5 885 0
-15.4635 -14.3778 162.102
130 142 78
2 9 1064 0 5 1236 0
20.2743 3.84814 161.646
176 171 175
2 0 698 0 2 596 0
-0.790297 8.51956 162.323
138 136 141
6 0 671 0 1 821 0 2 775 0 8 840 0 6 982 0 10 748 0
23.8133 1.07849 161.84
152 171 81
2 2 750 0 8 776 0
13.1098 -17.9233 160.828
93 102 141
2 1 1080 0 8 1091 0
14.3339 -23.7081 160.439
214 204 212
3 1 1368 0 9 1289 0 8 1404 0
20.9624 -18.6447 160.576
179 178 158
3 1 392 0 2 487 0 8 374 0
10.997 -1.41409 161.566
67 72 101
2 1 219 0 8 81 0
30.7147 0.455802 161.257
77 85 48
2 7 643 0 11 631 0
28.3898 31.0521 162.114
201 201 151
2 3 707 0 7 421 0
10.0247 -12.9837 161.187
134 155 80
3 1 712 0 9 754 0 5 812 0
6.80733 16.4636 162.324
154 150 151
5 0 1047 0 2 1235 0 10 1122 0 8 1222 0 11 1142 0
13.4367 11.6746 162.4
127 142 87
2 2 1425 0 8 1478 0
27.7644 19.7834 161.715
142 153 75
2 0 1239 0 11 1331 0
27.6338 -15.8901 160.811
59 61 73
2 0 899 0 8 997 0
8.00709 12.0512 162.305
109 110 52
4 0 1245 0 2 1388 0 8 1425 0 4 1633 0
33.3421 3.51771 161.155
177 171 171
4 0 866 0 2 980 0 10 972 0 11 956 0
21.3005 21.9207 162.127
153 148 106
2 7 552 0 11 635 0
-3.68126 -13.3779 161.421
77 91 56
2 8 1497 0 5 1475 0
8.40919 -24.4175 160.559
88 88 124
3 9 615 0 8 669 0 5 672 0
6.40532 11.0544 162.352
211 207 160
2 6 803 0 4 961 0
-7.15256 3.36074 162.37
183 176 184
3 1 1286 0 8 1319 0 4 1505 0
22.1587 6.73505 161.672
178 174 175
2 0 401 0 10 236 0
-4.49822 9.55145 162.283
122 123 144
2 1 172 0 2 252 0
24.9911 1.95139 161.545
98 126 42
2 0 290 0 10 52 0
7.26988 -26.5236 160.605
168 157 173
2 9 1020 0 5 1050 0
36.9896 1.75227 160.95
211 206 202
2 2 853 0 11 742 0
17.1401 20.0558 162.107
199 194 190
3 2 495 0 3 395 0 4 190 0
-15.7055 -18.5097 161.955
149 158 105
2 1 1177 0 5 1138 0
28.6331 1.05854 161.337
166 182 94
2 2 512 0 11 522 0
-8.71537 6.68769 162.542
17 29 25
2 1 826 0 8 817 0
3.90524 12.9379 162.322
37 45 68
3 0 949 0 2 1086 0 10 1038 0
15.7788 9.10926 161.991
193 186 170
2 10 679 0 8 385 0
33.8662 36.9842 161.876
193 201 150
2 3 167 0 11 121 0
9.96579 1.09599 161.693
135 135 145
6 0 891 0 2 1056 0 5 1011 0 8 1090 0 6 1259 0 10 1031 0
24.1914 34.045 162.004
40 42 80
2 7 126 0 11 8 0
8.56248 -16.7473 161.111
129 153 77
3 1 913 0 9 965 0 5 1021 0
8.5707 1.26401 161.732
35 43 66
5 0 229 0 6 79 0 5 388 0 4 407 0 8 261 0
44.0204 9.50693 160.79
45 54 59
2 0 647 0 7 708 0
28.9839 -14.5421 160.881
60 59 67
2 0 111 0 10 30 0
13.7801 12.138 162.197
71 83 45
2 10 1107 0 8 1206 0
33.9688 37.1673 161.894
197 206 153
2 3 1310 0 7 1061 0
13.2539 -19.9618 160.661
61 75 120
3 1 899 0 8 891 0 5 914 0
31.3977 29.583 162.148
119 129 66
2 7 479 0 11 586 0
19.4241 -0.408599 161.733
175 171 142
2 0 475 0 10 685 0
2.00185 6.25533 162.234
166 162 159
2 2 743 0 8 707 0
2.10559 12.2301 162.362
39 49 74
3 2 840 0 10 817 0 8 792 0
-3.39726 6.4345 162.408
180 173 181
2 1 1472 0 8 1525 0
10.6649 2.42955 161.634
62 74 126
4 6 1008 0 2 319 0 10 136 0 5 340 0
55.1082 -1.16047 159.599
202 196 196
2 0 947 0 7 1054 0
26.7703 8.66453 161.606
183 177 179
3 0 1316 0 2 1449 0 7 1337 0
-6.16495 -16.9966 160.837
114 126 62
2 9 360 0 5 355 0
26.7653 33.7699 162.064
220 210 208
2 3 1296 0 11 1113 0
8.35799 -18.2867 160.997
26 41 18
3 10 366 0 8 245 0 5 295 0
-15.6368 -6.92596 162.279
179 171 182
2 1 1316 0 9 1230 0
18.6145 20.2595 162.238
172 166 168
5 0 705 0 6 1043 0 3 961 0 7 755 0 11 858 0
7.78822 11.5027 162.464
161 167 95
2 0 449 0 2 345 0
11.6983 -28.5374 160.22
196 182 197
3 9 842 0 8 1104 0 5 1029 0
-5.82398 -23.4232 160.572
136 144 87
2 9 773 0 5 849 0
6.84394 18.4242 162.324
166 164 165
4 2 1084 0 10 1014 0 8 1138 0 11 1090 0
47.8902 -10.0824 160.338
200 190 189
3 0 1322 0 10 1448 0 7 1300 0
0.669242 9.19731 162.282
179 174 181
3 1 880 0 2 901 0 8 719 0
13.6823 -22.0167 160.554
50 61 106
3 9 46 0 10 101 0 5 101 0
24.9791 32.3881 162.187
169 158 172
2 7 1347 0 11 1429 0
41.2461 -8.59575 160.433
169 164 168
5 0 954 0 2 989 0 10 1027 0 7 1007 0 11 958 0
5.15533 -0.787856 161.921
70 94 46
3 2 541 0 10 457 0 5 391 0
14.2964 -16.229 160.893
186 181 178
3 2 49 0 8 434 0 5 36 0
55.5823 1.12057 160.099
210 200 191
2 0 843 0 7 860 0
32.0375 1.14302 161.22
128 142 80
3 0 413 0 2 526 0 10 535 0
13.3017 -13.6805 161.058
194 186 197
3 1 168 0 10 413 0 8 331 0
19.1993 26.9477 162.226
110 113 130
4 0 107 0 2 141 0 7 167 0 11 148 0
6.89883 -22.6216 160.646
46 60 97
3 1 1021 0 8 1117 0 5 1096 0
29.6113 25.9536 161.848
212 212 160
3 6 1020 0 3 1038 0 11 876 0
32.3239 3.49722 161.199
177 171 173
4 0 165 0 2 207 0 10 92 0 7 238 0
-0.339141 10.6715 162.372
162 158 173
4 1 173 0 2 52 0 10 37 0 8 45 0
54.5751 -8.81229 160.234
136 145 90
2 0 927 0 7 930 0
29.8175 19.8816 161.849
125 135 62
3 0 945 0 2 1058 0 11 969 0
30.8163 30.6559 162.127
214 211 176
2 3 36 0 7 3 0
37.9703 -9.16696 160.603
44 56 80
4 0 967 0 2 991 0 10 1055 0 7 1037 0
16.2454 -14.7719 161.04
171 166 163
4 2 1435 0 10 1434 0 8 1501 0 5 1472 0
-14.7108 -4.69922 162.365
107 108 126
2 1 1227 0 9 1148 0
60.3264 -22.069 158.112
195 178 188
2 0 1007 0 7 1090 0
9.4671 13.8228 162.118
127 152 58
2 0 507 0 10 493 0
60.0808 -12.526 159.379
173 170 139
2 0 1281 0 7 1288 0
21.3126 21.9243 162.152
183 184 124
3 2 673 0 7 551 0 11 637 0
35.4162 1.94314 160.986
160 156 157
3 0 1067 0 10 1125 0 7 1105 0
53.3032 -22.1926 159.08
194 182 182
2 0 299 0 7 728 0
35.2894 -12.1612 160.656
147 142 148
2 0 91 0 10 0 0
29.9373 27.1352 161.756
187 193 129
2 3 1276 0 11 1088 0
31.7666 33.1062 161.968
193 196 143
2 3 547 0 11 577 0
46.1698 -14.8626 160.417
46 52 84
3 0 1158 0 10 1110 0 7 1160 0
-14.5333 -19.6064 161.818
142 151 94
3 1 752 0 9 527 0 5 893 0
10.0037 1.9127 161.678
47 58 86
4 0 1043 0 10 1150 0 8 1239 0 5 1150 0
11.0172 9.62543 162.333
165 176 110
2 6 1116 0 4 1121 0
-0.33437 14.8545 162.484
21 32 28
2 2 835 0 8 909 0
10.5821 -23.5941 160.541
187 178 195
4 9 851 0 10 1013 0 8 955 0 5 971 0
23.144 32.3494 162.011
85 96 141
3 3 1425 0 7 1175 0 11 1252 0
4.76553 17.8242 162.308
31 43 65
3 2 627 0 8 683 0 11 638 0
29.7594 35.9549 162.048
197 194 161
3 3 442 0 7 293 0 11 344 0
18.3562 5.16893 161.728
164 160 161
2 0 14 0 11 46 0
51.5023 -10.1902 160.185
232 221 219
3 0 328 0 10 422 0 7 327 0
9.29939 -12.501 161.272
29 40 24
2 10 1334 0 8 1384 0
21.6768 6.08746 161.623
176 172 173
6 0 1214 0 2 1358 0 7 1252 0 8 1392 0 10 1321 0 11 1314 0
20.1206 18.3293 162.111
195 186 189
5 0 1289 0 6 1608 0 2 1409 0 3 1570 0 11 1383 0
25.9586 28.6643 162.109
231 222 189
3 6 763 0 3 596 0 11 525 0
3.00929 -45.8597 158.39
167 151 164
2 1 536 0 9 456 0
5.73647 -14.3334 161.6
136 153 82
4 1 1405 0 10 1386 0 8 1435 0 5 1400 0
11.1364 -29.4291 160.302
190 178 182
2 8 1019 0 5 972 0
8.06836 3.93493 161.784
39 44 73
2 10 85 0 4 389 0
3.68813 -11.6218 161.629
119 134 69
3 9 1082 0 8 1147 0 5 1124 0
-3.87354 -25.3101 160.754
129 141 77
2 9 751 0 5 944 0
8.5371 2.71459 161.753
115 114 130
6 0 364 0 2 420 0 4 586 0 5 325 0 8 426 0 6 683 0
7.80314 9.00476 162.917
140 170 118
2 6 245 0 4 27 0
56.2341 -15.7546 159.286
182 175 156
2 0 315 0 7 61 0
21.2647 17.5222 162.003
120 123 156
3 6 1451 0 3 1373 0 7 1165 0
7.63383 -24.6037 160.599
194 183 197
2 9 957 0 5 1045 0
41.3326 -6.05918 160.484
56 67 97
3 0 1121 0 2 1202 0 11 1180 0
5.21354 14.6231 162.33
142 140 145
3 0 7 0 2 62 0 8 236 0
-13.384 -3.55545 162.399
185 180 187
2 1 525 0 5 194 0
15.4996 20.7672 162.227
181 175 175
4 0 435 0 2 363 0 7 432 0 11 534 0
55.6705 -8.28616 160.871
91 126 60
2 0 1060 0 7 997 0
6.32368 -19.2474 161.017
34 45 37
3 1 483 0 8 483 0 5 615 0
-5.1292 -6.8552 161.583
119 133 45
2 10 388 0 5 553 0
21.6126 24.1936 161.939
179 190 122
2 6 789 0 3 722 0
25.9561 28.6699 162.099
149 140 101
2 7 449 0 11 526 0
36.4174 34.3617 161.655
228 227 181
2 3 25 0 11 164 0
37.693 -4.05448 160.795
108 117 74
2 7 82 0 11 531 0
35.4103 -2.14241 160.844
115 131 60
3 0 615 0 10 705 0 11 595 0
-5.59086 -18.3129 161.022
152 158 98
2 1 83 0 9 26 0
22.5504 8.06553 161.658
181 175 177
2 0 255 0 7 322 0
4.52002 -2.80711 162.004
20 37 18
2 2 289 0 10 261 0
21.1707 4.51124 161.537
164 159 163
5 0 1186 0 2 1329 0 10 1295 0 7 1216 0 11 1278 0
-9.17428 -5.18566 162.128
152 150 102
4 1 1135 0 9 1036 0 10 878 0 5 1051 0
25.5827 35.6856 162.037
222 214 229
2 3 1087 0 11 878 0
49.6043 -15.7246 159.97
106 128 66
3 0 700 0 10 861 0 7 693 0
12.5514 11.5475 162.299
36 50 25
3 0 276 0 10 140 0 7 237 0
43.2282 7.4917 160.812
36 57 14
2 0 444 0 7 474 0
-17.4709 -15.2027 162.344
28 40 26
3 1 616 0 9 761 0 5 919 0
-7.82625 -4.72063 161.987
89 101 53
2 1 983 0 8 939 0
3.24633 13.954 162.362
38 48 75
5 0 628 0 2 666 0 10 695 0 8 667 0 4 698 0
15.2932 14.8599 162.297
114 131 61
2 0 537 0 7 523 0
26.4944 3.31601 161.386
96 120 46
2 0 306 0 7 255 0
19.0629 -22.438 160.534
171 165 141
2 9 296 0 8 87 0
-1.3046 -16.3657 161.418
139 148 91
2 9 1210 0 5 1239 0
31.6943 16.0679 161.397
186 178 165
2 2 409 0 11 85 0
12.6083 -33.9659 160.232
126 150 88
4 1 798 0 9 769 0 8 827 0 5 824 0
8.47083 -3.45065 161.455
158 150 137
5 0 311 0 2 227 0 10 98 0 8 399 0 5 150 0
19.5185 -11.9016 161.091
152 173 104
5 1 589 0 2 274 0 10 583 0 8 516 0 5 626 0
38.4033 -16.6834 160.373
36 42 42
2 0 238 0 10 479 0
-7.59971 -3.44953 162.486
104 130 56
3 1 687 0 9 539 0 5 846 0
17.0195 13.0635 161.981
110 124 45
2 0 1257 0 10 1373 0
20.8957 31.7313 162.1
58 71 123
3 3 1079 0 7 752 0 11 937 0
-14.8083 -17.2257 161.874
112 125 55
2 9 580 0 5 507 0
15.2537 4.14878 161.569
174 168 168
4 0 1325 0 2 1447 0 10 1438 0 8 1485 0
19.5529 -10.0197 161.243
151 169 83
2 2 401 0 8 613 0
4.3902 0.607039 161.902
29 35 47
4 0 963 0 10 1039 0 8 1109 0 4 1296 0
31.7784 -3.22841 161.194
114 130 59
2 0 1315 0 7 1344 0
17.9651 -7.96596 160.968
116 132 59
2 10 1493 0 5 1518 0
13.2479 8.76553 162.138
112 133 56
4 0 800 0 2 936 0 10 940 0 8 948 0
44.0998 -10.0122 160.131
175 169 171
2 0 34 0 10 416 0
29.1687 21.3918 161.714
134 146 72
3 0 1006 0 7 1053 0 11 1108 0
2.19195 5.36608 162.227
167 162 159
2 2 74 0 10 431 0
5.23405 15.103 162.346
53 56 73
3 2 609 0 10 604 0 8 602 0
13.0212 16.1045 162.438
215 208 180
2 6 899 0 3 700 0
17.703 -17.6211 160.807
185 174 190
4 9 167 0 2 51 0 8 253 0 5 359 0
8.22153 12.4351 162.367
212 210 162
2 6 1081 0 4 925 0
38.9962 -8.12323 160.578
155 151 152
2 0 1039 0 10 1153 0
31.3853 -3.80169 161.083
117 133 68
2 0 957 0 7 963 0
40.5613 -13.136 160.404
98 103 132
2 10 1119 0 7 1116 0
-17.8496 -13.0181 162.204
110 133 63
2 1 964 0 9 854 0
-13.8665 -5.30998 162.303
189 181 192
2 1 637 0 5 502 0
-3.95488 -17.6998 161.063
121 135 73
2 9 600 0 5 684 0
8.99488 -23.1568 160.586
45 56 101
3 9 1175 0 8 1266 0 5 1275 0
20.856 20.1165 162.101
164 162 147
5 0 495 0 6 733 0 2 572 0 3 593 0 11 476 0
36.703 26.8787 161.548
92 106 45
2 7 580 0 11 674 0
-4.43133 -4.0211 161.886
138 149 91
2 1 1105 0 9 1013 0
22.6249 5.39441 161.611
165 160 164
6 0 1072 0 2 1242 0 7 1055 0 8 1331 0 10 1170 0 11 1145 0
11.6731 14.8608 162.379
170 182 108
2 6 603 0 4 272 0
12.0774 20.3137 162.349
186 182 183
2 2 195 0 11 127 0
6.19258 -13.1658 161.206
136 158 83
4 1 1039 0 9 838 0 8 1046 0 5 921 0
3.76799 1.26806 161.918
156 151 145
2 2 1135 0 10 1088 0
14.7766 -14.1929 161.015
198 193 200
4 1 1375 0 2 1374 0 10 1347 0 5 1403 0
9.05753 -0.530938 161.651
35 42 70
5 0 582 0 2 667 0 10 671 0 8 711 0 5 676 0
51.1579 -11.3529 160.131
189 177 177
3 0 180 0 10 213 0 7 241 0
28.047 1.64856 161.239
132 159 66
2 2 1113 0 11 1112 0
14.1687 -18.9126 160.724
72 81 122
4 1 503 0 9 207 0 10 293 0 5 214 0
31.2772 -13.7189 160.817
150 144 144
2 0 656 0 10 785 0
11.3476 3.61161 161.658
40 46 72
5 0 197 0 6 397 0 10 346 0 8 263 0 4 41 0
-6.22043 -35.269 160.367
153 140 149
2 1 800 0 9 683 0
-3.39873 -19.8056 161.032
145 159 98
2 1 1049 0 9 894 0
-7.43528 -27.8887 160.256
114 110 65
2 1 464 0 9 88 0
8.42517 -2.89926 161.439
38 51 70
2 2 536 0 5 311 0
27.4391 2.75273 161.427
123 140 72
2 0 230 0 10 358 0
-2.03647 -19.7553 161.009
143 158 93
3 1 541 0 9 603 0 8 9 0
49.3942 -6.88679 160.031
200 195 192
2 0 875 0 7 796 0
31.5124 17.318 161.742
149 162 92
2 2 855 0 11 854 0
15.8171 -22.4957 160.374
64 76 116
2 1 1429 0 8 1466 0
0.461777 5.61627 162.526
172 167 164
2 2 1140 0 8 1060 0
16.2615 0.964134 161.594
179 175 172
2 2 1201 0 10 1131 0
24.2497 12.2923 161.788
203 194 197
2 0 288 0 11 473 0
17.0448 -24.8991 160.374
211 200 206
3 1 1061 0 9 948 0 8 1054 0
35.5883 -16.1996 160.489
38 47 42
2 0 415 0 10 544 0
21.4507 -6.45926 161.317
155 180 97
2 8 693 0 5 48 0
12.7043 10.0241 162.52
98 121 41
2 0 769 0 10 918 0
18.281 -27.5817 161.209
153 168 165
2 1 1143 0 8 1154 0
-13.318 -2.99222 162.359
176 168 179
3 1 275 0 8 28 0 5 219 0
7.22249 7.05186 162.243
201 204 161
3 6 421 0 8 604 0 4 459 0
55.4931 -18.7273 158.965
61 62 92
3 0 1276 0 10 1379 0 7 1304 0
34.5141 34.5034 161.807
241 233 212
3 3 326 0 7 400 0 11 417 0
20.0889 31.2769 162.136
34 44 71
5 0 147 0 2 157 0 3 127 0 7 265 0 11 38 0
26.946 37.7926 161.837
107 107 135
2 3 341 0 11 265 0
6.44794 2.60264 161.854
32 44 70
4 0 1292 0 2 1414 0 8 1457 0 5 1445 0
34.5571 0.824043 160.972
209 208 190
3 2 531 0 10 642 0 11 316 0
12.3713 -2.42026 161.548
33 45 71
5 0 1195 0 2 1333 0 10 1310 0 8 1379 0 5 1358 0
-11.8374 -1.07948 162.345
85 82 109
3 9 913 0 8 902 0 5 901 0
12.4701 -7.32591 161.241
197 191 201
3 1 724 0 8 407 0 5 334 0
1.34953 -29.2421 160.587
179 168 184
2 9 1095 0 5 1129 0
16.35 2.86651 161.559
78 83 103
4 0 608 0 2 631 0 10 659 0 8 720 0
-4.19389 -27.8788 160.45
114 144 58
2 1 910 0 9 831 0
24.4733 28.1207 162.047
209 214 156
2 6 912 0 3 890 0
18.7988 -15.3077 160.956
165 161 158
2 2 514 0 10 57 0
7.57387 -5.0827 161.692
102 126 50
2 10 620 0 5 665 0
13.5575 9.52011 162.087
113 138 55
3 2 825 0 4 1015 0 11 786 0
34.5236 30.5585 161.828
112 118 72
2 7 287 0 11 533 0
7.00069 5.02265 162.056
104 120 49
5 0 523 0 6 19 0 10 812 0 8 812 0 5 903 0
28.6338 16.1798 161.993
67 85 35
2 2 768 0 11 175 0
-8.25725 -14.9238 160.908
143 145 95
2 9 1180 0 5 1251 0
33.3774 -4.70012 160.844
34 49 26
3 0 631 0 2 535 0 10 661 0
33.353 3.50676 161.138
190 180 189
2 10 971 0 11 954 0
-13.0154 -12.1263 161.82
122 131 78
2 9 90 0 5 369 0
29.1409 7.82991 161.623
209 203 203
4 0 1331 0 2 1460 0 7 1351 0 11 1425 0
-9.55419 -3.33265 162.37
173 169 158
3 9 125 0 10 517 0 8 198 0
7.86025 -34.7342 160.206
123 146 74
2 9 719 0 5 575 0
7.54059 18.7569 162.336
62 70 89
4 2 944 0 10 879 0 8 951 0 11 920 0
40.2791 -5.15842 160.547
193 189 188
3 2 873 0 7 812 0 11 789 0
12.1443 -26.0863 160.416
202 191 199
4 1 388 0 9 361 0 8 457 0 5 358 0
-12.1473 -16.0578 161.666
130 136 92
2 9 1035 0 5 1078 0
51.8687 -30.105 158.097
152 137 140
2 0 1255 0 10 1348 0
65.4225 -6.83532 159.394
137 136 105
2 0 1262 0 7 1270 0
27.7052 25.432 161.924
118 134 72
4 0 514 0 3 959 0 7 589 0 11 714 0
13.1175 -23.1527 160.456
68 68 102
4 9 1112 0 10 1152 0 8 1170 0 5 1157 0
6.51394 1.41231 161.829
26 32 54
3 0 38 0 6 23 0 8 14 0
16.4384 24.1012 162.147
134 129 136
3 0 753 0 2 542 0 7 826 0
4.15642 -31.8404 164.369
216 212 229
2 9 475 0 5 645 0
10.1889 6.26966 162.054
176 184 124
3 6 364 0 8 392 0 4 192 0
19.9038 1.57987 161.65
105 128 56
4 0 352 0 2 670 0 10 487 0 8 730 0
37.8131 5.64223 161.02
109 137 53
2 0 827 0 2 1038 0
15.2382 -2.6189 161.492
39 45 69
4 0 1207 0 2 1342 0 10 1313 0 5 1357 0
34.6962 32.2279 161.725
183 186 129
2 3 186 0 11 338 0
9.53733 -8.354 161.482
137 156 67
4 2 1317 0 10 1294 0 8 1305 0 5 1279 0
6.37886 15.614 162.349
42 48 70
3 2 968 0 8 971 0 11 950 0
37.6283 34.7742 161.603
208 210 161
2 3 463 0 11 645 0
29.3652 1.9075 161.413
217 210 194
2 2 1047 0 11 1000 0
24.4865 -15.9531 160.876
55 59 70
3 0 321 0 1 299 0 8 288 0
28.409 6.4767 161.541
177 171 173
5 0 796 0 2 657 0 10 368 0 7 805 0 11 770 0
15.5562 1.18267 161.553
51 57 79
5 0 421 0 2 496 0 10 492 0 8 478 0 5 484 0
41.3479 -6.06634 160.474
56 67 97
5 0 1120 0 2 1203 0 10 1196 0 7 1159 0 11 1179 0
19.1691 6.87985 161.538
196 191 187
3 2 1187 0 10 1134 0 8 968 0
42.3202 -13.4639 160.361
199 193 193
2 0 1285 0 10 1391 0
-3.26779 -17.9806 161.151
148 160 98
2 1 661 0 8 498 0
-7.9552 -2.302 162.28
115 131 69
3 5 398 0 4 872 0 8 542 0
63.7803 -6.19048 159.422
201 183 181
2 0 1118 0 7 1170 0
-2.49916 -28.3629 160.489
122 144 69
2 9 80 0 5 43 0
-11.6536 -20.6604 161.309
125 126 84
2 9 1128 0 5 1173 0
35.2639 2.82162 161.086
185 179 181
2 0 540 0 7 288 0
32.3544 -1.49878 161.059
49 62 32
4 0 1269 0 10 1375 0 7 1293 0 11 1340 0
42.4288 -8.32664 160.475
178 173 177
2 0 1015 0 11 1154 0
2.50303 -16.9662 161.282
127 156 76
3 1 1132 0 8 1022 0 5 1040 0
8.44578 13.9506 162.141
172 193 118
3 6 1561 0 8 1432 0 4 1638 0
27.639 6.19553 161.437
180 176 177
3 0 242 0 7 347 0 11 490 0
0.395988 -6.92466 161.912
146 162 89
3 1 415 0 9 512 0 5 534 0
29.4798 18.2526 161.706
39 55 19
3 0 257 0 2 287 0 11 302 0
21.4662 30.16 162.151
86 91 129
2 3 1051 0 11 930 0
32.2663 8.32909 161.45
101 120 56
2 0 905 0 2 1050 0
-19.8087 -12.7742 162.228
203 191 205
2 9 929 0 5 1046 0
47.6283 -10.7479 160.312
213 207 211
2 0 462 0 7 431 0
-1.45766 8.80192 162.354
75 81 115
3 1 1273 0 2 1274 0 8 1300 0
27.1297 5.29068 161.505
157 153 154
3 0 794 0 10 750 0 7 339 0
32.5778 4.19517 161.251
205 199 199
3 0 1093 0 7 1151 0 11 1209 0
9.87787 -14.0793 161.13
137 149 85
3 9 741 0 8 298 0 5 465 0
54.9847 -7.75264 160.231
153 159 111
2 0 96 0 7 81 0
22.5875 1.23105 161.424
178 190 114
2 2 1389 0 8 1436 0
0.971317 -17.0987 161.249
123 148 67
3 1 1071 0 8 987 0 5 981 0
9.87468 -27.7139 160.316
189 173 184
2 9 1022 0 8 1041 0
54.8853 -8.35369 160.062
153 155 106
2 0 322 0 7 320 0
19.7503 9.11866 161.664
195 192 185
4 2 690 0 10 709 0 8 856 0 11 285 0
17.5042 -3.20419 161.556
103 126 46
3 0 1082 0 2 1178 0 5 1153 0
22.0208 16.5615 161.949
55 62 81
6 0 937 0 3 1177 0 4 1239 0 7 1013 0 11 1043 0 6 1242 0
15.5285 23.3424 162.296
41 55 84
4 0 1125 0 2 1188 0 7 1174 0 11 1217 0
-11.1291 -27.8234 160.579
154 155 113
2 1 1162 0 9 1097 0
32.5848 6.25236 161.256
196 190 176
3 0 684 0 2 746 0 11 759 0
27.516 2.6548 161.365
162 181 100
2 2 445 0 11 405 0
17.1733 13.7998 162.144
41 54 26
3 10 321 0 3 205 0 7 338 0
21.225 10.0641 161.755
163 158 162
3 0 1099 0 2 1309 0 7 1131 0
-8.90174 2.1281 162.399
49 63 102
2 1 1408 0 8 1446 0
16.9441 -17.8859 160.821
180 175 172
2 2 660 0 5 783 0
12.6367 3.93204 161.62
80 82 94
4 0 61 0 6 1 0 2 113 0 10 104 0
34.0021 4.70255 161.212
155 151 150
3 0 648 0 2 808 0 11 628 0
-4.85026 -10.7954 161.282
122 133 57
2 9 1057 0 5 1104 0
15.9271 -6.56829 161.36
122 118 117
5 0 460 0 2 813 0 10 793 0 8 999 0 5 876 0
57.5219 -22.7722 158.424
179 164 169
2 0 1233 0 7 1287 0
-10.6644 14.4975 172.493
122 147 90
2 1 626 0 8 697 0
24.023 32.9612 162.054
227 218 235
4 6 942 0 3 789 0 7 712 0 11 695 0
28.0267 27.0948 162.187
129 141 65
2 0 912 0 7 893 0
30.1015 17.641 161.684
143 164 85
2 2 1059 0 11 973 0
15.969 18.8636 162.181
238 219 225
2 6 1276 0 4 1313 0
-15.3907 -24.5052 161.731
138 149 91
2 1 623 0 9 686 0
30.1973 32.7743 162.058
188 194 134
3 3 1228 0 7 1065 0 11 1087 0
-15.1451 -18.7778 161.889
116 132 67
2 1 305 0 5 72 0
8.16215 3.22265 161.772
39 46 72
6 0 379 0 4 95 0 5 210 0 8 221 0 6 229 0 10 326 0
31.7581 -0.437246 161.196
133 137 86
4 0 574 0 10 607 0 7 605 0 11 690 0
29.6413 5.49329 161.425
194 187 195
2 10 415 0 11 496 0
60.9551 -15.9792 157.94
191 177 176
2 0 1251 0 7 1272 0
8.31026 -21.2953 160.786
41 50 93
2 9 990 0 5 1086 0
19.9327 17.1253 162.05
93 102 141
2 3 386 0 7 202 0
27.7212 11.5684 161.619
235 226 221
3 2 1281 0 7 1120 0 11 1193 0
19.5002 -9.91838 161.428
118 140 57
3 0 430 0 2 402 0 8 611 0
36.0634 -15.3238 160.489
48 55 83
2 0 767 0 10 792 0
15.6014 -18.4696 160.727
80 86 118
6 1 806 0 2 747 0 5 810 0 8 756 0 9 755 0 10 840 0
26.868 30.0166 162.226
190 191 134
3 3 539 0 7 439 0 11 345 0
15.3914 10.4474 161.994
202 195 169
3 2 1315 0 4 1582 0 11 1251 0
6.96018 10.3441 162.406
205 205 155
3 6 365 0 2 192 0 4 452 0
22.7253 27.2636 161.983
172 179 111
2 2 849 0 11 562 0
11.6307 1.9118 161.62
39 49 74
4 0 538 0 2 697 0 8 645 0 5 620 0
4.76553 17.8242 162.308
31 43 65
3 2 628 0 8 684 0 11 639 0
20.8164 30.0653 162.135
155 153 164
5 0 252 0 2 580 0 3 719 0 7 334 0 11 547 0
14.7696 -20.6145 160.578
54 68 113
5 1 1009 0 9 942 0 10 1061 0 8 975 0 5 1047 0
21.5624 -16.0579 160.927
181 174 182
3 1 653 0 2 888 0 8 829 0
9.51463 -11.6695 161.375
93 112 46
2 10 958 0 8 952 0
8.17275 0.474501 161.692
40 51 71
6 2 180 0 4 126 0 5 171 0 8 189 0 6 161 0 10 347 0
-3.06295 8.81903 162.285
49 55 91
2 1 1458 0 8 1515 0
15.6264 2.33161 161.55
89 95 119
4 0 1311 0 2 1432 0 10 1421 0 8 1482 0
14.8684 -10.7104 161.184
199 193 203
5 1 1133 0 2 1007 0 10 1000 0 8 1155 0 5 1100 0
29.2971 35.4012 162.051
199 196 161
2 3 669 0 11 539 0
-1.90578 -25.053 160.598
157 172 105
2 1 1103 0 9 1058 0
24.256 11.5454 161.764
189 178 182
2 0 809 0 2 932 0
13.616 14.3535 162.537
188 205 125
2 6 1741 0 4 1792 0
52.3906 -0.130957 160.132
146 154 103
2 0 611 0 7 416 0
9.96344 1.09158 161.715
152 151 156
2 2 1055 0 10 1030 0
19.7265 8.14534 161.75
189 184 181
5 0 1040 0 7 1097 0 2 1237 0 8 1302 0 11 1124 0
26.1767 34.8776 162.008
115 121 155
3 3 1374 0 7 1133 0 11 1202 0
28.9245 17.1076 161.657
44 66 19
2 2 497 0 11 464 0
30.063 15.0713 161.628
212 207 178
2 2 1127 0 11 1066 0
43.8326 8.62043 160.814
168 164 163
2 0 779 0 7 816 0
12.9736 -2.92432 161.531
159 153 167
3 10 372 0 8 506 0 5 460 0
7.18508 -14.63 161.321
115 137 54
2 1 871 0 9 979 0
10.1001 -33.5421 160.32
36 60 62
2 9 1051 0 5 1180 0
13.1957 -7.73956 161.206
191 185 195
3 1 1123 0 10 1083 0 8 1156 0
-1.20611 9.62871 162.375
173 170 181
5 1 1038 0 6 1217 0 2 1000 0 10 976 0 8 1035 0
4.87547 -0.326734 161.855
26 35 16
3 0 330 0 10 220 0 8 324 0
15.6896 -2.16653 161.498
48 53 73
5 0 715 0 2 699 0 10 786 0 8 746 0 5 754 0
3.5406 6.93895 162.188
183 167 178
5 6 844 0 2 649 0 10 571 0 8 706 0 5 611 0
44.4523 -5.90924 160.606
178 172 174
3 0 773 0 2 814 0 10 828 0
-3.65739 6.6278 162.269
181 176 172
2 2 461 0 8 536 0
15.0032 -27.2158 160.268
205 194 200
3 1 270 0 9 148 0 10 230 0
40.7732 7.15136 160.956
37 60 14
2 0 667 0 7 658 0
7.95448 17.8832 162.32
61 68 86
4 2 1145 0 10 1124 0 8 1203 0 11 1119 0
4.31662 14.5556 162.307
43 49 71
3 0 143 0 10 275 0 4 362 0
10.0141 4.81923 161.772
115 133 51
4 0 1054 0 2 1165 0 8 1121 0 4 1378 0
42.0489 -6.56281 160.466
185 184 190
5 0 636 0 2 721 0 10 677 0 7 690 0 11 732 0
36.6631 -2.90958 160.929
165 179 92
3 2 1334 0 7 1240 0 11 1323 0
-3.07828 -21.5576 160.921
147 158 98
2 1 648 0 9 510 0
8.81768 0.134794 161.653
148 147 155
5 0 1154 0 2 1301 0 10 1256 0 8 1354 0 5 1315 0
10.2261 -25.2308 160.418
208 192 202
3 9 188 0 8 141 0 5 188 0
9.30737 1.65073 161.725
39 43 68
8 0 244 0 1 407 0 2 337 0 4 538 0 5 242 0 8 412 0 6 601 0 10 282 0
30.3734 6.29047 161.437
210 204 204
3 0 909 0 10 932 0 7 964 0
49.7341 -8.01643 160.217
141 123 103
2 0 1343 0 7 1362 0
10.3567 -17.7505 160.895
177 165 175
2 9 1202 0 5 1268 0
29.6542 19.2232 161.619
43 59 22
2 0 747 0 2 829 0
4.7619 6.95978 162.137
123 136 57
4 0 874 0 10 815 0 8 1120 0 5 801 0
4.2733 10.2338 162.337
154 152 127
2 0 498 0 2 597 0
39.2839 2.46841 160.97
203 199 190
2 0 1169 0 2 1327 0
25.0828 36.7877 162.105
32 40 76
2 7 544 0 11 137 0
17.0761 -31.2734 160.926
133 155 205
2 9 636 0 5 870 0
14.8312 3.55521 161.611
175 170 174
4 0 879 0 2 1011 0 10 975 0 8 1047 0
-2.68413 -9.50068 161.964
45 55 46
3 9 1361 0 10 1411 0 5 1442 0
7.31447 4.46917 161.867
229 221 210
5 6 663 0 2 521 0 5 585 0 4 732 0 8 644 0
18.3863 8.52499 161.855
128 141 61
2 2 213 0 10 252 0
22.6276 19.5408 162.046
124 139 58
3 0 438 0 7 713 0 11 669 0
-15.8839 -21.1287 161.979
137 151 92
2 1 125 0 9 261 0
30.0019 14.1932 161.629
168 158 149
3 0 392 0 2 373 0 11 478 0
6.95383 10.3353 162.387
163 169 99
2 2 193 0 8 310 0
-2.72045 -16.8735 161.174
139 162 74
2 8 780 0 5 722 0
8.16434 19.7643 162.351
37 46 77
2 10 678 0 11 591 0
8.20956 12.4033 162.342
212 210 162
4 6 1080 0 2 737 0 8 713 0 4 926 0
13.7801 12.138 162.197
71 83 45
2 10 1106 0 8 1208 0
36.9211 -1.27788 160.718
138 154 89
2 2 425 0 10 791 0
20.5787 -4.91535 161.608
156 180 96
2 8 1077 0 5 906 0
14.9412 15.3084 166.878
41 65 17
2 0 400 0 7 485 0
19.5398 -48.014 157.589
174 162 174
2 9 141 0 5 301 0
-10.8957 -8.55453 162.245
96 118 54
2 1 607 0 5 786 0
20.6207 15.2622 161.941
81 83 104
4 0 270 0 6 596 0 2 240 0 3 526 0
0.488305 -21.7431 160.71
111 143 60
2 1 721 0 8 764 0
25.6275 -2.51706 161.302
105 138 51
2 0 360 0 10 387 0
19.399 -7.71974 161.379
134 144 73
2 0 799 0 10 900 0
39.9346 0.062922 160.742
187 181 181
2 0 1123 0 2 1264 0
10.6777 19.626 162.268
176 171 168
3 2 144 0 8 526 0 11 303 0
12.657 11.1601 162.137
145 141 112
2 0 258 0 7 153 0
9.18602 -33.7622 160.892
141 190 197
2 9 1169 0 5 1321 0
14.7272 4.66536 161.609
188 181 163
3 0 725 0 2 879 0 10 1020 0
23.9149 27.6614 161.965
205 213 153
4 6 384 0 3 284 0 7 83 0 11 243 0
9.8379 -14.0248 160.946
137 149 85
2 9 742 0 5 467 0
28.3793 24.0483 161.84
73 85 39
3 0 782 0 3 1065 0 11 882 0
13.3859 17.508 162.265
165 186 111
3 6 1124 0 4 1045 0 11 977 0
3.05874 -11.0936 161.754
156 166 105
3 1 850 0 8 692 0 5 807 0
-3.26949 -8.37687 161.777
199 196 165
2 1 334 0 8 195 0
